[0.000000] (-) TimerEvent: {}
[0.001169] (navigation_) JobQueued: {'identifier': 'navigation_', 'dependencies': OrderedDict()}
[0.001198] (navigation_) JobStarted: {'identifier': 'navigation_'}
[0.007404] (navigation_) JobProgress: {'identifier': 'navigation_', 'progress': 'cmake'}
[0.008668] (navigation_) JobProgress: {'identifier': 'navigation_', 'progress': 'build'}
[0.008803] (navigation_) Command: {'cmd': ['/usr/bin/cmake', '--build', '/home/catia/ros2_ws/build/navigation_', '--', '-j8', '-l8'], 'cwd': '/home/catia/ros2_ws/build/navigation_', 'env': OrderedDict([('USER', 'catia'), ('LC_TIME', 'it_IT.UTF-8'), ('XDG_SESSION_TYPE', 'wayland'), ('SHLVL', '1'), ('LD_LIBRARY_PATH', '/usr/lib/x86_64-linux-gnu/gazebo-11/plugins:/opt/ros/humble/opt/rviz_ogre_vendor/lib:/opt/ros/humble/lib/x86_64-linux-gnu:/opt/ros/humble/lib'), ('HOME', '/home/catia'), ('OLDPWD', '/home/catia'), ('DESKTOP_SESSION', 'ubuntu'), ('ROS_PYTHON_VERSION', '3'), ('GNOME_SHELL_SESSION_MODE', 'ubuntu'), ('GTK_MODULES', 'gail:atk-bridge'), ('LC_MONETARY', 'it_IT.UTF-8'), ('SYSTEMD_EXEC_PID', '1685'), ('DBUS_SESSION_BUS_ADDRESS', 'unix:path=/run/user/1000/bus'), ('COLORTERM', 'truecolor'), ('IM_CONFIG_PHASE', '1'), ('WAYLAND_DISPLAY', 'wayland-0'), ('COLCON_PREFIX_PATH', '/home/catia/ros2_ws/install'), ('ROS_DISTRO', 'humble'), ('LOGNAME', 'catia'), ('_', '/usr/bin/colcon'), ('ROS_VERSION', '2'), ('XDG_SESSION_CLASS', 'user'), ('USERNAME', 'catia'), ('TERM', 'xterm-256color'), ('GNOME_DESKTOP_SESSION_ID', 'this-is-deprecated'), ('ROS_LOCALHOST_ONLY', '0'), ('PATH', '/opt/ros/humble/bin:/usr/local/sbin:/usr/local/bin:/usr/sbin:/usr/bin:/sbin:/bin:/usr/games:/usr/local/games:/snap/bin:/snap/bin'), ('SESSION_MANAGER', 'local/cat:@/tmp/.ICE-unix/1492,unix/cat:/tmp/.ICE-unix/1492'), ('XDG_MENU_PREFIX', 'gnome-'), ('LC_ADDRESS', 'it_IT.UTF-8'), ('GNOME_TERMINAL_SCREEN', '/org/gnome/Terminal/screen/3270a6b2_789e_4346_8cf3_bb7ccc41eb89'), ('GNOME_SETUP_DISPLAY', ':1'), ('XDG_RUNTIME_DIR', '/run/user/1000'), ('DISPLAY', ':0'), ('LANG', 'en_US.UTF-8'), ('XDG_CURRENT_DESKTOP', 'ubuntu:GNOME'), ('LC_TELEPHONE', 'it_IT.UTF-8'), ('XMODIFIERS', '@im=ibus'), ('XDG_SESSION_DESKTOP', 'ubuntu'), ('XAUTHORITY', '/run/user/1000/.mutter-Xwaylandauth.BMHYT2'), ('GNOME_TERMINAL_SERVICE', ':1.126'), ('SSH_AGENT_LAUNCHER', 'gnome-keyring'), ('SSH_AUTH_SOCK', '/run/user/1000/keyring/ssh'), ('AMENT_PREFIX_PATH', '/home/catia/ros2_ws/install/nodes:/home/catia/ros2_ws/install/navigation_:/opt/ros/humble'), ('SHELL', '/bin/bash'), ('LC_NAME', 'it_IT.UTF-8'), ('QT_ACCESSIBILITY', '1'), ('GDMSESSION', 'ubuntu'), ('LC_MEASUREMENT', 'it_IT.UTF-8'), ('LC_IDENTIFICATION', 'it_IT.UTF-8'), ('QT_IM_MODULE', 'ibus'), ('PWD', '/home/catia/ros2_ws/build/navigation_'), ('TURTLEBOT3_MODEL', 'waffle'), ('LC_ALL', 'en_US.UTF-8'), ('XDG_CONFIG_DIRS', '/etc/xdg/xdg-ubuntu:/etc/xdg'), ('XDG_DATA_DIRS', '/usr/share/ubuntu:/usr/local/share/:/usr/share/:/var/lib/snapd/desktop'), ('PYTHONPATH', '/opt/ros/humble/lib/python3.10/site-packages:/opt/ros/humble/local/lib/python3.10/dist-packages'), ('LC_NUMERIC', 'it_IT.UTF-8'), ('LC_PAPER', 'it_IT.UTF-8'), ('COLCON', '1'), ('VTE_VERSION', '6800'), ('CMAKE_PREFIX_PATH', '/home/catia/ros2_ws/install/nodes:/home/catia/ros2_ws/install/navigation_:/opt/ros/humble')]), 'shell': False}
[0.046423] (navigation_) StdoutLine: {'line': b'\x1b[35m\x1b[1mConsolidate compiler generated dependencies of target tf_node\x1b[0m\n'}
[0.053665] (navigation_) StdoutLine: {'line': b'[ 25%] Built target pub_occupancy_grid\n'}
[0.055593] (navigation_) StdoutLine: {'line': b'[ 50%] Built target laserScan_\n'}
[0.055822] (navigation_) StdoutLine: {'line': b'[ 75%] Built target mobile_base\n'}
[0.060928] (navigation_) StdoutLine: {'line': b'[ 87%] \x1b[32mBuilding CXX object CMakeFiles/tf_node.dir/src/tf_node.cpp.o\x1b[0m\n'}
[0.099997] (-) TimerEvent: {}
[0.200296] (-) TimerEvent: {}
[0.227609] (navigation_) StderrLine: {'line': b'\x1b[01m\x1b[K/home/catia/ros2_ws/src/navigation_/src/tf_node.cpp:28:5:\x1b[m\x1b[K \x1b[01;35m\x1b[Kwarning: \x1b[m\x1b[Kmissing terminating " character\n'}
[0.227812] (navigation_) StderrLine: {'line': b'   28 |     \x1b[01;35m\x1b[K"\x1b[m\x1b[Kvoid odom_callback(const nav_msgs::msg::Odometry::SharedPtr msg) {\n'}
[0.227884] (navigation_) StderrLine: {'line': b'      |     \x1b[01;35m\x1b[K^\x1b[m\x1b[K\n'}
[0.227934] (navigation_) StderrLine: {'line': b'\x1b[01m\x1b[K/home/catia/ros2_ws/src/navigation_/src/tf_node.cpp:28:5:\x1b[m\x1b[K \x1b[01;31m\x1b[Kerror: \x1b[m\x1b[Kmissing terminating " character\n'}
[0.227985] (navigation_) StderrLine: {'line': b'   28 |     \x1b[01;31m\x1b[K"void odom_callback(const nav_msgs::msg::Odometry::SharedPtr msg) {\x1b[m\x1b[K\n'}
[0.228034] (navigation_) StderrLine: {'line': b'      |     \x1b[01;31m\x1b[K^~~~~~~~~~~~~~~~~~~~~~~~~~~~~~~~~~~~~~~~~~~~~~~~~~~~~~~~~~~~~~~~~~~\x1b[m\x1b[K\n'}
[0.228081] (navigation_) StderrLine: {'line': b'\x1b[01m\x1b[K/home/catia/ros2_ws/src/navigation_/src/tf_node.cpp:41:6:\x1b[m\x1b[K \x1b[01;35m\x1b[Kwarning: \x1b[m\x1b[Kmissing terminating " character\n'}
[0.228125] (navigation_) StderrLine: {'line': b'   41 |     }\x1b[01;35m\x1b[K"\x1b[m\x1b[K\n'}
[0.228168] (navigation_) StderrLine: {'line': b'      |      \x1b[01;35m\x1b[K^\x1b[m\x1b[K\n'}
[0.228211] (navigation_) StderrLine: {'line': b'\x1b[01m\x1b[K/home/catia/ros2_ws/src/navigation_/src/tf_node.cpp:41:6:\x1b[m\x1b[K \x1b[01;31m\x1b[Kerror: \x1b[m\x1b[Kmissing terminating " character\n'}
[0.300419] (-) TimerEvent: {}
[0.400728] (-) TimerEvent: {}
[0.501046] (-) TimerEvent: {}
[0.601372] (-) TimerEvent: {}
[0.701751] (-) TimerEvent: {}
[0.802070] (-) TimerEvent: {}
[0.902407] (-) TimerEvent: {}
[1.002724] (-) TimerEvent: {}
[1.103069] (-) TimerEvent: {}
[1.203350] (-) TimerEvent: {}
[1.303655] (-) TimerEvent: {}
[1.403960] (-) TimerEvent: {}
[1.504298] (-) TimerEvent: {}
[1.604587] (-) TimerEvent: {}
[1.704916] (-) TimerEvent: {}
[1.805229] (-) TimerEvent: {}
[1.905541] (-) TimerEvent: {}
[1.928278] (navigation_) StderrLine: {'line': b'\x1b[01m\x1b[K/home/catia/ros2_ws/src/navigation_/src/tf_node.cpp:31:9:\x1b[m\x1b[K \x1b[01;31m\x1b[Kerror: \x1b[m\x1b[K\xe2\x80\x98\x1b[01m\x1b[Kodom_to_base\x1b[m\x1b[K\xe2\x80\x99 does not name a type\n'}
[1.928458] (navigation_) StderrLine: {'line': b'   31 |         \x1b[01;31m\x1b[Kodom_to_base\x1b[m\x1b[K.header.stamp = this->get_clock()->now();\n'}
[1.928513] (navigation_) StderrLine: {'line': b'      |         \x1b[01;31m\x1b[K^~~~~~~~~~~~\x1b[m\x1b[K\n'}
[1.930049] (navigation_) StderrLine: {'line': b'\x1b[01m\x1b[K/home/catia/ros2_ws/src/navigation_/src/tf_node.cpp:32:9:\x1b[m\x1b[K \x1b[01;31m\x1b[Kerror: \x1b[m\x1b[K\xe2\x80\x98\x1b[01m\x1b[Kodom_to_base\x1b[m\x1b[K\xe2\x80\x99 does not name a type\n'}
[1.930150] (navigation_) StderrLine: {'line': b'   32 |         \x1b[01;31m\x1b[Kodom_to_base\x1b[m\x1b[K.header.frame_id = "odom";\n'}
[1.930197] (navigation_) StderrLine: {'line': b'      |         \x1b[01;31m\x1b[K^~~~~~~~~~~~\x1b[m\x1b[K\n'}
[1.931968] (navigation_) StderrLine: {'line': b'\x1b[01m\x1b[K/home/catia/ros2_ws/src/navigation_/src/tf_node.cpp:33:9:\x1b[m\x1b[K \x1b[01;31m\x1b[Kerror: \x1b[m\x1b[K\xe2\x80\x98\x1b[01m\x1b[Kodom_to_base\x1b[m\x1b[K\xe2\x80\x99 does not name a type\n'}
[1.932119] (navigation_) StderrLine: {'line': b'   33 |         \x1b[01;31m\x1b[Kodom_to_base\x1b[m\x1b[K.child_frame_id = "base_link";\n'}
[1.932172] (navigation_) StderrLine: {'line': b'      |         \x1b[01;31m\x1b[K^~~~~~~~~~~~\x1b[m\x1b[K\n'}
[1.934092] (navigation_) StderrLine: {'line': b'\x1b[01m\x1b[K/home/catia/ros2_ws/src/navigation_/src/tf_node.cpp:35:9:\x1b[m\x1b[K \x1b[01;31m\x1b[Kerror: \x1b[m\x1b[K\xe2\x80\x98\x1b[01m\x1b[Kodom_to_base\x1b[m\x1b[K\xe2\x80\x99 does not name a type\n'}
[1.934240] (navigation_) StderrLine: {'line': b'   35 |         \x1b[01;31m\x1b[Kodom_to_base\x1b[m\x1b[K.transform.translation.x = msg->pose.pose.position.x;\n'}
[1.934292] (navigation_) StderrLine: {'line': b'      |         \x1b[01;31m\x1b[K^~~~~~~~~~~~\x1b[m\x1b[K\n'}
[1.935865] (navigation_) StderrLine: {'line': b'\x1b[01m\x1b[K/home/catia/ros2_ws/src/navigation_/src/tf_node.cpp:36:9:\x1b[m\x1b[K \x1b[01;31m\x1b[Kerror: \x1b[m\x1b[K\xe2\x80\x98\x1b[01m\x1b[Kodom_to_base\x1b[m\x1b[K\xe2\x80\x99 does not name a type\n'}
[1.935994] (navigation_) StderrLine: {'line': b'   36 |         \x1b[01;31m\x1b[Kodom_to_base\x1b[m\x1b[K.transform.translation.y = msg->pose.pose.position.y;\n'}
[1.936065] (navigation_) StderrLine: {'line': b'      |         \x1b[01;31m\x1b[K^~~~~~~~~~~~\x1b[m\x1b[K\n'}
[1.937620] (navigation_) StderrLine: {'line': b'\x1b[01m\x1b[K/home/catia/ros2_ws/src/navigation_/src/tf_node.cpp:37:9:\x1b[m\x1b[K \x1b[01;31m\x1b[Kerror: \x1b[m\x1b[K\xe2\x80\x98\x1b[01m\x1b[Kodom_to_base\x1b[m\x1b[K\xe2\x80\x99 does not name a type\n'}
[1.937870] (navigation_) StderrLine: {'line': b'   37 |         \x1b[01;31m\x1b[Kodom_to_base\x1b[m\x1b[K.transform.translation.z = msg->pose.pose.position.z;\n'}
[1.937950] (navigation_) StderrLine: {'line': b'      |         \x1b[01;31m\x1b[K^~~~~~~~~~~~\x1b[m\x1b[K\n'}
[1.939666] (navigation_) StderrLine: {'line': b'\x1b[01m\x1b[K/home/catia/ros2_ws/src/navigation_/src/tf_node.cpp:38:9:\x1b[m\x1b[K \x1b[01;31m\x1b[Kerror: \x1b[m\x1b[K\xe2\x80\x98\x1b[01m\x1b[Kodom_to_base\x1b[m\x1b[K\xe2\x80\x99 does not name a type\n'}
[1.939818] (navigation_) StderrLine: {'line': b'   38 |         \x1b[01;31m\x1b[Kodom_to_base\x1b[m\x1b[K.transform.rotation = msg->pose.pose.orientation;\n'}
[1.939879] (navigation_) StderrLine: {'line': b'      |         \x1b[01;31m\x1b[K^~~~~~~~~~~~\x1b[m\x1b[K\n'}
[1.941399] (navigation_) StderrLine: {'line': b'\x1b[01m\x1b[K/home/catia/ros2_ws/src/navigation_/src/tf_node.cpp:40:9:\x1b[m\x1b[K \x1b[01;31m\x1b[Kerror: \x1b[m\x1b[K\xe2\x80\x98\x1b[01m\x1b[Kbroadcaster_\x1b[m\x1b[K\xe2\x80\x99 does not name a type\n'}
[1.941483] (navigation_) StderrLine: {'line': b'   40 |         \x1b[01;31m\x1b[Kbroadcaster_\x1b[m\x1b[K->sendTransform(odom_to_base);\n'}
[1.941530] (navigation_) StderrLine: {'line': b'      |         \x1b[01;31m\x1b[K^~~~~~~~~~~~\x1b[m\x1b[K\n'}
[1.941745] (navigation_) StderrLine: {'line': b'\x1b[01m\x1b[K/home/catia/ros2_ws/src/navigation_/src/tf_node.cpp:41:6:\x1b[m\x1b[K \x1b[01;31m\x1b[Kerror: \x1b[m\x1b[Kexpected \xe2\x80\x98\x1b[01m\x1b[K;\x1b[m\x1b[K\xe2\x80\x99 after class definition\n'}
[1.941817] (navigation_) StderrLine: {'line': b'   41 |     }\x1b[01;31m\x1b[K"\x1b[m\x1b[K\n'}
[1.941869] (navigation_) StderrLine: {'line': b'      |      \x1b[01;31m\x1b[K^\x1b[m\x1b[K\n'}
[1.941916] (navigation_) StderrLine: {'line': b'      |      \x1b[32m\x1b[K;\x1b[m\x1b[K\n'}
[1.948085] (navigation_) StderrLine: {'line': b'\x1b[01m\x1b[K/home/catia/ros2_ws/src/navigation_/src/tf_node.cpp:\x1b[m\x1b[K In constructor \xe2\x80\x98\x1b[01m\x1b[KTransformBroadcasterNode::TransformBroadcasterNode()\x1b[m\x1b[K\xe2\x80\x99:\n'}
[1.948260] (navigation_) StderrLine: {'line': b'\x1b[01m\x1b[K/home/catia/ros2_ws/src/navigation_/src/tf_node.cpp:10:9:\x1b[m\x1b[K \x1b[01;31m\x1b[Kerror: \x1b[m\x1b[K\xe2\x80\x98\x1b[01m\x1b[Kbroadcaster_\x1b[m\x1b[K\xe2\x80\x99 was not declared in this scope\n'}
[1.948317] (navigation_) StderrLine: {'line': b'   10 |         \x1b[01;31m\x1b[Kbroadcaster_\x1b[m\x1b[K = std::make_shared<tf2_ros::TransformBroadcaster>(this);\n'}
[1.948372] (navigation_) StderrLine: {'line': b'      |         \x1b[01;31m\x1b[K^~~~~~~~~~~~\x1b[m\x1b[K\n'}
[1.956770] (navigation_) StderrLine: {'line': b'\x1b[01m\x1b[K/home/catia/ros2_ws/src/navigation_/src/tf_node.cpp:13:9:\x1b[m\x1b[K \x1b[01;31m\x1b[Kerror: \x1b[m\x1b[K\xe2\x80\x98\x1b[01m\x1b[Kodom_subscriber_\x1b[m\x1b[K\xe2\x80\x99 was not declared in this scope; did you mean \xe2\x80\x98\x1b[01m\x1b[Kcount_subscribers\x1b[m\x1b[K\xe2\x80\x99?\n'}
[1.956982] (navigation_) StderrLine: {'line': b'   13 |         \x1b[01;31m\x1b[Kodom_subscriber_\x1b[m\x1b[K = this->create_subscription<nav_msgs::msg::Odometry>(\n'}
[1.957036] (navigation_) StderrLine: {'line': b'      |         \x1b[01;31m\x1b[K^~~~~~~~~~~~~~~~\x1b[m\x1b[K\n'}
[1.957083] (navigation_) StderrLine: {'line': b'      |         \x1b[32m\x1b[Kcount_subscribers\x1b[m\x1b[K\n'}
[1.957129] (navigation_) StderrLine: {'line': b'\x1b[01m\x1b[K/home/catia/ros2_ws/src/navigation_/src/tf_node.cpp:14:63:\x1b[m\x1b[K \x1b[01;31m\x1b[Kerror: \x1b[m\x1b[K\xe2\x80\x98\x1b[01m\x1b[Kodom_callback\x1b[m\x1b[K\xe2\x80\x99 is not a member of \xe2\x80\x98\x1b[01m\x1b[KTransformBroadcasterNode\x1b[m\x1b[K\xe2\x80\x99\n'}
[1.957180] (navigation_) StderrLine: {'line': b'   14 |             "/odom", 10, std::bind(&TransformBroadcasterNode::\x1b[01;31m\x1b[Kodom_callback\x1b[m\x1b[K, this, std::placeholders::_1));\n'}
[1.957226] (navigation_) StderrLine: {'line': b'      |                                                               \x1b[01;31m\x1b[K^~~~~~~~~~~~~\x1b[m\x1b[K\n'}
[1.964705] (navigation_) StderrLine: {'line': b'\x1b[01m\x1b[K/home/catia/ros2_ws/src/navigation_/src/tf_node.cpp:16:9:\x1b[m\x1b[K \x1b[01;31m\x1b[Kerror: \x1b[m\x1b[K\xe2\x80\x98\x1b[01m\x1b[Kbase_subscriber_\x1b[m\x1b[K\xe2\x80\x99 was not declared in this scope\n'}
[1.964904] (navigation_) StderrLine: {'line': b'   16 |         \x1b[01;31m\x1b[Kbase_subscriber_\x1b[m\x1b[K = this->create_subscription<nav_msgs::msg::Odometry>(\n'}
[1.964964] (navigation_) StderrLine: {'line': b'      |         \x1b[01;31m\x1b[K^~~~~~~~~~~~~~~~\x1b[m\x1b[K\n'}
[1.965011] (navigation_) StderrLine: {'line': b'\x1b[01m\x1b[K/home/catia/ros2_ws/src/navigation_/src/tf_node.cpp:17:67:\x1b[m\x1b[K \x1b[01;31m\x1b[Kerror: \x1b[m\x1b[K\xe2\x80\x98\x1b[01m\x1b[Kbase_callback\x1b[m\x1b[K\xe2\x80\x99 is not a member of \xe2\x80\x98\x1b[01m\x1b[KTransformBroadcasterNode\x1b[m\x1b[K\xe2\x80\x99\n'}
[1.965060] (navigation_) StderrLine: {'line': b'   17 |             "/base_pub", 10, std::bind(&TransformBroadcasterNode::\x1b[01;31m\x1b[Kbase_callback\x1b[m\x1b[K, this, std::placeholders::_1));\n'}
[1.965105] (navigation_) StderrLine: {'line': b'      |                                                                   \x1b[01;31m\x1b[K^~~~~~~~~~~~~\x1b[m\x1b[K\n'}
[1.968782] (navigation_) StderrLine: {'line': b'\x1b[01m\x1b[K/home/catia/ros2_ws/src/navigation_/src/tf_node.cpp:20:9:\x1b[m\x1b[K \x1b[01;31m\x1b[Kerror: \x1b[m\x1b[K\xe2\x80\x98\x1b[01m\x1b[Ktimer_\x1b[m\x1b[K\xe2\x80\x99 was not declared in this scope; did you mean \xe2\x80\x98\x1b[01m\x1b[Ktimer_t\x1b[m\x1b[K\xe2\x80\x99?\n'}
[1.968981] (navigation_) StderrLine: {'line': b'   20 |         \x1b[01;31m\x1b[Ktimer_\x1b[m\x1b[K = this->create_wall_timer(\n'}
[1.969035] (navigation_) StderrLine: {'line': b'      |         \x1b[01;31m\x1b[K^~~~~~\x1b[m\x1b[K\n'}
[1.969082] (navigation_) StderrLine: {'line': b'      |         \x1b[32m\x1b[Ktimer_t\x1b[m\x1b[K\n'}
[1.969127] (navigation_) StderrLine: {'line': b'\x1b[01m\x1b[K/home/catia/ros2_ws/src/navigation_/src/tf_node.cpp:22:50:\x1b[m\x1b[K \x1b[01;31m\x1b[Kerror: \x1b[m\x1b[K\xe2\x80\x98\x1b[01m\x1b[Kpublish_map_to_odom\x1b[m\x1b[K\xe2\x80\x99 is not a member of \xe2\x80\x98\x1b[01m\x1b[KTransformBroadcasterNode\x1b[m\x1b[K\xe2\x80\x99\n'}
[1.969174] (navigation_) StderrLine: {'line': b'   22 |             std::bind(&TransformBroadcasterNode::\x1b[01;31m\x1b[Kpublish_map_to_odom\x1b[m\x1b[K, this));\n'}
[1.969219] (navigation_) StderrLine: {'line': b'      |                                                  \x1b[01;31m\x1b[K^~~~~~~~~~~~~~~~~~~\x1b[m\x1b[K\n'}
[1.977979] (navigation_) StderrLine: {'line': b'\x1b[01m\x1b[K/home/catia/ros2_ws/src/navigation_/src/tf_node.cpp:24:9:\x1b[m\x1b[K \x1b[01;31m\x1b[Kerror: \x1b[m\x1b[K\xe2\x80\x98\x1b[01m\x1b[Kpublish_base_to_laser\x1b[m\x1b[K\xe2\x80\x99 was not declared in this scope\n'}
[1.978161] (navigation_) StderrLine: {'line': b'   24 |         \x1b[01;31m\x1b[Kpublish_base_to_laser\x1b[m\x1b[K();\n'}
[1.978217] (navigation_) StderrLine: {'line': b'      |         \x1b[01;31m\x1b[K^~~~~~~~~~~~~~~~~~~~~\x1b[m\x1b[K\n'}
[1.982874] (navigation_) StderrLine: {'line': b'\x1b[01m\x1b[K/home/catia/ros2_ws/src/navigation_/src/tf_node.cpp:\x1b[m\x1b[K In function \xe2\x80\x98\x1b[01m\x1b[Kvoid odom_callback(nav_msgs::msg::Odometry_<std::allocator<void> >::SharedPtr)\x1b[m\x1b[K\xe2\x80\x99:\n'}
[1.983053] (navigation_) StderrLine: {'line': b'\x1b[01m\x1b[K/home/catia/ros2_ws/src/navigation_/src/tf_node.cpp:44:9:\x1b[m\x1b[K \x1b[01;31m\x1b[Kerror: \x1b[m\x1b[K\xe2\x80\x98\x1b[01m\x1b[Kx_\x1b[m\x1b[K\xe2\x80\x99 was not declared in this scope\n'}
[1.983124] (navigation_) StderrLine: {'line': b'   44 |         \x1b[01;31m\x1b[Kx_\x1b[m\x1b[K = msg->pose.pose.position.x;\n'}
[1.983174] (navigation_) StderrLine: {'line': b'      |         \x1b[01;31m\x1b[K^~\x1b[m\x1b[K\n'}
[1.985128] (navigation_) StderrLine: {'line': b'\x1b[01m\x1b[K/home/catia/ros2_ws/src/navigation_/src/tf_node.cpp:45:9:\x1b[m\x1b[K \x1b[01;31m\x1b[Kerror: \x1b[m\x1b[K\xe2\x80\x98\x1b[01m\x1b[Ky_\x1b[m\x1b[K\xe2\x80\x99 was not declared in this scope; did you mean \xe2\x80\x98\x1b[01m\x1b[Kyn\x1b[m\x1b[K\xe2\x80\x99?\n'}
[1.985274] (navigation_) StderrLine: {'line': b'   45 |         \x1b[01;31m\x1b[Ky_\x1b[m\x1b[K = msg->pose.pose.position.y;\n'}
[1.985328] (navigation_) StderrLine: {'line': b'      |         \x1b[01;31m\x1b[K^~\x1b[m\x1b[K\n'}
[1.985375] (navigation_) StderrLine: {'line': b'      |         \x1b[32m\x1b[Kyn\x1b[m\x1b[K\n'}
[1.988165] (navigation_) StderrLine: {'line': b'\x1b[01m\x1b[K/home/catia/ros2_ws/src/navigation_/src/tf_node.cpp:46:9:\x1b[m\x1b[K \x1b[01;31m\x1b[Kerror: \x1b[m\x1b[K\xe2\x80\x98\x1b[01m\x1b[Ktheta_\x1b[m\x1b[K\xe2\x80\x99 was not declared in this scope\n'}
[1.988340] (navigation_) StderrLine: {'line': b'   46 |         \x1b[01;31m\x1b[Ktheta_\x1b[m\x1b[K = tf2::getYaw(msg->pose.pose.orientation);  // Assuming theta is the yaw\n'}
[1.988395] (navigation_) StderrLine: {'line': b'      |         \x1b[01;31m\x1b[K^~~~~~\x1b[m\x1b[K\n'}
[1.988812] (navigation_) StderrLine: {'line': b'\x1b[01m\x1b[K/home/catia/ros2_ws/src/navigation_/src/tf_node.cpp:46:23:\x1b[m\x1b[K \x1b[01;31m\x1b[Kerror: \x1b[m\x1b[K\xe2\x80\x98\x1b[01m\x1b[KgetYaw\x1b[m\x1b[K\xe2\x80\x99 is not a member of \xe2\x80\x98\x1b[01m\x1b[Ktf2\x1b[m\x1b[K\xe2\x80\x99\n'}
[1.988897] (navigation_) StderrLine: {'line': b'   46 |         theta_ = tf2::\x1b[01;31m\x1b[KgetYaw\x1b[m\x1b[K(msg->pose.pose.orientation);  // Assuming theta is the yaw\n'}
[1.988949] (navigation_) StderrLine: {'line': b'      |                       \x1b[01;31m\x1b[K^~~~~~\x1b[m\x1b[K\n'}
[1.994327] (navigation_) StderrLine: {'line': b'\x1b[01m\x1b[K/home/catia/ros2_ws/src/navigation_/src/tf_node.cpp:48:9:\x1b[m\x1b[K \x1b[01;31m\x1b[Kerror: \x1b[m\x1b[K\xe2\x80\x98\x1b[01m\x1b[Kpublish_odom_to_base\x1b[m\x1b[K\xe2\x80\x99 was not declared in this scope\n'}
[1.994544] (navigation_) StderrLine: {'line': b'   48 |         \x1b[01;31m\x1b[Kpublish_odom_to_base\x1b[m\x1b[K();  // Call the function here if you want to update the transform\n'}
[1.994597] (navigation_) StderrLine: {'line': b'      |         \x1b[01;31m\x1b[K^~~~~~~~~~~~~~~~~~~~\x1b[m\x1b[K\n'}
[1.994648] (navigation_) StderrLine: {'line': b'\x1b[01m\x1b[K/home/catia/ros2_ws/src/navigation_/src/tf_node.cpp:\x1b[m\x1b[K In function \xe2\x80\x98\x1b[01m\x1b[Kvoid base_callback(nav_msgs::msg::Odometry_<std::allocator<void> >::SharedPtr)\x1b[m\x1b[K\xe2\x80\x99:\n'}
[1.994695] (navigation_) StderrLine: {'line': b'\x1b[01m\x1b[K/home/catia/ros2_ws/src/navigation_/src/tf_node.cpp:53:38:\x1b[m\x1b[K \x1b[01;31m\x1b[Kerror: \x1b[m\x1b[Kinvalid use of \xe2\x80\x98\x1b[01m\x1b[Kthis\x1b[m\x1b[K\xe2\x80\x99 in non-member function\n'}
[1.994742] (navigation_) StderrLine: {'line': b'   53 |         base_to_laser.header.stamp = \x1b[01;31m\x1b[Kthis\x1b[m\x1b[K->get_clock()->now();\n'}
[1.994787] (navigation_) StderrLine: {'line': b'      |                                      \x1b[01;31m\x1b[K^~~~\x1b[m\x1b[K\n'}
[1.998821] (navigation_) StderrLine: {'line': b'\x1b[01m\x1b[K/home/catia/ros2_ws/src/navigation_/src/tf_node.cpp:69:9:\x1b[m\x1b[K \x1b[01;31m\x1b[Kerror: \x1b[m\x1b[K\xe2\x80\x98\x1b[01m\x1b[Kbroadcaster_\x1b[m\x1b[K\xe2\x80\x99 was not declared in this scope\n'}
[1.999049] (navigation_) StderrLine: {'line': b'   69 |         \x1b[01;31m\x1b[Kbroadcaster_\x1b[m\x1b[K->sendTransform(base_to_laser);\n'}
[1.999108] (navigation_) StderrLine: {'line': b'      |         \x1b[01;31m\x1b[K^~~~~~~~~~~~\x1b[m\x1b[K\n'}
[1.999157] (navigation_) StderrLine: {'line': b'\x1b[01m\x1b[K/home/catia/ros2_ws/src/navigation_/src/tf_node.cpp:\x1b[m\x1b[K In function \xe2\x80\x98\x1b[01m\x1b[Kvoid publish_map_to_odom()\x1b[m\x1b[K\xe2\x80\x99:\n'}
[1.999217] (navigation_) StderrLine: {'line': b'\x1b[01m\x1b[K/home/catia/ros2_ws/src/navigation_/src/tf_node.cpp:75:36:\x1b[m\x1b[K \x1b[01;31m\x1b[Kerror: \x1b[m\x1b[Kinvalid use of \xe2\x80\x98\x1b[01m\x1b[Kthis\x1b[m\x1b[K\xe2\x80\x99 in non-member function\n'}
[1.999265] (navigation_) StderrLine: {'line': b'   75 |         map_to_odom.header.stamp = \x1b[01;31m\x1b[Kthis\x1b[m\x1b[K->get_clock()->now();\n'}
[1.999311] (navigation_) StderrLine: {'line': b'      |                                    \x1b[01;31m\x1b[K^~~~\x1b[m\x1b[K\n'}
[2.002995] (navigation_) StderrLine: {'line': b'\x1b[01m\x1b[K/home/catia/ros2_ws/src/navigation_/src/tf_node.cpp:90:9:\x1b[m\x1b[K \x1b[01;31m\x1b[Kerror: \x1b[m\x1b[K\xe2\x80\x98\x1b[01m\x1b[Kbroadcaster_\x1b[m\x1b[K\xe2\x80\x99 was not declared in this scope\n'}
[2.003216] (navigation_) StderrLine: {'line': b'   90 |         \x1b[01;31m\x1b[Kbroadcaster_\x1b[m\x1b[K->sendTransform(map_to_odom);\n'}
[2.003271] (navigation_) StderrLine: {'line': b'      |         \x1b[01;31m\x1b[K^~~~~~~~~~~~\x1b[m\x1b[K\n'}
[2.003319] (navigation_) StderrLine: {'line': b'\x1b[01m\x1b[K/home/catia/ros2_ws/src/navigation_/src/tf_node.cpp:\x1b[m\x1b[K In function \xe2\x80\x98\x1b[01m\x1b[Kvoid publish_base_to_laser()\x1b[m\x1b[K\xe2\x80\x99:\n'}
[2.003369] (navigation_) StderrLine: {'line': b'\x1b[01m\x1b[K/home/catia/ros2_ws/src/navigation_/src/tf_node.cpp:96:38:\x1b[m\x1b[K \x1b[01;31m\x1b[Kerror: \x1b[m\x1b[Kinvalid use of \xe2\x80\x98\x1b[01m\x1b[Kthis\x1b[m\x1b[K\xe2\x80\x99 in non-member function\n'}
[2.003420] (navigation_) StderrLine: {'line': b'   96 |         base_to_laser.header.stamp = \x1b[01;31m\x1b[Kthis\x1b[m\x1b[K->get_clock()->now();\n'}
[2.003478] (navigation_) StderrLine: {'line': b'      |                                      \x1b[01;31m\x1b[K^~~~\x1b[m\x1b[K\n'}
[2.005633] (-) TimerEvent: {}
[2.007587] (navigation_) StderrLine: {'line': b'\x1b[01m\x1b[K/home/catia/ros2_ws/src/navigation_/src/tf_node.cpp:111:9:\x1b[m\x1b[K \x1b[01;31m\x1b[Kerror: \x1b[m\x1b[K\xe2\x80\x98\x1b[01m\x1b[Kbroadcaster_\x1b[m\x1b[K\xe2\x80\x99 was not declared in this scope\n'}
[2.007766] (navigation_) StderrLine: {'line': b'  111 |         \x1b[01;31m\x1b[Kbroadcaster_\x1b[m\x1b[K->sendTransform(base_to_laser);\n'}
[2.007834] (navigation_) StderrLine: {'line': b'      |         \x1b[01;31m\x1b[K^~~~~~~~~~~~\x1b[m\x1b[K\n'}
[2.007887] (navigation_) StderrLine: {'line': b'\x1b[01m\x1b[K/home/catia/ros2_ws/src/navigation_/src/tf_node.cpp:\x1b[m\x1b[K In function \xe2\x80\x98\x1b[01m\x1b[Kvoid publish_odom_to_base()\x1b[m\x1b[K\xe2\x80\x99:\n'}
[2.007933] (navigation_) StderrLine: {'line': b'\x1b[01m\x1b[K/home/catia/ros2_ws/src/navigation_/src/tf_node.cpp:115:37:\x1b[m\x1b[K \x1b[01;31m\x1b[Kerror: \x1b[m\x1b[Kinvalid use of \xe2\x80\x98\x1b[01m\x1b[Kthis\x1b[m\x1b[K\xe2\x80\x99 in non-member function\n'}
[2.007979] (navigation_) StderrLine: {'line': b'  115 |         odom_to_base.header.stamp = \x1b[01;31m\x1b[Kthis\x1b[m\x1b[K->get_clock()->now();\n'}
[2.008037] (navigation_) StderrLine: {'line': b'      |                                     \x1b[01;31m\x1b[K^~~~\x1b[m\x1b[K\n'}
[2.010431] (navigation_) StderrLine: {'line': b'\x1b[01m\x1b[K/home/catia/ros2_ws/src/navigation_/src/tf_node.cpp:120:48:\x1b[m\x1b[K \x1b[01;31m\x1b[Kerror: \x1b[m\x1b[K\xe2\x80\x98\x1b[01m\x1b[Kx_\x1b[m\x1b[K\xe2\x80\x99 was not declared in this scope\n'}
[2.010569] (navigation_) StderrLine: {'line': b'  120 |         odom_to_base.transform.translation.x = \x1b[01;31m\x1b[Kx_\x1b[m\x1b[K;\n'}
[2.010625] (navigation_) StderrLine: {'line': b'      |                                                \x1b[01;31m\x1b[K^~\x1b[m\x1b[K\n'}
[2.012819] (navigation_) StderrLine: {'line': b'\x1b[01m\x1b[K/home/catia/ros2_ws/src/navigation_/src/tf_node.cpp:121:48:\x1b[m\x1b[K \x1b[01;31m\x1b[Kerror: \x1b[m\x1b[K\xe2\x80\x98\x1b[01m\x1b[Ky_\x1b[m\x1b[K\xe2\x80\x99 was not declared in this scope; did you mean \xe2\x80\x98\x1b[01m\x1b[Kyn\x1b[m\x1b[K\xe2\x80\x99?\n'}
[2.012972] (navigation_) StderrLine: {'line': b'  121 |         odom_to_base.transform.translation.y = \x1b[01;31m\x1b[Ky_\x1b[m\x1b[K;\n'}
[2.013023] (navigation_) StderrLine: {'line': b'      |                                                \x1b[01;31m\x1b[K^~\x1b[m\x1b[K\n'}
[2.013069] (navigation_) StderrLine: {'line': b'      |                                                \x1b[32m\x1b[Kyn\x1b[m\x1b[K\n'}
[2.015463] (navigation_) StderrLine: {'line': b'\x1b[01m\x1b[K/home/catia/ros2_ws/src/navigation_/src/tf_node.cpp:124:24:\x1b[m\x1b[K \x1b[01;31m\x1b[Kerror: \x1b[m\x1b[K\xe2\x80\x98\x1b[01m\x1b[Ktheta_\x1b[m\x1b[K\xe2\x80\x99 was not declared in this scope\n'}
[2.015564] (navigation_) StderrLine: {'line': b'  124 |         q.setRPY(0, 0, \x1b[01;31m\x1b[Ktheta_\x1b[m\x1b[K);\n'}
[2.015631] (navigation_) StderrLine: {'line': b'      |                        \x1b[01;31m\x1b[K^~~~~~\x1b[m\x1b[K\n'}
[2.019096] (navigation_) StderrLine: {'line': b'\x1b[01m\x1b[K/home/catia/ros2_ws/src/navigation_/src/tf_node.cpp:130:9:\x1b[m\x1b[K \x1b[01;31m\x1b[Kerror: \x1b[m\x1b[K\xe2\x80\x98\x1b[01m\x1b[Kbroadcaster_\x1b[m\x1b[K\xe2\x80\x99 was not declared in this scope\n'}
[2.019262] (navigation_) StderrLine: {'line': b'  130 |         \x1b[01;31m\x1b[Kbroadcaster_\x1b[m\x1b[K->sendTransform(odom_to_base);\n'}
[2.019319] (navigation_) StderrLine: {'line': b'      |         \x1b[01;31m\x1b[K^~~~~~~~~~~~\x1b[m\x1b[K\n'}
[2.050899] (navigation_) StderrLine: {'line': b'\x1b[01m\x1b[K/home/catia/ros2_ws/src/navigation_/src/tf_node.cpp:\x1b[m\x1b[K At global scope:\n'}
[2.051079] (navigation_) StderrLine: {'line': b'\x1b[01m\x1b[K/home/catia/ros2_ws/src/navigation_/src/tf_node.cpp:138:1:\x1b[m\x1b[K \x1b[01;31m\x1b[Kerror: \x1b[m\x1b[Kexpected declaration before \xe2\x80\x98\x1b[01m\x1b[K}\x1b[m\x1b[K\xe2\x80\x99 token\n'}
[2.051150] (navigation_) StderrLine: {'line': b'  138 | \x1b[01;31m\x1b[K}\x1b[m\x1b[K;\n'}
[2.051197] (navigation_) StderrLine: {'line': b'      | \x1b[01;31m\x1b[K^\x1b[m\x1b[K\n'}
[2.105778] (-) TimerEvent: {}
[2.206115] (-) TimerEvent: {}
[2.306454] (-) TimerEvent: {}
[2.406803] (-) TimerEvent: {}
[2.507307] (-) TimerEvent: {}
[2.558648] (navigation_) StderrLine: {'line': b'gmake[2]: *** [CMakeFiles/tf_node.dir/build.make:76: CMakeFiles/tf_node.dir/src/tf_node.cpp.o] Error 1\n'}
[2.558865] (navigation_) StderrLine: {'line': b'gmake[1]: *** [CMakeFiles/Makefile2:221: CMakeFiles/tf_node.dir/all] Error 2\n'}
[2.559018] (navigation_) StderrLine: {'line': b'gmake: *** [Makefile:146: all] Error 2\n'}
[2.561036] (navigation_) CommandEnded: {'returncode': 2}
[2.595617] (navigation_) JobEnded: {'identifier': 'navigation_', 'rc': 2}
[2.606185] (-) EventReactorShutdown: {}
