[0.000000] (-) TimerEvent: {}
[0.000218] (nodes) JobQueued: {'identifier': 'nodes', 'dependencies': OrderedDict()}
[0.000366] (nodes) JobStarted: {'identifier': 'nodes'}
[0.006648] (nodes) JobProgress: {'identifier': 'nodes', 'progress': 'cmake'}
[0.008608] (nodes) JobProgress: {'identifier': 'nodes', 'progress': 'build'}
[0.008726] (nodes) Command: {'cmd': ['/usr/bin/cmake', '--build', '/home/catia/ros2_ws/build/nodes', '--', '-j8', '-l8'], 'cwd': '/home/catia/ros2_ws/build/nodes', 'env': OrderedDict([('USER', 'catia'), ('LC_TIME', 'it_IT.UTF-8'), ('XDG_SESSION_TYPE', 'wayland'), ('SHLVL', '1'), ('LD_LIBRARY_PATH', '/usr/lib/x86_64-linux-gnu/gazebo-11/plugins:/opt/ros/humble/opt/rviz_ogre_vendor/lib:/opt/ros/humble/lib/x86_64-linux-gnu:/opt/ros/humble/lib'), ('HOME', '/home/catia'), ('OLDPWD', '/home/catia'), ('DESKTOP_SESSION', 'ubuntu'), ('ROS_PYTHON_VERSION', '3'), ('GNOME_SHELL_SESSION_MODE', 'ubuntu'), ('GTK_MODULES', 'gail:atk-bridge'), ('LC_MONETARY', 'it_IT.UTF-8'), ('SYSTEMD_EXEC_PID', '1660'), ('DBUS_SESSION_BUS_ADDRESS', 'unix:path=/run/user/1000/bus'), ('COLORTERM', 'truecolor'), ('IM_CONFIG_PHASE', '1'), ('WAYLAND_DISPLAY', 'wayland-0'), ('COLCON_PREFIX_PATH', '/home/catia/ros2_ws/install'), ('ROS_DISTRO', 'humble'), ('LOGNAME', 'catia'), ('_', '/usr/bin/colcon'), ('ROS_VERSION', '2'), ('XDG_SESSION_CLASS', 'user'), ('USERNAME', 'catia'), ('TERM', 'xterm-256color'), ('GNOME_DESKTOP_SESSION_ID', 'this-is-deprecated'), ('ROS_LOCALHOST_ONLY', '0'), ('PATH', '/opt/ros/humble/bin:/usr/local/sbin:/usr/local/bin:/usr/sbin:/usr/bin:/sbin:/bin:/usr/games:/usr/local/games:/snap/bin:/snap/bin'), ('SESSION_MANAGER', 'local/cat:@/tmp/.ICE-unix/1444,unix/cat:/tmp/.ICE-unix/1444'), ('XDG_MENU_PREFIX', 'gnome-'), ('LC_ADDRESS', 'it_IT.UTF-8'), ('GNOME_TERMINAL_SCREEN', '/org/gnome/Terminal/screen/b899a0ef_fdc3_4272_9031_20281c20ddeb'), ('GNOME_SETUP_DISPLAY', ':1'), ('XDG_RUNTIME_DIR', '/run/user/1000'), ('DISPLAY', ':0'), ('LANG', 'en_US.UTF-8'), ('XDG_CURRENT_DESKTOP', 'ubuntu:GNOME'), ('LC_TELEPHONE', 'it_IT.UTF-8'), ('XMODIFIERS', '@im=ibus'), ('XDG_SESSION_DESKTOP', 'ubuntu'), ('XAUTHORITY', '/run/user/1000/.mutter-Xwaylandauth.42OYS2'), ('GNOME_TERMINAL_SERVICE', ':1.264'), ('SSH_AGENT_LAUNCHER', 'gnome-keyring'), ('SSH_AUTH_SOCK', '/run/user/1000/keyring/ssh'), ('AMENT_PREFIX_PATH', '/home/catia/ros2_ws/install/nodes:/opt/ros/humble'), ('SHELL', '/bin/bash'), ('LC_NAME', 'it_IT.UTF-8'), ('QT_ACCESSIBILITY', '1'), ('GDMSESSION', 'ubuntu'), ('LC_MEASUREMENT', 'it_IT.UTF-8'), ('LC_IDENTIFICATION', 'it_IT.UTF-8'), ('QT_IM_MODULE', 'ibus'), ('PWD', '/home/catia/ros2_ws/build/nodes'), ('TURTLEBOT3_MODEL', 'waffle'), ('LC_ALL', 'en_US.UTF-8'), ('XDG_CONFIG_DIRS', '/etc/xdg/xdg-ubuntu:/etc/xdg'), ('XDG_DATA_DIRS', '/usr/share/ubuntu:/usr/local/share/:/usr/share/:/var/lib/snapd/desktop'), ('PYTHONPATH', '/opt/ros/humble/lib/python3.10/site-packages:/opt/ros/humble/local/lib/python3.10/dist-packages'), ('LC_NUMERIC', 'it_IT.UTF-8'), ('LC_PAPER', 'it_IT.UTF-8'), ('COLCON', '1'), ('VTE_VERSION', '6800'), ('CMAKE_PREFIX_PATH', '/home/catia/ros2_ws/install/nodes:/opt/ros/humble')]), 'shell': False}
[0.027993] (nodes) StdoutLine: {'line': b'-- Found ament_cmake: 1.3.9 (/opt/ros/humble/share/ament_cmake/cmake)\n'}
[0.099108] (-) TimerEvent: {}
[0.124457] (nodes) StdoutLine: {'line': b'-- Found rclcpp: 16.0.9 (/opt/ros/humble/share/rclcpp/cmake)\n'}
[0.146522] (nodes) StdoutLine: {'line': b'-- Found rosidl_generator_c: 3.1.5 (/opt/ros/humble/share/rosidl_generator_c/cmake)\n'}
[0.148516] (nodes) StdoutLine: {'line': b'-- Found rosidl_adapter: 3.1.5 (/opt/ros/humble/share/rosidl_adapter/cmake)\n'}
[0.152959] (nodes) StdoutLine: {'line': b'-- Found rosidl_generator_cpp: 3.1.5 (/opt/ros/humble/share/rosidl_generator_cpp/cmake)\n'}
[0.161161] (nodes) StdoutLine: {'line': b'-- Using all available rosidl_typesupport_c: rosidl_typesupport_fastrtps_c;rosidl_typesupport_introspection_c\n'}
[0.173207] (nodes) StdoutLine: {'line': b'-- Using all available rosidl_typesupport_cpp: rosidl_typesupport_fastrtps_cpp;rosidl_typesupport_introspection_cpp\n'}
[0.199246] (-) TimerEvent: {}
[0.216779] (nodes) StdoutLine: {'line': b'-- Found rmw_implementation_cmake: 6.1.2 (/opt/ros/humble/share/rmw_implementation_cmake/cmake)\n'}
[0.217870] (nodes) StdoutLine: {'line': b'-- Found rmw_fastrtps_cpp: 6.2.6 (/opt/ros/humble/share/rmw_fastrtps_cpp/cmake)\n'}
[0.299369] (-) TimerEvent: {}
[0.314118] (nodes) StdoutLine: {'line': b"-- Using RMW implementation 'rmw_fastrtps_cpp' as default\n"}
[0.399556] (-) TimerEvent: {}
[0.440071] (nodes) StdoutLine: {'line': b'-- Found ament_lint_auto: 0.12.11 (/opt/ros/humble/share/ament_lint_auto/cmake)\n'}
[0.492144] (nodes) StdoutLine: {'line': b"-- Added test 'cppcheck' to perform static code analysis on C / C++ code\n"}
[0.492322] (nodes) StdoutLine: {'line': b'-- Configured cppcheck include dirs: \n'}
[0.492388] (nodes) StdoutLine: {'line': b'-- Configured cppcheck exclude dirs and/or files: \n'}
[0.492492] (nodes) StdoutLine: {'line': b"-- Added test 'lint_cmake' to check CMake code style\n"}
[0.493085] (nodes) StdoutLine: {'line': b"-- Added test 'uncrustify' to check C / C++ code style\n"}
[0.493136] (nodes) StdoutLine: {'line': b'-- Configured uncrustify additional arguments: \n'}
[0.493267] (nodes) StdoutLine: {'line': b"-- Added test 'xmllint' to check XML markup files\n"}
[0.493815] (nodes) StdoutLine: {'line': b'-- Configuring done\n'}
[0.499608] (-) TimerEvent: {}
[0.501907] (nodes) StdoutLine: {'line': b'-- Generating done\n'}
[0.503054] (nodes) StdoutLine: {'line': b'-- Build files have been written to: /home/catia/ros2_ws/build/nodes\n'}
[0.523042] (nodes) StdoutLine: {'line': b'\x1b[35m\x1b[1mConsolidate compiler generated dependencies of target pub_node\x1b[0m\n'}
[0.530621] (nodes) StdoutLine: {'line': b'[ 25%] \x1b[32mBuilding CXX object CMakeFiles/sub_node.dir/src/subscriber.cpp.o\x1b[0m\n'}
[0.537533] (nodes) StdoutLine: {'line': b'[ 75%] Built target pub_node\n'}
[0.599721] (-) TimerEvent: {}
[0.699984] (-) TimerEvent: {}
[0.800259] (-) TimerEvent: {}
[0.900622] (-) TimerEvent: {}
[1.001007] (-) TimerEvent: {}
[1.101341] (-) TimerEvent: {}
[1.201643] (-) TimerEvent: {}
[1.301974] (-) TimerEvent: {}
[1.402241] (-) TimerEvent: {}
[1.502506] (-) TimerEvent: {}
[1.602817] (-) TimerEvent: {}
[1.703086] (-) TimerEvent: {}
[1.803417] (-) TimerEvent: {}
[1.903724] (-) TimerEvent: {}
[2.004056] (-) TimerEvent: {}
[2.104374] (-) TimerEvent: {}
[2.204708] (-) TimerEvent: {}
[2.305043] (-) TimerEvent: {}
[2.405382] (-) TimerEvent: {}
[2.505666] (-) TimerEvent: {}
[2.606038] (-) TimerEvent: {}
[2.706318] (-) TimerEvent: {}
[2.806610] (-) TimerEvent: {}
[2.906944] (-) TimerEvent: {}
[3.007301] (-) TimerEvent: {}
[3.107663] (-) TimerEvent: {}
[3.208003] (-) TimerEvent: {}
[3.308342] (-) TimerEvent: {}
[3.408683] (-) TimerEvent: {}
[3.509001] (-) TimerEvent: {}
[3.609373] (-) TimerEvent: {}
[3.709740] (-) TimerEvent: {}
[3.810095] (-) TimerEvent: {}
[3.910448] (-) TimerEvent: {}
[4.010799] (-) TimerEvent: {}
[4.111148] (-) TimerEvent: {}
[4.211510] (-) TimerEvent: {}
[4.311933] (-) TimerEvent: {}
[4.412280] (-) TimerEvent: {}
[4.512603] (-) TimerEvent: {}
[4.612934] (-) TimerEvent: {}
[4.713315] (-) TimerEvent: {}
[4.813649] (-) TimerEvent: {}
[4.913905] (-) TimerEvent: {}
[5.014223] (-) TimerEvent: {}
[5.114519] (-) TimerEvent: {}
[5.214820] (-) TimerEvent: {}
[5.315124] (-) TimerEvent: {}
[5.415423] (-) TimerEvent: {}
[5.515685] (-) TimerEvent: {}
[5.615975] (-) TimerEvent: {}
[5.716281] (-) TimerEvent: {}
[5.816593] (-) TimerEvent: {}
[5.916894] (-) TimerEvent: {}
[6.017196] (-) TimerEvent: {}
[6.117470] (-) TimerEvent: {}
[6.217745] (-) TimerEvent: {}
[6.318042] (-) TimerEvent: {}
[6.418434] (-) TimerEvent: {}
[6.518751] (-) TimerEvent: {}
[6.619084] (-) TimerEvent: {}
[6.719425] (-) TimerEvent: {}
[6.752706] (nodes) StdoutLine: {'line': b'[100%] \x1b[32m\x1b[1mLinking CXX executable sub_node\x1b[0m\n'}
[6.819597] (-) TimerEvent: {}
[6.919842] (-) TimerEvent: {}
[7.020117] (-) TimerEvent: {}
[7.072166] (nodes) StdoutLine: {'line': b'[100%] Built target sub_node\n'}
[7.080906] (nodes) CommandEnded: {'returncode': 0}
[7.105272] (nodes) JobProgress: {'identifier': 'nodes', 'progress': 'install'}
[7.111649] (nodes) Command: {'cmd': ['/usr/bin/cmake', '--install', '/home/catia/ros2_ws/build/nodes'], 'cwd': '/home/catia/ros2_ws/build/nodes', 'env': OrderedDict([('USER', 'catia'), ('LC_TIME', 'it_IT.UTF-8'), ('XDG_SESSION_TYPE', 'wayland'), ('SHLVL', '1'), ('LD_LIBRARY_PATH', '/usr/lib/x86_64-linux-gnu/gazebo-11/plugins:/opt/ros/humble/opt/rviz_ogre_vendor/lib:/opt/ros/humble/lib/x86_64-linux-gnu:/opt/ros/humble/lib'), ('HOME', '/home/catia'), ('OLDPWD', '/home/catia'), ('DESKTOP_SESSION', 'ubuntu'), ('ROS_PYTHON_VERSION', '3'), ('GNOME_SHELL_SESSION_MODE', 'ubuntu'), ('GTK_MODULES', 'gail:atk-bridge'), ('LC_MONETARY', 'it_IT.UTF-8'), ('SYSTEMD_EXEC_PID', '1660'), ('DBUS_SESSION_BUS_ADDRESS', 'unix:path=/run/user/1000/bus'), ('COLORTERM', 'truecolor'), ('IM_CONFIG_PHASE', '1'), ('WAYLAND_DISPLAY', 'wayland-0'), ('COLCON_PREFIX_PATH', '/home/catia/ros2_ws/install'), ('ROS_DISTRO', 'humble'), ('LOGNAME', 'catia'), ('_', '/usr/bin/colcon'), ('ROS_VERSION', '2'), ('XDG_SESSION_CLASS', 'user'), ('USERNAME', 'catia'), ('TERM', 'xterm-256color'), ('GNOME_DESKTOP_SESSION_ID', 'this-is-deprecated'), ('ROS_LOCALHOST_ONLY', '0'), ('PATH', '/opt/ros/humble/bin:/usr/local/sbin:/usr/local/bin:/usr/sbin:/usr/bin:/sbin:/bin:/usr/games:/usr/local/games:/snap/bin:/snap/bin'), ('SESSION_MANAGER', 'local/cat:@/tmp/.ICE-unix/1444,unix/cat:/tmp/.ICE-unix/1444'), ('XDG_MENU_PREFIX', 'gnome-'), ('LC_ADDRESS', 'it_IT.UTF-8'), ('GNOME_TERMINAL_SCREEN', '/org/gnome/Terminal/screen/b899a0ef_fdc3_4272_9031_20281c20ddeb'), ('GNOME_SETUP_DISPLAY', ':1'), ('XDG_RUNTIME_DIR', '/run/user/1000'), ('DISPLAY', ':0'), ('LANG', 'en_US.UTF-8'), ('XDG_CURRENT_DESKTOP', 'ubuntu:GNOME'), ('LC_TELEPHONE', 'it_IT.UTF-8'), ('XMODIFIERS', '@im=ibus'), ('XDG_SESSION_DESKTOP', 'ubuntu'), ('XAUTHORITY', '/run/user/1000/.mutter-Xwaylandauth.42OYS2'), ('GNOME_TERMINAL_SERVICE', ':1.264'), ('SSH_AGENT_LAUNCHER', 'gnome-keyring'), ('SSH_AUTH_SOCK', '/run/user/1000/keyring/ssh'), ('AMENT_PREFIX_PATH', '/home/catia/ros2_ws/install/nodes:/opt/ros/humble'), ('SHELL', '/bin/bash'), ('LC_NAME', 'it_IT.UTF-8'), ('QT_ACCESSIBILITY', '1'), ('GDMSESSION', 'ubuntu'), ('LC_MEASUREMENT', 'it_IT.UTF-8'), ('LC_IDENTIFICATION', 'it_IT.UTF-8'), ('QT_IM_MODULE', 'ibus'), ('PWD', '/home/catia/ros2_ws/build/nodes'), ('TURTLEBOT3_MODEL', 'waffle'), ('LC_ALL', 'en_US.UTF-8'), ('XDG_CONFIG_DIRS', '/etc/xdg/xdg-ubuntu:/etc/xdg'), ('XDG_DATA_DIRS', '/usr/share/ubuntu:/usr/local/share/:/usr/share/:/var/lib/snapd/desktop'), ('PYTHONPATH', '/opt/ros/humble/lib/python3.10/site-packages:/opt/ros/humble/local/lib/python3.10/dist-packages'), ('LC_NUMERIC', 'it_IT.UTF-8'), ('LC_PAPER', 'it_IT.UTF-8'), ('COLCON', '1'), ('VTE_VERSION', '6800'), ('CMAKE_PREFIX_PATH', '/home/catia/ros2_ws/install/nodes:/opt/ros/humble')]), 'shell': False}
[7.117959] (nodes) StdoutLine: {'line': b'-- Install configuration: ""\n'}
[7.118108] (nodes) StdoutLine: {'line': b'-- Up-to-date: /home/catia/ros2_ws/install/nodes/lib/nodes/pub_node\n'}
[7.118164] (nodes) StdoutLine: {'line': b'-- Installing: /home/catia/ros2_ws/install/nodes/lib/nodes/sub_node\n'}
[7.120210] (-) TimerEvent: {}
[7.120827] (nodes) StdoutLine: {'line': b'-- Set runtime path of "/home/catia/ros2_ws/install/nodes/lib/nodes/sub_node" to ""\n'}
[7.120916] (nodes) StdoutLine: {'line': b'-- Up-to-date: /home/catia/ros2_ws/install/nodes/share/ament_index/resource_index/package_run_dependencies/nodes\n'}
[7.120973] (nodes) StdoutLine: {'line': b'-- Installing: /home/catia/ros2_ws/install/nodes/share/ament_index/resource_index/parent_prefix_path/nodes\n'}
[7.121048] (nodes) StdoutLine: {'line': b'-- Up-to-date: /home/catia/ros2_ws/install/nodes/share/nodes/environment/ament_prefix_path.sh\n'}
[7.121105] (nodes) StdoutLine: {'line': b'-- Installing: /home/catia/ros2_ws/install/nodes/share/nodes/environment/ament_prefix_path.dsv\n'}
[7.121175] (nodes) StdoutLine: {'line': b'-- Up-to-date: /home/catia/ros2_ws/install/nodes/share/nodes/environment/path.sh\n'}
[7.121234] (nodes) StdoutLine: {'line': b'-- Installing: /home/catia/ros2_ws/install/nodes/share/nodes/environment/path.dsv\n'}
[7.121300] (nodes) StdoutLine: {'line': b'-- Up-to-date: /home/catia/ros2_ws/install/nodes/share/nodes/local_setup.bash\n'}
[7.121345] (nodes) StdoutLine: {'line': b'-- Up-to-date: /home/catia/ros2_ws/install/nodes/share/nodes/local_setup.sh\n'}
[7.121394] (nodes) StdoutLine: {'line': b'-- Up-to-date: /home/catia/ros2_ws/install/nodes/share/nodes/local_setup.zsh\n'}
[7.121442] (nodes) StdoutLine: {'line': b'-- Installing: /home/catia/ros2_ws/install/nodes/share/nodes/local_setup.dsv\n'}
[7.121516] (nodes) StdoutLine: {'line': b'-- Installing: /home/catia/ros2_ws/install/nodes/share/nodes/package.dsv\n'}
[7.121565] (nodes) StdoutLine: {'line': b'-- Up-to-date: /home/catia/ros2_ws/install/nodes/share/ament_index/resource_index/packages/nodes\n'}
[7.121609] (nodes) StdoutLine: {'line': b'-- Up-to-date: /home/catia/ros2_ws/install/nodes/share/nodes/cmake/nodesConfig.cmake\n'}
[7.121654] (nodes) StdoutLine: {'line': b'-- Up-to-date: /home/catia/ros2_ws/install/nodes/share/nodes/cmake/nodesConfig-version.cmake\n'}
[7.121697] (nodes) StdoutLine: {'line': b'-- Up-to-date: /home/catia/ros2_ws/install/nodes/share/nodes/package.xml\n'}
[7.122840] (nodes) CommandEnded: {'returncode': 0}
[7.155872] (nodes) JobEnded: {'identifier': 'nodes', 'rc': 0}
[7.156433] (-) EventReactorShutdown: {}
