[0.009s] Invoking command in '/home/catia/ros2_ws/build/navigation_': CMAKE_PREFIX_PATH=${CMAKE_PREFIX_PATH}:/opt/ros/humble /usr/bin/cmake --build /home/catia/ros2_ws/build/navigation_ -- -j8 -l8
[0.032s] -- Found ament_cmake: 1.3.9 (/opt/ros/humble/share/ament_cmake/cmake)
[0.143s] -- Found rclcpp: 16.0.9 (/opt/ros/humble/share/rclcpp/cmake)
[0.174s] -- Found rosidl_generator_c: 3.1.5 (/opt/ros/humble/share/rosidl_generator_c/cmake)
[0.177s] -- Found rosidl_adapter: 3.1.5 (/opt/ros/humble/share/rosidl_adapter/cmake)
[0.183s] -- Found rosidl_generator_cpp: 3.1.5 (/opt/ros/humble/share/rosidl_generator_cpp/cmake)
[0.194s] -- Using all available rosidl_typesupport_c: rosidl_typesupport_fastrtps_c;rosidl_typesupport_introspection_c
[0.209s] -- Using all available rosidl_typesupport_cpp: rosidl_typesupport_fastrtps_cpp;rosidl_typesupport_introspection_cpp
[0.261s] -- Found rmw_implementation_cmake: 6.1.2 (/opt/ros/humble/share/rmw_implementation_cmake/cmake)
[0.263s] -- Found rmw_fastrtps_cpp: 6.2.6 (/opt/ros/humble/share/rmw_fastrtps_cpp/cmake)
[0.368s] -- Using RMW implementation 'rmw_fastrtps_cpp' as default
[0.503s] -- Found nav_msgs: 4.2.4 (/opt/ros/humble/share/nav_msgs/cmake)
[0.602s] -- Found sensor_msgs: 4.2.4 (/opt/ros/humble/share/sensor_msgs/cmake)
[0.670s] -- Found tf2: 0.25.7 (/opt/ros/humble/share/tf2/cmake)
[0.678s] -- Found tf2_ros: 0.25.7 (/opt/ros/humble/share/tf2_ros/cmake)
[0.941s] -- Found visualization_msgs: 4.2.4 (/opt/ros/humble/share/visualization_msgs/cmake)
[1.040s] -- Found ament_lint_auto: 0.12.11 (/opt/ros/humble/share/ament_lint_auto/cmake)
[1.099s] -- Added test 'cppcheck' to perform static code analysis on C / C++ code
[1.099s] -- Configured cppcheck include dirs: 
[1.099s] -- Configured cppcheck exclude dirs and/or files: 
[1.100s] -- Added test 'lint_cmake' to check CMake code style
[1.102s] -- Added test 'uncrustify' to check C / C++ code style
[1.102s] -- Configured uncrustify additional arguments: 
[1.103s] -- Added test 'xmllint' to check XML markup files
[1.104s] -- Configuring done
[1.124s] -- Generating done
[1.125s] -- Build files have been written to: /home/catia/ros2_ws/build/navigation_
[1.146s] [35m[1mConsolidate compiler generated dependencies of target laserScan_[0m
[1.147s] [35m[1mConsolidate compiler generated dependencies of target mobile_base[0m
[1.147s] [35m[1mConsolidate compiler generated dependencies of target tf_node[0m
[1.147s] [35m[1mConsolidate compiler generated dependencies of target pub_occupancy_grid[0m
[1.161s] [ 50%] Built target mobile_base
[1.161s] [ 50%] Built target laserScan_
[1.163s] [ 75%] Built target tf_node
[1.164s] [ 87%] [32mBuilding CXX object CMakeFiles/pub_occupancy_grid.dir/src/pub_occupancy_grid.cpp.o[0m
[4.581s] [100%] [32m[1mLinking CXX executable pub_occupancy_grid[0m
[4.755s] [100%] Built target pub_occupancy_grid
[4.765s] Invoked command in '/home/catia/ros2_ws/build/navigation_' returned '0': CMAKE_PREFIX_PATH=${CMAKE_PREFIX_PATH}:/opt/ros/humble /usr/bin/cmake --build /home/catia/ros2_ws/build/navigation_ -- -j8 -l8
[4.797s] Invoking command in '/home/catia/ros2_ws/build/navigation_': CMAKE_PREFIX_PATH=${CMAKE_PREFIX_PATH}:/opt/ros/humble /usr/bin/cmake --install /home/catia/ros2_ws/build/navigation_
[4.803s] -- Install configuration: ""
[4.803s] -- Installing: /home/catia/ros2_ws/install/navigation_/lib/navigation_/pub_occupancy_grid
[4.804s] -- Set runtime path of "/home/catia/ros2_ws/install/navigation_/lib/navigation_/pub_occupancy_grid" to ""
[4.804s] -- Up-to-date: /home/catia/ros2_ws/install/navigation_/lib/navigation_/laserScan_
[4.804s] -- Up-to-date: /home/catia/ros2_ws/install/navigation_/lib/navigation_/mobile_base
[4.805s] -- Up-to-date: /home/catia/ros2_ws/install/navigation_/lib/navigation_/tf_node
[4.805s] -- Up-to-date: /home/catia/ros2_ws/install/navigation_/share/ament_index/resource_index/package_run_dependencies/navigation_
[4.805s] -- Up-to-date: /home/catia/ros2_ws/install/navigation_/share/ament_index/resource_index/parent_prefix_path/navigation_
[4.805s] -- Up-to-date: /home/catia/ros2_ws/install/navigation_/share/navigation_/environment/ament_prefix_path.sh
[4.805s] -- Installing: /home/catia/ros2_ws/install/navigation_/share/navigation_/environment/ament_prefix_path.dsv
[4.805s] -- Up-to-date: /home/catia/ros2_ws/install/navigation_/share/navigation_/environment/path.sh
[4.805s] -- Installing: /home/catia/ros2_ws/install/navigation_/share/navigation_/environment/path.dsv
[4.805s] -- Up-to-date: /home/catia/ros2_ws/install/navigation_/share/navigation_/local_setup.bash
[4.805s] -- Up-to-date: /home/catia/ros2_ws/install/navigation_/share/navigation_/local_setup.sh
[4.805s] -- Up-to-date: /home/catia/ros2_ws/install/navigation_/share/navigation_/local_setup.zsh
[4.805s] -- Installing: /home/catia/ros2_ws/install/navigation_/share/navigation_/local_setup.dsv
[4.805s] -- Installing: /home/catia/ros2_ws/install/navigation_/share/navigation_/package.dsv
[4.805s] -- Up-to-date: /home/catia/ros2_ws/install/navigation_/share/ament_index/resource_index/packages/navigation_
[4.806s] -- Up-to-date: /home/catia/ros2_ws/install/navigation_/share/navigation_/cmake/navigation_Config.cmake
[4.806s] -- Up-to-date: /home/catia/ros2_ws/install/navigation_/share/navigation_/cmake/navigation_Config-version.cmake
[4.806s] -- Up-to-date: /home/catia/ros2_ws/install/navigation_/share/navigation_/package.xml
[4.807s] Invoked command in '/home/catia/ros2_ws/build/navigation_' returned '0': CMAKE_PREFIX_PATH=${CMAKE_PREFIX_PATH}:/opt/ros/humble /usr/bin/cmake --install /home/catia/ros2_ws/build/navigation_
