[0.000000] (-) TimerEvent: {}
[0.000247] (nodes) JobQueued: {'identifier': 'nodes', 'dependencies': OrderedDict()}
[0.000386] (nodes) JobStarted: {'identifier': 'nodes'}
[0.007437] (nodes) JobProgress: {'identifier': 'nodes', 'progress': 'cmake'}
[0.008018] (nodes) JobProgress: {'identifier': 'nodes', 'progress': 'build'}
[0.008609] (nodes) Command: {'cmd': ['/usr/bin/cmake', '--build', '/home/catia/ros2_ws/build/nodes', '--', '-j8', '-l8'], 'cwd': '/home/catia/ros2_ws/build/nodes', 'env': OrderedDict([('GJS_DEBUG_TOPICS', 'JS ERROR;JS LOG'), ('USER', 'catia'), ('LC_TIME', 'it_IT.UTF-8'), ('GIO_MODULE_DIR', '/home/catia/snap/code/common/.cache/gio-modules'), ('XDG_SESSION_TYPE', 'wayland'), ('GIT_ASKPASS', '/snap/code/167/usr/share/code/resources/app/extensions/git/dist/askpass.sh'), ('GTK_EXE_PREFIX_VSCODE_SNAP_ORIG', ''), ('GDK_BACKEND_VSCODE_SNAP_ORIG', ''), ('SHLVL', '1'), ('LD_LIBRARY_PATH', '/usr/lib/x86_64-linux-gnu/gazebo-11/plugins:/opt/ros/humble/opt/rviz_ogre_vendor/lib:/opt/ros/humble/lib/x86_64-linux-gnu:/opt/ros/humble/lib'), ('HOME', '/home/catia'), ('CHROME_DESKTOP', 'code-url-handler.desktop'), ('LOCPATH_VSCODE_SNAP_ORIG', ''), ('TERM_PROGRAM_VERSION', '1.92.2'), ('DESKTOP_SESSION', 'ubuntu'), ('GTK_PATH', '/snap/code/167/usr/lib/x86_64-linux-gnu/gtk-3.0'), ('GTK_IM_MODULE_FILE', '/home/catia/snap/code/common/.cache/immodules/immodules.cache'), ('GIO_LAUNCHED_DESKTOP_FILE', '/var/lib/snapd/desktop/applications/code_code.desktop'), ('ROS_PYTHON_VERSION', '3'), ('GNOME_SHELL_SESSION_MODE', 'ubuntu'), ('GTK_MODULES', 'gail:atk-bridge'), ('GSETTINGS_SCHEMA_DIR_VSCODE_SNAP_ORIG', ''), ('VSCODE_GIT_ASKPASS_MAIN', '/snap/code/167/usr/share/code/resources/app/extensions/git/dist/askpass-main.js'), ('LC_MONETARY', 'it_IT.UTF-8'), ('VSCODE_GIT_ASKPASS_NODE', '/snap/code/167/usr/share/code/code'), ('MANAGERPID', '1337'), ('SYSTEMD_EXEC_PID', '1513'), ('IM_CONFIG_CHECK_ENV', '1'), ('DBUS_SESSION_BUS_ADDRESS', 'unix:path=/run/user/1000/bus'), ('COLORTERM', 'truecolor'), ('GIO_LAUNCHED_DESKTOP_FILE_PID', '3234'), ('IM_CONFIG_PHASE', '1'), ('WAYLAND_DISPLAY', 'wayland-0'), ('COLCON_PREFIX_PATH', '/home/catia/ros2_ws/install'), ('ROS_DISTRO', 'humble'), ('LOGNAME', 'catia'), ('JOURNAL_STREAM', '8:33933'), ('_', '/usr/bin/colcon'), ('ROS_VERSION', '2'), ('XDG_CONFIG_DIRS_VSCODE_SNAP_ORIG', '/etc/xdg/xdg-ubuntu:/etc/xdg'), ('XDG_SESSION_CLASS', 'user'), ('XDG_DATA_DIRS_VSCODE_SNAP_ORIG', '/usr/share/ubuntu:/usr/local/share/:/usr/share/:/var/lib/snapd/desktop'), ('USERNAME', 'catia'), ('TERM', 'xterm-256color'), ('GNOME_DESKTOP_SESSION_ID', 'this-is-deprecated'), ('ROS_LOCALHOST_ONLY', '0'), ('PATH', '/opt/ros/humble/bin:/usr/local/sbin:/usr/local/bin:/usr/sbin:/usr/bin:/sbin:/bin:/usr/games:/usr/local/games:/snap/bin:/snap/bin'), ('SESSION_MANAGER', 'local/cat:@/tmp/.ICE-unix/1486,unix/cat:/tmp/.ICE-unix/1486'), ('GTK_EXE_PREFIX', '/snap/code/167/usr'), ('INVOCATION_ID', '511e09a5525946e5bd035cc3ecb9e211'), ('XDG_MENU_PREFIX', 'gnome-'), ('LC_ADDRESS', 'it_IT.UTF-8'), ('BAMF_DESKTOP_FILE_HINT', '/var/lib/snapd/desktop/applications/code_code.desktop'), ('GNOME_SETUP_DISPLAY', ':1'), ('XDG_RUNTIME_DIR', '/run/user/1000'), ('GDK_BACKEND', 'x11'), ('DISPLAY', ':0'), ('LOCPATH', '/snap/code/167/usr/lib/locale'), ('LANG', 'en_US.UTF-8'), ('XDG_CURRENT_DESKTOP', 'Unity'), ('LC_TELEPHONE', 'it_IT.UTF-8'), ('GIO_MODULE_DIR_VSCODE_SNAP_ORIG', ''), ('XMODIFIERS', '@im=ibus'), ('XDG_SESSION_DESKTOP', 'ubuntu'), ('XAUTHORITY', '/run/user/1000/.mutter-Xwaylandauth.U5BUS2'), ('VSCODE_GIT_IPC_HANDLE', '/run/user/1000/vscode-git-48368becc8.sock'), ('TERM_PROGRAM', 'vscode'), ('SSH_AGENT_LAUNCHER', 'gnome-keyring'), ('SSH_AUTH_SOCK', '/run/user/1000/keyring/ssh'), ('GSETTINGS_SCHEMA_DIR', '/home/catia/snap/code/167/.local/share/glib-2.0/schemas'), ('AMENT_PREFIX_PATH', '/home/catia/ros2_ws/install/nodes:/opt/ros/humble'), ('ORIGINAL_XDG_CURRENT_DESKTOP', 'ubuntu:GNOME'), ('SHELL', '/bin/bash'), ('LC_NAME', 'it_IT.UTF-8'), ('QT_ACCESSIBILITY', '1'), ('GDMSESSION', 'ubuntu'), ('GTK_PATH_VSCODE_SNAP_ORIG', ''), ('GTK_IM_MODULE_FILE_VSCODE_SNAP_ORIG', ''), ('LC_MEASUREMENT', 'it_IT.UTF-8'), ('GJS_DEBUG_OUTPUT', 'stderr'), ('LC_IDENTIFICATION', 'it_IT.UTF-8'), ('VSCODE_GIT_ASKPASS_EXTRA_ARGS', ''), ('QT_IM_MODULE', 'ibus'), ('PWD', '/home/catia/ros2_ws/build/nodes'), ('TURTLEBOT3_MODEL', 'waffle'), ('LC_ALL', 'en_US.UTF-8'), ('XDG_CONFIG_DIRS', '/etc/xdg/xdg-ubuntu:/etc/xdg'), ('XDG_DATA_DIRS', '/home/catia/snap/code/167/.local/share:/home/catia/snap/code/167:/snap/code/167/usr/share:/usr/share/ubuntu:/usr/local/share/:/usr/share/:/var/lib/snapd/desktop'), ('PYTHONPATH', '/opt/ros/humble/lib/python3.10/site-packages:/opt/ros/humble/local/lib/python3.10/dist-packages'), ('LC_NUMERIC', 'it_IT.UTF-8'), ('LC_PAPER', 'it_IT.UTF-8'), ('COLCON', '1'), ('CMAKE_PREFIX_PATH', '/home/catia/ros2_ws/install/nodes:/opt/ros/humble')]), 'shell': False}
[0.045605] (nodes) StdoutLine: {'line': b'\x1b[35m\x1b[1mConsolidate compiler generated dependencies of target pub_node\x1b[0m\n'}
[0.056643] (nodes) StdoutLine: {'line': b'[ 50%] Built target sub_node\n'}
[0.060598] (nodes) StdoutLine: {'line': b'[ 75%] \x1b[32mBuilding CXX object CMakeFiles/pub_node.dir/src/publisher.cpp.o\x1b[0m\n'}
[0.099193] (-) TimerEvent: {}
[0.199544] (-) TimerEvent: {}
[0.299899] (-) TimerEvent: {}
[0.400223] (-) TimerEvent: {}
[0.500574] (-) TimerEvent: {}
[0.600919] (-) TimerEvent: {}
[0.701357] (-) TimerEvent: {}
[0.801712] (-) TimerEvent: {}
[0.902078] (-) TimerEvent: {}
[1.002412] (-) TimerEvent: {}
[1.102746] (-) TimerEvent: {}
[1.203110] (-) TimerEvent: {}
[1.303439] (-) TimerEvent: {}
[1.403797] (-) TimerEvent: {}
[1.504169] (-) TimerEvent: {}
[1.604520] (-) TimerEvent: {}
[1.704840] (-) TimerEvent: {}
[1.793825] (nodes) StderrLine: {'line': b'\x1b[01m\x1b[K/home/catia/ros2_ws/src/nodes/src/publisher.cpp:37:25:\x1b[m\x1b[K \x1b[01;31m\x1b[Kerror: \x1b[m\x1b[Kexpected identifier before numeric constant\n'}
[1.794011] (nodes) StderrLine: {'line': b'   37 |     void timer_callback(\x1b[01;31m\x1b[K2\x1b[m\x1b[K)\n'}
[1.794089] (nodes) StderrLine: {'line': b'      |                         \x1b[01;31m\x1b[K^\x1b[m\x1b[K\n'}
[1.794158] (nodes) StderrLine: {'line': b'\x1b[01m\x1b[K/home/catia/ros2_ws/src/nodes/src/publisher.cpp:37:25:\x1b[m\x1b[K \x1b[01;31m\x1b[Kerror: \x1b[m\x1b[Kexpected \xe2\x80\x98\x1b[01m\x1b[K,\x1b[m\x1b[K\xe2\x80\x99 or \xe2\x80\x98\x1b[01m\x1b[K...\x1b[m\x1b[K\xe2\x80\x99 before numeric constant\n'}
[1.804991] (-) TimerEvent: {}
[1.808706] (nodes) StderrLine: {'line': b'\x1b[01m\x1b[K/home/catia/ros2_ws/src/nodes/src/publisher.cpp:\x1b[m\x1b[K In constructor \xe2\x80\x98\x1b[01m\x1b[KMinimalPublisher::MinimalPublisher()\x1b[m\x1b[K\xe2\x80\x99:\n'}
[1.809057] (nodes) StderrLine: {'line': b'\x1b[01m\x1b[K/home/catia/ros2_ws/src/nodes/src/publisher.cpp:24:77:\x1b[m\x1b[K \x1b[01;31m\x1b[Kerror: \x1b[m\x1b[Kno match for \xe2\x80\x98\x1b[01m\x1b[Koperator=\x1b[m\x1b[K\xe2\x80\x99 (operand types are \xe2\x80\x98\x1b[01m\x1b[Krclcpp::Publisher<std_msgs::msg::String_<std::allocator<void> > >::SharedPtr\x1b[m\x1b[K\xe2\x80\x99 {aka \xe2\x80\x98\x1b[01m\x1b[Kstd::shared_ptr<rclcpp::Publisher<std_msgs::msg::String_<std::allocator<void> > > >\x1b[m\x1b[K\xe2\x80\x99} and \xe2\x80\x98\x1b[01m\x1b[Kstd::shared_ptr<rclcpp::Publisher<std_msgs::msg::Int16_<std::allocator<void> > > >\x1b[m\x1b[K\xe2\x80\x99)\n'}
[1.809121] (nodes) StderrLine: {'line': b'   24 |       publisher_1 = this->create_publisher<std_msgs::msg::Int16>("topic", 10\x1b[01;31m\x1b[K)\x1b[m\x1b[K;\n'}
[1.809168] (nodes) StderrLine: {'line': b'      |                                                                             \x1b[01;31m\x1b[K^\x1b[m\x1b[K\n'}
[1.809222] (nodes) StderrLine: {'line': b'In file included from \x1b[01m\x1b[K/usr/include/c++/11/memory:77\x1b[m\x1b[K,\n'}
[1.809272] (nodes) StderrLine: {'line': b'                 from \x1b[01m\x1b[K/home/catia/ros2_ws/src/nodes/src/publisher.cpp:3\x1b[m\x1b[K:\n'}
[1.809316] (nodes) StderrLine: {'line': b'\x1b[01m\x1b[K/usr/include/c++/11/bits/shared_ptr.h:363:9:\x1b[m\x1b[K \x1b[01;36m\x1b[Knote: \x1b[m\x1b[Kcandidate: \xe2\x80\x98\x1b[01m\x1b[Ktemplate<class _Yp> std::shared_ptr<_Tp>::_Assignable<const std::shared_ptr<_Yp>&> std::shared_ptr<_Tp>::operator=(const std::shared_ptr<_Yp>&) [with _Yp = _Yp; _Tp = rclcpp::Publisher<std_msgs::msg::String_<std::allocator<void> > >]\x1b[m\x1b[K\xe2\x80\x99\n'}
[1.809371] (nodes) StderrLine: {'line': b'  363 |         \x1b[01;36m\x1b[Koperator\x1b[m\x1b[K=(const shared_ptr<_Yp>& __r) noexcept\n'}
[1.809415] (nodes) StderrLine: {'line': b'      |         \x1b[01;36m\x1b[K^~~~~~~~\x1b[m\x1b[K\n'}
[1.809458] (nodes) StderrLine: {'line': b'\x1b[01m\x1b[K/usr/include/c++/11/bits/shared_ptr.h:363:9:\x1b[m\x1b[K \x1b[01;36m\x1b[Knote: \x1b[m\x1b[K  template argument deduction/substitution failed:\n'}
[1.809504] (nodes) StderrLine: {'line': b'/usr/include/c++/11/bits/shared_ptr.h: In substitution of \xe2\x80\x98\x1b[01m\x1b[Ktemplate<class _Tp> template<class _Arg> using _Assignable = typename std::enable_if<std::is_assignable<std::__shared_ptr<_Tp>&, _Arg>::value, std::shared_ptr<_Tp>&>::type [with _Arg = const std::shared_ptr<rclcpp::Publisher<std_msgs::msg::Int16_<std::allocator<void> > > >&; _Tp = rclcpp::Publisher<std_msgs::msg::String_<std::allocator<void> > >]\x1b[m\x1b[K\xe2\x80\x99:\n'}
[1.809551] (nodes) StderrLine: {'line': b'\x1b[01m\x1b[K/usr/include/c++/11/bits/shared_ptr.h:363:2:\x1b[m\x1b[K   required by substitution of \xe2\x80\x98\x1b[01m\x1b[Ktemplate<class _Yp> std::shared_ptr<rclcpp::Publisher<std_msgs::msg::String_<std::allocator<void> > > >::_Assignable<const std::shared_ptr<_Tp>&> std::shared_ptr<rclcpp::Publisher<std_msgs::msg::String_<std::allocator<void> > > >::operator=<_Yp>(const std::shared_ptr<_Tp>&) [with _Yp = rclcpp::Publisher<std_msgs::msg::Int16_<std::allocator<void> > >]\x1b[m\x1b[K\xe2\x80\x99\n'}
[1.809597] (nodes) StderrLine: {'line': b'\x1b[01m\x1b[K/home/catia/ros2_ws/src/nodes/src/publisher.cpp:24:77:\x1b[m\x1b[K   required from here\n'}
[1.809641] (nodes) StderrLine: {'line': b'\x1b[01m\x1b[K/usr/include/c++/11/bits/shared_ptr.h:130:15:\x1b[m\x1b[K \x1b[01;31m\x1b[Kerror: \x1b[m\x1b[Kno type named \xe2\x80\x98\x1b[01m\x1b[Ktype\x1b[m\x1b[K\xe2\x80\x99 in \xe2\x80\x98\x1b[01m\x1b[Kstruct std::enable_if<false, std::shared_ptr<rclcpp::Publisher<std_msgs::msg::String_<std::allocator<void> > > >&>\x1b[m\x1b[K\xe2\x80\x99\n'}
[1.809685] (nodes) StderrLine: {'line': b'  130 |         using \x1b[01;31m\x1b[K_Assignable\x1b[m\x1b[K = typename enable_if<\n'}
[1.809727] (nodes) StderrLine: {'line': b'      |               \x1b[01;31m\x1b[K^~~~~~~~~~~\x1b[m\x1b[K\n'}
[1.809771] (nodes) StderrLine: {'line': b'\x1b[01m\x1b[K/usr/include/c++/11/bits/shared_ptr.h:374:9:\x1b[m\x1b[K \x1b[01;36m\x1b[Knote: \x1b[m\x1b[Kcandidate: \xe2\x80\x98\x1b[01m\x1b[Ktemplate<class _Yp> std::shared_ptr<_Tp>::_Assignable<std::auto_ptr<_Up> > std::shared_ptr<_Tp>::operator=(std::auto_ptr<_Up>&&) [with _Yp = _Yp; _Tp = rclcpp::Publisher<std_msgs::msg::String_<std::allocator<void> > >]\x1b[m\x1b[K\xe2\x80\x99\n'}
[1.809821] (nodes) StderrLine: {'line': b'  374 |         \x1b[01;36m\x1b[Koperator\x1b[m\x1b[K=(auto_ptr<_Yp>&& __r)\n'}
[1.809866] (nodes) StderrLine: {'line': b'      |         \x1b[01;36m\x1b[K^~~~~~~~\x1b[m\x1b[K\n'}
[1.809908] (nodes) StderrLine: {'line': b'\x1b[01m\x1b[K/usr/include/c++/11/bits/shared_ptr.h:374:9:\x1b[m\x1b[K \x1b[01;36m\x1b[Knote: \x1b[m\x1b[K  template argument deduction/substitution failed:\n'}
[1.809953] (nodes) StderrLine: {'line': b'\x1b[01m\x1b[K/home/catia/ros2_ws/src/nodes/src/publisher.cpp:24:77:\x1b[m\x1b[K \x1b[01;36m\x1b[Knote: \x1b[m\x1b[K  \xe2\x80\x98\x1b[01m\x1b[Kstd::shared_ptr<rclcpp::Publisher<std_msgs::msg::Int16_<std::allocator<void> > > >\x1b[m\x1b[K\xe2\x80\x99 is not derived from \xe2\x80\x98\x1b[01m\x1b[Kstd::auto_ptr<_Up>\x1b[m\x1b[K\xe2\x80\x99\n'}
[1.810004] (nodes) StderrLine: {'line': b'   24 |       publisher_1 = this->create_publisher<std_msgs::msg::Int16>("topic", 10\x1b[01;36m\x1b[K)\x1b[m\x1b[K;\n'}
[1.810048] (nodes) StderrLine: {'line': b'      |                                                                             \x1b[01;36m\x1b[K^\x1b[m\x1b[K\n'}
[1.810091] (nodes) StderrLine: {'line': b'In file included from \x1b[01m\x1b[K/usr/include/c++/11/memory:77\x1b[m\x1b[K,\n'}
[1.810137] (nodes) StderrLine: {'line': b'                 from \x1b[01m\x1b[K/home/catia/ros2_ws/src/nodes/src/publisher.cpp:3\x1b[m\x1b[K:\n'}
[1.810179] (nodes) StderrLine: {'line': b'\x1b[01m\x1b[K/usr/include/c++/11/bits/shared_ptr.h:391:9:\x1b[m\x1b[K \x1b[01;36m\x1b[Knote: \x1b[m\x1b[Kcandidate: \xe2\x80\x98\x1b[01m\x1b[Ktemplate<class _Yp> std::shared_ptr<_Tp>::_Assignable<std::shared_ptr<_Yp> > std::shared_ptr<_Tp>::operator=(std::shared_ptr<_Yp>&&) [with _Yp = _Yp; _Tp = rclcpp::Publisher<std_msgs::msg::String_<std::allocator<void> > >]\x1b[m\x1b[K\xe2\x80\x99\n'}
[1.810224] (nodes) StderrLine: {'line': b'  391 |         \x1b[01;36m\x1b[Koperator\x1b[m\x1b[K=(shared_ptr<_Yp>&& __r) noexcept\n'}
[1.810266] (nodes) StderrLine: {'line': b'      |         \x1b[01;36m\x1b[K^~~~~~~~\x1b[m\x1b[K\n'}
[1.810308] (nodes) StderrLine: {'line': b'\x1b[01m\x1b[K/usr/include/c++/11/bits/shared_ptr.h:391:9:\x1b[m\x1b[K \x1b[01;36m\x1b[Knote: \x1b[m\x1b[K  template argument deduction/substitution failed:\n'}
[1.810351] (nodes) StderrLine: {'line': b'/usr/include/c++/11/bits/shared_ptr.h: In substitution of \xe2\x80\x98\x1b[01m\x1b[Ktemplate<class _Tp> template<class _Arg> using _Assignable = typename std::enable_if<std::is_assignable<std::__shared_ptr<_Tp>&, _Arg>::value, std::shared_ptr<_Tp>&>::type [with _Arg = std::shared_ptr<rclcpp::Publisher<std_msgs::msg::Int16_<std::allocator<void> > > >; _Tp = rclcpp::Publisher<std_msgs::msg::String_<std::allocator<void> > >]\x1b[m\x1b[K\xe2\x80\x99:\n'}
[1.810396] (nodes) StderrLine: {'line': b'\x1b[01m\x1b[K/usr/include/c++/11/bits/shared_ptr.h:391:2:\x1b[m\x1b[K   required by substitution of \xe2\x80\x98\x1b[01m\x1b[Ktemplate<class _Yp> std::shared_ptr<rclcpp::Publisher<std_msgs::msg::String_<std::allocator<void> > > >::_Assignable<std::shared_ptr<_Tp> > std::shared_ptr<rclcpp::Publisher<std_msgs::msg::String_<std::allocator<void> > > >::operator=<_Yp>(std::shared_ptr<_Tp>&&) [with _Yp = rclcpp::Publisher<std_msgs::msg::Int16_<std::allocator<void> > >]\x1b[m\x1b[K\xe2\x80\x99\n'}
[1.810445] (nodes) StderrLine: {'line': b'\x1b[01m\x1b[K/home/catia/ros2_ws/src/nodes/src/publisher.cpp:24:77:\x1b[m\x1b[K   required from here\n'}
[1.810488] (nodes) StderrLine: {'line': b'\x1b[01m\x1b[K/usr/include/c++/11/bits/shared_ptr.h:130:15:\x1b[m\x1b[K \x1b[01;31m\x1b[Kerror: \x1b[m\x1b[Kno type named \xe2\x80\x98\x1b[01m\x1b[Ktype\x1b[m\x1b[K\xe2\x80\x99 in \xe2\x80\x98\x1b[01m\x1b[Kstruct std::enable_if<false, std::shared_ptr<rclcpp::Publisher<std_msgs::msg::String_<std::allocator<void> > > >&>\x1b[m\x1b[K\xe2\x80\x99\n'}
[1.810534] (nodes) StderrLine: {'line': b'  130 |         using \x1b[01;31m\x1b[K_Assignable\x1b[m\x1b[K = typename enable_if<\n'}
[1.810578] (nodes) StderrLine: {'line': b'      |               \x1b[01;31m\x1b[K^~~~~~~~~~~\x1b[m\x1b[K\n'}
[1.810621] (nodes) StderrLine: {'line': b'\x1b[01m\x1b[K/usr/include/c++/11/bits/shared_ptr.h:399:9:\x1b[m\x1b[K \x1b[01;36m\x1b[Knote: \x1b[m\x1b[Kcandidate: \xe2\x80\x98\x1b[01m\x1b[Ktemplate<class _Yp, class _Del> std::shared_ptr<_Tp>::_Assignable<std::unique_ptr<_Up, _Ep> > std::shared_ptr<_Tp>::operator=(std::unique_ptr<_Up, _Ep>&&) [with _Yp = _Yp; _Del = _Del; _Tp = rclcpp::Publisher<std_msgs::msg::String_<std::allocator<void> > >]\x1b[m\x1b[K\xe2\x80\x99\n'}
[1.810667] (nodes) StderrLine: {'line': b'  399 |         \x1b[01;36m\x1b[Koperator\x1b[m\x1b[K=(unique_ptr<_Yp, _Del>&& __r)\n'}
[1.810720] (nodes) StderrLine: {'line': b'      |         \x1b[01;36m\x1b[K^~~~~~~~\x1b[m\x1b[K\n'}
[1.810770] (nodes) StderrLine: {'line': b'\x1b[01m\x1b[K/usr/include/c++/11/bits/shared_ptr.h:399:9:\x1b[m\x1b[K \x1b[01;36m\x1b[Knote: \x1b[m\x1b[K  template argument deduction/substitution failed:\n'}
[1.810818] (nodes) StderrLine: {'line': b'\x1b[01m\x1b[K/home/catia/ros2_ws/src/nodes/src/publisher.cpp:24:77:\x1b[m\x1b[K \x1b[01;36m\x1b[Knote: \x1b[m\x1b[K  \xe2\x80\x98\x1b[01m\x1b[Kstd::shared_ptr<rclcpp::Publisher<std_msgs::msg::Int16_<std::allocator<void> > > >\x1b[m\x1b[K\xe2\x80\x99 is not derived from \xe2\x80\x98\x1b[01m\x1b[Kstd::unique_ptr<_Tp, _Dp>\x1b[m\x1b[K\xe2\x80\x99\n'}
[1.810871] (nodes) StderrLine: {'line': b'   24 |       publisher_1 = this->create_publisher<std_msgs::msg::Int16>("topic", 10\x1b[01;36m\x1b[K)\x1b[m\x1b[K;\n'}
[1.810923] (nodes) StderrLine: {'line': b'      |                                                                             \x1b[01;36m\x1b[K^\x1b[m\x1b[K\n'}
[1.810971] (nodes) StderrLine: {'line': b'In file included from \x1b[01m\x1b[K/usr/include/c++/11/memory:77\x1b[m\x1b[K,\n'}
[1.811054] (nodes) StderrLine: {'line': b'                 from \x1b[01m\x1b[K/home/catia/ros2_ws/src/nodes/src/publisher.cpp:3\x1b[m\x1b[K:\n'}
[1.811149] (nodes) StderrLine: {'line': b'\x1b[01m\x1b[K/usr/include/c++/11/bits/shared_ptr.h:359:19:\x1b[m\x1b[K \x1b[01;36m\x1b[Knote: \x1b[m\x1b[Kcandidate: \xe2\x80\x98\x1b[01m\x1b[Kstd::shared_ptr<_Tp>& std::shared_ptr<_Tp>::operator=(const std::shared_ptr<_Tp>&) [with _Tp = rclcpp::Publisher<std_msgs::msg::String_<std::allocator<void> > >]\x1b[m\x1b[K\xe2\x80\x99\n'}
[1.811226] (nodes) StderrLine: {'line': b'  359 |       shared_ptr& \x1b[01;36m\x1b[Koperator\x1b[m\x1b[K=(const shared_ptr&) noexcept = default;\n'}
[1.811287] (nodes) StderrLine: {'line': b'      |                   \x1b[01;36m\x1b[K^~~~~~~~\x1b[m\x1b[K\n'}
[1.811346] (nodes) StderrLine: {'line': b'\x1b[01m\x1b[K/usr/include/c++/11/bits/shared_ptr.h:359:29:\x1b[m\x1b[K \x1b[01;36m\x1b[Knote: \x1b[m\x1b[K  no known conversion for argument 1 from \xe2\x80\x98\x1b[01m\x1b[Kstd::shared_ptr<rclcpp::Publisher<std_msgs::msg::Int16_<std::allocator<void> > > >\x1b[m\x1b[K\xe2\x80\x99 to \xe2\x80\x98\x1b[01m\x1b[Kconst std::shared_ptr<rclcpp::Publisher<std_msgs::msg::String_<std::allocator<void> > > >&\x1b[m\x1b[K\xe2\x80\x99\n'}
[1.811399] (nodes) StderrLine: {'line': b'  359 |       shared_ptr& operator=(\x1b[01;36m\x1b[Kconst shared_ptr&\x1b[m\x1b[K) noexcept = default;\n'}
[1.811448] (nodes) StderrLine: {'line': b'      |                             \x1b[01;36m\x1b[K^~~~~~~~~~~~~~~~~\x1b[m\x1b[K\n'}
[1.811493] (nodes) StderrLine: {'line': b'\x1b[01m\x1b[K/usr/include/c++/11/bits/shared_ptr.h:383:7:\x1b[m\x1b[K \x1b[01;36m\x1b[Knote: \x1b[m\x1b[Kcandidate: \xe2\x80\x98\x1b[01m\x1b[Kstd::shared_ptr<_Tp>& std::shared_ptr<_Tp>::operator=(std::shared_ptr<_Tp>&&) [with _Tp = rclcpp::Publisher<std_msgs::msg::String_<std::allocator<void> > >]\x1b[m\x1b[K\xe2\x80\x99\n'}
[1.811544] (nodes) StderrLine: {'line': b'  383 |       \x1b[01;36m\x1b[Koperator\x1b[m\x1b[K=(shared_ptr&& __r) noexcept\n'}
[1.811592] (nodes) StderrLine: {'line': b'      |       \x1b[01;36m\x1b[K^~~~~~~~\x1b[m\x1b[K\n'}
[1.811638] (nodes) StderrLine: {'line': b'\x1b[01m\x1b[K/usr/include/c++/11/bits/shared_ptr.h:383:30:\x1b[m\x1b[K \x1b[01;36m\x1b[Knote: \x1b[m\x1b[K  no known conversion for argument 1 from \xe2\x80\x98\x1b[01m\x1b[Kstd::shared_ptr<rclcpp::Publisher<std_msgs::msg::Int16_<std::allocator<void> > > >\x1b[m\x1b[K\xe2\x80\x99 to \xe2\x80\x98\x1b[01m\x1b[Kstd::shared_ptr<rclcpp::Publisher<std_msgs::msg::String_<std::allocator<void> > > >&&\x1b[m\x1b[K\xe2\x80\x99\n'}
[1.811687] (nodes) StderrLine: {'line': b'  383 |       operator=(\x1b[01;36m\x1b[Kshared_ptr&& __r\x1b[m\x1b[K) noexcept\n'}
[1.811734] (nodes) StderrLine: {'line': b'      |                 \x1b[01;36m\x1b[K~~~~~~~~~~~~~^~~\x1b[m\x1b[K\n'}
[1.811783] (nodes) StderrLine: {'line': b'\x1b[01m\x1b[K/home/catia/ros2_ws/src/nodes/src/publisher.cpp:25:77:\x1b[m\x1b[K \x1b[01;31m\x1b[Kerror: \x1b[m\x1b[K\xe2\x80\x98\x1b[01m\x1b[Ktimer_callback2\x1b[m\x1b[K\xe2\x80\x99 is not a member of \xe2\x80\x98\x1b[01m\x1b[KMinimalPublisher\x1b[m\x1b[K\xe2\x80\x99\n'}
[1.811838] (nodes) StderrLine: {'line': b'   25 |       timer_1 = this->create_wall_timer(500ms, std::bind(&MinimalPublisher::\x1b[01;31m\x1b[Ktimer_callback2\x1b[m\x1b[K, this));\n'}
[1.811891] (nodes) StderrLine: {'line': b'      |                                                                             \x1b[01;31m\x1b[K^~~~~~~~~~~~~~~\x1b[m\x1b[K\n'}
[1.905150] (-) TimerEvent: {}
[2.005515] (-) TimerEvent: {}
[2.105866] (-) TimerEvent: {}
[2.206211] (-) TimerEvent: {}
[2.306552] (-) TimerEvent: {}
[2.406888] (-) TimerEvent: {}
[2.507230] (-) TimerEvent: {}
[2.515635] (nodes) StderrLine: {'line': b'gmake[2]: *** [CMakeFiles/pub_node.dir/build.make:76: CMakeFiles/pub_node.dir/src/publisher.cpp.o] Error 1\n'}
[2.515901] (nodes) StderrLine: {'line': b'gmake[1]: *** [CMakeFiles/Makefile2:139: CMakeFiles/pub_node.dir/all] Error 2\n'}
[2.516021] (nodes) StderrLine: {'line': b'gmake: *** [Makefile:146: all] Error 2\n'}
[2.517778] (nodes) CommandEnded: {'returncode': 2}
[2.550678] (nodes) JobEnded: {'identifier': 'nodes', 'rc': 2}
[2.561195] (-) EventReactorShutdown: {}
