[0.093s] DEBUG:colcon:Command line arguments: ['/usr/bin/colcon', 'build']
[0.093s] DEBUG:colcon:Parsed command line arguments: Namespace(log_base=None, log_level=None, verb_name='build', build_base='build', install_base='install', merge_install=False, symlink_install=False, test_result_base=None, continue_on_error=False, executor='parallel', parallel_workers=8, event_handlers=None, ignore_user_meta=False, metas=['./colcon.meta'], base_paths=['.'], packages_ignore=None, packages_ignore_regex=None, paths=None, packages_up_to=None, packages_up_to_regex=None, packages_above=None, packages_above_and_dependencies=None, packages_above_depth=None, packages_select_by_dep=None, packages_skip_by_dep=None, packages_skip_up_to=None, packages_select_build_failed=False, packages_skip_build_finished=False, packages_select_test_failures=False, packages_skip_test_passed=False, packages_select=None, packages_skip=None, packages_select_regex=None, packages_skip_regex=None, packages_start=None, packages_end=None, allow_overriding=[], cmake_args=None, cmake_target=None, cmake_target_skip_unavailable=False, cmake_clean_cache=False, cmake_clean_first=False, cmake_force_configure=False, ament_cmake_args=None, catkin_cmake_args=None, catkin_skip_building_tests=False, verb_parser=<colcon_defaults.argument_parser.defaults.DefaultArgumentsDecorator object at 0x7fc390c3c6a0>, verb_extension=<colcon_core.verb.build.BuildVerb object at 0x7fc390c3c0d0>, main=<bound method BuildVerb.main of <colcon_core.verb.build.BuildVerb object at 0x7fc390c3c0d0>>)
[0.209s] Level 1:colcon.colcon_core.package_discovery:discover_packages(colcon_meta) check parameters
[0.209s] Level 1:colcon.colcon_core.package_discovery:discover_packages(recursive) check parameters
[0.209s] Level 1:colcon.colcon_core.package_discovery:discover_packages(ignore) check parameters
[0.209s] Level 1:colcon.colcon_core.package_discovery:discover_packages(path) check parameters
[0.209s] Level 1:colcon.colcon_core.package_discovery:discover_packages(colcon_meta) discover
[0.209s] Level 1:colcon.colcon_core.package_discovery:discover_packages(recursive) discover
[0.209s] INFO:colcon.colcon_core.package_discovery:Crawling recursively for packages in '/home/catia/ros2_ws'
[0.209s] Level 1:colcon.colcon_core.package_identification:_identify(.) by extensions ['ignore', 'ignore_ament_install']
[0.210s] Level 1:colcon.colcon_core.package_identification:_identify(.) by extension 'ignore'
[0.210s] Level 1:colcon.colcon_core.package_identification:_identify(.) by extension 'ignore_ament_install'
[0.210s] Level 1:colcon.colcon_core.package_identification:_identify(.) by extensions ['colcon_pkg']
[0.210s] Level 1:colcon.colcon_core.package_identification:_identify(.) by extension 'colcon_pkg'
[0.210s] Level 1:colcon.colcon_core.package_identification:_identify(.) by extensions ['colcon_meta']
[0.210s] Level 1:colcon.colcon_core.package_identification:_identify(.) by extension 'colcon_meta'
[0.210s] Level 1:colcon.colcon_core.package_identification:_identify(.) by extensions ['ros']
[0.210s] Level 1:colcon.colcon_core.package_identification:_identify(.) by extension 'ros'
[0.218s] Level 1:colcon.colcon_core.package_identification:_identify(.) by extensions ['cmake', 'python']
[0.218s] Level 1:colcon.colcon_core.package_identification:_identify(.) by extension 'cmake'
[0.218s] Level 1:colcon.colcon_core.package_identification:_identify(.) by extension 'python'
[0.218s] Level 1:colcon.colcon_core.package_identification:_identify(.) by extensions ['python_setup_py']
[0.218s] Level 1:colcon.colcon_core.package_identification:_identify(.) by extension 'python_setup_py'
[0.218s] Level 1:colcon.colcon_core.package_identification:_identify(build) by extensions ['ignore', 'ignore_ament_install']
[0.219s] Level 1:colcon.colcon_core.package_identification:_identify(build) by extension 'ignore'
[0.219s] Level 1:colcon.colcon_core.package_identification:_identify(build) ignored
[0.219s] Level 1:colcon.colcon_core.package_identification:_identify(install) by extensions ['ignore', 'ignore_ament_install']
[0.219s] Level 1:colcon.colcon_core.package_identification:_identify(install) by extension 'ignore'
[0.219s] Level 1:colcon.colcon_core.package_identification:_identify(install) ignored
[0.219s] Level 1:colcon.colcon_core.package_identification:_identify(log) by extensions ['ignore', 'ignore_ament_install']
[0.220s] Level 1:colcon.colcon_core.package_identification:_identify(log) by extension 'ignore'
[0.220s] Level 1:colcon.colcon_core.package_identification:_identify(log) ignored
[0.220s] Level 1:colcon.colcon_core.package_identification:_identify(sam_bot_description) by extensions ['ignore', 'ignore_ament_install']
[0.220s] Level 1:colcon.colcon_core.package_identification:_identify(sam_bot_description) by extension 'ignore'
[0.220s] Level 1:colcon.colcon_core.package_identification:_identify(sam_bot_description) by extension 'ignore_ament_install'
[0.220s] Level 1:colcon.colcon_core.package_identification:_identify(sam_bot_description) by extensions ['colcon_pkg']
[0.220s] Level 1:colcon.colcon_core.package_identification:_identify(sam_bot_description) by extension 'colcon_pkg'
[0.220s] Level 1:colcon.colcon_core.package_identification:_identify(sam_bot_description) by extensions ['colcon_meta']
[0.220s] Level 1:colcon.colcon_core.package_identification:_identify(sam_bot_description) by extension 'colcon_meta'
[0.220s] Level 1:colcon.colcon_core.package_identification:_identify(sam_bot_description) by extensions ['ros']
[0.220s] Level 1:colcon.colcon_core.package_identification:_identify(sam_bot_description) by extension 'ros'
[0.222s] DEBUG:colcon.colcon_core.package_identification:Package 'sam_bot_description' with type 'ros.ament_cmake' and name 'sam_bot_description'
[0.222s] Level 1:colcon.colcon_core.package_identification:_identify(src) by extensions ['ignore', 'ignore_ament_install']
[0.222s] Level 1:colcon.colcon_core.package_identification:_identify(src) by extension 'ignore'
[0.222s] Level 1:colcon.colcon_core.package_identification:_identify(src) by extension 'ignore_ament_install'
[0.222s] Level 1:colcon.colcon_core.package_identification:_identify(src) by extensions ['colcon_pkg']
[0.222s] Level 1:colcon.colcon_core.package_identification:_identify(src) by extension 'colcon_pkg'
[0.222s] Level 1:colcon.colcon_core.package_identification:_identify(src) by extensions ['colcon_meta']
[0.222s] Level 1:colcon.colcon_core.package_identification:_identify(src) by extension 'colcon_meta'
[0.222s] Level 1:colcon.colcon_core.package_identification:_identify(src) by extensions ['ros']
[0.222s] Level 1:colcon.colcon_core.package_identification:_identify(src) by extension 'ros'
[0.222s] Level 1:colcon.colcon_core.package_identification:_identify(src) by extensions ['cmake', 'python']
[0.222s] Level 1:colcon.colcon_core.package_identification:_identify(src) by extension 'cmake'
[0.222s] Level 1:colcon.colcon_core.package_identification:_identify(src) by extension 'python'
[0.223s] Level 1:colcon.colcon_core.package_identification:_identify(src) by extensions ['python_setup_py']
[0.223s] Level 1:colcon.colcon_core.package_identification:_identify(src) by extension 'python_setup_py'
[0.223s] Level 1:colcon.colcon_core.package_identification:_identify(src/navigation_) by extensions ['ignore', 'ignore_ament_install']
[0.223s] Level 1:colcon.colcon_core.package_identification:_identify(src/navigation_) by extension 'ignore'
[0.223s] Level 1:colcon.colcon_core.package_identification:_identify(src/navigation_) by extension 'ignore_ament_install'
[0.223s] Level 1:colcon.colcon_core.package_identification:_identify(src/navigation_) by extensions ['colcon_pkg']
[0.223s] Level 1:colcon.colcon_core.package_identification:_identify(src/navigation_) by extension 'colcon_pkg'
[0.223s] Level 1:colcon.colcon_core.package_identification:_identify(src/navigation_) by extensions ['colcon_meta']
[0.223s] Level 1:colcon.colcon_core.package_identification:_identify(src/navigation_) by extension 'colcon_meta'
[0.223s] Level 1:colcon.colcon_core.package_identification:_identify(src/navigation_) by extensions ['ros']
[0.223s] Level 1:colcon.colcon_core.package_identification:_identify(src/navigation_) by extension 'ros'
[0.224s] DEBUG:colcon.colcon_core.package_identification:Package 'src/navigation_' with type 'ros.ament_cmake' and name 'navigation_'
[0.224s] Level 1:colcon.colcon_core.package_discovery:discover_packages(recursive) using defaults
[0.224s] Level 1:colcon.colcon_core.package_discovery:discover_packages(ignore) discover
[0.224s] Level 1:colcon.colcon_core.package_discovery:discover_packages(ignore) using defaults
[0.224s] Level 1:colcon.colcon_core.package_discovery:discover_packages(path) discover
[0.224s] Level 1:colcon.colcon_core.package_discovery:discover_packages(path) using defaults
[0.238s] Level 1:colcon.colcon_core.package_discovery:discover_packages(prefix_path) check parameters
[0.238s] Level 1:colcon.colcon_core.package_discovery:discover_packages(prefix_path) discover
[0.239s] DEBUG:colcon.colcon_installed_package_information.package_discovery:Found 3 installed packages in /home/catia/ros2_ws/install
[0.241s] DEBUG:colcon.colcon_installed_package_information.package_discovery:Found 384 installed packages in /opt/ros/humble
[0.249s] Level 1:colcon.colcon_core.package_discovery:discover_packages(prefix_path) using defaults
[0.282s] Level 5:colcon.colcon_core.verb:set package 'navigation_' build argument 'cmake_args' from command line to 'None'
[0.282s] Level 5:colcon.colcon_core.verb:set package 'navigation_' build argument 'cmake_target' from command line to 'None'
[0.282s] Level 5:colcon.colcon_core.verb:set package 'navigation_' build argument 'cmake_target_skip_unavailable' from command line to 'False'
[0.282s] Level 5:colcon.colcon_core.verb:set package 'navigation_' build argument 'cmake_clean_cache' from command line to 'False'
[0.282s] Level 5:colcon.colcon_core.verb:set package 'navigation_' build argument 'cmake_clean_first' from command line to 'False'
[0.282s] Level 5:colcon.colcon_core.verb:set package 'navigation_' build argument 'cmake_force_configure' from command line to 'False'
[0.282s] Level 5:colcon.colcon_core.verb:set package 'navigation_' build argument 'ament_cmake_args' from command line to 'None'
[0.282s] Level 5:colcon.colcon_core.verb:set package 'navigation_' build argument 'catkin_cmake_args' from command line to 'None'
[0.282s] Level 5:colcon.colcon_core.verb:set package 'navigation_' build argument 'catkin_skip_building_tests' from command line to 'False'
[0.282s] DEBUG:colcon.colcon_core.verb:Building package 'navigation_' with the following arguments: {'ament_cmake_args': None, 'build_base': '/home/catia/ros2_ws/build/navigation_', 'catkin_cmake_args': None, 'catkin_skip_building_tests': False, 'cmake_args': None, 'cmake_clean_cache': False, 'cmake_clean_first': False, 'cmake_force_configure': False, 'cmake_target': None, 'cmake_target_skip_unavailable': False, 'install_base': '/home/catia/ros2_ws/install/navigation_', 'merge_install': False, 'path': '/home/catia/ros2_ws/src/navigation_', 'symlink_install': False, 'test_result_base': None}
[0.283s] Level 5:colcon.colcon_core.verb:set package 'sam_bot_description' build argument 'cmake_args' from command line to 'None'
[0.283s] Level 5:colcon.colcon_core.verb:set package 'sam_bot_description' build argument 'cmake_target' from command line to 'None'
[0.283s] Level 5:colcon.colcon_core.verb:set package 'sam_bot_description' build argument 'cmake_target_skip_unavailable' from command line to 'False'
[0.283s] Level 5:colcon.colcon_core.verb:set package 'sam_bot_description' build argument 'cmake_clean_cache' from command line to 'False'
[0.283s] Level 5:colcon.colcon_core.verb:set package 'sam_bot_description' build argument 'cmake_clean_first' from command line to 'False'
[0.283s] Level 5:colcon.colcon_core.verb:set package 'sam_bot_description' build argument 'cmake_force_configure' from command line to 'False'
[0.283s] Level 5:colcon.colcon_core.verb:set package 'sam_bot_description' build argument 'ament_cmake_args' from command line to 'None'
[0.283s] Level 5:colcon.colcon_core.verb:set package 'sam_bot_description' build argument 'catkin_cmake_args' from command line to 'None'
[0.283s] Level 5:colcon.colcon_core.verb:set package 'sam_bot_description' build argument 'catkin_skip_building_tests' from command line to 'False'
[0.283s] DEBUG:colcon.colcon_core.verb:Building package 'sam_bot_description' with the following arguments: {'ament_cmake_args': None, 'build_base': '/home/catia/ros2_ws/build/sam_bot_description', 'catkin_cmake_args': None, 'catkin_skip_building_tests': False, 'cmake_args': None, 'cmake_clean_cache': False, 'cmake_clean_first': False, 'cmake_force_configure': False, 'cmake_target': None, 'cmake_target_skip_unavailable': False, 'install_base': '/home/catia/ros2_ws/install/sam_bot_description', 'merge_install': False, 'path': '/home/catia/ros2_ws/sam_bot_description', 'symlink_install': False, 'test_result_base': None}
[0.283s] INFO:colcon.colcon_core.executor:Executing jobs using 'parallel' executor
[0.284s] DEBUG:colcon.colcon_parallel_executor.executor.parallel:run_until_complete
[0.284s] INFO:colcon.colcon_ros.task.ament_cmake.build:Building ROS package in '/home/catia/ros2_ws/src/navigation_' with build type 'ament_cmake'
[0.284s] INFO:colcon.colcon_cmake.task.cmake.build:Building CMake package in '/home/catia/ros2_ws/src/navigation_'
[0.286s] INFO:colcon.colcon_core.plugin_system:Skipping extension 'colcon_core.shell.bat': Not used on non-Windows systems
[0.286s] INFO:colcon.colcon_core.shell:Skip shell extension 'powershell' for command environment: Not usable outside of PowerShell
[0.286s] DEBUG:colcon.colcon_core.shell:Skip shell extension 'dsv' for command environment
[0.289s] INFO:colcon.colcon_ros.task.ament_cmake.build:Building ROS package in '/home/catia/ros2_ws/sam_bot_description' with build type 'ament_cmake'
[0.289s] INFO:colcon.colcon_cmake.task.cmake.build:Building CMake package in '/home/catia/ros2_ws/sam_bot_description'
[0.289s] INFO:colcon.colcon_core.shell:Skip shell extension 'powershell' for command environment: Not usable outside of PowerShell
[0.289s] DEBUG:colcon.colcon_core.shell:Skip shell extension 'dsv' for command environment
[0.296s] DEBUG:colcon.colcon_core.event_handler.log_command:Invoking command in '/home/catia/ros2_ws/build/navigation_': CMAKE_PREFIX_PATH=${CMAKE_PREFIX_PATH}:/opt/ros/humble /usr/bin/cmake --build /home/catia/ros2_ws/build/navigation_ -- -j8 -l8
[0.299s] DEBUG:colcon.colcon_core.event_handler.log_command:Invoking command in '/home/catia/ros2_ws/build/sam_bot_description': CMAKE_PREFIX_PATH=${CMAKE_PREFIX_PATH}:/opt/ros/humble /usr/bin/cmake --build /home/catia/ros2_ws/build/sam_bot_description -- -j8 -l8
[0.354s] DEBUG:colcon.colcon_core.event_handler.log_command:Invoked command in '/home/catia/ros2_ws/build/navigation_' returned '0': CMAKE_PREFIX_PATH=${CMAKE_PREFIX_PATH}:/opt/ros/humble /usr/bin/cmake --build /home/catia/ros2_ws/build/navigation_ -- -j8 -l8
[0.355s] DEBUG:colcon.colcon_core.event_handler.log_command:Invoked command in '/home/catia/ros2_ws/build/sam_bot_description' returned '0': CMAKE_PREFIX_PATH=${CMAKE_PREFIX_PATH}:/opt/ros/humble /usr/bin/cmake --build /home/catia/ros2_ws/build/sam_bot_description -- -j8 -l8
[0.379s] DEBUG:colcon.colcon_core.event_handler.log_command:Invoking command in '/home/catia/ros2_ws/build/sam_bot_description': CMAKE_PREFIX_PATH=${CMAKE_PREFIX_PATH}:/opt/ros/humble /usr/bin/cmake --install /home/catia/ros2_ws/build/sam_bot_description
[0.381s] DEBUG:colcon.colcon_core.event_handler.log_command:Invoking command in '/home/catia/ros2_ws/build/navigation_': CMAKE_PREFIX_PATH=${CMAKE_PREFIX_PATH}:/opt/ros/humble /usr/bin/cmake --install /home/catia/ros2_ws/build/navigation_
[0.386s] Level 1:colcon.colcon_core.environment:create_environment_scripts_only(sam_bot_description)
[0.389s] DEBUG:colcon.colcon_core.event_handler.log_command:Invoked command in '/home/catia/ros2_ws/build/sam_bot_description' returned '0': CMAKE_PREFIX_PATH=${CMAKE_PREFIX_PATH}:/opt/ros/humble /usr/bin/cmake --install /home/catia/ros2_ws/build/sam_bot_description
[0.390s] Level 1:colcon.colcon_core.environment:checking '/home/catia/ros2_ws/install/sam_bot_description' for CMake module files
[0.391s] Level 1:colcon.colcon_core.environment:checking '/home/catia/ros2_ws/install/sam_bot_description' for CMake config files
[0.392s] Level 1:colcon.colcon_core.shell:create_environment_hook('sam_bot_description', 'cmake_prefix_path')
[0.392s] INFO:colcon.colcon_core.shell:Creating environment hook '/home/catia/ros2_ws/install/sam_bot_description/share/sam_bot_description/hook/cmake_prefix_path.ps1'
[0.393s] INFO:colcon.colcon_core.shell:Creating environment descriptor '/home/catia/ros2_ws/install/sam_bot_description/share/sam_bot_description/hook/cmake_prefix_path.dsv'
[0.394s] INFO:colcon.colcon_core.shell:Creating environment hook '/home/catia/ros2_ws/install/sam_bot_description/share/sam_bot_description/hook/cmake_prefix_path.sh'
[0.395s] Level 1:colcon.colcon_core.environment:checking '/home/catia/ros2_ws/install/sam_bot_description/lib'
[0.395s] Level 1:colcon.colcon_core.environment:checking '/home/catia/ros2_ws/install/sam_bot_description/bin'
[0.395s] Level 1:colcon.colcon_core.environment:checking '/home/catia/ros2_ws/install/sam_bot_description/lib/pkgconfig/sam_bot_description.pc'
[0.395s] Level 1:colcon.colcon_core.environment:checking '/home/catia/ros2_ws/install/sam_bot_description/lib/python3.10/site-packages'
[0.395s] Level 1:colcon.colcon_core.environment:checking '/home/catia/ros2_ws/install/sam_bot_description/bin'
[0.396s] INFO:colcon.colcon_core.shell:Creating package script '/home/catia/ros2_ws/install/sam_bot_description/share/sam_bot_description/package.ps1'
[0.396s] INFO:colcon.colcon_core.shell:Creating package descriptor '/home/catia/ros2_ws/install/sam_bot_description/share/sam_bot_description/package.dsv'
[0.397s] INFO:colcon.colcon_core.shell:Creating package script '/home/catia/ros2_ws/install/sam_bot_description/share/sam_bot_description/package.sh'
[0.398s] INFO:colcon.colcon_core.shell:Creating package script '/home/catia/ros2_ws/install/sam_bot_description/share/sam_bot_description/package.bash'
[0.398s] INFO:colcon.colcon_core.shell:Creating package script '/home/catia/ros2_ws/install/sam_bot_description/share/sam_bot_description/package.zsh'
[0.399s] Level 1:colcon.colcon_core.environment:create_file_with_runtime_dependencies(/home/catia/ros2_ws/install/sam_bot_description/share/colcon-core/packages/sam_bot_description)
[0.400s] Level 1:colcon.colcon_core.environment:create_environment_scripts_only(navigation_)
[0.400s] Level 1:colcon.colcon_core.environment:checking '/home/catia/ros2_ws/install/navigation_' for CMake module files
[0.400s] DEBUG:colcon.colcon_core.event_handler.log_command:Invoked command in '/home/catia/ros2_ws/build/navigation_' returned '0': CMAKE_PREFIX_PATH=${CMAKE_PREFIX_PATH}:/opt/ros/humble /usr/bin/cmake --install /home/catia/ros2_ws/build/navigation_
[0.401s] Level 1:colcon.colcon_core.environment:checking '/home/catia/ros2_ws/install/navigation_' for CMake config files
[0.401s] Level 1:colcon.colcon_core.shell:create_environment_hook('navigation_', 'cmake_prefix_path')
[0.401s] INFO:colcon.colcon_core.shell:Creating environment hook '/home/catia/ros2_ws/install/navigation_/share/navigation_/hook/cmake_prefix_path.ps1'
[0.401s] INFO:colcon.colcon_core.shell:Creating environment descriptor '/home/catia/ros2_ws/install/navigation_/share/navigation_/hook/cmake_prefix_path.dsv'
[0.402s] INFO:colcon.colcon_core.shell:Creating environment hook '/home/catia/ros2_ws/install/navigation_/share/navigation_/hook/cmake_prefix_path.sh'
[0.402s] Level 1:colcon.colcon_core.environment:checking '/home/catia/ros2_ws/install/navigation_/lib'
[0.402s] Level 1:colcon.colcon_core.environment:checking '/home/catia/ros2_ws/install/navigation_/bin'
[0.402s] Level 1:colcon.colcon_core.environment:checking '/home/catia/ros2_ws/install/navigation_/lib/pkgconfig/navigation_.pc'
[0.402s] Level 1:colcon.colcon_core.environment:checking '/home/catia/ros2_ws/install/navigation_/lib/python3.10/site-packages'
[0.402s] Level 1:colcon.colcon_core.environment:checking '/home/catia/ros2_ws/install/navigation_/bin'
[0.403s] INFO:colcon.colcon_core.shell:Creating package script '/home/catia/ros2_ws/install/navigation_/share/navigation_/package.ps1'
[0.403s] INFO:colcon.colcon_core.shell:Creating package descriptor '/home/catia/ros2_ws/install/navigation_/share/navigation_/package.dsv'
[0.403s] INFO:colcon.colcon_core.shell:Creating package script '/home/catia/ros2_ws/install/navigation_/share/navigation_/package.sh'
[0.404s] INFO:colcon.colcon_core.shell:Creating package script '/home/catia/ros2_ws/install/navigation_/share/navigation_/package.bash'
[0.404s] INFO:colcon.colcon_core.shell:Creating package script '/home/catia/ros2_ws/install/navigation_/share/navigation_/package.zsh'
[0.404s] Level 1:colcon.colcon_core.environment:create_file_with_runtime_dependencies(/home/catia/ros2_ws/install/navigation_/share/colcon-core/packages/navigation_)
[0.416s] Level 1:colcon.colcon_core.environment:create_environment_scripts_only(sam_bot_description)
[0.417s] Level 1:colcon.colcon_core.environment:checking '/home/catia/ros2_ws/install/sam_bot_description' for CMake module files
[0.417s] Level 1:colcon.colcon_core.environment:checking '/home/catia/ros2_ws/install/sam_bot_description' for CMake config files
[0.417s] Level 1:colcon.colcon_core.shell:create_environment_hook('sam_bot_description', 'cmake_prefix_path')
[0.417s] INFO:colcon.colcon_core.shell:Creating environment hook '/home/catia/ros2_ws/install/sam_bot_description/share/sam_bot_description/hook/cmake_prefix_path.ps1'
[0.418s] INFO:colcon.colcon_core.shell:Creating environment descriptor '/home/catia/ros2_ws/install/sam_bot_description/share/sam_bot_description/hook/cmake_prefix_path.dsv'
[0.418s] INFO:colcon.colcon_core.shell:Creating environment hook '/home/catia/ros2_ws/install/sam_bot_description/share/sam_bot_description/hook/cmake_prefix_path.sh'
[0.418s] Level 1:colcon.colcon_core.environment:checking '/home/catia/ros2_ws/install/sam_bot_description/lib'
[0.418s] Level 1:colcon.colcon_core.environment:checking '/home/catia/ros2_ws/install/sam_bot_description/bin'
[0.418s] Level 1:colcon.colcon_core.environment:checking '/home/catia/ros2_ws/install/sam_bot_description/lib/pkgconfig/sam_bot_description.pc'
[0.419s] Level 1:colcon.colcon_core.environment:checking '/home/catia/ros2_ws/install/sam_bot_description/lib/python3.10/site-packages'
[0.419s] Level 1:colcon.colcon_core.environment:checking '/home/catia/ros2_ws/install/sam_bot_description/bin'
[0.419s] INFO:colcon.colcon_core.shell:Creating package script '/home/catia/ros2_ws/install/sam_bot_description/share/sam_bot_description/package.ps1'
[0.419s] INFO:colcon.colcon_core.shell:Creating package descriptor '/home/catia/ros2_ws/install/sam_bot_description/share/sam_bot_description/package.dsv'
[0.420s] INFO:colcon.colcon_core.shell:Creating package script '/home/catia/ros2_ws/install/sam_bot_description/share/sam_bot_description/package.sh'
[0.420s] INFO:colcon.colcon_core.shell:Creating package script '/home/catia/ros2_ws/install/sam_bot_description/share/sam_bot_description/package.bash'
[0.420s] INFO:colcon.colcon_core.shell:Creating package script '/home/catia/ros2_ws/install/sam_bot_description/share/sam_bot_description/package.zsh'
[0.421s] Level 1:colcon.colcon_core.environment:create_file_with_runtime_dependencies(/home/catia/ros2_ws/install/sam_bot_description/share/colcon-core/packages/sam_bot_description)
[0.430s] Level 1:colcon.colcon_core.environment:create_environment_scripts_only(navigation_)
[0.430s] Level 1:colcon.colcon_core.environment:checking '/home/catia/ros2_ws/install/navigation_' for CMake module files
[0.431s] Level 1:colcon.colcon_core.environment:checking '/home/catia/ros2_ws/install/navigation_' for CMake config files
[0.431s] Level 1:colcon.colcon_core.shell:create_environment_hook('navigation_', 'cmake_prefix_path')
[0.431s] INFO:colcon.colcon_core.shell:Creating environment hook '/home/catia/ros2_ws/install/navigation_/share/navigation_/hook/cmake_prefix_path.ps1'
[0.432s] INFO:colcon.colcon_core.shell:Creating environment descriptor '/home/catia/ros2_ws/install/navigation_/share/navigation_/hook/cmake_prefix_path.dsv'
[0.432s] INFO:colcon.colcon_core.shell:Creating environment hook '/home/catia/ros2_ws/install/navigation_/share/navigation_/hook/cmake_prefix_path.sh'
[0.432s] Level 1:colcon.colcon_core.environment:checking '/home/catia/ros2_ws/install/navigation_/lib'
[0.433s] Level 1:colcon.colcon_core.environment:checking '/home/catia/ros2_ws/install/navigation_/bin'
[0.433s] Level 1:colcon.colcon_core.environment:checking '/home/catia/ros2_ws/install/navigation_/lib/pkgconfig/navigation_.pc'
[0.433s] Level 1:colcon.colcon_core.environment:checking '/home/catia/ros2_ws/install/navigation_/lib/python3.10/site-packages'
[0.433s] Level 1:colcon.colcon_core.environment:checking '/home/catia/ros2_ws/install/navigation_/bin'
[0.433s] INFO:colcon.colcon_core.shell:Creating package script '/home/catia/ros2_ws/install/navigation_/share/navigation_/package.ps1'
[0.434s] INFO:colcon.colcon_core.shell:Creating package descriptor '/home/catia/ros2_ws/install/navigation_/share/navigation_/package.dsv'
[0.434s] INFO:colcon.colcon_core.shell:Creating package script '/home/catia/ros2_ws/install/navigation_/share/navigation_/package.sh'
[0.435s] INFO:colcon.colcon_core.shell:Creating package script '/home/catia/ros2_ws/install/navigation_/share/navigation_/package.bash'
[0.435s] INFO:colcon.colcon_core.shell:Creating package script '/home/catia/ros2_ws/install/navigation_/share/navigation_/package.zsh'
[0.435s] Level 1:colcon.colcon_core.environment:create_file_with_runtime_dependencies(/home/catia/ros2_ws/install/navigation_/share/colcon-core/packages/navigation_)
[0.436s] DEBUG:colcon.colcon_parallel_executor.executor.parallel:closing loop
[0.436s] DEBUG:colcon.colcon_parallel_executor.executor.parallel:loop closed
[0.436s] DEBUG:colcon.colcon_parallel_executor.executor.parallel:run_until_complete finished with '0'
[0.436s] DEBUG:colcon.colcon_core.event_reactor:joining thread
[0.440s] INFO:colcon.colcon_core.plugin_system:Skipping extension 'colcon_notification.desktop_notification.terminal_notifier': Not used on non-Darwin systems
[0.440s] INFO:colcon.colcon_core.plugin_system:Skipping extension 'colcon_notification.desktop_notification.win32': Not used on non-Windows systems
[0.440s] INFO:colcon.colcon_notification.desktop_notification:Sending desktop notification using 'notify2'
[0.448s] DEBUG:colcon.colcon_core.event_reactor:joined thread
[0.448s] INFO:colcon.colcon_core.shell:Creating prefix script '/home/catia/ros2_ws/install/local_setup.ps1'
[0.449s] INFO:colcon.colcon_core.shell:Creating prefix util module '/home/catia/ros2_ws/install/_local_setup_util_ps1.py'
[0.450s] INFO:colcon.colcon_core.shell:Creating prefix chain script '/home/catia/ros2_ws/install/setup.ps1'
[0.451s] INFO:colcon.colcon_core.shell:Creating prefix script '/home/catia/ros2_ws/install/local_setup.sh'
[0.452s] INFO:colcon.colcon_core.shell:Creating prefix util module '/home/catia/ros2_ws/install/_local_setup_util_sh.py'
[0.452s] INFO:colcon.colcon_core.shell:Creating prefix chain script '/home/catia/ros2_ws/install/setup.sh'
[0.453s] INFO:colcon.colcon_core.shell:Creating prefix script '/home/catia/ros2_ws/install/local_setup.bash'
[0.453s] INFO:colcon.colcon_core.shell:Creating prefix chain script '/home/catia/ros2_ws/install/setup.bash'
[0.454s] INFO:colcon.colcon_core.shell:Creating prefix script '/home/catia/ros2_ws/install/local_setup.zsh'
[0.454s] INFO:colcon.colcon_core.shell:Creating prefix chain script '/home/catia/ros2_ws/install/setup.zsh'
