[0.009s] Invoking command in '/home/catia/ros2_ws/build/navigation_': CMAKE_PREFIX_PATH=${CMAKE_PREFIX_PATH}:/opt/ros/humble /usr/bin/cmake --build /home/catia/ros2_ws/build/navigation_ -- -j8 -l8
[0.042s] [35m[1mConsolidate compiler generated dependencies of target pub_occupancy_grid[0m
[0.052s] [ 25%] Built target laserScan_
[0.053s] [ 37%] [32mBuilding CXX object CMakeFiles/mobile_base.dir/src/mobile_base.cpp.o[0m
[0.054s] [ 62%] Built target tf_node
[0.056s] [ 87%] Built target pub_occupancy_grid
[6.962s] [100%] [32m[1mLinking CXX executable mobile_base[0m
[7.358s] [100%] Built target mobile_base
[7.367s] Invoked command in '/home/catia/ros2_ws/build/navigation_' returned '0': CMAKE_PREFIX_PATH=${CMAKE_PREFIX_PATH}:/opt/ros/humble /usr/bin/cmake --build /home/catia/ros2_ws/build/navigation_ -- -j8 -l8
[7.399s] Invoking command in '/home/catia/ros2_ws/build/navigation_': CMAKE_PREFIX_PATH=${CMAKE_PREFIX_PATH}:/opt/ros/humble /usr/bin/cmake --install /home/catia/ros2_ws/build/navigation_
[7.405s] -- Install configuration: ""
[7.405s] -- Up-to-date: /home/catia/ros2_ws/install/navigation_/lib/navigation_/pub_occupancy_grid
[7.406s] -- Up-to-date: /home/catia/ros2_ws/install/navigation_/lib/navigation_/laserScan_
[7.406s] -- Installing: /home/catia/ros2_ws/install/navigation_/lib/navigation_/mobile_base
[7.410s] -- Set runtime path of "/home/catia/ros2_ws/install/navigation_/lib/navigation_/mobile_base" to ""
[7.410s] -- Up-to-date: /home/catia/ros2_ws/install/navigation_/lib/navigation_/tf_node
[7.410s] -- Up-to-date: /home/catia/ros2_ws/install/navigation_/share/ament_index/resource_index/package_run_dependencies/navigation_
[7.410s] -- Up-to-date: /home/catia/ros2_ws/install/navigation_/share/ament_index/resource_index/parent_prefix_path/navigation_
[7.410s] -- Up-to-date: /home/catia/ros2_ws/install/navigation_/share/navigation_/environment/ament_prefix_path.sh
[7.410s] -- Up-to-date: /home/catia/ros2_ws/install/navigation_/share/navigation_/environment/ament_prefix_path.dsv
[7.410s] -- Up-to-date: /home/catia/ros2_ws/install/navigation_/share/navigation_/environment/path.sh
[7.410s] -- Up-to-date: /home/catia/ros2_ws/install/navigation_/share/navigation_/environment/path.dsv
[7.410s] -- Up-to-date: /home/catia/ros2_ws/install/navigation_/share/navigation_/local_setup.bash
[7.410s] -- Up-to-date: /home/catia/ros2_ws/install/navigation_/share/navigation_/local_setup.sh
[7.410s] -- Up-to-date: /home/catia/ros2_ws/install/navigation_/share/navigation_/local_setup.zsh
[7.410s] -- Up-to-date: /home/catia/ros2_ws/install/navigation_/share/navigation_/local_setup.dsv
[7.410s] -- Installing: /home/catia/ros2_ws/install/navigation_/share/navigation_/package.dsv
[7.410s] -- Up-to-date: /home/catia/ros2_ws/install/navigation_/share/ament_index/resource_index/packages/navigation_
[7.410s] -- Up-to-date: /home/catia/ros2_ws/install/navigation_/share/navigation_/cmake/navigation_Config.cmake
[7.411s] -- Up-to-date: /home/catia/ros2_ws/install/navigation_/share/navigation_/cmake/navigation_Config-version.cmake
[7.411s] -- Up-to-date: /home/catia/ros2_ws/install/navigation_/share/navigation_/package.xml
[7.412s] Invoked command in '/home/catia/ros2_ws/build/navigation_' returned '0': CMAKE_PREFIX_PATH=${CMAKE_PREFIX_PATH}:/opt/ros/humble /usr/bin/cmake --install /home/catia/ros2_ws/build/navigation_
