[0.010s] Invoking command in '/home/catia/ros2_ws/build/sam_bot_description': CMAKE_PREFIX_PATH=${CMAKE_PREFIX_PATH}:/opt/ros/humble /usr/bin/cmake --build /home/catia/ros2_ws/build/sam_bot_description -- -j8 -l8
[0.026s] -- Found ament_cmake: 1.3.9 (/opt/ros/humble/share/ament_cmake/cmake)
[0.139s] -- Found rclcpp: 16.0.9 (/opt/ros/humble/share/rclcpp/cmake)
[0.182s] -- Found rosidl_generator_c: 3.1.5 (/opt/ros/humble/share/rosidl_generator_c/cmake)
[0.187s] -- Found rosidl_adapter: 3.1.5 (/opt/ros/humble/share/rosidl_adapter/cmake)
[0.195s] -- Found rosidl_generator_cpp: 3.1.5 (/opt/ros/humble/share/rosidl_generator_cpp/cmake)
[0.208s] -- Using all available rosidl_typesupport_c: rosidl_typesupport_fastrtps_c;rosidl_typesupport_introspection_c
[0.226s] -- Using all available rosidl_typesupport_cpp: rosidl_typesupport_fastrtps_cpp;rosidl_typesupport_introspection_cpp
[0.285s] -- Found rmw_implementation_cmake: 6.1.2 (/opt/ros/humble/share/rmw_implementation_cmake/cmake)
[0.288s] -- Found rmw_fastrtps_cpp: 6.2.6 (/opt/ros/humble/share/rmw_fastrtps_cpp/cmake)
[0.373s] -- Found OpenSSL: /usr/lib/x86_64-linux-gnu/libcrypto.so (found version "3.0.2")  
[0.401s] -- Found FastRTPS: /opt/ros/humble/include  
[0.440s] -- Using RMW implementation 'rmw_fastrtps_cpp' as default
[0.449s] -- Looking for pthread.h
[0.514s] -- Looking for pthread.h - found
[0.515s] -- Performing Test CMAKE_HAVE_LIBC_PTHREAD
[0.580s] -- Performing Test CMAKE_HAVE_LIBC_PTHREAD - Success
[0.581s] -- Found Threads: TRUE  
[0.710s] -- Found nav_msgs: 4.2.4 (/opt/ros/humble/share/nav_msgs/cmake)
[0.810s] -- Found sensor_msgs: 4.2.4 (/opt/ros/humble/share/sensor_msgs/cmake)
[0.880s] -- Found tf2: 0.25.7 (/opt/ros/humble/share/tf2/cmake)
[0.892s] -- Found tf2_ros: 0.25.7 (/opt/ros/humble/share/tf2_ros/cmake)
[1.155s] [31mCMake Error at /opt/ros/humble/share/ament_cmake_target_dependencies/cmake/ament_target_dependencies.cmake:77 (message):
[1.155s]   ament_target_dependencies() the passed package name 'visualization_msgs'
[1.155s]   was not found before
[1.155s] Call Stack (most recent call first):
[1.156s]   CMakeLists.txt:23 (ament_target_dependencies)
[1.156s] 
[1.156s] [0m
[1.156s] -- Configuring incomplete, errors occurred!
[1.156s] See also "/home/catia/ros2_ws/build/sam_bot_description/CMakeFiles/CMakeOutput.log".
[1.161s] gmake: *** [Makefile:226: cmake_check_build_system] Error 1
[1.163s] Invoked command in '/home/catia/ros2_ws/build/sam_bot_description' returned '2': CMAKE_PREFIX_PATH=${CMAKE_PREFIX_PATH}:/opt/ros/humble /usr/bin/cmake --build /home/catia/ros2_ws/build/sam_bot_description -- -j8 -l8
