[35m[1mConsolidate compiler generated dependencies of target laserScan_[0m
[ 20%] Built target pub_occupancy_grid
[ 40%] Built target tf_node
[ 50%] [32mBuilding CXX object CMakeFiles/mobile_base.dir/src/mobile_base.cpp.o[0m
[ 70%] Built target ipose
[ 80%] [32mBuilding CXX object CMakeFiles/laserScan_.dir/src/laser_scan.cpp.o[0m
[01m[K/home/catia/ros2_ws/src/navigation_/src/mobile_base.cpp:[m[K In constructor ‘[01m[KMobileBasePublisher::MobileBasePublisher()[m[K’:
[01m[K/home/catia/ros2_ws/src/navigation_/src/mobile_base.cpp:34:7:[m[K [01;31m[Kerror: [m[K‘[01m[Klast_time[m[K’ was not declared in this scope; did you mean ‘[01m[Kbase_timer[m[K’?
   34 |       [01;31m[Klast_time[m[K = this->get_clock()->now();
      |       [01;31m[K^~~~~~~~~[m[K
      |       [32m[Kbase_timer[m[K
[01m[K/home/catia/ros2_ws/src/navigation_/src/mobile_base.cpp:[m[K In member function ‘[01m[Kvoid MobileBasePublisher::base_callback()[m[K’:
[01m[K/home/catia/ros2_ws/src/navigation_/src/mobile_base.cpp:49:35:[m[K [01;31m[Kerror: [m[K‘[01m[Klast_time[m[K’ was not declared in this scope; did you mean ‘[01m[Kbase_timer[m[K’?
   49 |       double dt = (current_time - [01;31m[Klast_time[m[K).seconds();
      |                                   [01;31m[K^~~~~~~~~[m[K
      |                                   [32m[Kbase_timer[m[K
[ 90%] [32m[1mLinking CXX executable laserScan_[0m
[ 90%] Built target laserScan_
gmake[2]: *** [CMakeFiles/mobile_base.dir/build.make:76: CMakeFiles/mobile_base.dir/src/mobile_base.cpp.o] Error 1
gmake[1]: *** [CMakeFiles/Makefile2:197: CMakeFiles/mobile_base.dir/all] Error 2
gmake: *** [Makefile:146: all] Error 2
