[0.000000] (-) TimerEvent: {}
[0.000171] (navigation_) JobQueued: {'identifier': 'navigation_', 'dependencies': OrderedDict()}
[0.000208] (navigation_) JobStarted: {'identifier': 'navigation_'}
[0.005799] (navigation_) JobProgress: {'identifier': 'navigation_', 'progress': 'cmake'}
[0.006340] (navigation_) JobProgress: {'identifier': 'navigation_', 'progress': 'build'}
[0.006963] (navigation_) Command: {'cmd': ['/usr/bin/cmake', '--build', '/home/catia/ros2_ws/build/navigation_', '--', '-j8', '-l8'], 'cwd': '/home/catia/ros2_ws/build/navigation_', 'env': OrderedDict([('USER', 'catia'), ('LC_TIME', 'it_IT.UTF-8'), ('XDG_SESSION_TYPE', 'wayland'), ('SHLVL', '1'), ('LD_LIBRARY_PATH', '/usr/lib/x86_64-linux-gnu/gazebo-11/plugins:/opt/ros/humble/opt/rviz_ogre_vendor/lib:/opt/ros/humble/lib/x86_64-linux-gnu:/opt/ros/humble/lib'), ('HOME', '/home/catia'), ('OLDPWD', '/home/catia'), ('DESKTOP_SESSION', 'ubuntu'), ('ROS_PYTHON_VERSION', '3'), ('GNOME_SHELL_SESSION_MODE', 'ubuntu'), ('GTK_MODULES', 'gail:atk-bridge'), ('LC_MONETARY', 'it_IT.UTF-8'), ('SYSTEMD_EXEC_PID', '1685'), ('DBUS_SESSION_BUS_ADDRESS', 'unix:path=/run/user/1000/bus'), ('COLORTERM', 'truecolor'), ('IM_CONFIG_PHASE', '1'), ('WAYLAND_DISPLAY', 'wayland-0'), ('COLCON_PREFIX_PATH', '/home/catia/ros2_ws/install'), ('ROS_DISTRO', 'humble'), ('LOGNAME', 'catia'), ('_', '/usr/bin/colcon'), ('ROS_VERSION', '2'), ('XDG_SESSION_CLASS', 'user'), ('USERNAME', 'catia'), ('TERM', 'xterm-256color'), ('GNOME_DESKTOP_SESSION_ID', 'this-is-deprecated'), ('ROS_LOCALHOST_ONLY', '0'), ('PATH', '/opt/ros/humble/bin:/usr/local/sbin:/usr/local/bin:/usr/sbin:/usr/bin:/sbin:/bin:/usr/games:/usr/local/games:/snap/bin:/snap/bin'), ('SESSION_MANAGER', 'local/cat:@/tmp/.ICE-unix/1492,unix/cat:/tmp/.ICE-unix/1492'), ('XDG_MENU_PREFIX', 'gnome-'), ('LC_ADDRESS', 'it_IT.UTF-8'), ('GNOME_TERMINAL_SCREEN', '/org/gnome/Terminal/screen/bc98e1d5_3e24_4f76_826d_ed26235925f0'), ('GNOME_SETUP_DISPLAY', ':1'), ('XDG_RUNTIME_DIR', '/run/user/1000'), ('DISPLAY', ':0'), ('LANG', 'en_US.UTF-8'), ('XDG_CURRENT_DESKTOP', 'ubuntu:GNOME'), ('LC_TELEPHONE', 'it_IT.UTF-8'), ('XMODIFIERS', '@im=ibus'), ('XDG_SESSION_DESKTOP', 'ubuntu'), ('XAUTHORITY', '/run/user/1000/.mutter-Xwaylandauth.BMHYT2'), ('GNOME_TERMINAL_SERVICE', ':1.398'), ('SSH_AGENT_LAUNCHER', 'gnome-keyring'), ('SSH_AUTH_SOCK', '/run/user/1000/keyring/ssh'), ('AMENT_PREFIX_PATH', '/home/catia/ros2_ws/install/nodes:/home/catia/ros2_ws/install/navigation_:/opt/ros/humble'), ('SHELL', '/bin/bash'), ('LC_NAME', 'it_IT.UTF-8'), ('QT_ACCESSIBILITY', '1'), ('GDMSESSION', 'ubuntu'), ('LC_MEASUREMENT', 'it_IT.UTF-8'), ('LC_IDENTIFICATION', 'it_IT.UTF-8'), ('QT_IM_MODULE', 'ibus'), ('PWD', '/home/catia/ros2_ws/build/navigation_'), ('TURTLEBOT3_MODEL', 'waffle'), ('LC_ALL', 'en_US.UTF-8'), ('XDG_CONFIG_DIRS', '/etc/xdg/xdg-ubuntu:/etc/xdg'), ('XDG_DATA_DIRS', '/usr/share/ubuntu:/usr/local/share/:/usr/share/:/var/lib/snapd/desktop'), ('PYTHONPATH', '/opt/ros/humble/lib/python3.10/site-packages:/opt/ros/humble/local/lib/python3.10/dist-packages'), ('LC_NUMERIC', 'it_IT.UTF-8'), ('LC_PAPER', 'it_IT.UTF-8'), ('COLCON', '1'), ('VTE_VERSION', '6800'), ('CMAKE_PREFIX_PATH', '/home/catia/ros2_ws/install/nodes:/home/catia/ros2_ws/install/navigation_:/opt/ros/humble')]), 'shell': False}
[0.040844] (navigation_) StdoutLine: {'line': b'\x1b[35m\x1b[1mConsolidate compiler generated dependencies of target tf_node\x1b[0m\n'}
[0.050549] (navigation_) StdoutLine: {'line': b'[ 50%] Built target pub_occupancy_grid\n'}
[0.050766] (navigation_) StdoutLine: {'line': b'[ 50%] Built target laserScan_\n'}
[0.052149] (navigation_) StdoutLine: {'line': b'[ 62%] \x1b[32mBuilding CXX object CMakeFiles/mobile_base.dir/src/mobile_base.cpp.o\x1b[0m\n'}
[0.055042] (navigation_) StdoutLine: {'line': b'[ 75%] \x1b[32mBuilding CXX object CMakeFiles/tf_node.dir/src/tf_node.cpp.o\x1b[0m\n'}
[0.099089] (-) TimerEvent: {}
[0.199362] (-) TimerEvent: {}
[0.223402] (navigation_) StderrLine: {'line': b'\x1b[01m\x1b[K/home/catia/ros2_ws/src/navigation_/src/tf_node.cpp:13:9:\x1b[m\x1b[K \x1b[01;35m\x1b[Kwarning: \x1b[m\x1b[Kmissing terminating " character\n'}
[0.223651] (navigation_) StderrLine: {'line': b'   13 |         \x1b[01;35m\x1b[K"\x1b[m\x1b[Kodom_subscriber_ = this->create_subscription<nav_msgs::msg::Odometry>(\n'}
[0.223743] (navigation_) StderrLine: {'line': b'      |         \x1b[01;35m\x1b[K^\x1b[m\x1b[K\n'}
[0.223822] (navigation_) StderrLine: {'line': b'\x1b[01m\x1b[K/home/catia/ros2_ws/src/navigation_/src/tf_node.cpp:13:9:\x1b[m\x1b[K \x1b[01;31m\x1b[Kerror: \x1b[m\x1b[Kmissing terminating " character\n'}
[0.223898] (navigation_) StderrLine: {'line': b'   13 |         \x1b[01;31m\x1b[K"odom_subscriber_ = this->create_subscription<nav_msgs::msg::Odometry>(\x1b[m\x1b[K\n'}
[0.223973] (navigation_) StderrLine: {'line': b'      |         \x1b[01;31m\x1b[K^~~~~~~~~~~~~~~~~~~~~~~~~~~~~~~~~~~~~~~~~~~~~~~~~~~~~~~~~~~~~~~~~~~~~~~\x1b[m\x1b[K\n'}
[0.224051] (navigation_) StderrLine: {'line': b'\x1b[01m\x1b[K/home/catia/ros2_ws/src/navigation_/src/tf_node.cpp:14:108:\x1b[m\x1b[K \x1b[01;35m\x1b[Kwarning: \x1b[m\x1b[Kmissing terminating " character\n'}
[0.224129] (navigation_) StderrLine: {'line': b'   14 |             "/odom", 10, std::bind(&TransformBroadcasterNode::odom_callback, this, std::placeholders::_1));\x1b[01;35m\x1b[K"\x1b[m\x1b[K\n'}
[0.224206] (navigation_) StderrLine: {'line': b'      |                                                                                                            \x1b[01;35m\x1b[K^\x1b[m\x1b[K\n'}
[0.224282] (navigation_) StderrLine: {'line': b'\x1b[01m\x1b[K/home/catia/ros2_ws/src/navigation_/src/tf_node.cpp:14:108:\x1b[m\x1b[K \x1b[01;31m\x1b[Kerror: \x1b[m\x1b[Kmissing terminating " character\n'}
[0.224360] (navigation_) StderrLine: {'line': b'\x1b[01m\x1b[K/home/catia/ros2_ws/src/navigation_/src/tf_node.cpp:28:5:\x1b[m\x1b[K \x1b[01;35m\x1b[Kwarning: \x1b[m\x1b[Kmissing terminating " character\n'}
[0.224436] (navigation_) StderrLine: {'line': b'   28 |     \x1b[01;35m\x1b[K"\x1b[m\x1b[Kvoid odom_callback(const nav_msgs::msg::Odometry::SharedPtr msg) {\n'}
[0.224512] (navigation_) StderrLine: {'line': b'      |     \x1b[01;35m\x1b[K^\x1b[m\x1b[K\n'}
[0.224586] (navigation_) StderrLine: {'line': b'\x1b[01m\x1b[K/home/catia/ros2_ws/src/navigation_/src/tf_node.cpp:28:5:\x1b[m\x1b[K \x1b[01;31m\x1b[Kerror: \x1b[m\x1b[Kmissing terminating " character\n'}
[0.224658] (navigation_) StderrLine: {'line': b'   28 |     \x1b[01;31m\x1b[K"void odom_callback(const nav_msgs::msg::Odometry::SharedPtr msg) {\x1b[m\x1b[K\n'}
[0.224734] (navigation_) StderrLine: {'line': b'      |     \x1b[01;31m\x1b[K^~~~~~~~~~~~~~~~~~~~~~~~~~~~~~~~~~~~~~~~~~~~~~~~~~~~~~~~~~~~~~~~~~~\x1b[m\x1b[K\n'}
[0.224809] (navigation_) StderrLine: {'line': b'\x1b[01m\x1b[K/home/catia/ros2_ws/src/navigation_/src/tf_node.cpp:41:6:\x1b[m\x1b[K \x1b[01;35m\x1b[Kwarning: \x1b[m\x1b[Kmissing terminating " character\n'}
[0.224883] (navigation_) StderrLine: {'line': b'   41 |     }\x1b[01;35m\x1b[K"\x1b[m\x1b[K\n'}
[0.224955] (navigation_) StderrLine: {'line': b'      |      \x1b[01;35m\x1b[K^\x1b[m\x1b[K\n'}
[0.225027] (navigation_) StderrLine: {'line': b'\x1b[01m\x1b[K/home/catia/ros2_ws/src/navigation_/src/tf_node.cpp:41:6:\x1b[m\x1b[K \x1b[01;31m\x1b[Kerror: \x1b[m\x1b[Kmissing terminating " character\n'}
[0.225103] (navigation_) StderrLine: {'line': b'\x1b[01m\x1b[K/home/catia/ros2_ws/src/navigation_/src/tf_node.cpp:105:5:\x1b[m\x1b[K \x1b[01;35m\x1b[Kwarning: \x1b[m\x1b[Kmissing terminating " character\n'}
[0.225181] (navigation_) StderrLine: {'line': b'  105 |     \x1b[01;35m\x1b[K"\x1b[m\x1b[Kvoid publish_odom_to_base() {\n'}
[0.225270] (navigation_) StderrLine: {'line': b'      |     \x1b[01;35m\x1b[K^\x1b[m\x1b[K\n'}
[0.225360] (navigation_) StderrLine: {'line': b'\x1b[01m\x1b[K/home/catia/ros2_ws/src/navigation_/src/tf_node.cpp:105:5:\x1b[m\x1b[K \x1b[01;31m\x1b[Kerror: \x1b[m\x1b[Kmissing terminating " character\n'}
[0.225448] (navigation_) StderrLine: {'line': b'  105 |     \x1b[01;31m\x1b[K"void publish_odom_to_base() {\x1b[m\x1b[K\n'}
[0.225533] (navigation_) StderrLine: {'line': b'      |     \x1b[01;31m\x1b[K^~~~~~~~~~~~~~~~~~~~~~~~~~~~~~\x1b[m\x1b[K\n'}
[0.225627] (navigation_) StderrLine: {'line': b'\x1b[01m\x1b[K/home/catia/ros2_ws/src/navigation_/src/tf_node.cpp:123:6:\x1b[m\x1b[K \x1b[01;35m\x1b[Kwarning: \x1b[m\x1b[Kmissing terminating " character\n'}
[0.225714] (navigation_) StderrLine: {'line': b'  123 |     }\x1b[01;35m\x1b[K"\x1b[m\x1b[K\n'}
[0.225799] (navigation_) StderrLine: {'line': b'      |      \x1b[01;35m\x1b[K^\x1b[m\x1b[K\n'}
[0.225907] (navigation_) StderrLine: {'line': b'\x1b[01m\x1b[K/home/catia/ros2_ws/src/navigation_/src/tf_node.cpp:123:6:\x1b[m\x1b[K \x1b[01;31m\x1b[Kerror: \x1b[m\x1b[Kmissing terminating " character\n'}
[0.299490] (-) TimerEvent: {}
[0.399843] (-) TimerEvent: {}
[0.500195] (-) TimerEvent: {}
[0.600549] (-) TimerEvent: {}
[0.700899] (-) TimerEvent: {}
[0.801289] (-) TimerEvent: {}
[0.901621] (-) TimerEvent: {}
[1.001944] (-) TimerEvent: {}
[1.102227] (-) TimerEvent: {}
[1.202558] (-) TimerEvent: {}
[1.302913] (-) TimerEvent: {}
[1.403234] (-) TimerEvent: {}
[1.503561] (-) TimerEvent: {}
[1.603882] (-) TimerEvent: {}
[1.704209] (-) TimerEvent: {}
[1.804565] (-) TimerEvent: {}
[1.904905] (-) TimerEvent: {}
[1.927459] (navigation_) StderrLine: {'line': b'\x1b[01m\x1b[K/home/catia/ros2_ws/src/navigation_/src/tf_node.cpp:31:9:\x1b[m\x1b[K \x1b[01;31m\x1b[Kerror: \x1b[m\x1b[K\xe2\x80\x98\x1b[01m\x1b[Kodom_to_base\x1b[m\x1b[K\xe2\x80\x99 does not name a type\n'}
[1.927702] (navigation_) StderrLine: {'line': b'   31 |         \x1b[01;31m\x1b[Kodom_to_base\x1b[m\x1b[K.header.stamp = this->get_clock()->now();\n'}
[1.927805] (navigation_) StderrLine: {'line': b'      |         \x1b[01;31m\x1b[K^~~~~~~~~~~~\x1b[m\x1b[K\n'}
[1.929699] (navigation_) StderrLine: {'line': b'\x1b[01m\x1b[K/home/catia/ros2_ws/src/navigation_/src/tf_node.cpp:32:9:\x1b[m\x1b[K \x1b[01;31m\x1b[Kerror: \x1b[m\x1b[K\xe2\x80\x98\x1b[01m\x1b[Kodom_to_base\x1b[m\x1b[K\xe2\x80\x99 does not name a type\n'}
[1.929923] (navigation_) StderrLine: {'line': b'   32 |         \x1b[01;31m\x1b[Kodom_to_base\x1b[m\x1b[K.header.frame_id = "odom";\n'}
[1.930037] (navigation_) StderrLine: {'line': b'      |         \x1b[01;31m\x1b[K^~~~~~~~~~~~\x1b[m\x1b[K\n'}
[1.932265] (navigation_) StderrLine: {'line': b'\x1b[01m\x1b[K/home/catia/ros2_ws/src/navigation_/src/tf_node.cpp:33:9:\x1b[m\x1b[K \x1b[01;31m\x1b[Kerror: \x1b[m\x1b[K\xe2\x80\x98\x1b[01m\x1b[Kodom_to_base\x1b[m\x1b[K\xe2\x80\x99 does not name a type\n'}
[1.932486] (navigation_) StderrLine: {'line': b'   33 |         \x1b[01;31m\x1b[Kodom_to_base\x1b[m\x1b[K.child_frame_id = "base_link";\n'}
[1.932588] (navigation_) StderrLine: {'line': b'      |         \x1b[01;31m\x1b[K^~~~~~~~~~~~\x1b[m\x1b[K\n'}
[1.934731] (navigation_) StderrLine: {'line': b'\x1b[01m\x1b[K/home/catia/ros2_ws/src/navigation_/src/tf_node.cpp:35:9:\x1b[m\x1b[K \x1b[01;31m\x1b[Kerror: \x1b[m\x1b[K\xe2\x80\x98\x1b[01m\x1b[Kodom_to_base\x1b[m\x1b[K\xe2\x80\x99 does not name a type\n'}
[1.934948] (navigation_) StderrLine: {'line': b'   35 |         \x1b[01;31m\x1b[Kodom_to_base\x1b[m\x1b[K.transform.translation.x = msg->pose.pose.position.x;\n'}
[1.935051] (navigation_) StderrLine: {'line': b'      |         \x1b[01;31m\x1b[K^~~~~~~~~~~~\x1b[m\x1b[K\n'}
[1.937134] (navigation_) StderrLine: {'line': b'\x1b[01m\x1b[K/home/catia/ros2_ws/src/navigation_/src/tf_node.cpp:36:9:\x1b[m\x1b[K \x1b[01;31m\x1b[Kerror: \x1b[m\x1b[K\xe2\x80\x98\x1b[01m\x1b[Kodom_to_base\x1b[m\x1b[K\xe2\x80\x99 does not name a type\n'}
[1.937354] (navigation_) StderrLine: {'line': b'   36 |         \x1b[01;31m\x1b[Kodom_to_base\x1b[m\x1b[K.transform.translation.y = msg->pose.pose.position.y;\n'}
[1.937439] (navigation_) StderrLine: {'line': b'      |         \x1b[01;31m\x1b[K^~~~~~~~~~~~\x1b[m\x1b[K\n'}
[1.939399] (navigation_) StderrLine: {'line': b'\x1b[01m\x1b[K/home/catia/ros2_ws/src/navigation_/src/tf_node.cpp:37:9:\x1b[m\x1b[K \x1b[01;31m\x1b[Kerror: \x1b[m\x1b[K\xe2\x80\x98\x1b[01m\x1b[Kodom_to_base\x1b[m\x1b[K\xe2\x80\x99 does not name a type\n'}
[1.939575] (navigation_) StderrLine: {'line': b'   37 |         \x1b[01;31m\x1b[Kodom_to_base\x1b[m\x1b[K.transform.translation.z = msg->pose.pose.position.z;\n'}
[1.939688] (navigation_) StderrLine: {'line': b'      |         \x1b[01;31m\x1b[K^~~~~~~~~~~~\x1b[m\x1b[K\n'}
[1.941763] (navigation_) StderrLine: {'line': b'\x1b[01m\x1b[K/home/catia/ros2_ws/src/navigation_/src/tf_node.cpp:38:9:\x1b[m\x1b[K \x1b[01;31m\x1b[Kerror: \x1b[m\x1b[K\xe2\x80\x98\x1b[01m\x1b[Kodom_to_base\x1b[m\x1b[K\xe2\x80\x99 does not name a type\n'}
[1.941961] (navigation_) StderrLine: {'line': b'   38 |         \x1b[01;31m\x1b[Kodom_to_base\x1b[m\x1b[K.transform.rotation = msg->pose.pose.orientation;\n'}
[1.942075] (navigation_) StderrLine: {'line': b'      |         \x1b[01;31m\x1b[K^~~~~~~~~~~~\x1b[m\x1b[K\n'}
[1.943875] (navigation_) StderrLine: {'line': b'\x1b[01m\x1b[K/home/catia/ros2_ws/src/navigation_/src/tf_node.cpp:40:9:\x1b[m\x1b[K \x1b[01;31m\x1b[Kerror: \x1b[m\x1b[K\xe2\x80\x98\x1b[01m\x1b[Kbroadcaster_\x1b[m\x1b[K\xe2\x80\x99 does not name a type\n'}
[1.944052] (navigation_) StderrLine: {'line': b'   40 |         \x1b[01;31m\x1b[Kbroadcaster_\x1b[m\x1b[K->sendTransform(odom_to_base);\n'}
[1.944161] (navigation_) StderrLine: {'line': b'      |         \x1b[01;31m\x1b[K^~~~~~~~~~~~\x1b[m\x1b[K\n'}
[1.944297] (navigation_) StderrLine: {'line': b'\x1b[01m\x1b[K/home/catia/ros2_ws/src/navigation_/src/tf_node.cpp:41:6:\x1b[m\x1b[K \x1b[01;31m\x1b[Kerror: \x1b[m\x1b[Kexpected \xe2\x80\x98\x1b[01m\x1b[K;\x1b[m\x1b[K\xe2\x80\x99 after class definition\n'}
[1.944385] (navigation_) StderrLine: {'line': b'   41 |     }\x1b[01;31m\x1b[K"\x1b[m\x1b[K\n'}
[1.944490] (navigation_) StderrLine: {'line': b'      |      \x1b[01;31m\x1b[K^\x1b[m\x1b[K\n'}
[1.944572] (navigation_) StderrLine: {'line': b'      |      \x1b[32m\x1b[K;\x1b[m\x1b[K\n'}
[1.950833] (navigation_) StderrLine: {'line': b'\x1b[01m\x1b[K/home/catia/ros2_ws/src/navigation_/src/tf_node.cpp:\x1b[m\x1b[K In constructor \xe2\x80\x98\x1b[01m\x1b[KTransformBroadcasterNode::TransformBroadcasterNode()\x1b[m\x1b[K\xe2\x80\x99:\n'}
[1.951074] (navigation_) StderrLine: {'line': b'\x1b[01m\x1b[K/home/catia/ros2_ws/src/navigation_/src/tf_node.cpp:10:9:\x1b[m\x1b[K \x1b[01;31m\x1b[Kerror: \x1b[m\x1b[K\xe2\x80\x98\x1b[01m\x1b[Kbroadcaster_\x1b[m\x1b[K\xe2\x80\x99 was not declared in this scope\n'}
[1.951180] (navigation_) StderrLine: {'line': b'   10 |         \x1b[01;31m\x1b[Kbroadcaster_\x1b[m\x1b[K = std::make_shared<tf2_ros::TransformBroadcaster>(this);\n'}
[1.951273] (navigation_) StderrLine: {'line': b'      |         \x1b[01;31m\x1b[K^~~~~~~~~~~~\x1b[m\x1b[K\n'}
[1.952761] (navigation_) StderrLine: {'line': b'\x1b[01m\x1b[K/home/catia/ros2_ws/src/navigation_/src/tf_node.cpp:14:13:\x1b[m\x1b[K \x1b[01;35m\x1b[Kwarning: \x1b[m\x1b[Kleft operand of comma operator has no effect [\x1b[01;35m\x1b[K\x1b]8;;https://gcc.gnu.org/onlinedocs/gcc/Warning-Options.html#index-Wunused-value\x07-Wunused-value\x1b]8;;\x07\x1b[m\x1b[K]\n'}
[1.952946] (navigation_) StderrLine: {'line': b'   14 |             \x1b[01;35m\x1b[K"/odom"\x1b[m\x1b[K, 10, std::bind(&TransformBroadcasterNode::odom_callback, this, std::placeholders::_1));"\n'}
[1.953047] (navigation_) StderrLine: {'line': b'      |             \x1b[01;35m\x1b[K^~~~~~~\x1b[m\x1b[K\n'}
[1.953139] (navigation_) StderrLine: {'line': b'\x1b[01m\x1b[K/home/catia/ros2_ws/src/navigation_/src/tf_node.cpp:14:63:\x1b[m\x1b[K \x1b[01;31m\x1b[Kerror: \x1b[m\x1b[K\xe2\x80\x98\x1b[01m\x1b[Kodom_callback\x1b[m\x1b[K\xe2\x80\x99 is not a member of \xe2\x80\x98\x1b[01m\x1b[KTransformBroadcasterNode\x1b[m\x1b[K\xe2\x80\x99\n'}
[1.953231] (navigation_) StderrLine: {'line': b'   14 |             "/odom", 10, std::bind(&TransformBroadcasterNode::\x1b[01;31m\x1b[Kodom_callback\x1b[m\x1b[K, this, std::placeholders::_1));"\n'}
[1.953317] (navigation_) StderrLine: {'line': b'      |                                                               \x1b[01;31m\x1b[K^~~~~~~~~~~~~\x1b[m\x1b[K\n'}
[1.960440] (navigation_) StderrLine: {'line': b'\x1b[01m\x1b[K/home/catia/ros2_ws/src/navigation_/src/tf_node.cpp:16:9:\x1b[m\x1b[K \x1b[01;31m\x1b[Kerror: \x1b[m\x1b[K\xe2\x80\x98\x1b[01m\x1b[Kbase_subscriber_\x1b[m\x1b[K\xe2\x80\x99 was not declared in this scope\n'}
[1.960726] (navigation_) StderrLine: {'line': b'   16 |         \x1b[01;31m\x1b[Kbase_subscriber_\x1b[m\x1b[K = this->create_subscription<nav_msgs::msg::Odometry>(\n'}
[1.960831] (navigation_) StderrLine: {'line': b'      |         \x1b[01;31m\x1b[K^~~~~~~~~~~~~~~~\x1b[m\x1b[K\n'}
[1.960922] (navigation_) StderrLine: {'line': b'\x1b[01m\x1b[K/home/catia/ros2_ws/src/navigation_/src/tf_node.cpp:17:67:\x1b[m\x1b[K \x1b[01;31m\x1b[Kerror: \x1b[m\x1b[K\xe2\x80\x98\x1b[01m\x1b[Kbase_callback\x1b[m\x1b[K\xe2\x80\x99 is not a member of \xe2\x80\x98\x1b[01m\x1b[KTransformBroadcasterNode\x1b[m\x1b[K\xe2\x80\x99\n'}
[1.961013] (navigation_) StderrLine: {'line': b'   17 |             "/base_pub", 10, std::bind(&TransformBroadcasterNode::\x1b[01;31m\x1b[Kbase_callback\x1b[m\x1b[K, this, std::placeholders::_1));\n'}
[1.961102] (navigation_) StderrLine: {'line': b'      |                                                                   \x1b[01;31m\x1b[K^~~~~~~~~~~~~\x1b[m\x1b[K\n'}
[1.964662] (navigation_) StderrLine: {'line': b'\x1b[01m\x1b[K/home/catia/ros2_ws/src/navigation_/src/tf_node.cpp:20:9:\x1b[m\x1b[K \x1b[01;31m\x1b[Kerror: \x1b[m\x1b[K\xe2\x80\x98\x1b[01m\x1b[Ktimer_\x1b[m\x1b[K\xe2\x80\x99 was not declared in this scope; did you mean \xe2\x80\x98\x1b[01m\x1b[Ktimer_t\x1b[m\x1b[K\xe2\x80\x99?\n'}
[1.964948] (navigation_) StderrLine: {'line': b'   20 |         \x1b[01;31m\x1b[Ktimer_\x1b[m\x1b[K = this->create_wall_timer(\n'}
[1.965052] (navigation_) StderrLine: {'line': b'      |         \x1b[01;31m\x1b[K^~~~~~\x1b[m\x1b[K\n'}
[1.965142] (navigation_) StderrLine: {'line': b'      |         \x1b[32m\x1b[Ktimer_t\x1b[m\x1b[K\n'}
[1.965229] (navigation_) StderrLine: {'line': b'\x1b[01m\x1b[K/home/catia/ros2_ws/src/navigation_/src/tf_node.cpp:22:50:\x1b[m\x1b[K \x1b[01;31m\x1b[Kerror: \x1b[m\x1b[K\xe2\x80\x98\x1b[01m\x1b[Kpublish_map_to_odom\x1b[m\x1b[K\xe2\x80\x99 is not a member of \xe2\x80\x98\x1b[01m\x1b[KTransformBroadcasterNode\x1b[m\x1b[K\xe2\x80\x99\n'}
[1.965333] (navigation_) StderrLine: {'line': b'   22 |             std::bind(&TransformBroadcasterNode::\x1b[01;31m\x1b[Kpublish_map_to_odom\x1b[m\x1b[K, this));\n'}
[1.965422] (navigation_) StderrLine: {'line': b'      |                                                  \x1b[01;31m\x1b[K^~~~~~~~~~~~~~~~~~~\x1b[m\x1b[K\n'}
[1.973843] (navigation_) StderrLine: {'line': b'\x1b[01m\x1b[K/home/catia/ros2_ws/src/navigation_/src/tf_node.cpp:24:9:\x1b[m\x1b[K \x1b[01;31m\x1b[Kerror: \x1b[m\x1b[K\xe2\x80\x98\x1b[01m\x1b[Kpublish_base_to_laser\x1b[m\x1b[K\xe2\x80\x99 was not declared in this scope\n'}
[1.974074] (navigation_) StderrLine: {'line': b'   24 |         \x1b[01;31m\x1b[Kpublish_base_to_laser\x1b[m\x1b[K();\n'}
[1.974184] (navigation_) StderrLine: {'line': b'      |         \x1b[01;31m\x1b[K^~~~~~~~~~~~~~~~~~~~~\x1b[m\x1b[K\n'}
[1.975832] (navigation_) StderrLine: {'line': b'\x1b[01m\x1b[K/home/catia/ros2_ws/src/navigation_/src/tf_node.cpp:\x1b[m\x1b[K In function \xe2\x80\x98\x1b[01m\x1b[Kvoid base_callback(nav_msgs::msg::Odometry_<std::allocator<void> >::SharedPtr)\x1b[m\x1b[K\xe2\x80\x99:\n'}
[1.976031] (navigation_) StderrLine: {'line': b'\x1b[01m\x1b[K/home/catia/ros2_ws/src/navigation_/src/tf_node.cpp:45:38:\x1b[m\x1b[K \x1b[01;31m\x1b[Kerror: \x1b[m\x1b[Kinvalid use of \xe2\x80\x98\x1b[01m\x1b[Kthis\x1b[m\x1b[K\xe2\x80\x99 in non-member function\n'}
[1.976130] (navigation_) StderrLine: {'line': b'   45 |         base_to_laser.header.stamp = \x1b[01;31m\x1b[Kthis\x1b[m\x1b[K->get_clock()->now();\n'}
[1.976216] (navigation_) StderrLine: {'line': b'      |                                      \x1b[01;31m\x1b[K^~~~\x1b[m\x1b[K\n'}
[1.980084] (navigation_) StderrLine: {'line': b'\x1b[01m\x1b[K/home/catia/ros2_ws/src/navigation_/src/tf_node.cpp:61:9:\x1b[m\x1b[K \x1b[01;31m\x1b[Kerror: \x1b[m\x1b[K\xe2\x80\x98\x1b[01m\x1b[Kbroadcaster_\x1b[m\x1b[K\xe2\x80\x99 was not declared in this scope\n'}
[1.980286] (navigation_) StderrLine: {'line': b'   61 |         \x1b[01;31m\x1b[Kbroadcaster_\x1b[m\x1b[K->sendTransform(base_to_laser);\n'}
[1.980413] (navigation_) StderrLine: {'line': b'      |         \x1b[01;31m\x1b[K^~~~~~~~~~~~\x1b[m\x1b[K\n'}
[1.980502] (navigation_) StderrLine: {'line': b'\x1b[01m\x1b[K/home/catia/ros2_ws/src/navigation_/src/tf_node.cpp:\x1b[m\x1b[K In function \xe2\x80\x98\x1b[01m\x1b[Kvoid publish_map_to_odom()\x1b[m\x1b[K\xe2\x80\x99:\n'}
[1.980588] (navigation_) StderrLine: {'line': b'\x1b[01m\x1b[K/home/catia/ros2_ws/src/navigation_/src/tf_node.cpp:67:36:\x1b[m\x1b[K \x1b[01;31m\x1b[Kerror: \x1b[m\x1b[Kinvalid use of \xe2\x80\x98\x1b[01m\x1b[Kthis\x1b[m\x1b[K\xe2\x80\x99 in non-member function\n'}
[1.980680] (navigation_) StderrLine: {'line': b'   67 |         map_to_odom.header.stamp = \x1b[01;31m\x1b[Kthis\x1b[m\x1b[K->get_clock()->now();\n'}
[1.980757] (navigation_) StderrLine: {'line': b'      |                                    \x1b[01;31m\x1b[K^~~~\x1b[m\x1b[K\n'}
[1.984455] (navigation_) StderrLine: {'line': b'\x1b[01m\x1b[K/home/catia/ros2_ws/src/navigation_/src/tf_node.cpp:82:9:\x1b[m\x1b[K \x1b[01;31m\x1b[Kerror: \x1b[m\x1b[K\xe2\x80\x98\x1b[01m\x1b[Kbroadcaster_\x1b[m\x1b[K\xe2\x80\x99 was not declared in this scope\n'}
[1.984721] (navigation_) StderrLine: {'line': b'   82 |         \x1b[01;31m\x1b[Kbroadcaster_\x1b[m\x1b[K->sendTransform(map_to_odom);\n'}
[1.984825] (navigation_) StderrLine: {'line': b'      |         \x1b[01;31m\x1b[K^~~~~~~~~~~~\x1b[m\x1b[K\n'}
[1.984914] (navigation_) StderrLine: {'line': b'\x1b[01m\x1b[K/home/catia/ros2_ws/src/navigation_/src/tf_node.cpp:\x1b[m\x1b[K In function \xe2\x80\x98\x1b[01m\x1b[Kvoid publish_base_to_laser()\x1b[m\x1b[K\xe2\x80\x99:\n'}
[1.985004] (navigation_) StderrLine: {'line': b'\x1b[01m\x1b[K/home/catia/ros2_ws/src/navigation_/src/tf_node.cpp:88:38:\x1b[m\x1b[K \x1b[01;31m\x1b[Kerror: \x1b[m\x1b[Kinvalid use of \xe2\x80\x98\x1b[01m\x1b[Kthis\x1b[m\x1b[K\xe2\x80\x99 in non-member function\n'}
[1.985095] (navigation_) StderrLine: {'line': b'   88 |         base_to_laser.header.stamp = \x1b[01;31m\x1b[Kthis\x1b[m\x1b[K->get_clock()->now();\n'}
[1.985184] (navigation_) StderrLine: {'line': b'      |                                      \x1b[01;31m\x1b[K^~~~\x1b[m\x1b[K\n'}
[1.988741] (navigation_) StderrLine: {'line': b'\x1b[01m\x1b[K/home/catia/ros2_ws/src/navigation_/src/tf_node.cpp:103:9:\x1b[m\x1b[K \x1b[01;31m\x1b[Kerror: \x1b[m\x1b[K\xe2\x80\x98\x1b[01m\x1b[Kbroadcaster_\x1b[m\x1b[K\xe2\x80\x99 was not declared in this scope\n'}
[1.988972] (navigation_) StderrLine: {'line': b'  103 |         \x1b[01;31m\x1b[Kbroadcaster_\x1b[m\x1b[K->sendTransform(base_to_laser);\n'}
[1.989065] (navigation_) StderrLine: {'line': b'      |         \x1b[01;31m\x1b[K^~~~~~~~~~~~\x1b[m\x1b[K\n'}
[1.990483] (navigation_) StderrLine: {'line': b'\x1b[01m\x1b[K/home/catia/ros2_ws/src/navigation_/src/tf_node.cpp:\x1b[m\x1b[K At global scope:\n'}
[1.990672] (navigation_) StderrLine: {'line': b'\x1b[01m\x1b[K/home/catia/ros2_ws/src/navigation_/src/tf_node.cpp:107:9:\x1b[m\x1b[K \x1b[01;31m\x1b[Kerror: \x1b[m\x1b[K\xe2\x80\x98\x1b[01m\x1b[Kodom_to_base\x1b[m\x1b[K\xe2\x80\x99 does not name a type\n'}
[1.990784] (navigation_) StderrLine: {'line': b'  107 |         \x1b[01;31m\x1b[Kodom_to_base\x1b[m\x1b[K.header.stamp = this->get_clock()->now();\n'}
[1.990876] (navigation_) StderrLine: {'line': b'      |         \x1b[01;31m\x1b[K^~~~~~~~~~~~\x1b[m\x1b[K\n'}
[1.991946] (navigation_) StderrLine: {'line': b'\x1b[01m\x1b[K/home/catia/ros2_ws/src/navigation_/src/tf_node.cpp:108:9:\x1b[m\x1b[K \x1b[01;31m\x1b[Kerror: \x1b[m\x1b[K\xe2\x80\x98\x1b[01m\x1b[Kodom_to_base\x1b[m\x1b[K\xe2\x80\x99 does not name a type\n'}
[1.992146] (navigation_) StderrLine: {'line': b'  108 |         \x1b[01;31m\x1b[Kodom_to_base\x1b[m\x1b[K.header.frame_id = "odom";\n'}
[1.992242] (navigation_) StderrLine: {'line': b'      |         \x1b[01;31m\x1b[K^~~~~~~~~~~~\x1b[m\x1b[K\n'}
[1.993434] (navigation_) StderrLine: {'line': b'\x1b[01m\x1b[K/home/catia/ros2_ws/src/navigation_/src/tf_node.cpp:109:9:\x1b[m\x1b[K \x1b[01;31m\x1b[Kerror: \x1b[m\x1b[K\xe2\x80\x98\x1b[01m\x1b[Kodom_to_base\x1b[m\x1b[K\xe2\x80\x99 does not name a type\n'}
[1.993594] (navigation_) StderrLine: {'line': b'  109 |         \x1b[01;31m\x1b[Kodom_to_base\x1b[m\x1b[K.child_frame_id = "base_link";\n'}
[1.993693] (navigation_) StderrLine: {'line': b'      |         \x1b[01;31m\x1b[K^~~~~~~~~~~~\x1b[m\x1b[K\n'}
[1.994864] (navigation_) StderrLine: {'line': b'\x1b[01m\x1b[K/home/catia/ros2_ws/src/navigation_/src/tf_node.cpp:112:9:\x1b[m\x1b[K \x1b[01;31m\x1b[Kerror: \x1b[m\x1b[K\xe2\x80\x98\x1b[01m\x1b[Kodom_to_base\x1b[m\x1b[K\xe2\x80\x99 does not name a type\n'}
[1.995051] (navigation_) StderrLine: {'line': b'  112 |         \x1b[01;31m\x1b[Kodom_to_base\x1b[m\x1b[K.transform.translation.x = x_;\n'}
[1.995149] (navigation_) StderrLine: {'line': b'      |         \x1b[01;31m\x1b[K^~~~~~~~~~~~\x1b[m\x1b[K\n'}
[1.996344] (navigation_) StderrLine: {'line': b'\x1b[01m\x1b[K/home/catia/ros2_ws/src/navigation_/src/tf_node.cpp:113:9:\x1b[m\x1b[K \x1b[01;31m\x1b[Kerror: \x1b[m\x1b[K\xe2\x80\x98\x1b[01m\x1b[Kodom_to_base\x1b[m\x1b[K\xe2\x80\x99 does not name a type\n'}
[1.996549] (navigation_) StderrLine: {'line': b'  113 |         \x1b[01;31m\x1b[Kodom_to_base\x1b[m\x1b[K.transform.translation.y = y_;\n'}
[1.996644] (navigation_) StderrLine: {'line': b'      |         \x1b[01;31m\x1b[K^~~~~~~~~~~~\x1b[m\x1b[K\n'}
[1.997830] (navigation_) StderrLine: {'line': b'\x1b[01m\x1b[K/home/catia/ros2_ws/src/navigation_/src/tf_node.cpp:114:9:\x1b[m\x1b[K \x1b[01;31m\x1b[Kerror: \x1b[m\x1b[K\xe2\x80\x98\x1b[01m\x1b[Kodom_to_base\x1b[m\x1b[K\xe2\x80\x99 does not name a type\n'}
[1.998030] (navigation_) StderrLine: {'line': b'  114 |         \x1b[01;31m\x1b[Kodom_to_base\x1b[m\x1b[K.transform.translation.z = 0.0;\n'}
[1.998135] (navigation_) StderrLine: {'line': b'      |         \x1b[01;31m\x1b[K^~~~~~~~~~~~\x1b[m\x1b[K\n'}
[1.998463] (navigation_) StderrLine: {'line': b'\x1b[01m\x1b[K/home/catia/ros2_ws/src/navigation_/src/tf_node.cpp:116:9:\x1b[m\x1b[K \x1b[01;31m\x1b[Kerror: \x1b[m\x1b[K\xe2\x80\x98\x1b[01m\x1b[Kq\x1b[m\x1b[K\xe2\x80\x99 does not name a type\n'}
[1.998559] (navigation_) StderrLine: {'line': b'  116 |         \x1b[01;31m\x1b[Kq\x1b[m\x1b[K.setRPY(0, 0, theta_);\n'}
[1.998632] (navigation_) StderrLine: {'line': b'      |         \x1b[01;31m\x1b[K^\x1b[m\x1b[K\n'}
[1.999858] (navigation_) StderrLine: {'line': b'\x1b[01m\x1b[K/home/catia/ros2_ws/src/navigation_/src/tf_node.cpp:117:9:\x1b[m\x1b[K \x1b[01;31m\x1b[Kerror: \x1b[m\x1b[K\xe2\x80\x98\x1b[01m\x1b[Kodom_to_base\x1b[m\x1b[K\xe2\x80\x99 does not name a type\n'}
[2.000063] (navigation_) StderrLine: {'line': b'  117 |         \x1b[01;31m\x1b[Kodom_to_base\x1b[m\x1b[K.transform.rotation.x = q.x();\n'}
[2.000158] (navigation_) StderrLine: {'line': b'      |         \x1b[01;31m\x1b[K^~~~~~~~~~~~\x1b[m\x1b[K\n'}
[2.001266] (navigation_) StderrLine: {'line': b'\x1b[01m\x1b[K/home/catia/ros2_ws/src/navigation_/src/tf_node.cpp:118:9:\x1b[m\x1b[K \x1b[01;31m\x1b[Kerror: \x1b[m\x1b[K\xe2\x80\x98\x1b[01m\x1b[Kodom_to_base\x1b[m\x1b[K\xe2\x80\x99 does not name a type\n'}
[2.001405] (navigation_) StderrLine: {'line': b'  118 |         \x1b[01;31m\x1b[Kodom_to_base\x1b[m\x1b[K.transform.rotation.y = q.y();\n'}
[2.001498] (navigation_) StderrLine: {'line': b'      |         \x1b[01;31m\x1b[K^~~~~~~~~~~~\x1b[m\x1b[K\n'}
[2.002586] (navigation_) StderrLine: {'line': b'\x1b[01m\x1b[K/home/catia/ros2_ws/src/navigation_/src/tf_node.cpp:119:9:\x1b[m\x1b[K \x1b[01;31m\x1b[Kerror: \x1b[m\x1b[K\xe2\x80\x98\x1b[01m\x1b[Kodom_to_base\x1b[m\x1b[K\xe2\x80\x99 does not name a type\n'}
[2.002724] (navigation_) StderrLine: {'line': b'  119 |         \x1b[01;31m\x1b[Kodom_to_base\x1b[m\x1b[K.transform.rotation.z = q.z();\n'}
[2.002822] (navigation_) StderrLine: {'line': b'      |         \x1b[01;31m\x1b[K^~~~~~~~~~~~\x1b[m\x1b[K\n'}
[2.003886] (navigation_) StderrLine: {'line': b'\x1b[01m\x1b[K/home/catia/ros2_ws/src/navigation_/src/tf_node.cpp:120:9:\x1b[m\x1b[K \x1b[01;31m\x1b[Kerror: \x1b[m\x1b[K\xe2\x80\x98\x1b[01m\x1b[Kodom_to_base\x1b[m\x1b[K\xe2\x80\x99 does not name a type\n'}
[2.004006] (navigation_) StderrLine: {'line': b'  120 |         \x1b[01;31m\x1b[Kodom_to_base\x1b[m\x1b[K.transform.rotation.w = q.w();\n'}
[2.004111] (navigation_) StderrLine: {'line': b'      |         \x1b[01;31m\x1b[K^~~~~~~~~~~~\x1b[m\x1b[K\n'}
[2.004975] (-) TimerEvent: {}
[2.005151] (navigation_) StderrLine: {'line': b'\x1b[01m\x1b[K/home/catia/ros2_ws/src/navigation_/src/tf_node.cpp:122:9:\x1b[m\x1b[K \x1b[01;31m\x1b[Kerror: \x1b[m\x1b[K\xe2\x80\x98\x1b[01m\x1b[Kbroadcaster_\x1b[m\x1b[K\xe2\x80\x99 does not name a type\n'}
[2.005241] (navigation_) StderrLine: {'line': b'  122 |         \x1b[01;31m\x1b[Kbroadcaster_\x1b[m\x1b[K->sendTransform(odom_to_base);\n'}
[2.005293] (navigation_) StderrLine: {'line': b'      |         \x1b[01;31m\x1b[K^~~~~~~~~~~~\x1b[m\x1b[K\n'}
[2.005338] (navigation_) StderrLine: {'line': b'\x1b[01m\x1b[K/home/catia/ros2_ws/src/navigation_/src/tf_node.cpp:123:5:\x1b[m\x1b[K \x1b[01;31m\x1b[Kerror: \x1b[m\x1b[Kexpected declaration before \xe2\x80\x98\x1b[01m\x1b[K}\x1b[m\x1b[K\xe2\x80\x99 token\n'}
[2.005384] (navigation_) StderrLine: {'line': b'  123 |     \x1b[01;31m\x1b[K}\x1b[m\x1b[K"\n'}
[2.005428] (navigation_) StderrLine: {'line': b'      |     \x1b[01;31m\x1b[K^\x1b[m\x1b[K\n'}
[2.035391] (navigation_) StderrLine: {'line': b'\x1b[01m\x1b[K/home/catia/ros2_ws/src/navigation_/src/tf_node.cpp:130:1:\x1b[m\x1b[K \x1b[01;31m\x1b[Kerror: \x1b[m\x1b[Kexpected declaration before \xe2\x80\x98\x1b[01m\x1b[K}\x1b[m\x1b[K\xe2\x80\x99 token\n'}
[2.035555] (navigation_) StderrLine: {'line': b'  130 | \x1b[01;31m\x1b[K}\x1b[m\x1b[K;\n'}
[2.035611] (navigation_) StderrLine: {'line': b'      | \x1b[01;31m\x1b[K^\x1b[m\x1b[K\n'}
[2.105162] (-) TimerEvent: {}
[2.205496] (-) TimerEvent: {}
[2.305805] (-) TimerEvent: {}
[2.406148] (-) TimerEvent: {}
[2.506489] (-) TimerEvent: {}
[2.563473] (navigation_) StderrLine: {'line': b'gmake[2]: *** [CMakeFiles/tf_node.dir/build.make:76: CMakeFiles/tf_node.dir/src/tf_node.cpp.o] Error 1\n'}
[2.563866] (navigation_) StderrLine: {'line': b'gmake[1]: *** [CMakeFiles/Makefile2:221: CMakeFiles/tf_node.dir/all] Error 2\n'}
[2.563949] (navigation_) StderrLine: {'line': b'gmake[1]: *** Waiting for unfinished jobs....\n'}
[2.606631] (-) TimerEvent: {}
[2.706965] (-) TimerEvent: {}
[2.807339] (-) TimerEvent: {}
[2.907707] (-) TimerEvent: {}
[3.008033] (-) TimerEvent: {}
[3.108361] (-) TimerEvent: {}
[3.208696] (-) TimerEvent: {}
[3.308970] (-) TimerEvent: {}
[3.409279] (-) TimerEvent: {}
[3.509606] (-) TimerEvent: {}
[3.609946] (-) TimerEvent: {}
[3.710280] (-) TimerEvent: {}
[3.810600] (-) TimerEvent: {}
[3.910958] (-) TimerEvent: {}
[3.996557] (navigation_) StdoutLine: {'line': b'[ 87%] \x1b[32m\x1b[1mLinking CXX executable mobile_base\x1b[0m\n'}
[4.011085] (-) TimerEvent: {}
[4.111384] (-) TimerEvent: {}
[4.199660] (navigation_) StdoutLine: {'line': b'[ 87%] Built target mobile_base\n'}
[4.200603] (navigation_) StderrLine: {'line': b'gmake: *** [Makefile:146: all] Error 2\n'}
[4.201996] (navigation_) CommandEnded: {'returncode': 2}
[4.211494] (-) TimerEvent: {}
[4.233011] (navigation_) JobEnded: {'identifier': 'navigation_', 'rc': 2}
[4.243722] (-) EventReactorShutdown: {}
