[0.010s] Invoking command in '/home/catia/ros2_ws/build/sam_bot_description': CMAKE_PREFIX_PATH=${CMAKE_PREFIX_PATH}:/opt/ros/humble /usr/bin/cmake --build /home/catia/ros2_ws/build/sam_bot_description -- -j8 -l8
[0.026s] -- Found ament_cmake: 1.3.9 (/opt/ros/humble/share/ament_cmake/cmake)
[0.143s] -- Found ament_lint_auto: 0.12.11 (/opt/ros/humble/share/ament_lint_auto/cmake)
[0.198s] -- Added test 'flake8' to check Python code syntax and style conventions
[0.198s] -- Added test 'lint_cmake' to check CMake code style
[0.199s] -- Added test 'pep257' to check Python code against some of the docstring style conventions in PEP 257
[0.199s] -- Added test 'xmllint' to check XML markup files
[0.200s] -- Configuring done
[0.202s] -- Generating done
[0.202s] -- Build files have been written to: /home/catia/ros2_ws/build/sam_bot_description
[0.219s] Invoked command in '/home/catia/ros2_ws/build/sam_bot_description' returned '0': CMAKE_PREFIX_PATH=${CMAKE_PREFIX_PATH}:/opt/ros/humble /usr/bin/cmake --build /home/catia/ros2_ws/build/sam_bot_description -- -j8 -l8
[0.236s] Invoking command in '/home/catia/ros2_ws/build/sam_bot_description': CMAKE_PREFIX_PATH=${CMAKE_PREFIX_PATH}:/opt/ros/humble /usr/bin/cmake --install /home/catia/ros2_ws/build/sam_bot_description
[0.243s] -- Install configuration: ""
[0.243s] -- Up-to-date: /home/catia/ros2_ws/install/sam_bot_description/share/sam_bot_description/src
[0.243s] -- Up-to-date: /home/catia/ros2_ws/install/sam_bot_description/share/sam_bot_description/src/description
[0.243s] -- Installing: /home/catia/ros2_ws/install/sam_bot_description/share/sam_bot_description/src/description/sam_bot_description.urdf
[0.243s] -- Up-to-date: /home/catia/ros2_ws/install/sam_bot_description/share/sam_bot_description/launch
[0.243s] -- Installing: /home/catia/ros2_ws/install/sam_bot_description/share/sam_bot_description/launch/display.launch.py
[0.243s] -- Up-to-date: /home/catia/ros2_ws/install/sam_bot_description/share/sam_bot_description/rviz
[0.243s] -- Up-to-date: /home/catia/ros2_ws/install/sam_bot_description/share/sam_bot_description/rviz/urdf_config.rviz
[0.243s] -- Installing: /home/catia/ros2_ws/install/sam_bot_description/share/ament_index/resource_index/package_run_dependencies/sam_bot_description
[0.243s] -- Installing: /home/catia/ros2_ws/install/sam_bot_description/share/ament_index/resource_index/parent_prefix_path/sam_bot_description
[0.243s] -- Up-to-date: /home/catia/ros2_ws/install/sam_bot_description/share/sam_bot_description/environment/ament_prefix_path.sh
[0.243s] -- Installing: /home/catia/ros2_ws/install/sam_bot_description/share/sam_bot_description/environment/ament_prefix_path.dsv
[0.243s] -- Up-to-date: /home/catia/ros2_ws/install/sam_bot_description/share/sam_bot_description/environment/path.sh
[0.244s] -- Installing: /home/catia/ros2_ws/install/sam_bot_description/share/sam_bot_description/environment/path.dsv
[0.244s] -- Up-to-date: /home/catia/ros2_ws/install/sam_bot_description/share/sam_bot_description/local_setup.bash
[0.244s] -- Up-to-date: /home/catia/ros2_ws/install/sam_bot_description/share/sam_bot_description/local_setup.sh
[0.244s] -- Up-to-date: /home/catia/ros2_ws/install/sam_bot_description/share/sam_bot_description/local_setup.zsh
[0.244s] -- Installing: /home/catia/ros2_ws/install/sam_bot_description/share/sam_bot_description/local_setup.dsv
[0.244s] -- Installing: /home/catia/ros2_ws/install/sam_bot_description/share/sam_bot_description/package.dsv
[0.244s] -- Up-to-date: /home/catia/ros2_ws/install/sam_bot_description/share/ament_index/resource_index/packages/sam_bot_description
[0.244s] -- Up-to-date: /home/catia/ros2_ws/install/sam_bot_description/share/sam_bot_description/cmake/sam_bot_descriptionConfig.cmake
[0.244s] -- Up-to-date: /home/catia/ros2_ws/install/sam_bot_description/share/sam_bot_description/cmake/sam_bot_descriptionConfig-version.cmake
[0.244s] -- Installing: /home/catia/ros2_ws/install/sam_bot_description/share/sam_bot_description/package.xml
[0.245s] Invoked command in '/home/catia/ros2_ws/build/sam_bot_description' returned '0': CMAKE_PREFIX_PATH=${CMAKE_PREFIX_PATH}:/opt/ros/humble /usr/bin/cmake --install /home/catia/ros2_ws/build/sam_bot_description
