[0.010s] Invoking command in '/home/catia/ros2_ws/build/nodes': CMAKE_PREFIX_PATH=/opt/ros/humble /usr/bin/cmake /home/catia/ros2_ws/src/nodes -DCMAKE_INSTALL_PREFIX=/home/catia/ros2_ws/install/nodes
[0.129s] -- The C compiler identification is GNU 11.4.0
[0.239s] -- The CXX compiler identification is GNU 11.4.0
[0.247s] -- Detecting C compiler ABI info
[0.304s] -- Detecting C compiler ABI info - done
[0.310s] -- Check for working C compiler: /usr/bin/cc - skipped
[0.310s] -- Detecting C compile features
[0.311s] -- Detecting C compile features - done
[0.314s] -- Detecting CXX compiler ABI info
[0.378s] -- Detecting CXX compiler ABI info - done
[0.384s] -- Check for working CXX compiler: /usr/bin/c++ - skipped
[0.384s] -- Detecting CXX compile features
[0.384s] -- Detecting CXX compile features - done
[0.389s] -- Found ament_cmake: 1.3.9 (/opt/ros/humble/share/ament_cmake/cmake)
[0.518s] -- Found Python3: /usr/bin/python3 (found version "3.10.12") found components: Interpreter 
[0.601s] -- Found ament_lint_auto: 0.12.11 (/opt/ros/humble/share/ament_lint_auto/cmake)
[0.668s] -- Added test 'lint_cmake' to check CMake code style
[0.669s] -- Added test 'xmllint' to check XML markup files
[0.670s] -- Configuring done
[0.671s] -- Generating done
[0.672s] -- Build files have been written to: /home/catia/ros2_ws/build/nodes
[0.676s] Invoked command in '/home/catia/ros2_ws/build/nodes' returned '0': CMAKE_PREFIX_PATH=/opt/ros/humble /usr/bin/cmake /home/catia/ros2_ws/src/nodes -DCMAKE_INSTALL_PREFIX=/home/catia/ros2_ws/install/nodes
[0.677s] Invoking command in '/home/catia/ros2_ws/build/nodes': CMAKE_PREFIX_PATH=/opt/ros/humble /usr/bin/cmake --build /home/catia/ros2_ws/build/nodes -- -j8 -l8
[0.710s] Invoked command in '/home/catia/ros2_ws/build/nodes' returned '0': CMAKE_PREFIX_PATH=/opt/ros/humble /usr/bin/cmake --build /home/catia/ros2_ws/build/nodes -- -j8 -l8
[0.738s] Invoking command in '/home/catia/ros2_ws/build/nodes': CMAKE_PREFIX_PATH=/opt/ros/humble /usr/bin/cmake --install /home/catia/ros2_ws/build/nodes
[0.745s] -- Install configuration: ""
[0.745s] -- Installing: /home/catia/ros2_ws/install/nodes/share/ament_index/resource_index/package_run_dependencies/nodes
[0.745s] -- Installing: /home/catia/ros2_ws/install/nodes/share/ament_index/resource_index/parent_prefix_path/nodes
[0.745s] -- Installing: /home/catia/ros2_ws/install/nodes/share/nodes/environment/ament_prefix_path.sh
[0.745s] -- Installing: /home/catia/ros2_ws/install/nodes/share/nodes/environment/ament_prefix_path.dsv
[0.745s] -- Installing: /home/catia/ros2_ws/install/nodes/share/nodes/environment/path.sh
[0.746s] -- Installing: /home/catia/ros2_ws/install/nodes/share/nodes/environment/path.dsv
[0.746s] -- Installing: /home/catia/ros2_ws/install/nodes/share/nodes/local_setup.bash
[0.746s] -- Installing: /home/catia/ros2_ws/install/nodes/share/nodes/local_setup.sh
[0.746s] -- Installing: /home/catia/ros2_ws/install/nodes/share/nodes/local_setup.zsh
[0.746s] -- Installing: /home/catia/ros2_ws/install/nodes/share/nodes/local_setup.dsv
[0.746s] -- Installing: /home/catia/ros2_ws/install/nodes/share/nodes/package.dsv
[0.746s] -- Installing: /home/catia/ros2_ws/install/nodes/share/ament_index/resource_index/packages/nodes
[0.747s] -- Installing: /home/catia/ros2_ws/install/nodes/share/nodes/cmake/nodesConfig.cmake
[0.747s] -- Installing: /home/catia/ros2_ws/install/nodes/share/nodes/cmake/nodesConfig-version.cmake
[0.747s] -- Installing: /home/catia/ros2_ws/install/nodes/share/nodes/package.xml
[0.748s] Invoked command in '/home/catia/ros2_ws/build/nodes' returned '0': CMAKE_PREFIX_PATH=/opt/ros/humble /usr/bin/cmake --install /home/catia/ros2_ws/build/nodes
