[ 40%] Built target mobile_base
[ 40%] Built target tf_node
[ 60%] Built target ipose
[ 80%] Built target laserScan_
[100%] Built target pub_occupancy_grid
-- Install configuration: ""
-- Up-to-date: /home/catia/ros2_ws/install/navigation_/lib/navigation_/pub_occupancy_grid
-- Up-to-date: /home/catia/ros2_ws/install/navigation_/lib/navigation_/laserScan_
-- Up-to-date: /home/catia/ros2_ws/install/navigation_/lib/navigation_/mobile_base
-- Up-to-date: /home/catia/ros2_ws/install/navigation_/lib/navigation_/tf_node
-- Up-to-date: /home/catia/ros2_ws/install/navigation_/lib/navigation_/ipose
-- Up-to-date: /home/catia/ros2_ws/install/navigation_/share/navigation_/launch
-- Up-to-date: /home/catia/ros2_ws/install/navigation_/share/navigation_/launch/nav_launch.py
-- Installing: /home/catia/ros2_ws/install/navigation_/share/navigation_/launch/mapping_launch.py
-- Up-to-date: /home/catia/ros2_ws/install/navigation_/share/navigation_/config
-- Up-to-date: /home/catia/ros2_ws/install/navigation_/share/navigation_/config/cappero_laser_odom_diag_2020-05-06-16-26-03.yaml
-- Up-to-date: /home/catia/ros2_ws/install/navigation_/share/navigation_/config/tb3_map.yaml
-- Up-to-date: /home/catia/ros2_ws/install/navigation_/share/navigation_/config/tb3_map.pgm
-- Up-to-date: /home/catia/ros2_ws/install/navigation_/share/navigation_/config/prova.rviz
-- Up-to-date: /home/catia/ros2_ws/install/navigation_/share/navigation_/config/diag.rviz
-- Installing: /home/catia/ros2_ws/install/navigation_/share/navigation_/config/nav2_param.yaml
-- Up-to-date: /home/catia/ros2_ws/install/navigation_/share/navigation_/config/cappero_laser_odom_diag_2020-05-06-16-26-03.png
-- Up-to-date: /home/catia/ros2_ws/install/navigation_/share/navigation_/config/default.rviz
-- Up-to-date: /home/catia/ros2_ws/install/navigation_/share/ament_index/resource_index/package_run_dependencies/navigation_
-- Up-to-date: /home/catia/ros2_ws/install/navigation_/share/ament_index/resource_index/parent_prefix_path/navigation_
-- Up-to-date: /home/catia/ros2_ws/install/navigation_/share/navigation_/environment/ament_prefix_path.sh
-- Up-to-date: /home/catia/ros2_ws/install/navigation_/share/navigation_/environment/ament_prefix_path.dsv
-- Up-to-date: /home/catia/ros2_ws/install/navigation_/share/navigation_/environment/path.sh
-- Up-to-date: /home/catia/ros2_ws/install/navigation_/share/navigation_/environment/path.dsv
-- Up-to-date: /home/catia/ros2_ws/install/navigation_/share/navigation_/local_setup.bash
-- Up-to-date: /home/catia/ros2_ws/install/navigation_/share/navigation_/local_setup.sh
-- Up-to-date: /home/catia/ros2_ws/install/navigation_/share/navigation_/local_setup.zsh
-- Up-to-date: /home/catia/ros2_ws/install/navigation_/share/navigation_/local_setup.dsv
-- Installing: /home/catia/ros2_ws/install/navigation_/share/navigation_/package.dsv
-- Up-to-date: /home/catia/ros2_ws/install/navigation_/share/ament_index/resource_index/packages/navigation_
-- Up-to-date: /home/catia/ros2_ws/install/navigation_/share/navigation_/cmake/navigation_Config.cmake
-- Up-to-date: /home/catia/ros2_ws/install/navigation_/share/navigation_/cmake/navigation_Config-version.cmake
-- Up-to-date: /home/catia/ros2_ws/install/navigation_/share/navigation_/package.xml
