[0.010s] Invoking command in '/home/catia/ros2_ws/build/nodes': CMAKE_PREFIX_PATH=${CMAKE_PREFIX_PATH}:/opt/ros/humble /usr/bin/cmake --build /home/catia/ros2_ws/build/nodes -- -j8 -l8
[0.028s] -- Found ament_cmake: 1.3.9 (/opt/ros/humble/share/ament_cmake/cmake)
[0.124s] -- Found rclcpp: 16.0.9 (/opt/ros/humble/share/rclcpp/cmake)
[0.146s] -- Found rosidl_generator_c: 3.1.5 (/opt/ros/humble/share/rosidl_generator_c/cmake)
[0.148s] -- Found rosidl_adapter: 3.1.5 (/opt/ros/humble/share/rosidl_adapter/cmake)
[0.152s] -- Found rosidl_generator_cpp: 3.1.5 (/opt/ros/humble/share/rosidl_generator_cpp/cmake)
[0.160s] -- Using all available rosidl_typesupport_c: rosidl_typesupport_fastrtps_c;rosidl_typesupport_introspection_c
[0.172s] -- Using all available rosidl_typesupport_cpp: rosidl_typesupport_fastrtps_cpp;rosidl_typesupport_introspection_cpp
[0.217s] -- Found rmw_implementation_cmake: 6.1.2 (/opt/ros/humble/share/rmw_implementation_cmake/cmake)
[0.218s] -- Found rmw_fastrtps_cpp: 6.2.6 (/opt/ros/humble/share/rmw_fastrtps_cpp/cmake)
[0.315s] -- Using RMW implementation 'rmw_fastrtps_cpp' as default
[0.446s] -- Found sensor_msgs: 4.2.4 (/opt/ros/humble/share/sensor_msgs/cmake)
[0.550s] -- Found ament_lint_auto: 0.12.11 (/opt/ros/humble/share/ament_lint_auto/cmake)
[0.605s] -- Added test 'cppcheck' to perform static code analysis on C / C++ code
[0.605s] -- Configured cppcheck include dirs: 
[0.605s] -- Configured cppcheck exclude dirs and/or files: 
[0.605s] -- Added test 'lint_cmake' to check CMake code style
[0.606s] -- Added test 'uncrustify' to check C / C++ code style
[0.606s] -- Configured uncrustify additional arguments: 
[0.606s] -- Added test 'xmllint' to check XML markup files
[0.607s] -- Configuring done
[0.616s] -- Generating done
[0.617s] -- Build files have been written to: /home/catia/ros2_ws/build/nodes
[0.639s] [35m[1mConsolidate compiler generated dependencies of target pub_node[0m
[0.639s] [35m[1mConsolidate compiler generated dependencies of target sub_node[0m
[0.652s] [100%] Built target sub_node
[0.652s] [100%] Built target pub_node
[0.661s] Invoked command in '/home/catia/ros2_ws/build/nodes' returned '0': CMAKE_PREFIX_PATH=${CMAKE_PREFIX_PATH}:/opt/ros/humble /usr/bin/cmake --build /home/catia/ros2_ws/build/nodes -- -j8 -l8
[0.689s] Invoking command in '/home/catia/ros2_ws/build/nodes': CMAKE_PREFIX_PATH=${CMAKE_PREFIX_PATH}:/opt/ros/humble /usr/bin/cmake --install /home/catia/ros2_ws/build/nodes
[0.695s] -- Install configuration: ""
[0.695s] -- Up-to-date: /home/catia/ros2_ws/install/nodes/lib/nodes/pub_node
[0.695s] -- Up-to-date: /home/catia/ros2_ws/install/nodes/lib/nodes/sub_node
[0.695s] -- Up-to-date: /home/catia/ros2_ws/install/nodes/share/ament_index/resource_index/package_run_dependencies/nodes
[0.695s] -- Installing: /home/catia/ros2_ws/install/nodes/share/ament_index/resource_index/parent_prefix_path/nodes
[0.695s] -- Up-to-date: /home/catia/ros2_ws/install/nodes/share/nodes/environment/ament_prefix_path.sh
[0.695s] -- Installing: /home/catia/ros2_ws/install/nodes/share/nodes/environment/ament_prefix_path.dsv
[0.696s] -- Up-to-date: /home/catia/ros2_ws/install/nodes/share/nodes/environment/path.sh
[0.696s] -- Installing: /home/catia/ros2_ws/install/nodes/share/nodes/environment/path.dsv
[0.696s] -- Up-to-date: /home/catia/ros2_ws/install/nodes/share/nodes/local_setup.bash
[0.696s] -- Up-to-date: /home/catia/ros2_ws/install/nodes/share/nodes/local_setup.sh
[0.696s] -- Up-to-date: /home/catia/ros2_ws/install/nodes/share/nodes/local_setup.zsh
[0.696s] -- Installing: /home/catia/ros2_ws/install/nodes/share/nodes/local_setup.dsv
[0.696s] -- Installing: /home/catia/ros2_ws/install/nodes/share/nodes/package.dsv
[0.696s] -- Up-to-date: /home/catia/ros2_ws/install/nodes/share/ament_index/resource_index/packages/nodes
[0.696s] -- Up-to-date: /home/catia/ros2_ws/install/nodes/share/nodes/cmake/nodesConfig.cmake
[0.696s] -- Up-to-date: /home/catia/ros2_ws/install/nodes/share/nodes/cmake/nodesConfig-version.cmake
[0.697s] -- Up-to-date: /home/catia/ros2_ws/install/nodes/share/nodes/package.xml
[0.698s] Invoked command in '/home/catia/ros2_ws/build/nodes' returned '0': CMAKE_PREFIX_PATH=${CMAKE_PREFIX_PATH}:/opt/ros/humble /usr/bin/cmake --install /home/catia/ros2_ws/build/nodes
