[0.010s] Invoking command in '/home/catia/ros2_ws/build/navigation_': CMAKE_PREFIX_PATH=${CMAKE_PREFIX_PATH}:/opt/ros/humble /usr/bin/cmake --build /home/catia/ros2_ws/build/navigation_ -- -j8 -l8
[0.044s] [35m[1mConsolidate compiler generated dependencies of target mobile_base[0m
[0.045s] [35m[1mConsolidate compiler generated dependencies of target tf_node[0m
[0.058s] [ 50%] Built target tf_node
[0.058s] [ 50%] Built target mobile_base
[0.059s] [ 75%] [32mBuilding CXX object CMakeFiles/pub_occupancy_grid.dir/src/pub_occupancy_grid.cpp.o[0m
[0.059s] [ 75%] [32mBuilding CXX object CMakeFiles/laserScan_.dir/src/laser_scan.cpp.o[0m
[3.638s] [100%] [32m[1mLinking CXX executable laserScan_[0m
[3.638s] [100%] [32m[1mLinking CXX executable pub_occupancy_grid[0m
[3.828s] [100%] Built target laserScan_
[3.828s] [100%] Built target pub_occupancy_grid
[3.836s] Invoked command in '/home/catia/ros2_ws/build/navigation_' returned '0': CMAKE_PREFIX_PATH=${CMAKE_PREFIX_PATH}:/opt/ros/humble /usr/bin/cmake --build /home/catia/ros2_ws/build/navigation_ -- -j8 -l8
[3.869s] Invoking command in '/home/catia/ros2_ws/build/navigation_': CMAKE_PREFIX_PATH=${CMAKE_PREFIX_PATH}:/opt/ros/humble /usr/bin/cmake --install /home/catia/ros2_ws/build/navigation_
[3.874s] -- Install configuration: ""
[3.874s] -- Installing: /home/catia/ros2_ws/install/navigation_/lib/navigation_/pub_occupancy_grid
[3.875s] -- Set runtime path of "/home/catia/ros2_ws/install/navigation_/lib/navigation_/pub_occupancy_grid" to ""
[3.875s] -- Installing: /home/catia/ros2_ws/install/navigation_/lib/navigation_/laserScan_
[3.876s] -- Set runtime path of "/home/catia/ros2_ws/install/navigation_/lib/navigation_/laserScan_" to ""
[3.876s] -- Up-to-date: /home/catia/ros2_ws/install/navigation_/lib/navigation_/mobile_base
[3.877s] -- Up-to-date: /home/catia/ros2_ws/install/navigation_/lib/navigation_/tf_node
[3.877s] -- Up-to-date: /home/catia/ros2_ws/install/navigation_/share/ament_index/resource_index/package_run_dependencies/navigation_
[3.877s] -- Up-to-date: /home/catia/ros2_ws/install/navigation_/share/ament_index/resource_index/parent_prefix_path/navigation_
[3.877s] -- Up-to-date: /home/catia/ros2_ws/install/navigation_/share/navigation_/environment/ament_prefix_path.sh
[3.877s] -- Up-to-date: /home/catia/ros2_ws/install/navigation_/share/navigation_/environment/ament_prefix_path.dsv
[3.877s] -- Up-to-date: /home/catia/ros2_ws/install/navigation_/share/navigation_/environment/path.sh
[3.877s] -- Up-to-date: /home/catia/ros2_ws/install/navigation_/share/navigation_/environment/path.dsv
[3.877s] -- Up-to-date: /home/catia/ros2_ws/install/navigation_/share/navigation_/local_setup.bash
[3.878s] -- Up-to-date: /home/catia/ros2_ws/install/navigation_/share/navigation_/local_setup.sh
[3.878s] -- Up-to-date: /home/catia/ros2_ws/install/navigation_/share/navigation_/local_setup.zsh
[3.878s] -- Up-to-date: /home/catia/ros2_ws/install/navigation_/share/navigation_/local_setup.dsv
[3.878s] -- Installing: /home/catia/ros2_ws/install/navigation_/share/navigation_/package.dsv
[3.878s] -- Up-to-date: /home/catia/ros2_ws/install/navigation_/share/ament_index/resource_index/packages/navigation_
[3.878s] -- Up-to-date: /home/catia/ros2_ws/install/navigation_/share/navigation_/cmake/navigation_Config.cmake
[3.878s] -- Up-to-date: /home/catia/ros2_ws/install/navigation_/share/navigation_/cmake/navigation_Config-version.cmake
[3.878s] -- Up-to-date: /home/catia/ros2_ws/install/navigation_/share/navigation_/package.xml
[3.879s] Invoked command in '/home/catia/ros2_ws/build/navigation_' returned '0': CMAKE_PREFIX_PATH=${CMAKE_PREFIX_PATH}:/opt/ros/humble /usr/bin/cmake --install /home/catia/ros2_ws/build/navigation_
