[0.000000] (-) TimerEvent: {}
[0.000919] (nodes) JobQueued: {'identifier': 'nodes', 'dependencies': OrderedDict()}
[0.001037] (nodes) JobStarted: {'identifier': 'nodes'}
[0.007174] (nodes) JobProgress: {'identifier': 'nodes', 'progress': 'cmake'}
[0.008218] (nodes) JobProgress: {'identifier': 'nodes', 'progress': 'build'}
[0.008298] (nodes) Command: {'cmd': ['/usr/bin/cmake', '--build', '/home/catia/ros2_ws/build/nodes', '--', '-j8', '-l8'], 'cwd': '/home/catia/ros2_ws/build/nodes', 'env': OrderedDict([('USER', 'catia'), ('LC_TIME', 'it_IT.UTF-8'), ('XDG_SESSION_TYPE', 'wayland'), ('SHLVL', '1'), ('LD_LIBRARY_PATH', '/usr/lib/x86_64-linux-gnu/gazebo-11/plugins:/opt/ros/humble/opt/rviz_ogre_vendor/lib:/opt/ros/humble/lib/x86_64-linux-gnu:/opt/ros/humble/lib'), ('HOME', '/home/catia'), ('OLDPWD', '/home/catia'), ('DESKTOP_SESSION', 'ubuntu'), ('ROS_PYTHON_VERSION', '3'), ('GNOME_SHELL_SESSION_MODE', 'ubuntu'), ('GTK_MODULES', 'gail:atk-bridge'), ('LC_MONETARY', 'it_IT.UTF-8'), ('SYSTEMD_EXEC_PID', '1660'), ('DBUS_SESSION_BUS_ADDRESS', 'unix:path=/run/user/1000/bus'), ('COLORTERM', 'truecolor'), ('IM_CONFIG_PHASE', '1'), ('WAYLAND_DISPLAY', 'wayland-0'), ('COLCON_PREFIX_PATH', '/home/catia/ros2_ws/install'), ('ROS_DISTRO', 'humble'), ('LOGNAME', 'catia'), ('_', '/usr/bin/colcon'), ('ROS_VERSION', '2'), ('XDG_SESSION_CLASS', 'user'), ('USERNAME', 'catia'), ('TERM', 'xterm-256color'), ('GNOME_DESKTOP_SESSION_ID', 'this-is-deprecated'), ('ROS_LOCALHOST_ONLY', '0'), ('PATH', '/opt/ros/humble/bin:/usr/local/sbin:/usr/local/bin:/usr/sbin:/usr/bin:/sbin:/bin:/usr/games:/usr/local/games:/snap/bin:/snap/bin'), ('SESSION_MANAGER', 'local/cat:@/tmp/.ICE-unix/1444,unix/cat:/tmp/.ICE-unix/1444'), ('XDG_MENU_PREFIX', 'gnome-'), ('LC_ADDRESS', 'it_IT.UTF-8'), ('GNOME_TERMINAL_SCREEN', '/org/gnome/Terminal/screen/d0236e90_c58e_4c4d_9b3f_bb317602b473'), ('GNOME_SETUP_DISPLAY', ':1'), ('XDG_RUNTIME_DIR', '/run/user/1000'), ('DISPLAY', ':0'), ('LANG', 'en_US.UTF-8'), ('XDG_CURRENT_DESKTOP', 'ubuntu:GNOME'), ('LC_TELEPHONE', 'it_IT.UTF-8'), ('XMODIFIERS', '@im=ibus'), ('XDG_SESSION_DESKTOP', 'ubuntu'), ('XAUTHORITY', '/run/user/1000/.mutter-Xwaylandauth.42OYS2'), ('GNOME_TERMINAL_SERVICE', ':1.264'), ('SSH_AGENT_LAUNCHER', 'gnome-keyring'), ('SSH_AUTH_SOCK', '/run/user/1000/keyring/ssh'), ('AMENT_PREFIX_PATH', '/home/catia/ros2_ws/install/nodes:/opt/ros/humble'), ('SHELL', '/bin/bash'), ('LC_NAME', 'it_IT.UTF-8'), ('QT_ACCESSIBILITY', '1'), ('GDMSESSION', 'ubuntu'), ('LC_MEASUREMENT', 'it_IT.UTF-8'), ('LC_IDENTIFICATION', 'it_IT.UTF-8'), ('QT_IM_MODULE', 'ibus'), ('PWD', '/home/catia/ros2_ws/build/nodes'), ('TURTLEBOT3_MODEL', 'waffle'), ('LC_ALL', 'en_US.UTF-8'), ('XDG_CONFIG_DIRS', '/etc/xdg/xdg-ubuntu:/etc/xdg'), ('XDG_DATA_DIRS', '/usr/share/ubuntu:/usr/local/share/:/usr/share/:/var/lib/snapd/desktop'), ('PYTHONPATH', '/opt/ros/humble/lib/python3.10/site-packages:/opt/ros/humble/local/lib/python3.10/dist-packages'), ('LC_NUMERIC', 'it_IT.UTF-8'), ('LC_PAPER', 'it_IT.UTF-8'), ('COLCON', '1'), ('VTE_VERSION', '6800'), ('CMAKE_PREFIX_PATH', '/home/catia/ros2_ws/install/nodes:/opt/ros/humble')]), 'shell': False}
[0.055009] (nodes) StdoutLine: {'line': b'[100%] Built target pub_node\n'}
[0.063757] (nodes) CommandEnded: {'returncode': 0}
[0.082184] (nodes) JobProgress: {'identifier': 'nodes', 'progress': 'install'}
[0.089226] (nodes) Command: {'cmd': ['/usr/bin/cmake', '--install', '/home/catia/ros2_ws/build/nodes'], 'cwd': '/home/catia/ros2_ws/build/nodes', 'env': OrderedDict([('USER', 'catia'), ('LC_TIME', 'it_IT.UTF-8'), ('XDG_SESSION_TYPE', 'wayland'), ('SHLVL', '1'), ('LD_LIBRARY_PATH', '/usr/lib/x86_64-linux-gnu/gazebo-11/plugins:/opt/ros/humble/opt/rviz_ogre_vendor/lib:/opt/ros/humble/lib/x86_64-linux-gnu:/opt/ros/humble/lib'), ('HOME', '/home/catia'), ('OLDPWD', '/home/catia'), ('DESKTOP_SESSION', 'ubuntu'), ('ROS_PYTHON_VERSION', '3'), ('GNOME_SHELL_SESSION_MODE', 'ubuntu'), ('GTK_MODULES', 'gail:atk-bridge'), ('LC_MONETARY', 'it_IT.UTF-8'), ('SYSTEMD_EXEC_PID', '1660'), ('DBUS_SESSION_BUS_ADDRESS', 'unix:path=/run/user/1000/bus'), ('COLORTERM', 'truecolor'), ('IM_CONFIG_PHASE', '1'), ('WAYLAND_DISPLAY', 'wayland-0'), ('COLCON_PREFIX_PATH', '/home/catia/ros2_ws/install'), ('ROS_DISTRO', 'humble'), ('LOGNAME', 'catia'), ('_', '/usr/bin/colcon'), ('ROS_VERSION', '2'), ('XDG_SESSION_CLASS', 'user'), ('USERNAME', 'catia'), ('TERM', 'xterm-256color'), ('GNOME_DESKTOP_SESSION_ID', 'this-is-deprecated'), ('ROS_LOCALHOST_ONLY', '0'), ('PATH', '/opt/ros/humble/bin:/usr/local/sbin:/usr/local/bin:/usr/sbin:/usr/bin:/sbin:/bin:/usr/games:/usr/local/games:/snap/bin:/snap/bin'), ('SESSION_MANAGER', 'local/cat:@/tmp/.ICE-unix/1444,unix/cat:/tmp/.ICE-unix/1444'), ('XDG_MENU_PREFIX', 'gnome-'), ('LC_ADDRESS', 'it_IT.UTF-8'), ('GNOME_TERMINAL_SCREEN', '/org/gnome/Terminal/screen/d0236e90_c58e_4c4d_9b3f_bb317602b473'), ('GNOME_SETUP_DISPLAY', ':1'), ('XDG_RUNTIME_DIR', '/run/user/1000'), ('DISPLAY', ':0'), ('LANG', 'en_US.UTF-8'), ('XDG_CURRENT_DESKTOP', 'ubuntu:GNOME'), ('LC_TELEPHONE', 'it_IT.UTF-8'), ('XMODIFIERS', '@im=ibus'), ('XDG_SESSION_DESKTOP', 'ubuntu'), ('XAUTHORITY', '/run/user/1000/.mutter-Xwaylandauth.42OYS2'), ('GNOME_TERMINAL_SERVICE', ':1.264'), ('SSH_AGENT_LAUNCHER', 'gnome-keyring'), ('SSH_AUTH_SOCK', '/run/user/1000/keyring/ssh'), ('AMENT_PREFIX_PATH', '/home/catia/ros2_ws/install/nodes:/opt/ros/humble'), ('SHELL', '/bin/bash'), ('LC_NAME', 'it_IT.UTF-8'), ('QT_ACCESSIBILITY', '1'), ('GDMSESSION', 'ubuntu'), ('LC_MEASUREMENT', 'it_IT.UTF-8'), ('LC_IDENTIFICATION', 'it_IT.UTF-8'), ('QT_IM_MODULE', 'ibus'), ('PWD', '/home/catia/ros2_ws/build/nodes'), ('TURTLEBOT3_MODEL', 'waffle'), ('LC_ALL', 'en_US.UTF-8'), ('XDG_CONFIG_DIRS', '/etc/xdg/xdg-ubuntu:/etc/xdg'), ('XDG_DATA_DIRS', '/usr/share/ubuntu:/usr/local/share/:/usr/share/:/var/lib/snapd/desktop'), ('PYTHONPATH', '/opt/ros/humble/lib/python3.10/site-packages:/opt/ros/humble/local/lib/python3.10/dist-packages'), ('LC_NUMERIC', 'it_IT.UTF-8'), ('LC_PAPER', 'it_IT.UTF-8'), ('COLCON', '1'), ('VTE_VERSION', '6800'), ('CMAKE_PREFIX_PATH', '/home/catia/ros2_ws/install/nodes:/opt/ros/humble')]), 'shell': False}
[0.094733] (nodes) StdoutLine: {'line': b'-- Install configuration: ""\n'}
[0.094897] (nodes) StdoutLine: {'line': b'-- Up-to-date: /home/catia/ros2_ws/install/nodes/lib/nodes/pub_node\n'}
[0.094985] (nodes) StdoutLine: {'line': b'-- Up-to-date: /home/catia/ros2_ws/install/nodes/share/ament_index/resource_index/package_run_dependencies/nodes\n'}
[0.095064] (nodes) StdoutLine: {'line': b'-- Up-to-date: /home/catia/ros2_ws/install/nodes/share/ament_index/resource_index/parent_prefix_path/nodes\n'}
[0.095136] (nodes) StdoutLine: {'line': b'-- Up-to-date: /home/catia/ros2_ws/install/nodes/share/nodes/environment/ament_prefix_path.sh\n'}
[0.095248] (nodes) StdoutLine: {'line': b'-- Up-to-date: /home/catia/ros2_ws/install/nodes/share/nodes/environment/ament_prefix_path.dsv\n'}
[0.095361] (nodes) StdoutLine: {'line': b'-- Up-to-date: /home/catia/ros2_ws/install/nodes/share/nodes/environment/path.sh\n'}
[0.095434] (nodes) StdoutLine: {'line': b'-- Up-to-date: /home/catia/ros2_ws/install/nodes/share/nodes/environment/path.dsv\n'}
[0.095506] (nodes) StdoutLine: {'line': b'-- Up-to-date: /home/catia/ros2_ws/install/nodes/share/nodes/local_setup.bash\n'}
[0.095576] (nodes) StdoutLine: {'line': b'-- Up-to-date: /home/catia/ros2_ws/install/nodes/share/nodes/local_setup.sh\n'}
[0.095631] (nodes) StdoutLine: {'line': b'-- Up-to-date: /home/catia/ros2_ws/install/nodes/share/nodes/local_setup.zsh\n'}
[0.095706] (nodes) StdoutLine: {'line': b'-- Up-to-date: /home/catia/ros2_ws/install/nodes/share/nodes/local_setup.dsv\n'}
[0.095800] (nodes) StdoutLine: {'line': b'-- Installing: /home/catia/ros2_ws/install/nodes/share/nodes/package.dsv\n'}
[0.095849] (nodes) StdoutLine: {'line': b'-- Up-to-date: /home/catia/ros2_ws/install/nodes/share/ament_index/resource_index/packages/nodes\n'}
[0.095895] (nodes) StdoutLine: {'line': b'-- Up-to-date: /home/catia/ros2_ws/install/nodes/share/nodes/cmake/nodesConfig.cmake\n'}
[0.095941] (nodes) StdoutLine: {'line': b'-- Up-to-date: /home/catia/ros2_ws/install/nodes/share/nodes/cmake/nodesConfig-version.cmake\n'}
[0.095993] (nodes) StdoutLine: {'line': b'-- Up-to-date: /home/catia/ros2_ws/install/nodes/share/nodes/package.xml\n'}
[0.096959] (nodes) CommandEnded: {'returncode': 0}
[0.100072] (-) TimerEvent: {}
[0.126913] (nodes) JobEnded: {'identifier': 'nodes', 'rc': 0}
[0.127539] (-) EventReactorShutdown: {}
