[0.012s] Invoking command in '/home/catia/ros2_ws/build/navigation_': CMAKE_PREFIX_PATH=${CMAKE_PREFIX_PATH}:/opt/ros/humble /usr/bin/cmake --build /home/catia/ros2_ws/build/navigation_ -- -j8 -l8
[0.032s] -- Found ament_cmake: 1.3.9 (/opt/ros/humble/share/ament_cmake/cmake)
[0.136s] -- Found rclcpp: 16.0.9 (/opt/ros/humble/share/rclcpp/cmake)
[0.158s] -- Found rosidl_generator_c: 3.1.5 (/opt/ros/humble/share/rosidl_generator_c/cmake)
[0.160s] -- Found rosidl_adapter: 3.1.5 (/opt/ros/humble/share/rosidl_adapter/cmake)
[0.165s] -- Found rosidl_generator_cpp: 3.1.5 (/opt/ros/humble/share/rosidl_generator_cpp/cmake)
[0.173s] -- Using all available rosidl_typesupport_c: rosidl_typesupport_fastrtps_c;rosidl_typesupport_introspection_c
[0.185s] -- Using all available rosidl_typesupport_cpp: rosidl_typesupport_fastrtps_cpp;rosidl_typesupport_introspection_cpp
[0.227s] -- Found rmw_implementation_cmake: 6.1.2 (/opt/ros/humble/share/rmw_implementation_cmake/cmake)
[0.228s] -- Found rmw_fastrtps_cpp: 6.2.6 (/opt/ros/humble/share/rmw_fastrtps_cpp/cmake)
[0.319s] -- Using RMW implementation 'rmw_fastrtps_cpp' as default
[0.446s] -- Found nav_msgs: 4.2.4 (/opt/ros/humble/share/nav_msgs/cmake)
[0.543s] -- Found sensor_msgs: 4.2.4 (/opt/ros/humble/share/sensor_msgs/cmake)
[0.605s] -- Found tf2: 0.25.7 (/opt/ros/humble/share/tf2/cmake)
[0.610s] -- Found tf2_ros: 0.25.7 (/opt/ros/humble/share/tf2_ros/cmake)
[0.851s] -- Found visualization_msgs: 4.2.4 (/opt/ros/humble/share/visualization_msgs/cmake)
[0.952s] -- Found ament_lint_auto: 0.12.11 (/opt/ros/humble/share/ament_lint_auto/cmake)
[1.008s] -- Added test 'cppcheck' to perform static code analysis on C / C++ code
[1.008s] -- Configured cppcheck include dirs: 
[1.008s] -- Configured cppcheck exclude dirs and/or files: 
[1.008s] -- Added test 'flake8' to check Python code syntax and style conventions
[1.009s] -- Added test 'lint_cmake' to check CMake code style
[1.009s] -- Added test 'pep257' to check Python code against some of the docstring style conventions in PEP 257
[1.011s] -- Added test 'uncrustify' to check C / C++ code style
[1.012s] -- Configured uncrustify additional arguments: 
[1.012s] -- Added test 'xmllint' to check XML markup files
[1.013s] -- Configuring done
[1.038s] -- Generating done
[1.040s] -- Build files have been written to: /home/catia/ros2_ws/build/navigation_
[1.063s] [35m[1mConsolidate compiler generated dependencies of target ipose[0m
[1.064s] [35m[1mConsolidate compiler generated dependencies of target laserScan_[0m
[1.066s] [35m[1mConsolidate compiler generated dependencies of target pub_occupancy_grid[0m
[1.066s] [35m[1mConsolidate compiler generated dependencies of target mobile_base[0m
[1.066s] [35m[1mConsolidate compiler generated dependencies of target tf_node[0m
[1.074s] [  8%] [32mBuilding CXX object CMakeFiles/odom_base.dir/src/odom_base.cpp.o[0m
[1.080s] [ 25%] Built target ipose
[1.084s] [ 41%] Built target laserScan_
[1.084s] [ 58%] Built target pub_occupancy_grid
[1.087s] [ 75%] Built target mobile_base
[1.087s] [ 91%] Built target tf_node
[4.511s] [100%] [32m[1mLinking CXX executable odom_base[0m
[4.683s] [100%] Built target odom_base
[4.692s] Invoked command in '/home/catia/ros2_ws/build/navigation_' returned '0': CMAKE_PREFIX_PATH=${CMAKE_PREFIX_PATH}:/opt/ros/humble /usr/bin/cmake --build /home/catia/ros2_ws/build/navigation_ -- -j8 -l8
[4.745s] Invoking command in '/home/catia/ros2_ws/build/navigation_': CMAKE_PREFIX_PATH=${CMAKE_PREFIX_PATH}:/opt/ros/humble /usr/bin/cmake --install /home/catia/ros2_ws/build/navigation_
[4.756s] -- Install configuration: ""
[4.757s] -- Up-to-date: /home/catia/ros2_ws/install/navigation_/lib/navigation_/pub_occupancy_grid
[4.757s] -- Up-to-date: /home/catia/ros2_ws/install/navigation_/lib/navigation_/laserScan_
[4.757s] -- Up-to-date: /home/catia/ros2_ws/install/navigation_/lib/navigation_/mobile_base
[4.757s] -- Up-to-date: /home/catia/ros2_ws/install/navigation_/lib/navigation_/tf_node
[4.757s] -- Up-to-date: /home/catia/ros2_ws/install/navigation_/lib/navigation_/ipose
[4.758s] -- Installing: /home/catia/ros2_ws/install/navigation_/lib/navigation_/odom_base
[4.759s] -- Set runtime path of "/home/catia/ros2_ws/install/navigation_/lib/navigation_/odom_base" to ""
[4.759s] -- Up-to-date: /home/catia/ros2_ws/install/navigation_/share/navigation_/launch
[4.759s] -- Up-to-date: /home/catia/ros2_ws/install/navigation_/share/navigation_/launch/nav_launch.py
[4.759s] -- Installing: /home/catia/ros2_ws/install/navigation_/share/navigation_/launch/mapping_launch.py
[4.760s] -- Up-to-date: /home/catia/ros2_ws/install/navigation_/share/navigation_/config
[4.760s] -- Up-to-date: /home/catia/ros2_ws/install/navigation_/share/navigation_/config/cappero_laser_odom_diag_2020-05-06-16-26-03.yaml
[4.760s] -- Up-to-date: /home/catia/ros2_ws/install/navigation_/share/navigation_/config/capperlo_lase_odom_diag_2020-05-06-16-26-03.world
[4.760s] -- Up-to-date: /home/catia/ros2_ws/install/navigation_/share/navigation_/config/prova.rviz
[4.760s] -- Up-to-date: /home/catia/ros2_ws/install/navigation_/share/navigation_/config/diag.rviz
[4.760s] -- Up-to-date: /home/catia/ros2_ws/install/navigation_/share/navigation_/config/diag1.rviz
[4.760s] -- Up-to-date: /home/catia/ros2_ws/install/navigation_/share/navigation_/config/nav2_param.yaml
[4.760s] -- Up-to-date: /home/catia/ros2_ws/install/navigation_/share/navigation_/config/robot.urdf
[4.760s] -- Up-to-date: /home/catia/ros2_ws/install/navigation_/share/navigation_/config/cappero_laser_odom_diag_2020-05-06-16-26-03.png
[4.760s] -- Up-to-date: /home/catia/ros2_ws/install/navigation_/share/navigation_/config/default.rviz
[4.760s] -- Installing: /home/catia/ros2_ws/install/navigation_/share/ament_index/resource_index/package_run_dependencies/navigation_
[4.760s] -- Installing: /home/catia/ros2_ws/install/navigation_/share/ament_index/resource_index/parent_prefix_path/navigation_
[4.760s] -- Up-to-date: /home/catia/ros2_ws/install/navigation_/share/navigation_/environment/ament_prefix_path.sh
[4.761s] -- Installing: /home/catia/ros2_ws/install/navigation_/share/navigation_/environment/ament_prefix_path.dsv
[4.761s] -- Up-to-date: /home/catia/ros2_ws/install/navigation_/share/navigation_/environment/path.sh
[4.761s] -- Installing: /home/catia/ros2_ws/install/navigation_/share/navigation_/environment/path.dsv
[4.761s] -- Up-to-date: /home/catia/ros2_ws/install/navigation_/share/navigation_/local_setup.bash
[4.761s] -- Up-to-date: /home/catia/ros2_ws/install/navigation_/share/navigation_/local_setup.sh
[4.761s] -- Up-to-date: /home/catia/ros2_ws/install/navigation_/share/navigation_/local_setup.zsh
[4.761s] -- Installing: /home/catia/ros2_ws/install/navigation_/share/navigation_/local_setup.dsv
[4.761s] -- Installing: /home/catia/ros2_ws/install/navigation_/share/navigation_/package.dsv
[4.761s] -- Up-to-date: /home/catia/ros2_ws/install/navigation_/share/ament_index/resource_index/packages/navigation_
[4.761s] -- Up-to-date: /home/catia/ros2_ws/install/navigation_/share/navigation_/cmake/navigation_Config.cmake
[4.761s] -- Up-to-date: /home/catia/ros2_ws/install/navigation_/share/navigation_/cmake/navigation_Config-version.cmake
[4.761s] -- Installing: /home/catia/ros2_ws/install/navigation_/share/navigation_/package.xml
[4.763s] Invoked command in '/home/catia/ros2_ws/build/navigation_' returned '0': CMAKE_PREFIX_PATH=${CMAKE_PREFIX_PATH}:/opt/ros/humble /usr/bin/cmake --install /home/catia/ros2_ws/build/navigation_
