[0.009s] Invoking command in '/home/catia/ros2_ws/build/navigation_': CMAKE_PREFIX_PATH=${CMAKE_PREFIX_PATH}:/opt/ros/humble /usr/bin/cmake --build /home/catia/ros2_ws/build/navigation_ -- -j8 -l8
[0.041s] [35m[1mConsolidate compiler generated dependencies of target mobile_base[0m
[0.044s] [35m[1mConsolidate compiler generated dependencies of target ipose[0m
[0.052s] [ 20%] Built target tf_node
[0.054s] [ 40%] Built target laserScan_
[0.056s] [ 60%] Built target pub_occupancy_grid
[0.059s] [ 90%] Built target ipose
[0.060s] [ 90%] [32mBuilding CXX object CMakeFiles/mobile_base.dir/src/mobile_base.cpp.o[0m
[7.052s] [100%] [32m[1mLinking CXX executable mobile_base[0m
[7.462s] [100%] Built target mobile_base
[7.471s] Invoked command in '/home/catia/ros2_ws/build/navigation_' returned '0': CMAKE_PREFIX_PATH=${CMAKE_PREFIX_PATH}:/opt/ros/humble /usr/bin/cmake --build /home/catia/ros2_ws/build/navigation_ -- -j8 -l8
[7.519s] Invoking command in '/home/catia/ros2_ws/build/navigation_': CMAKE_PREFIX_PATH=${CMAKE_PREFIX_PATH}:/opt/ros/humble /usr/bin/cmake --install /home/catia/ros2_ws/build/navigation_
[7.527s] -- Install configuration: ""
[7.527s] -- Up-to-date: /home/catia/ros2_ws/install/navigation_/lib/navigation_/pub_occupancy_grid
[7.528s] -- Up-to-date: /home/catia/ros2_ws/install/navigation_/lib/navigation_/laserScan_
[7.528s] -- Installing: /home/catia/ros2_ws/install/navigation_/lib/navigation_/mobile_base
[7.533s] -- Set runtime path of "/home/catia/ros2_ws/install/navigation_/lib/navigation_/mobile_base" to ""
[7.533s] -- Up-to-date: /home/catia/ros2_ws/install/navigation_/lib/navigation_/tf_node
[7.534s] -- Up-to-date: /home/catia/ros2_ws/install/navigation_/lib/navigation_/ipose
[7.534s] -- Up-to-date: /home/catia/ros2_ws/install/navigation_/share/navigation_/launch
[7.534s] -- Up-to-date: /home/catia/ros2_ws/install/navigation_/share/navigation_/launch/nav_launch.py
[7.534s] -- Up-to-date: /home/catia/ros2_ws/install/navigation_/share/navigation_/launch/mapping_launch.py
[7.534s] -- Up-to-date: /home/catia/ros2_ws/install/navigation_/share/navigation_/config
[7.534s] -- Up-to-date: /home/catia/ros2_ws/install/navigation_/share/navigation_/config/cappero_laser_odom_diag_2020-05-06-16-26-03.yaml
[7.534s] -- Up-to-date: /home/catia/ros2_ws/install/navigation_/share/navigation_/config/prova.rviz
[7.534s] -- Up-to-date: /home/catia/ros2_ws/install/navigation_/share/navigation_/config/diag.rviz
[7.534s] -- Up-to-date: /home/catia/ros2_ws/install/navigation_/share/navigation_/config/diag1.rviz
[7.534s] -- Up-to-date: /home/catia/ros2_ws/install/navigation_/share/navigation_/config/nav2_param.yaml
[7.534s] -- Up-to-date: /home/catia/ros2_ws/install/navigation_/share/navigation_/config/cappero_laser_odom_diag_2020-05-06-16-26-03.png
[7.534s] -- Up-to-date: /home/catia/ros2_ws/install/navigation_/share/navigation_/config/default.rviz
[7.535s] -- Up-to-date: /home/catia/ros2_ws/install/navigation_/share/ament_index/resource_index/package_run_dependencies/navigation_
[7.535s] -- Up-to-date: /home/catia/ros2_ws/install/navigation_/share/ament_index/resource_index/parent_prefix_path/navigation_
[7.535s] -- Up-to-date: /home/catia/ros2_ws/install/navigation_/share/navigation_/environment/ament_prefix_path.sh
[7.535s] -- Up-to-date: /home/catia/ros2_ws/install/navigation_/share/navigation_/environment/ament_prefix_path.dsv
[7.535s] -- Up-to-date: /home/catia/ros2_ws/install/navigation_/share/navigation_/environment/path.sh
[7.535s] -- Up-to-date: /home/catia/ros2_ws/install/navigation_/share/navigation_/environment/path.dsv
[7.535s] -- Up-to-date: /home/catia/ros2_ws/install/navigation_/share/navigation_/local_setup.bash
[7.535s] -- Up-to-date: /home/catia/ros2_ws/install/navigation_/share/navigation_/local_setup.sh
[7.535s] -- Up-to-date: /home/catia/ros2_ws/install/navigation_/share/navigation_/local_setup.zsh
[7.535s] -- Up-to-date: /home/catia/ros2_ws/install/navigation_/share/navigation_/local_setup.dsv
[7.535s] -- Installing: /home/catia/ros2_ws/install/navigation_/share/navigation_/package.dsv
[7.535s] -- Up-to-date: /home/catia/ros2_ws/install/navigation_/share/ament_index/resource_index/packages/navigation_
[7.535s] -- Up-to-date: /home/catia/ros2_ws/install/navigation_/share/navigation_/cmake/navigation_Config.cmake
[7.535s] -- Up-to-date: /home/catia/ros2_ws/install/navigation_/share/navigation_/cmake/navigation_Config-version.cmake
[7.535s] -- Up-to-date: /home/catia/ros2_ws/install/navigation_/share/navigation_/package.xml
[7.536s] Invoked command in '/home/catia/ros2_ws/build/navigation_' returned '0': CMAKE_PREFIX_PATH=${CMAKE_PREFIX_PATH}:/opt/ros/humble /usr/bin/cmake --install /home/catia/ros2_ws/build/navigation_
