[0.198s] DEBUG:colcon:Command line arguments: ['/usr/bin/colcon', 'build']
[0.198s] DEBUG:colcon:Parsed command line arguments: Namespace(log_base=None, log_level=None, verb_name='build', build_base='build', install_base='install', merge_install=False, symlink_install=False, test_result_base=None, continue_on_error=False, executor='parallel', parallel_workers=8, event_handlers=None, ignore_user_meta=False, metas=['./colcon.meta'], base_paths=['.'], packages_ignore=None, packages_ignore_regex=None, paths=None, packages_up_to=None, packages_up_to_regex=None, packages_above=None, packages_above_and_dependencies=None, packages_above_depth=None, packages_select_by_dep=None, packages_skip_by_dep=None, packages_skip_up_to=None, packages_select_build_failed=False, packages_skip_build_finished=False, packages_select_test_failures=False, packages_skip_test_passed=False, packages_select=None, packages_skip=None, packages_select_regex=None, packages_skip_regex=None, packages_start=None, packages_end=None, allow_overriding=[], cmake_args=None, cmake_target=None, cmake_target_skip_unavailable=False, cmake_clean_cache=False, cmake_clean_first=False, cmake_force_configure=False, ament_cmake_args=None, catkin_cmake_args=None, catkin_skip_building_tests=False, verb_parser=<colcon_defaults.argument_parser.defaults.DefaultArgumentsDecorator object at 0x74b4ce0e06a0>, verb_extension=<colcon_core.verb.build.BuildVerb object at 0x74b4ce0e00d0>, main=<bound method BuildVerb.main of <colcon_core.verb.build.BuildVerb object at 0x74b4ce0e00d0>>)
[0.379s] Level 1:colcon.colcon_core.package_discovery:discover_packages(colcon_meta) check parameters
[0.379s] Level 1:colcon.colcon_core.package_discovery:discover_packages(recursive) check parameters
[0.379s] Level 1:colcon.colcon_core.package_discovery:discover_packages(ignore) check parameters
[0.379s] Level 1:colcon.colcon_core.package_discovery:discover_packages(path) check parameters
[0.379s] Level 1:colcon.colcon_core.package_discovery:discover_packages(colcon_meta) discover
[0.380s] Level 1:colcon.colcon_core.package_discovery:discover_packages(recursive) discover
[0.380s] INFO:colcon.colcon_core.package_discovery:Crawling recursively for packages in '/home/catia/ros2_ws'
[0.380s] Level 1:colcon.colcon_core.package_identification:_identify(.) by extensions ['ignore', 'ignore_ament_install']
[0.380s] Level 1:colcon.colcon_core.package_identification:_identify(.) by extension 'ignore'
[0.380s] Level 1:colcon.colcon_core.package_identification:_identify(.) by extension 'ignore_ament_install'
[0.380s] Level 1:colcon.colcon_core.package_identification:_identify(.) by extensions ['colcon_pkg']
[0.380s] Level 1:colcon.colcon_core.package_identification:_identify(.) by extension 'colcon_pkg'
[0.380s] Level 1:colcon.colcon_core.package_identification:_identify(.) by extensions ['colcon_meta']
[0.380s] Level 1:colcon.colcon_core.package_identification:_identify(.) by extension 'colcon_meta'
[0.380s] Level 1:colcon.colcon_core.package_identification:_identify(.) by extensions ['ros']
[0.380s] Level 1:colcon.colcon_core.package_identification:_identify(.) by extension 'ros'
[0.390s] Level 1:colcon.colcon_core.package_identification:_identify(.) by extensions ['cmake', 'python']
[0.390s] Level 1:colcon.colcon_core.package_identification:_identify(.) by extension 'cmake'
[0.390s] Level 1:colcon.colcon_core.package_identification:_identify(.) by extension 'python'
[0.390s] Level 1:colcon.colcon_core.package_identification:_identify(.) by extensions ['python_setup_py']
[0.390s] Level 1:colcon.colcon_core.package_identification:_identify(.) by extension 'python_setup_py'
[0.391s] Level 1:colcon.colcon_core.package_identification:_identify(build) by extensions ['ignore', 'ignore_ament_install']
[0.391s] Level 1:colcon.colcon_core.package_identification:_identify(build) by extension 'ignore'
[0.391s] Level 1:colcon.colcon_core.package_identification:_identify(build) ignored
[0.391s] Level 1:colcon.colcon_core.package_identification:_identify(install) by extensions ['ignore', 'ignore_ament_install']
[0.391s] Level 1:colcon.colcon_core.package_identification:_identify(install) by extension 'ignore'
[0.391s] Level 1:colcon.colcon_core.package_identification:_identify(install) ignored
[0.391s] Level 1:colcon.colcon_core.package_identification:_identify(log) by extensions ['ignore', 'ignore_ament_install']
[0.391s] Level 1:colcon.colcon_core.package_identification:_identify(log) by extension 'ignore'
[0.391s] Level 1:colcon.colcon_core.package_identification:_identify(log) ignored
[0.392s] Level 1:colcon.colcon_core.package_identification:_identify(src) by extensions ['ignore', 'ignore_ament_install']
[0.392s] Level 1:colcon.colcon_core.package_identification:_identify(src) by extension 'ignore'
[0.392s] Level 1:colcon.colcon_core.package_identification:_identify(src) by extension 'ignore_ament_install'
[0.392s] Level 1:colcon.colcon_core.package_identification:_identify(src) by extensions ['colcon_pkg']
[0.392s] Level 1:colcon.colcon_core.package_identification:_identify(src) by extension 'colcon_pkg'
[0.392s] Level 1:colcon.colcon_core.package_identification:_identify(src) by extensions ['colcon_meta']
[0.392s] Level 1:colcon.colcon_core.package_identification:_identify(src) by extension 'colcon_meta'
[0.392s] Level 1:colcon.colcon_core.package_identification:_identify(src) by extensions ['ros']
[0.392s] Level 1:colcon.colcon_core.package_identification:_identify(src) by extension 'ros'
[0.392s] Level 1:colcon.colcon_core.package_identification:_identify(src) by extensions ['cmake', 'python']
[0.392s] Level 1:colcon.colcon_core.package_identification:_identify(src) by extension 'cmake'
[0.392s] Level 1:colcon.colcon_core.package_identification:_identify(src) by extension 'python'
[0.392s] Level 1:colcon.colcon_core.package_identification:_identify(src) by extensions ['python_setup_py']
[0.392s] Level 1:colcon.colcon_core.package_identification:_identify(src) by extension 'python_setup_py'
[0.392s] Level 1:colcon.colcon_core.package_identification:_identify(src/navigation_) by extensions ['ignore', 'ignore_ament_install']
[0.392s] Level 1:colcon.colcon_core.package_identification:_identify(src/navigation_) by extension 'ignore'
[0.392s] Level 1:colcon.colcon_core.package_identification:_identify(src/navigation_) by extension 'ignore_ament_install'
[0.393s] Level 1:colcon.colcon_core.package_identification:_identify(src/navigation_) by extensions ['colcon_pkg']
[0.393s] Level 1:colcon.colcon_core.package_identification:_identify(src/navigation_) by extension 'colcon_pkg'
[0.393s] Level 1:colcon.colcon_core.package_identification:_identify(src/navigation_) by extensions ['colcon_meta']
[0.393s] Level 1:colcon.colcon_core.package_identification:_identify(src/navigation_) by extension 'colcon_meta'
[0.393s] Level 1:colcon.colcon_core.package_identification:_identify(src/navigation_) by extensions ['ros']
[0.393s] Level 1:colcon.colcon_core.package_identification:_identify(src/navigation_) by extension 'ros'
[0.395s] DEBUG:colcon.colcon_core.package_identification:Package 'src/navigation_' with type 'ros.ament_cmake' and name 'navigation_'
[0.395s] Level 1:colcon.colcon_core.package_identification:_identify(src/nodes) by extensions ['ignore', 'ignore_ament_install']
[0.396s] Level 1:colcon.colcon_core.package_identification:_identify(src/nodes) by extension 'ignore'
[0.396s] Level 1:colcon.colcon_core.package_identification:_identify(src/nodes) by extension 'ignore_ament_install'
[0.396s] Level 1:colcon.colcon_core.package_identification:_identify(src/nodes) by extensions ['colcon_pkg']
[0.396s] Level 1:colcon.colcon_core.package_identification:_identify(src/nodes) by extension 'colcon_pkg'
[0.396s] Level 1:colcon.colcon_core.package_identification:_identify(src/nodes) by extensions ['colcon_meta']
[0.396s] Level 1:colcon.colcon_core.package_identification:_identify(src/nodes) by extension 'colcon_meta'
[0.396s] Level 1:colcon.colcon_core.package_identification:_identify(src/nodes) by extensions ['ros']
[0.396s] Level 1:colcon.colcon_core.package_identification:_identify(src/nodes) by extension 'ros'
[0.397s] DEBUG:colcon.colcon_core.package_identification:Package 'src/nodes' with type 'ros.ament_cmake' and name 'nodes'
[0.397s] Level 1:colcon.colcon_core.package_discovery:discover_packages(recursive) using defaults
[0.397s] Level 1:colcon.colcon_core.package_discovery:discover_packages(ignore) discover
[0.397s] Level 1:colcon.colcon_core.package_discovery:discover_packages(ignore) using defaults
[0.397s] Level 1:colcon.colcon_core.package_discovery:discover_packages(path) discover
[0.397s] Level 1:colcon.colcon_core.package_discovery:discover_packages(path) using defaults
[0.418s] Level 1:colcon.colcon_core.package_discovery:discover_packages(prefix_path) check parameters
[0.418s] Level 1:colcon.colcon_core.package_discovery:discover_packages(prefix_path) discover
[0.420s] DEBUG:colcon.colcon_installed_package_information.package_discovery:Found 2 installed packages in /home/catia/ros2_ws/install
[0.422s] DEBUG:colcon.colcon_installed_package_information.package_discovery:Found 384 installed packages in /opt/ros/humble
[0.431s] Level 1:colcon.colcon_core.package_discovery:discover_packages(prefix_path) using defaults
[0.465s] Level 5:colcon.colcon_core.verb:set package 'navigation_' build argument 'cmake_args' from command line to 'None'
[0.465s] Level 5:colcon.colcon_core.verb:set package 'navigation_' build argument 'cmake_target' from command line to 'None'
[0.465s] Level 5:colcon.colcon_core.verb:set package 'navigation_' build argument 'cmake_target_skip_unavailable' from command line to 'False'
[0.465s] Level 5:colcon.colcon_core.verb:set package 'navigation_' build argument 'cmake_clean_cache' from command line to 'False'
[0.465s] Level 5:colcon.colcon_core.verb:set package 'navigation_' build argument 'cmake_clean_first' from command line to 'False'
[0.465s] Level 5:colcon.colcon_core.verb:set package 'navigation_' build argument 'cmake_force_configure' from command line to 'False'
[0.465s] Level 5:colcon.colcon_core.verb:set package 'navigation_' build argument 'ament_cmake_args' from command line to 'None'
[0.466s] Level 5:colcon.colcon_core.verb:set package 'navigation_' build argument 'catkin_cmake_args' from command line to 'None'
[0.466s] Level 5:colcon.colcon_core.verb:set package 'navigation_' build argument 'catkin_skip_building_tests' from command line to 'False'
[0.466s] DEBUG:colcon.colcon_core.verb:Building package 'navigation_' with the following arguments: {'ament_cmake_args': None, 'build_base': '/home/catia/ros2_ws/build/navigation_', 'catkin_cmake_args': None, 'catkin_skip_building_tests': False, 'cmake_args': None, 'cmake_clean_cache': False, 'cmake_clean_first': False, 'cmake_force_configure': False, 'cmake_target': None, 'cmake_target_skip_unavailable': False, 'install_base': '/home/catia/ros2_ws/install/navigation_', 'merge_install': False, 'path': '/home/catia/ros2_ws/src/navigation_', 'symlink_install': False, 'test_result_base': None}
[0.466s] Level 5:colcon.colcon_core.verb:set package 'nodes' build argument 'cmake_args' from command line to 'None'
[0.466s] Level 5:colcon.colcon_core.verb:set package 'nodes' build argument 'cmake_target' from command line to 'None'
[0.466s] Level 5:colcon.colcon_core.verb:set package 'nodes' build argument 'cmake_target_skip_unavailable' from command line to 'False'
[0.466s] Level 5:colcon.colcon_core.verb:set package 'nodes' build argument 'cmake_clean_cache' from command line to 'False'
[0.466s] Level 5:colcon.colcon_core.verb:set package 'nodes' build argument 'cmake_clean_first' from command line to 'False'
[0.466s] Level 5:colcon.colcon_core.verb:set package 'nodes' build argument 'cmake_force_configure' from command line to 'False'
[0.466s] Level 5:colcon.colcon_core.verb:set package 'nodes' build argument 'ament_cmake_args' from command line to 'None'
[0.466s] Level 5:colcon.colcon_core.verb:set package 'nodes' build argument 'catkin_cmake_args' from command line to 'None'
[0.466s] Level 5:colcon.colcon_core.verb:set package 'nodes' build argument 'catkin_skip_building_tests' from command line to 'False'
[0.466s] DEBUG:colcon.colcon_core.verb:Building package 'nodes' with the following arguments: {'ament_cmake_args': None, 'build_base': '/home/catia/ros2_ws/build/nodes', 'catkin_cmake_args': None, 'catkin_skip_building_tests': False, 'cmake_args': None, 'cmake_clean_cache': False, 'cmake_clean_first': False, 'cmake_force_configure': False, 'cmake_target': None, 'cmake_target_skip_unavailable': False, 'install_base': '/home/catia/ros2_ws/install/nodes', 'merge_install': False, 'path': '/home/catia/ros2_ws/src/nodes', 'symlink_install': False, 'test_result_base': None}
[0.466s] INFO:colcon.colcon_core.executor:Executing jobs using 'parallel' executor
[0.467s] DEBUG:colcon.colcon_parallel_executor.executor.parallel:run_until_complete
[0.468s] INFO:colcon.colcon_ros.task.ament_cmake.build:Building ROS package in '/home/catia/ros2_ws/src/navigation_' with build type 'ament_cmake'
[0.468s] INFO:colcon.colcon_cmake.task.cmake.build:Building CMake package in '/home/catia/ros2_ws/src/navigation_'
[0.471s] INFO:colcon.colcon_core.plugin_system:Skipping extension 'colcon_core.shell.bat': Not used on non-Windows systems
[0.471s] INFO:colcon.colcon_core.shell:Skip shell extension 'powershell' for command environment: Not usable outside of PowerShell
[0.472s] DEBUG:colcon.colcon_core.shell:Skip shell extension 'dsv' for command environment
[0.474s] INFO:colcon.colcon_ros.task.ament_cmake.build:Building ROS package in '/home/catia/ros2_ws/src/nodes' with build type 'ament_cmake'
[0.475s] INFO:colcon.colcon_cmake.task.cmake.build:Building CMake package in '/home/catia/ros2_ws/src/nodes'
[0.475s] INFO:colcon.colcon_core.shell:Skip shell extension 'powershell' for command environment: Not usable outside of PowerShell
[0.475s] DEBUG:colcon.colcon_core.shell:Skip shell extension 'dsv' for command environment
[0.482s] DEBUG:colcon.colcon_core.event_handler.log_command:Invoking command in '/home/catia/ros2_ws/build/navigation_': CMAKE_PREFIX_PATH=${CMAKE_PREFIX_PATH}:/opt/ros/humble /usr/bin/cmake --build /home/catia/ros2_ws/build/navigation_ -- -j8 -l8
[0.487s] DEBUG:colcon.colcon_core.event_handler.log_command:Invoking command in '/home/catia/ros2_ws/build/nodes': CMAKE_PREFIX_PATH=${CMAKE_PREFIX_PATH}:/opt/ros/humble /usr/bin/cmake --build /home/catia/ros2_ws/build/nodes -- -j8 -l8
[0.578s] DEBUG:colcon.colcon_core.event_handler.log_command:Invoked command in '/home/catia/ros2_ws/build/nodes' returned '0': CMAKE_PREFIX_PATH=${CMAKE_PREFIX_PATH}:/opt/ros/humble /usr/bin/cmake --build /home/catia/ros2_ws/build/nodes -- -j8 -l8
[0.606s] DEBUG:colcon.colcon_core.event_handler.log_command:Invoking command in '/home/catia/ros2_ws/build/nodes': CMAKE_PREFIX_PATH=${CMAKE_PREFIX_PATH}:/opt/ros/humble /usr/bin/cmake --install /home/catia/ros2_ws/build/nodes
[0.616s] Level 1:colcon.colcon_core.environment:create_environment_scripts_only(nodes)
[0.617s] DEBUG:colcon.colcon_core.event_handler.log_command:Invoked command in '/home/catia/ros2_ws/build/nodes' returned '0': CMAKE_PREFIX_PATH=${CMAKE_PREFIX_PATH}:/opt/ros/humble /usr/bin/cmake --install /home/catia/ros2_ws/build/nodes
[0.621s] Level 1:colcon.colcon_core.environment:checking '/home/catia/ros2_ws/install/nodes' for CMake module files
[0.621s] Level 1:colcon.colcon_core.environment:checking '/home/catia/ros2_ws/install/nodes' for CMake config files
[0.621s] Level 1:colcon.colcon_core.shell:create_environment_hook('nodes', 'cmake_prefix_path')
[0.621s] INFO:colcon.colcon_core.shell:Creating environment hook '/home/catia/ros2_ws/install/nodes/share/nodes/hook/cmake_prefix_path.ps1'
[0.622s] INFO:colcon.colcon_core.shell:Creating environment descriptor '/home/catia/ros2_ws/install/nodes/share/nodes/hook/cmake_prefix_path.dsv'
[0.623s] INFO:colcon.colcon_core.shell:Creating environment hook '/home/catia/ros2_ws/install/nodes/share/nodes/hook/cmake_prefix_path.sh'
[0.624s] Level 1:colcon.colcon_core.environment:checking '/home/catia/ros2_ws/install/nodes/lib'
[0.624s] Level 1:colcon.colcon_core.environment:checking '/home/catia/ros2_ws/install/nodes/bin'
[0.624s] Level 1:colcon.colcon_core.environment:checking '/home/catia/ros2_ws/install/nodes/lib/pkgconfig/nodes.pc'
[0.624s] Level 1:colcon.colcon_core.environment:checking '/home/catia/ros2_ws/install/nodes/lib/python3.10/site-packages'
[0.624s] Level 1:colcon.colcon_core.environment:checking '/home/catia/ros2_ws/install/nodes/bin'
[0.625s] INFO:colcon.colcon_core.shell:Creating package script '/home/catia/ros2_ws/install/nodes/share/nodes/package.ps1'
[0.625s] INFO:colcon.colcon_core.shell:Creating package descriptor '/home/catia/ros2_ws/install/nodes/share/nodes/package.dsv'
[0.626s] INFO:colcon.colcon_core.shell:Creating package script '/home/catia/ros2_ws/install/nodes/share/nodes/package.sh'
[0.626s] INFO:colcon.colcon_core.shell:Creating package script '/home/catia/ros2_ws/install/nodes/share/nodes/package.bash'
[0.627s] INFO:colcon.colcon_core.shell:Creating package script '/home/catia/ros2_ws/install/nodes/share/nodes/package.zsh'
[0.628s] Level 1:colcon.colcon_core.environment:create_file_with_runtime_dependencies(/home/catia/ros2_ws/install/nodes/share/colcon-core/packages/nodes)
[0.647s] Level 1:colcon.colcon_core.environment:create_environment_scripts_only(nodes)
[0.647s] Level 1:colcon.colcon_core.environment:checking '/home/catia/ros2_ws/install/nodes' for CMake module files
[0.648s] Level 1:colcon.colcon_core.environment:checking '/home/catia/ros2_ws/install/nodes' for CMake config files
[0.648s] Level 1:colcon.colcon_core.shell:create_environment_hook('nodes', 'cmake_prefix_path')
[0.648s] INFO:colcon.colcon_core.shell:Creating environment hook '/home/catia/ros2_ws/install/nodes/share/nodes/hook/cmake_prefix_path.ps1'
[0.649s] INFO:colcon.colcon_core.shell:Creating environment descriptor '/home/catia/ros2_ws/install/nodes/share/nodes/hook/cmake_prefix_path.dsv'
[0.649s] INFO:colcon.colcon_core.shell:Creating environment hook '/home/catia/ros2_ws/install/nodes/share/nodes/hook/cmake_prefix_path.sh'
[0.649s] Level 1:colcon.colcon_core.environment:checking '/home/catia/ros2_ws/install/nodes/lib'
[0.649s] Level 1:colcon.colcon_core.environment:checking '/home/catia/ros2_ws/install/nodes/bin'
[0.649s] Level 1:colcon.colcon_core.environment:checking '/home/catia/ros2_ws/install/nodes/lib/pkgconfig/nodes.pc'
[0.650s] Level 1:colcon.colcon_core.environment:checking '/home/catia/ros2_ws/install/nodes/lib/python3.10/site-packages'
[0.650s] Level 1:colcon.colcon_core.environment:checking '/home/catia/ros2_ws/install/nodes/bin'
[0.650s] INFO:colcon.colcon_core.shell:Creating package script '/home/catia/ros2_ws/install/nodes/share/nodes/package.ps1'
[0.651s] INFO:colcon.colcon_core.shell:Creating package descriptor '/home/catia/ros2_ws/install/nodes/share/nodes/package.dsv'
[0.651s] INFO:colcon.colcon_core.shell:Creating package script '/home/catia/ros2_ws/install/nodes/share/nodes/package.sh'
[0.651s] INFO:colcon.colcon_core.shell:Creating package script '/home/catia/ros2_ws/install/nodes/share/nodes/package.bash'
[0.652s] INFO:colcon.colcon_core.shell:Creating package script '/home/catia/ros2_ws/install/nodes/share/nodes/package.zsh'
[0.652s] Level 1:colcon.colcon_core.environment:create_file_with_runtime_dependencies(/home/catia/ros2_ws/install/nodes/share/colcon-core/packages/nodes)
[5.041s] DEBUG:colcon.colcon_core.event_handler.log_command:Invoked command in '/home/catia/ros2_ws/build/navigation_' returned '0': CMAKE_PREFIX_PATH=${CMAKE_PREFIX_PATH}:/opt/ros/humble /usr/bin/cmake --build /home/catia/ros2_ws/build/navigation_ -- -j8 -l8
[5.067s] DEBUG:colcon.colcon_core.event_handler.log_command:Invoking command in '/home/catia/ros2_ws/build/navigation_': CMAKE_PREFIX_PATH=${CMAKE_PREFIX_PATH}:/opt/ros/humble /usr/bin/cmake --install /home/catia/ros2_ws/build/navigation_
[5.081s] Level 1:colcon.colcon_core.environment:create_environment_scripts_only(navigation_)
[5.081s] Level 1:colcon.colcon_core.environment:checking '/home/catia/ros2_ws/install/navigation_' for CMake module files
[5.081s] DEBUG:colcon.colcon_core.event_handler.log_command:Invoked command in '/home/catia/ros2_ws/build/navigation_' returned '0': CMAKE_PREFIX_PATH=${CMAKE_PREFIX_PATH}:/opt/ros/humble /usr/bin/cmake --install /home/catia/ros2_ws/build/navigation_
[5.082s] Level 1:colcon.colcon_core.environment:checking '/home/catia/ros2_ws/install/navigation_' for CMake config files
[5.082s] Level 1:colcon.colcon_core.shell:create_environment_hook('navigation_', 'cmake_prefix_path')
[5.082s] INFO:colcon.colcon_core.shell:Creating environment hook '/home/catia/ros2_ws/install/navigation_/share/navigation_/hook/cmake_prefix_path.ps1'
[5.082s] INFO:colcon.colcon_core.shell:Creating environment descriptor '/home/catia/ros2_ws/install/navigation_/share/navigation_/hook/cmake_prefix_path.dsv'
[5.083s] INFO:colcon.colcon_core.shell:Creating environment hook '/home/catia/ros2_ws/install/navigation_/share/navigation_/hook/cmake_prefix_path.sh'
[5.083s] Level 1:colcon.colcon_core.environment:checking '/home/catia/ros2_ws/install/navigation_/lib'
[5.083s] Level 1:colcon.colcon_core.environment:checking '/home/catia/ros2_ws/install/navigation_/bin'
[5.083s] Level 1:colcon.colcon_core.environment:checking '/home/catia/ros2_ws/install/navigation_/lib/pkgconfig/navigation_.pc'
[5.083s] Level 1:colcon.colcon_core.environment:checking '/home/catia/ros2_ws/install/navigation_/lib/python3.10/site-packages'
[5.084s] Level 1:colcon.colcon_core.environment:checking '/home/catia/ros2_ws/install/navigation_/bin'
[5.084s] INFO:colcon.colcon_core.shell:Creating package script '/home/catia/ros2_ws/install/navigation_/share/navigation_/package.ps1'
[5.084s] INFO:colcon.colcon_core.shell:Creating package descriptor '/home/catia/ros2_ws/install/navigation_/share/navigation_/package.dsv'
[5.084s] INFO:colcon.colcon_core.shell:Creating package script '/home/catia/ros2_ws/install/navigation_/share/navigation_/package.sh'
[5.085s] INFO:colcon.colcon_core.shell:Creating package script '/home/catia/ros2_ws/install/navigation_/share/navigation_/package.bash'
[5.085s] INFO:colcon.colcon_core.shell:Creating package script '/home/catia/ros2_ws/install/navigation_/share/navigation_/package.zsh'
[5.085s] Level 1:colcon.colcon_core.environment:create_file_with_runtime_dependencies(/home/catia/ros2_ws/install/navigation_/share/colcon-core/packages/navigation_)
[5.109s] Level 1:colcon.colcon_core.environment:create_environment_scripts_only(navigation_)
[5.109s] Level 1:colcon.colcon_core.environment:checking '/home/catia/ros2_ws/install/navigation_' for CMake module files
[5.110s] Level 1:colcon.colcon_core.environment:checking '/home/catia/ros2_ws/install/navigation_' for CMake config files
[5.110s] Level 1:colcon.colcon_core.shell:create_environment_hook('navigation_', 'cmake_prefix_path')
[5.110s] INFO:colcon.colcon_core.shell:Creating environment hook '/home/catia/ros2_ws/install/navigation_/share/navigation_/hook/cmake_prefix_path.ps1'
[5.111s] INFO:colcon.colcon_core.shell:Creating environment descriptor '/home/catia/ros2_ws/install/navigation_/share/navigation_/hook/cmake_prefix_path.dsv'
[5.111s] INFO:colcon.colcon_core.shell:Creating environment hook '/home/catia/ros2_ws/install/navigation_/share/navigation_/hook/cmake_prefix_path.sh'
[5.112s] Level 1:colcon.colcon_core.environment:checking '/home/catia/ros2_ws/install/navigation_/lib'
[5.112s] Level 1:colcon.colcon_core.environment:checking '/home/catia/ros2_ws/install/navigation_/bin'
[5.112s] Level 1:colcon.colcon_core.environment:checking '/home/catia/ros2_ws/install/navigation_/lib/pkgconfig/navigation_.pc'
[5.112s] Level 1:colcon.colcon_core.environment:checking '/home/catia/ros2_ws/install/navigation_/lib/python3.10/site-packages'
[5.112s] Level 1:colcon.colcon_core.environment:checking '/home/catia/ros2_ws/install/navigation_/bin'
[5.113s] INFO:colcon.colcon_core.shell:Creating package script '/home/catia/ros2_ws/install/navigation_/share/navigation_/package.ps1'
[5.113s] INFO:colcon.colcon_core.shell:Creating package descriptor '/home/catia/ros2_ws/install/navigation_/share/navigation_/package.dsv'
[5.114s] INFO:colcon.colcon_core.shell:Creating package script '/home/catia/ros2_ws/install/navigation_/share/navigation_/package.sh'
[5.114s] INFO:colcon.colcon_core.shell:Creating package script '/home/catia/ros2_ws/install/navigation_/share/navigation_/package.bash'
[5.115s] INFO:colcon.colcon_core.shell:Creating package script '/home/catia/ros2_ws/install/navigation_/share/navigation_/package.zsh'
[5.115s] Level 1:colcon.colcon_core.environment:create_file_with_runtime_dependencies(/home/catia/ros2_ws/install/navigation_/share/colcon-core/packages/navigation_)
[5.115s] DEBUG:colcon.colcon_parallel_executor.executor.parallel:closing loop
[5.116s] DEBUG:colcon.colcon_parallel_executor.executor.parallel:loop closed
[5.116s] DEBUG:colcon.colcon_parallel_executor.executor.parallel:run_until_complete finished with '0'
[5.116s] DEBUG:colcon.colcon_core.event_reactor:joining thread
[5.121s] INFO:colcon.colcon_core.plugin_system:Skipping extension 'colcon_notification.desktop_notification.terminal_notifier': Not used on non-Darwin systems
[5.121s] INFO:colcon.colcon_core.plugin_system:Skipping extension 'colcon_notification.desktop_notification.win32': Not used on non-Windows systems
[5.121s] INFO:colcon.colcon_notification.desktop_notification:Sending desktop notification using 'notify2'
[5.137s] DEBUG:colcon.colcon_core.event_reactor:joined thread
[5.137s] INFO:colcon.colcon_core.shell:Creating prefix script '/home/catia/ros2_ws/install/local_setup.ps1'
[5.138s] INFO:colcon.colcon_core.shell:Creating prefix util module '/home/catia/ros2_ws/install/_local_setup_util_ps1.py'
[5.140s] INFO:colcon.colcon_core.shell:Creating prefix chain script '/home/catia/ros2_ws/install/setup.ps1'
[5.141s] INFO:colcon.colcon_core.shell:Creating prefix script '/home/catia/ros2_ws/install/local_setup.sh'
[5.141s] INFO:colcon.colcon_core.shell:Creating prefix util module '/home/catia/ros2_ws/install/_local_setup_util_sh.py'
[5.142s] INFO:colcon.colcon_core.shell:Creating prefix chain script '/home/catia/ros2_ws/install/setup.sh'
[5.144s] INFO:colcon.colcon_core.shell:Creating prefix script '/home/catia/ros2_ws/install/local_setup.bash'
[5.144s] INFO:colcon.colcon_core.shell:Creating prefix chain script '/home/catia/ros2_ws/install/setup.bash'
[5.145s] INFO:colcon.colcon_core.shell:Creating prefix script '/home/catia/ros2_ws/install/local_setup.zsh'
[5.146s] INFO:colcon.colcon_core.shell:Creating prefix chain script '/home/catia/ros2_ws/install/setup.zsh'
