[0.000000] (-) TimerEvent: {}
[0.000179] (nodes) JobQueued: {'identifier': 'nodes', 'dependencies': OrderedDict()}
[0.000247] (nodes) JobStarted: {'identifier': 'nodes'}
[0.006852] (nodes) JobProgress: {'identifier': 'nodes', 'progress': 'cmake'}
[0.007912] (nodes) JobProgress: {'identifier': 'nodes', 'progress': 'build'}
[0.007969] (nodes) Command: {'cmd': ['/usr/bin/cmake', '--build', '/home/catia/ros2_ws/build/nodes', '--', '-j8', '-l8'], 'cwd': '/home/catia/ros2_ws/build/nodes', 'env': OrderedDict([('GJS_DEBUG_TOPICS', 'JS ERROR;JS LOG'), ('USER', 'catia'), ('LC_TIME', 'it_IT.UTF-8'), ('GIO_MODULE_DIR', '/home/catia/snap/code/common/.cache/gio-modules'), ('XDG_SESSION_TYPE', 'wayland'), ('GIT_ASKPASS', '/snap/code/167/usr/share/code/resources/app/extensions/git/dist/askpass.sh'), ('GTK_EXE_PREFIX_VSCODE_SNAP_ORIG', ''), ('GDK_BACKEND_VSCODE_SNAP_ORIG', ''), ('SHLVL', '1'), ('LD_LIBRARY_PATH', '/usr/lib/x86_64-linux-gnu/gazebo-11/plugins:/opt/ros/humble/opt/rviz_ogre_vendor/lib:/opt/ros/humble/lib/x86_64-linux-gnu:/opt/ros/humble/lib'), ('HOME', '/home/catia'), ('CHROME_DESKTOP', 'code-url-handler.desktop'), ('LOCPATH_VSCODE_SNAP_ORIG', ''), ('TERM_PROGRAM_VERSION', '1.92.2'), ('DESKTOP_SESSION', 'ubuntu'), ('GTK_PATH', '/snap/code/167/usr/lib/x86_64-linux-gnu/gtk-3.0'), ('GTK_IM_MODULE_FILE', '/home/catia/snap/code/common/.cache/immodules/immodules.cache'), ('GIO_LAUNCHED_DESKTOP_FILE', '/var/lib/snapd/desktop/applications/code_code.desktop'), ('ROS_PYTHON_VERSION', '3'), ('GNOME_SHELL_SESSION_MODE', 'ubuntu'), ('GTK_MODULES', 'gail:atk-bridge'), ('GSETTINGS_SCHEMA_DIR_VSCODE_SNAP_ORIG', ''), ('VSCODE_GIT_ASKPASS_MAIN', '/snap/code/167/usr/share/code/resources/app/extensions/git/dist/askpass-main.js'), ('LC_MONETARY', 'it_IT.UTF-8'), ('VSCODE_GIT_ASKPASS_NODE', '/snap/code/167/usr/share/code/code'), ('MANAGERPID', '1337'), ('SYSTEMD_EXEC_PID', '1513'), ('IM_CONFIG_CHECK_ENV', '1'), ('DBUS_SESSION_BUS_ADDRESS', 'unix:path=/run/user/1000/bus'), ('COLORTERM', 'truecolor'), ('GIO_LAUNCHED_DESKTOP_FILE_PID', '3234'), ('IM_CONFIG_PHASE', '1'), ('WAYLAND_DISPLAY', 'wayland-0'), ('COLCON_PREFIX_PATH', '/home/catia/ros2_ws/install'), ('ROS_DISTRO', 'humble'), ('LOGNAME', 'catia'), ('JOURNAL_STREAM', '8:33933'), ('_', '/usr/bin/colcon'), ('ROS_VERSION', '2'), ('XDG_CONFIG_DIRS_VSCODE_SNAP_ORIG', '/etc/xdg/xdg-ubuntu:/etc/xdg'), ('XDG_SESSION_CLASS', 'user'), ('XDG_DATA_DIRS_VSCODE_SNAP_ORIG', '/usr/share/ubuntu:/usr/local/share/:/usr/share/:/var/lib/snapd/desktop'), ('USERNAME', 'catia'), ('TERM', 'xterm-256color'), ('GNOME_DESKTOP_SESSION_ID', 'this-is-deprecated'), ('ROS_LOCALHOST_ONLY', '0'), ('PATH', '/opt/ros/humble/bin:/usr/local/sbin:/usr/local/bin:/usr/sbin:/usr/bin:/sbin:/bin:/usr/games:/usr/local/games:/snap/bin:/snap/bin'), ('SESSION_MANAGER', 'local/cat:@/tmp/.ICE-unix/1486,unix/cat:/tmp/.ICE-unix/1486'), ('GTK_EXE_PREFIX', '/snap/code/167/usr'), ('INVOCATION_ID', '511e09a5525946e5bd035cc3ecb9e211'), ('XDG_MENU_PREFIX', 'gnome-'), ('LC_ADDRESS', 'it_IT.UTF-8'), ('BAMF_DESKTOP_FILE_HINT', '/var/lib/snapd/desktop/applications/code_code.desktop'), ('GNOME_SETUP_DISPLAY', ':1'), ('XDG_RUNTIME_DIR', '/run/user/1000'), ('GDK_BACKEND', 'x11'), ('DISPLAY', ':0'), ('LOCPATH', '/snap/code/167/usr/lib/locale'), ('LANG', 'en_US.UTF-8'), ('XDG_CURRENT_DESKTOP', 'Unity'), ('LC_TELEPHONE', 'it_IT.UTF-8'), ('GIO_MODULE_DIR_VSCODE_SNAP_ORIG', ''), ('XMODIFIERS', '@im=ibus'), ('XDG_SESSION_DESKTOP', 'ubuntu'), ('XAUTHORITY', '/run/user/1000/.mutter-Xwaylandauth.U5BUS2'), ('VSCODE_GIT_IPC_HANDLE', '/run/user/1000/vscode-git-48368becc8.sock'), ('TERM_PROGRAM', 'vscode'), ('SSH_AGENT_LAUNCHER', 'gnome-keyring'), ('SSH_AUTH_SOCK', '/run/user/1000/keyring/ssh'), ('GSETTINGS_SCHEMA_DIR', '/home/catia/snap/code/167/.local/share/glib-2.0/schemas'), ('AMENT_PREFIX_PATH', '/home/catia/ros2_ws/install/nodes:/opt/ros/humble'), ('ORIGINAL_XDG_CURRENT_DESKTOP', 'ubuntu:GNOME'), ('SHELL', '/bin/bash'), ('LC_NAME', 'it_IT.UTF-8'), ('QT_ACCESSIBILITY', '1'), ('GDMSESSION', 'ubuntu'), ('GTK_PATH_VSCODE_SNAP_ORIG', ''), ('GTK_IM_MODULE_FILE_VSCODE_SNAP_ORIG', ''), ('LC_MEASUREMENT', 'it_IT.UTF-8'), ('GJS_DEBUG_OUTPUT', 'stderr'), ('LC_IDENTIFICATION', 'it_IT.UTF-8'), ('VSCODE_GIT_ASKPASS_EXTRA_ARGS', ''), ('QT_IM_MODULE', 'ibus'), ('PWD', '/home/catia/ros2_ws/build/nodes'), ('TURTLEBOT3_MODEL', 'waffle'), ('LC_ALL', 'en_US.UTF-8'), ('XDG_CONFIG_DIRS', '/etc/xdg/xdg-ubuntu:/etc/xdg'), ('XDG_DATA_DIRS', '/home/catia/snap/code/167/.local/share:/home/catia/snap/code/167:/snap/code/167/usr/share:/usr/share/ubuntu:/usr/local/share/:/usr/share/:/var/lib/snapd/desktop'), ('PYTHONPATH', '/opt/ros/humble/lib/python3.10/site-packages:/opt/ros/humble/local/lib/python3.10/dist-packages'), ('LC_NUMERIC', 'it_IT.UTF-8'), ('LC_PAPER', 'it_IT.UTF-8'), ('COLCON', '1'), ('CMAKE_PREFIX_PATH', '/home/catia/ros2_ws/install/nodes:/opt/ros/humble')]), 'shell': False}
[0.042210] (nodes) StdoutLine: {'line': b'\x1b[35m\x1b[1mConsolidate compiler generated dependencies of target laser_pub\x1b[0m\n'}
[0.052979] (nodes) StdoutLine: {'line': b'[ 66%] Built target pub_node\n'}
[0.053164] (nodes) StdoutLine: {'line': b'[ 66%] Built target sub_node\n'}
[0.056847] (nodes) StdoutLine: {'line': b'[ 83%] \x1b[32mBuilding CXX object CMakeFiles/laser_pub.dir/src/laser_publisher.cpp.o\x1b[0m\n'}
[0.099252] (-) TimerEvent: {}
[0.199580] (-) TimerEvent: {}
[0.299913] (-) TimerEvent: {}
[0.400225] (-) TimerEvent: {}
[0.500532] (-) TimerEvent: {}
[0.600871] (-) TimerEvent: {}
[0.701202] (-) TimerEvent: {}
[0.801509] (-) TimerEvent: {}
[0.901849] (-) TimerEvent: {}
[1.002181] (-) TimerEvent: {}
[1.102515] (-) TimerEvent: {}
[1.202838] (-) TimerEvent: {}
[1.303184] (-) TimerEvent: {}
[1.403528] (-) TimerEvent: {}
[1.503865] (-) TimerEvent: {}
[1.604216] (-) TimerEvent: {}
[1.704531] (-) TimerEvent: {}
[1.797804] (nodes) StderrLine: {'line': b'\x1b[01m\x1b[K/home/catia/ros2_ws/src/nodes/src/laser_publisher.cpp:16:5:\x1b[m\x1b[K \x1b[01;31m\x1b[Kerror: \x1b[m\x1b[KISO C++ forbids declaration of \xe2\x80\x98\x1b[01m\x1b[KMinimalPublisher\x1b[m\x1b[K\xe2\x80\x99 with no type [\x1b[01;31m\x1b[K\x1b]8;;https://gcc.gnu.org/onlinedocs/gcc/Warning-Options.html#index-fpermissive\x07-fpermissive\x1b]8;;\x07\x1b[m\x1b[K]\n'}
[1.797992] (nodes) StderrLine: {'line': b'   16 |     \x1b[01;31m\x1b[KMinimalPublisher\x1b[m\x1b[K()\n'}
[1.798047] (nodes) StderrLine: {'line': b'      |     \x1b[01;31m\x1b[K^~~~~~~~~~~~~~~~\x1b[m\x1b[K\n'}
[1.800963] (nodes) StderrLine: {'line': b'\x1b[01m\x1b[K/home/catia/ros2_ws/src/nodes/src/laser_publisher.cpp:\x1b[m\x1b[K In member function \xe2\x80\x98\x1b[01m\x1b[Kint LaserPublisher::MinimalPublisher()\x1b[m\x1b[K\xe2\x80\x99:\n'}
[1.801116] (nodes) StderrLine: {'line': b'\x1b[01m\x1b[K/home/catia/ros2_ws/src/nodes/src/laser_publisher.cpp:17:7:\x1b[m\x1b[K \x1b[01;31m\x1b[Kerror: \x1b[m\x1b[Konly constructors take member initializers\n'}
[1.801169] (nodes) StderrLine: {'line': b'   17 |     : \x1b[01;31m\x1b[KNode\x1b[m\x1b[K("minimal_publisher"),\n'}
[1.801215] (nodes) StderrLine: {'line': b'      |       \x1b[01;31m\x1b[K^~~~\x1b[m\x1b[K\n'}
[1.801261] (nodes) StderrLine: {'line': b'\x1b[01m\x1b[K/home/catia/ros2_ws/src/nodes/src/laser_publisher.cpp:18:5:\x1b[m\x1b[K \x1b[01;31m\x1b[Kerror: \x1b[m\x1b[Kexpected identifier before \xe2\x80\x98\x1b[01m\x1b[K{\x1b[m\x1b[K\xe2\x80\x99 token\n'}
[1.801307] (nodes) StderrLine: {'line': b'   18 |     \x1b[01;31m\x1b[K{\x1b[m\x1b[K\n'}
[1.801351] (nodes) StderrLine: {'line': b'      |     \x1b[01;31m\x1b[K^\x1b[m\x1b[K\n'}
[1.802929] (nodes) StderrLine: {'line': b'\x1b[01m\x1b[K/home/catia/ros2_ws/src/nodes/src/laser_publisher.cpp:20:63:\x1b[m\x1b[K \x1b[01;31m\x1b[Kerror: \x1b[m\x1b[K\xe2\x80\x98\x1b[01m\x1b[KMinimalPublisher\x1b[m\x1b[K\xe2\x80\x99 is not a class, namespace, or enumeration\n'}
[1.803052] (nodes) StderrLine: {'line': b'   20 |       laser_timer = this->create_wall_timer(500ms, std::bind(&\x1b[01;31m\x1b[KMinimalPublisher\x1b[m\x1b[K::laser_callback,this));\n'}
[1.803103] (nodes) StderrLine: {'line': b'      |                                                               \x1b[01;31m\x1b[K^~~~~~~~~~~~~~~~\x1b[m\x1b[K\n'}
[1.803149] (nodes) StderrLine: {'line': b'\x1b[01m\x1b[K/home/catia/ros2_ws/src/nodes/src/laser_publisher.cpp:21:5:\x1b[m\x1b[K \x1b[01;35m\x1b[Kwarning: \x1b[m\x1b[Kno return statement in function returning non-void [\x1b[01;35m\x1b[K\x1b]8;;https://gcc.gnu.org/onlinedocs/gcc/Warning-Options.html#index-Wreturn-type\x07-Wreturn-type\x1b]8;;\x07\x1b[m\x1b[K]\n'}
[1.803206] (nodes) StderrLine: {'line': b'   21 |     \x1b[01;35m\x1b[K}\x1b[m\x1b[K\n'}
[1.803250] (nodes) StderrLine: {'line': b'      |     \x1b[01;35m\x1b[K^\x1b[m\x1b[K\n'}
[1.804608] (-) TimerEvent: {}
[1.904904] (-) TimerEvent: {}
[2.005246] (-) TimerEvent: {}
[2.105619] (-) TimerEvent: {}
[2.120698] (nodes) StderrLine: {'line': b'In file included from \x1b[01m\x1b[K/usr/include/x86_64-linux-gnu/c++/11/bits/c++allocator.h:33\x1b[m\x1b[K,\n'}
[2.120916] (nodes) StderrLine: {'line': b'                 from \x1b[01m\x1b[K/usr/include/c++/11/bits/allocator.h:46\x1b[m\x1b[K,\n'}
[2.120970] (nodes) StderrLine: {'line': b'                 from \x1b[01m\x1b[K/usr/include/c++/11/unordered_map:40\x1b[m\x1b[K,\n'}
[2.121016] (nodes) StderrLine: {'line': b'                 from \x1b[01m\x1b[K/usr/include/c++/11/functional:61\x1b[m\x1b[K,\n'}
[2.121062] (nodes) StderrLine: {'line': b'                 from \x1b[01m\x1b[K/home/catia/ros2_ws/src/nodes/src/laser_publisher.cpp:2\x1b[m\x1b[K:\n'}
[2.121106] (nodes) StderrLine: {'line': b'/usr/include/c++/11/ext/new_allocator.h: In instantiation of \xe2\x80\x98\x1b[01m\x1b[Kvoid __gnu_cxx::new_allocator<_Tp>::construct(_Up*, _Args&& ...) [with _Up = LaserPublisher; _Args = {}; _Tp = LaserPublisher]\x1b[m\x1b[K\xe2\x80\x99:\n'}
[2.121151] (nodes) StderrLine: {'line': b'\x1b[01m\x1b[K/usr/include/c++/11/bits/alloc_traits.h:516:17:\x1b[m\x1b[K   required from \xe2\x80\x98\x1b[01m\x1b[Kstatic void std::allocator_traits<std::allocator<_Tp1> >::construct(std::allocator_traits<std::allocator<_Tp1> >::allocator_type&, _Up*, _Args&& ...) [with _Up = LaserPublisher; _Args = {}; _Tp = LaserPublisher; std::allocator_traits<std::allocator<_Tp1> >::allocator_type = std::allocator<LaserPublisher>]\x1b[m\x1b[K\xe2\x80\x99\n'}
[2.121202] (nodes) StderrLine: {'line': b'\x1b[01m\x1b[K/usr/include/c++/11/bits/shared_ptr_base.h:519:39:\x1b[m\x1b[K   required from \xe2\x80\x98\x1b[01m\x1b[Kstd::_Sp_counted_ptr_inplace<_Tp, _Alloc, _Lp>::_Sp_counted_ptr_inplace(_Alloc, _Args&& ...) [with _Args = {}; _Tp = LaserPublisher; _Alloc = std::allocator<LaserPublisher>; __gnu_cxx::_Lock_policy _Lp = __gnu_cxx::_S_atomic]\x1b[m\x1b[K\xe2\x80\x99\n'}
[2.121248] (nodes) StderrLine: {'line': b'\x1b[01m\x1b[K/usr/include/c++/11/bits/shared_ptr_base.h:650:16:\x1b[m\x1b[K   required from \xe2\x80\x98\x1b[01m\x1b[Kstd::__shared_count<_Lp>::__shared_count(_Tp*&, std::_Sp_alloc_shared_tag<_Alloc>, _Args&& ...) [with _Tp = LaserPublisher; _Alloc = std::allocator<LaserPublisher>; _Args = {}; __gnu_cxx::_Lock_policy _Lp = __gnu_cxx::_S_atomic]\x1b[m\x1b[K\xe2\x80\x99\n'}
[2.121292] (nodes) StderrLine: {'line': b'\x1b[01m\x1b[K/usr/include/c++/11/bits/shared_ptr_base.h:1342:14:\x1b[m\x1b[K   required from \xe2\x80\x98\x1b[01m\x1b[Kstd::__shared_ptr<_Tp, _Lp>::__shared_ptr(std::_Sp_alloc_shared_tag<_Tp>, _Args&& ...) [with _Alloc = std::allocator<LaserPublisher>; _Args = {}; _Tp = LaserPublisher; __gnu_cxx::_Lock_policy _Lp = __gnu_cxx::_S_atomic]\x1b[m\x1b[K\xe2\x80\x99\n'}
[2.121344] (nodes) StderrLine: {'line': b'\x1b[01m\x1b[K/usr/include/c++/11/bits/shared_ptr.h:409:59:\x1b[m\x1b[K   required from \xe2\x80\x98\x1b[01m\x1b[Kstd::shared_ptr<_Tp>::shared_ptr(std::_Sp_alloc_shared_tag<_Tp>, _Args&& ...) [with _Alloc = std::allocator<LaserPublisher>; _Args = {}; _Tp = LaserPublisher]\x1b[m\x1b[K\xe2\x80\x99\n'}
[2.121397] (nodes) StderrLine: {'line': b'\x1b[01m\x1b[K/usr/include/c++/11/bits/shared_ptr.h:862:14:\x1b[m\x1b[K   required from \xe2\x80\x98\x1b[01m\x1b[Kstd::shared_ptr<_Tp> std::allocate_shared(const _Alloc&, _Args&& ...) [with _Tp = LaserPublisher; _Alloc = std::allocator<LaserPublisher>; _Args = {}]\x1b[m\x1b[K\xe2\x80\x99\n'}
[2.121445] (nodes) StderrLine: {'line': b'\x1b[01m\x1b[K/usr/include/c++/11/bits/shared_ptr.h:878:39:\x1b[m\x1b[K   required from \xe2\x80\x98\x1b[01m\x1b[Kstd::shared_ptr<_Tp> std::make_shared(_Args&& ...) [with _Tp = LaserPublisher; _Args = {}]\x1b[m\x1b[K\xe2\x80\x99\n'}
[2.121493] (nodes) StderrLine: {'line': b'\x1b[01m\x1b[K/home/catia/ros2_ws/src/nodes/src/laser_publisher.cpp:51:48:\x1b[m\x1b[K   required from here\n'}
[2.121537] (nodes) StderrLine: {'line': b'\x1b[01m\x1b[K/usr/include/c++/11/ext/new_allocator.h:162:11:\x1b[m\x1b[K \x1b[01;31m\x1b[Kerror: \x1b[m\x1b[Kuse of deleted function \xe2\x80\x98\x1b[01m\x1b[KLaserPublisher::LaserPublisher()\x1b[m\x1b[K\xe2\x80\x99\n'}
[2.121580] (nodes) StderrLine: {'line': b'  162 |         { \x1b[01;31m\x1b[K::new((void *)__p) _Up(std::forward<_Args>(__args)...)\x1b[m\x1b[K; }\n'}
[2.121622] (nodes) StderrLine: {'line': b'      |           \x1b[01;31m\x1b[K^~~~~~~~~~~~~~~~~~~~~~~~~~~~~~~~~~~~~~~~~~~~~~~~~~~~~~\x1b[m\x1b[K\n'}
[2.121664] (nodes) StderrLine: {'line': b'\x1b[01m\x1b[K/home/catia/ros2_ws/src/nodes/src/laser_publisher.cpp:13:7:\x1b[m\x1b[K \x1b[01;36m\x1b[Knote: \x1b[m\x1b[K\xe2\x80\x98\x1b[01m\x1b[KLaserPublisher::LaserPublisher()\x1b[m\x1b[K\xe2\x80\x99 is implicitly deleted because the default definition would be ill-formed:\n'}
[2.121708] (nodes) StderrLine: {'line': b'   13 | class \x1b[01;36m\x1b[KLaserPublisher\x1b[m\x1b[K: public rclcpp::Node\n'}
[2.121750] (nodes) StderrLine: {'line': b'      |       \x1b[01;36m\x1b[K^~~~~~~~~~~~~~\x1b[m\x1b[K\n'}
[2.121793] (nodes) StderrLine: {'line': b'\x1b[01m\x1b[K/home/catia/ros2_ws/src/nodes/src/laser_publisher.cpp:13:7:\x1b[m\x1b[K \x1b[01;31m\x1b[Kerror: \x1b[m\x1b[Kno matching function for call to \xe2\x80\x98\x1b[01m\x1b[Krclcpp::Node::Node()\x1b[m\x1b[K\xe2\x80\x99\n'}
[2.121835] (nodes) StderrLine: {'line': b'In file included from \x1b[01m\x1b[K/opt/ros/humble/include/rclcpp/rclcpp/executors/single_threaded_executor.hpp:28\x1b[m\x1b[K,\n'}
[2.121878] (nodes) StderrLine: {'line': b'                 from \x1b[01m\x1b[K/opt/ros/humble/include/rclcpp/rclcpp/executors.hpp:22\x1b[m\x1b[K,\n'}
[2.121920] (nodes) StderrLine: {'line': b'                 from \x1b[01m\x1b[K/opt/ros/humble/include/rclcpp/rclcpp/rclcpp.hpp:155\x1b[m\x1b[K,\n'}
[2.121963] (nodes) StderrLine: {'line': b'                 from \x1b[01m\x1b[K/home/catia/ros2_ws/src/nodes/src/laser_publisher.cpp:6\x1b[m\x1b[K:\n'}
[2.122006] (nodes) StderrLine: {'line': b'\x1b[01m\x1b[K/opt/ros/humble/include/rclcpp/rclcpp/node.hpp:1294:3:\x1b[m\x1b[K \x1b[01;36m\x1b[Knote: \x1b[m\x1b[Kcandidate: \xe2\x80\x98\x1b[01m\x1b[Krclcpp::Node::Node(const rclcpp::Node&, const string&)\x1b[m\x1b[K\xe2\x80\x99\n'}
[2.122050] (nodes) StderrLine: {'line': b' 1294 |   \x1b[01;36m\x1b[KNode\x1b[m\x1b[K(\n'}
[2.122091] (nodes) StderrLine: {'line': b'      |   \x1b[01;36m\x1b[K^~~~\x1b[m\x1b[K\n'}
[2.122133] (nodes) StderrLine: {'line': b'\x1b[01m\x1b[K/opt/ros/humble/include/rclcpp/rclcpp/node.hpp:1294:3:\x1b[m\x1b[K \x1b[01;36m\x1b[Knote: \x1b[m\x1b[K  candidate expects 2 arguments, 0 provided\n'}
[2.122177] (nodes) StderrLine: {'line': b'\x1b[01m\x1b[K/opt/ros/humble/include/rclcpp/rclcpp/node.hpp:101:12:\x1b[m\x1b[K \x1b[01;36m\x1b[Knote: \x1b[m\x1b[Kcandidate: \xe2\x80\x98\x1b[01m\x1b[Krclcpp::Node::Node(const string&, const string&, const rclcpp::NodeOptions&)\x1b[m\x1b[K\xe2\x80\x99\n'}
[2.122220] (nodes) StderrLine: {'line': b'  101 |   explicit \x1b[01;36m\x1b[KNode\x1b[m\x1b[K(\n'}
[2.122263] (nodes) StderrLine: {'line': b'      |            \x1b[01;36m\x1b[K^~~~\x1b[m\x1b[K\n'}
[2.122305] (nodes) StderrLine: {'line': b'\x1b[01m\x1b[K/opt/ros/humble/include/rclcpp/rclcpp/node.hpp:101:12:\x1b[m\x1b[K \x1b[01;36m\x1b[Knote: \x1b[m\x1b[K  candidate expects 3 arguments, 0 provided\n'}
[2.122348] (nodes) StderrLine: {'line': b'\x1b[01m\x1b[K/opt/ros/humble/include/rclcpp/rclcpp/node.hpp:89:12:\x1b[m\x1b[K \x1b[01;36m\x1b[Knote: \x1b[m\x1b[Kcandidate: \xe2\x80\x98\x1b[01m\x1b[Krclcpp::Node::Node(const string&, const rclcpp::NodeOptions&)\x1b[m\x1b[K\xe2\x80\x99\n'}
[2.122392] (nodes) StderrLine: {'line': b'   89 |   explicit \x1b[01;36m\x1b[KNode\x1b[m\x1b[K(\n'}
[2.122437] (nodes) StderrLine: {'line': b'      |            \x1b[01;36m\x1b[K^~~~\x1b[m\x1b[K\n'}
[2.122479] (nodes) StderrLine: {'line': b'\x1b[01m\x1b[K/opt/ros/humble/include/rclcpp/rclcpp/node.hpp:89:12:\x1b[m\x1b[K \x1b[01;36m\x1b[Knote: \x1b[m\x1b[K  candidate expects 2 arguments, 0 provided\n'}
[2.205779] (-) TimerEvent: {}
[2.306116] (-) TimerEvent: {}
[2.307253] (nodes) StderrLine: {'line': b'gmake[2]: *** [CMakeFiles/laser_pub.dir/build.make:76: CMakeFiles/laser_pub.dir/src/laser_publisher.cpp.o] Error 1\n'}
[2.307476] (nodes) StderrLine: {'line': b'gmake[1]: *** [CMakeFiles/Makefile2:193: CMakeFiles/laser_pub.dir/all] Error 2\n'}
[2.307661] (nodes) StderrLine: {'line': b'gmake: *** [Makefile:146: all] Error 2\n'}
[2.309587] (nodes) CommandEnded: {'returncode': 2}
[2.354614] (nodes) JobEnded: {'identifier': 'nodes', 'rc': 2}
[2.365185] (-) EventReactorShutdown: {}
