-- Found ament_cmake: 1.3.9 (/opt/ros/humble/share/ament_cmake/cmake)
-- Found rclcpp: 16.0.9 (/opt/ros/humble/share/rclcpp/cmake)
-- Found rosidl_generator_c: 3.1.5 (/opt/ros/humble/share/rosidl_generator_c/cmake)
-- Found rosidl_adapter: 3.1.5 (/opt/ros/humble/share/rosidl_adapter/cmake)
-- Found rosidl_generator_cpp: 3.1.5 (/opt/ros/humble/share/rosidl_generator_cpp/cmake)
-- Using all available rosidl_typesupport_c: rosidl_typesupport_fastrtps_c;rosidl_typesupport_introspection_c
-- Using all available rosidl_typesupport_cpp: rosidl_typesupport_fastrtps_cpp;rosidl_typesupport_introspection_cpp
-- Found rmw_implementation_cmake: 6.1.2 (/opt/ros/humble/share/rmw_implementation_cmake/cmake)
-- Found rmw_fastrtps_cpp: 6.2.6 (/opt/ros/humble/share/rmw_fastrtps_cpp/cmake)
-- Using RMW implementation 'rmw_fastrtps_cpp' as default
-- Found nav_msgs: 4.2.4 (/opt/ros/humble/share/nav_msgs/cmake)
-- Found sensor_msgs: 4.2.4 (/opt/ros/humble/share/sensor_msgs/cmake)
-- Found tf2: 0.25.7 (/opt/ros/humble/share/tf2/cmake)
-- Found tf2_ros: 0.25.7 (/opt/ros/humble/share/tf2_ros/cmake)
-- Found visualization_msgs: 4.2.4 (/opt/ros/humble/share/visualization_msgs/cmake)
-- Found ament_lint_auto: 0.12.11 (/opt/ros/humble/share/ament_lint_auto/cmake)
-- Added test 'cppcheck' to perform static code analysis on C / C++ code
-- Configured cppcheck include dirs: 
-- Configured cppcheck exclude dirs and/or files: 
-- Added test 'flake8' to check Python code syntax and style conventions
-- Added test 'lint_cmake' to check CMake code style
-- Added test 'pep257' to check Python code against some of the docstring style conventions in PEP 257
-- Added test 'uncrustify' to check C / C++ code style
-- Configured uncrustify additional arguments: 
-- Added test 'xmllint' to check XML markup files
-- Configuring done
-- Generating done
-- Build files have been written to: /home/catia/ros2_ws/build/navigation_
[35m[1mConsolidate compiler generated dependencies of target laserScan_[0m
[35m[1mConsolidate compiler generated dependencies of target pub_occupancy_grid[0m
[35m[1mConsolidate compiler generated dependencies of target mobile_base[0m
[35m[1mConsolidate compiler generated dependencies of target ipose[0m
[35m[1mConsolidate compiler generated dependencies of target tf_node[0m
[ 20%] Built target pub_occupancy_grid
[ 30%] [32mBuilding CXX object CMakeFiles/laserScan_.dir/src/laser_scan.cpp.o[0m
[ 50%] Built target mobile_base
[ 60%] [32mBuilding CXX object CMakeFiles/ipose.dir/src/ipose.cpp.o[0m
[ 80%] Built target tf_node
[ 90%] [32m[1mLinking CXX executable laserScan_[0m
[ 90%] Built target laserScan_
[100%] [32m[1mLinking CXX executable ipose[0m
[100%] Built target ipose
-- Install configuration: ""
-- Up-to-date: /home/catia/ros2_ws/install/navigation_/lib/navigation_/pub_occupancy_grid
-- Installing: /home/catia/ros2_ws/install/navigation_/lib/navigation_/laserScan_
-- Set runtime path of "/home/catia/ros2_ws/install/navigation_/lib/navigation_/laserScan_" to ""
-- Up-to-date: /home/catia/ros2_ws/install/navigation_/lib/navigation_/mobile_base
-- Up-to-date: /home/catia/ros2_ws/install/navigation_/lib/navigation_/tf_node
-- Installing: /home/catia/ros2_ws/install/navigation_/lib/navigation_/ipose
-- Set runtime path of "/home/catia/ros2_ws/install/navigation_/lib/navigation_/ipose" to ""
-- Up-to-date: /home/catia/ros2_ws/install/navigation_/share/navigation_/launch
-- Up-to-date: /home/catia/ros2_ws/install/navigation_/share/navigation_/launch/nav_launch.py
-- Up-to-date: /home/catia/ros2_ws/install/navigation_/share/navigation_/launch/mapping_launch.py
-- Up-to-date: /home/catia/ros2_ws/install/navigation_/share/navigation_/config
-- Up-to-date: /home/catia/ros2_ws/install/navigation_/share/navigation_/config/cappero_laser_odom_diag_2020-05-06-16-26-03.yaml
-- Up-to-date: /home/catia/ros2_ws/install/navigation_/share/navigation_/config/tb3_map.yaml
-- Up-to-date: /home/catia/ros2_ws/install/navigation_/share/navigation_/config/tb3_map.pgm
-- Up-to-date: /home/catia/ros2_ws/install/navigation_/share/navigation_/config/prova.rviz
-- Up-to-date: /home/catia/ros2_ws/install/navigation_/share/navigation_/config/diag.rviz
-- Up-to-date: /home/catia/ros2_ws/install/navigation_/share/navigation_/config/diag1.rviz
-- Up-to-date: /home/catia/ros2_ws/install/navigation_/share/navigation_/config/nav2_param.yaml
-- Up-to-date: /home/catia/ros2_ws/install/navigation_/share/navigation_/config/cappero_laser_odom_diag_2020-05-06-16-26-03.png
-- Up-to-date: /home/catia/ros2_ws/install/navigation_/share/navigation_/config/default.rviz
-- Up-to-date: /home/catia/ros2_ws/install/navigation_/share/ament_index/resource_index/package_run_dependencies/navigation_
-- Up-to-date: /home/catia/ros2_ws/install/navigation_/share/ament_index/resource_index/parent_prefix_path/navigation_
-- Up-to-date: /home/catia/ros2_ws/install/navigation_/share/navigation_/environment/ament_prefix_path.sh
-- Installing: /home/catia/ros2_ws/install/navigation_/share/navigation_/environment/ament_prefix_path.dsv
-- Up-to-date: /home/catia/ros2_ws/install/navigation_/share/navigation_/environment/path.sh
-- Installing: /home/catia/ros2_ws/install/navigation_/share/navigation_/environment/path.dsv
-- Up-to-date: /home/catia/ros2_ws/install/navigation_/share/navigation_/local_setup.bash
-- Up-to-date: /home/catia/ros2_ws/install/navigation_/share/navigation_/local_setup.sh
-- Up-to-date: /home/catia/ros2_ws/install/navigation_/share/navigation_/local_setup.zsh
-- Installing: /home/catia/ros2_ws/install/navigation_/share/navigation_/local_setup.dsv
-- Installing: /home/catia/ros2_ws/install/navigation_/share/navigation_/package.dsv
-- Up-to-date: /home/catia/ros2_ws/install/navigation_/share/ament_index/resource_index/packages/navigation_
-- Up-to-date: /home/catia/ros2_ws/install/navigation_/share/navigation_/cmake/navigation_Config.cmake
-- Up-to-date: /home/catia/ros2_ws/install/navigation_/share/navigation_/cmake/navigation_Config-version.cmake
-- Up-to-date: /home/catia/ros2_ws/install/navigation_/share/navigation_/package.xml
