[0.009s] Invoking command in '/home/catia/ros2_ws/build/navigation_': CMAKE_PREFIX_PATH=${CMAKE_PREFIX_PATH}:/opt/ros/humble /usr/bin/cmake --build /home/catia/ros2_ws/build/navigation_ -- -j8 -l8
[0.041s] [35m[1mConsolidate compiler generated dependencies of target laserScan_[0m
[0.051s] [ 25%] Built target pub_occupancy_grid
[0.053s] [ 50%] [32mBuilding CXX object CMakeFiles/tf_node.dir/src/tf_node.cpp.o[0m
[0.053s] [ 50%] [32mBuilding CXX object CMakeFiles/mobile_base.dir/src/mobile_base.cpp.o[0m
[0.054s] [ 75%] Built target laserScan_
[3.261s] [ 87%] [32m[1mLinking CXX executable tf_node[0m
[3.429s] [ 87%] Built target tf_node
[3.995s] [100%] [32m[1mLinking CXX executable mobile_base[0m
[4.193s] [100%] Built target mobile_base
[4.202s] Invoked command in '/home/catia/ros2_ws/build/navigation_' returned '0': CMAKE_PREFIX_PATH=${CMAKE_PREFIX_PATH}:/opt/ros/humble /usr/bin/cmake --build /home/catia/ros2_ws/build/navigation_ -- -j8 -l8
[4.237s] Invoking command in '/home/catia/ros2_ws/build/navigation_': CMAKE_PREFIX_PATH=${CMAKE_PREFIX_PATH}:/opt/ros/humble /usr/bin/cmake --install /home/catia/ros2_ws/build/navigation_
[4.243s] -- Install configuration: ""
[4.244s] -- Up-to-date: /home/catia/ros2_ws/install/navigation_/lib/navigation_/pub_occupancy_grid
[4.244s] -- Up-to-date: /home/catia/ros2_ws/install/navigation_/lib/navigation_/laserScan_
[4.244s] -- Installing: /home/catia/ros2_ws/install/navigation_/lib/navigation_/mobile_base
[4.246s] -- Set runtime path of "/home/catia/ros2_ws/install/navigation_/lib/navigation_/mobile_base" to ""
[4.246s] -- Installing: /home/catia/ros2_ws/install/navigation_/lib/navigation_/tf_node
[4.248s] -- Set runtime path of "/home/catia/ros2_ws/install/navigation_/lib/navigation_/tf_node" to ""
[4.248s] -- Up-to-date: /home/catia/ros2_ws/install/navigation_/share/ament_index/resource_index/package_run_dependencies/navigation_
[4.248s] -- Up-to-date: /home/catia/ros2_ws/install/navigation_/share/ament_index/resource_index/parent_prefix_path/navigation_
[4.248s] -- Up-to-date: /home/catia/ros2_ws/install/navigation_/share/navigation_/environment/ament_prefix_path.sh
[4.248s] -- Up-to-date: /home/catia/ros2_ws/install/navigation_/share/navigation_/environment/ament_prefix_path.dsv
[4.248s] -- Up-to-date: /home/catia/ros2_ws/install/navigation_/share/navigation_/environment/path.sh
[4.248s] -- Up-to-date: /home/catia/ros2_ws/install/navigation_/share/navigation_/environment/path.dsv
[4.248s] -- Up-to-date: /home/catia/ros2_ws/install/navigation_/share/navigation_/local_setup.bash
[4.248s] -- Up-to-date: /home/catia/ros2_ws/install/navigation_/share/navigation_/local_setup.sh
[4.248s] -- Up-to-date: /home/catia/ros2_ws/install/navigation_/share/navigation_/local_setup.zsh
[4.248s] -- Up-to-date: /home/catia/ros2_ws/install/navigation_/share/navigation_/local_setup.dsv
[4.249s] -- Installing: /home/catia/ros2_ws/install/navigation_/share/navigation_/package.dsv
[4.249s] -- Up-to-date: /home/catia/ros2_ws/install/navigation_/share/ament_index/resource_index/packages/navigation_
[4.249s] -- Up-to-date: /home/catia/ros2_ws/install/navigation_/share/navigation_/cmake/navigation_Config.cmake
[4.249s] -- Up-to-date: /home/catia/ros2_ws/install/navigation_/share/navigation_/cmake/navigation_Config-version.cmake
[4.249s] -- Up-to-date: /home/catia/ros2_ws/install/navigation_/share/navigation_/package.xml
[4.250s] Invoked command in '/home/catia/ros2_ws/build/navigation_' returned '0': CMAKE_PREFIX_PATH=${CMAKE_PREFIX_PATH}:/opt/ros/humble /usr/bin/cmake --install /home/catia/ros2_ws/build/navigation_
