[35m[1mConsolidate compiler generated dependencies of target tf_node[0m
[ 25%] Built target laserScan_
[ 75%] Built target mobile_base
[ 75%] Built target pub_occupancy_grid
[ 87%] [32mBuilding CXX object CMakeFiles/tf_node.dir/src/tf_node.cpp.o[0m
[01m[K/home/catia/ros2_ws/src/navigation_/src/tf_node.cpp:[m[K In constructor ‘[01m[KTransformBroadcasterNode::TransformBroadcasterNode()[m[K’:
[01m[K/home/catia/ros2_ws/src/navigation_/src/tf_node.cpp:13:41:[m[K [01;31m[Kerror: [m[Kno matching function for call to ‘[01m[KTransformBroadcasterNode::create_wall_timer(std::chrono::milliseconds, std::_Bind_helper<false, void (TransformBroadcasterNode::*)(), TransformBroadcasterNode*>::type, std::_Bind_helper<false, void (TransformBroadcasterNode::*)(), TransformBroadcasterNode*>::type)[m[K’
   13 |         timer_ = [01;31m[Kthis->create_wall_timer([m[K
      |                  [01;31m[K~~~~~~~~~~~~~~~~~~~~~~~^[m[K
   14 | [01;31m[K            std::chrono::milliseconds(500),[m[K
      |             [01;31m[K~~~~~~~~~~~~~~~~~~~~~~~~~~~~~~~[m[K
   15 | [01;31m[K            std::bind(&TransformBroadcasterNode::publish_map_to_odom, this),[m[K
      |             [01;31m[K~~~~~~~~~~~~~~~~~~~~~~~~~~~~~~~~~~~~~~~~~~~~~~~~~~~~~~~~~~~~~~~~[m[K
   16 | [01;31m[K            std::bind(&TransformBroadcasterNode::publish_base_to_laser, this))[m[K;
      |             [01;31m[K~~~~~~~~~~~~~~~~~~~~~~~~~~~~~~~~~~~~~~~~~~~~~~~~~~~~~~~~~~~~~~~~~~[m[K
In file included from [01m[K/opt/ros/humble/include/rclcpp/rclcpp/executors/single_threaded_executor.hpp:28[m[K,
                 from [01m[K/opt/ros/humble/include/rclcpp/rclcpp/executors.hpp:22[m[K,
                 from [01m[K/opt/ros/humble/include/rclcpp/rclcpp/rclcpp.hpp:155[m[K,
                 from [01m[K/home/catia/ros2_ws/src/navigation_/src/tf_node.cpp:1[m[K:
[01m[K/opt/ros/humble/include/rclcpp/rclcpp/node.hpp:238:3:[m[K [01;36m[Knote: [m[Kcandidate: ‘[01m[Ktemplate<class DurationRepT, class DurationT, class CallbackT> typename rclcpp::WallTimer<CallbackT>::SharedPtr rclcpp::Node::create_wall_timer(std::chrono::duration<_Rep1, _Period1>, CallbackT, rclcpp::CallbackGroup::SharedPtr)[m[K’
  238 |   [01;36m[Kcreate_wall_timer[m[K(
      |   [01;36m[K^~~~~~~~~~~~~~~~~[m[K
[01m[K/opt/ros/humble/include/rclcpp/rclcpp/node.hpp:238:3:[m[K [01;36m[Knote: [m[K  template argument deduction/substitution failed:
[01m[K/home/catia/ros2_ws/src/navigation_/src/tf_node.cpp:16:22:[m[K [01;36m[Knote: [m[K  cannot convert ‘[01m[Kstd::bind(_Func&&, _BoundArgs&& ...) [with _Func = void (TransformBroadcasterNode::*)(); _BoundArgs = {TransformBroadcasterNode*}; typename std::_Bind_helper<std::__is_socketlike<_Func>::value, _Func, _BoundArgs ...>::type = std::_Bind_helper<false, void (TransformBroadcasterNode::*)(), TransformBroadcasterNode*>::type; std::__is_socketlike<_Func> = std::__is_socketlike<void (TransformBroadcasterNode::*)(), void (TransformBroadcasterNode::*)()>; typename std::decay<_Tp>::type = void (TransformBroadcasterNode::*)()](((TransformBroadcasterNode*)this))[m[K’ (type ‘[01m[Kstd::_Bind_helper<false, void (TransformBroadcasterNode::*)(), TransformBroadcasterNode*>::type[m[K’) to type ‘[01m[Krclcpp::CallbackGroup::SharedPtr[m[K’ {aka ‘[01m[Kstd::shared_ptr<rclcpp::CallbackGroup>[m[K’}
   16 |             [01;36m[Kstd::bind(&TransformBroadcasterNode::publish_base_to_laser, this)[m[K);
      |             [01;36m[K~~~~~~~~~^~~~~~~~~~~~~~~~~~~~~~~~~~~~~~~~~~~~~~~~~~~~~~~~~~~~~~~~[m[K
gmake[2]: *** [CMakeFiles/tf_node.dir/build.make:76: CMakeFiles/tf_node.dir/src/tf_node.cpp.o] Error 1
gmake[1]: *** [CMakeFiles/Makefile2:221: CMakeFiles/tf_node.dir/all] Error 2
gmake: *** [Makefile:146: all] Error 2
