[35m[1mConsolidate compiler generated dependencies of target laserScan_[0m
[ 50%] Built target pub_occupancy_grid
[ 75%] [32mBuilding CXX object CMakeFiles/laserScan_.dir/src/laser_scan.cpp.o[0m
[100%] [32m[1mLinking CXX executable laserScan_[0m
[100%] Built target laserScan_
-- Install configuration: ""
-- Up-to-date: /home/catia/ros2_ws/install/navigation_/lib/navigation_/pub_occupancy_grid
-- Installing: /home/catia/ros2_ws/install/navigation_/lib/navigation_/laserScan_
-- Set runtime path of "/home/catia/ros2_ws/install/navigation_/lib/navigation_/laserScan_" to ""
-- Up-to-date: /home/catia/ros2_ws/install/navigation_/share/ament_index/resource_index/package_run_dependencies/navigation_
-- Up-to-date: /home/catia/ros2_ws/install/navigation_/share/ament_index/resource_index/parent_prefix_path/navigation_
-- Up-to-date: /home/catia/ros2_ws/install/navigation_/share/navigation_/environment/ament_prefix_path.sh
-- Up-to-date: /home/catia/ros2_ws/install/navigation_/share/navigation_/environment/ament_prefix_path.dsv
-- Up-to-date: /home/catia/ros2_ws/install/navigation_/share/navigation_/environment/path.sh
-- Up-to-date: /home/catia/ros2_ws/install/navigation_/share/navigation_/environment/path.dsv
-- Up-to-date: /home/catia/ros2_ws/install/navigation_/share/navigation_/local_setup.bash
-- Up-to-date: /home/catia/ros2_ws/install/navigation_/share/navigation_/local_setup.sh
-- Up-to-date: /home/catia/ros2_ws/install/navigation_/share/navigation_/local_setup.zsh
-- Up-to-date: /home/catia/ros2_ws/install/navigation_/share/navigation_/local_setup.dsv
-- Installing: /home/catia/ros2_ws/install/navigation_/share/navigation_/package.dsv
-- Up-to-date: /home/catia/ros2_ws/install/navigation_/share/ament_index/resource_index/packages/navigation_
-- Up-to-date: /home/catia/ros2_ws/install/navigation_/share/navigation_/cmake/navigation_Config.cmake
-- Up-to-date: /home/catia/ros2_ws/install/navigation_/share/navigation_/cmake/navigation_Config-version.cmake
-- Up-to-date: /home/catia/ros2_ws/install/navigation_/share/navigation_/package.xml
