[0.011s] Invoking command in '/home/catia/ros2_ws/build/navigation_': CMAKE_PREFIX_PATH=${CMAKE_PREFIX_PATH}:/opt/ros/humble /usr/bin/cmake --build /home/catia/ros2_ws/build/navigation_ -- -j8 -l8
[0.056s] [ 20%] Built target ipose
[0.057s] [ 40%] Built target pub_occupancy_grid
[0.058s] [ 60%] Built target mobile_base
[0.059s] [ 70%] [32mBuilding CXX object CMakeFiles/laserScan_.dir/src/laser_scan.cpp.o[0m
[0.060s] [ 90%] Built target tf_node
[3.555s] [100%] [32m[1mLinking CXX executable laserScan_[0m
[3.728s] [100%] Built target laserScan_
[3.736s] Invoked command in '/home/catia/ros2_ws/build/navigation_' returned '0': CMAKE_PREFIX_PATH=${CMAKE_PREFIX_PATH}:/opt/ros/humble /usr/bin/cmake --build /home/catia/ros2_ws/build/navigation_ -- -j8 -l8
[3.765s] Invoking command in '/home/catia/ros2_ws/build/navigation_': CMAKE_PREFIX_PATH=${CMAKE_PREFIX_PATH}:/opt/ros/humble /usr/bin/cmake --install /home/catia/ros2_ws/build/navigation_
[3.771s] -- Install configuration: ""
[3.771s] -- Up-to-date: /home/catia/ros2_ws/install/navigation_/lib/navigation_/pub_occupancy_grid
[3.772s] -- Installing: /home/catia/ros2_ws/install/navigation_/lib/navigation_/laserScan_
[3.773s] -- Set runtime path of "/home/catia/ros2_ws/install/navigation_/lib/navigation_/laserScan_" to ""
[3.773s] -- Up-to-date: /home/catia/ros2_ws/install/navigation_/lib/navigation_/mobile_base
[3.773s] -- Up-to-date: /home/catia/ros2_ws/install/navigation_/lib/navigation_/tf_node
[3.773s] -- Up-to-date: /home/catia/ros2_ws/install/navigation_/lib/navigation_/ipose
[3.774s] -- Up-to-date: /home/catia/ros2_ws/install/navigation_/share/navigation_/launch
[3.774s] -- Up-to-date: /home/catia/ros2_ws/install/navigation_/share/navigation_/launch/nav2_launch.py
[3.774s] -- Up-to-date: /home/catia/ros2_ws/install/navigation_/share/navigation_/launch/mapping_launch copy.py
[3.774s] -- Up-to-date: /home/catia/ros2_ws/install/navigation_/share/navigation_/launch/nav_launch.py
[3.774s] -- Installing: /home/catia/ros2_ws/install/navigation_/share/navigation_/launch/mapping_launch.py
[3.774s] -- Up-to-date: /home/catia/ros2_ws/install/navigation_/share/navigation_/config
[3.774s] -- Up-to-date: /home/catia/ros2_ws/install/navigation_/share/navigation_/config/cappero_laser_odom_diag_2020-05-06-16-26-03.yaml
[3.774s] -- Up-to-date: /home/catia/ros2_ws/install/navigation_/share/navigation_/config/capperlo_lase_odom_diag_2020-05-06-16-26-03.world
[3.775s] -- Up-to-date: /home/catia/ros2_ws/install/navigation_/share/navigation_/config/prova.rviz
[3.775s] -- Up-to-date: /home/catia/ros2_ws/install/navigation_/share/navigation_/config/diag.rviz
[3.775s] -- Up-to-date: /home/catia/ros2_ws/install/navigation_/share/navigation_/config/MyMapTexture.material
[3.775s] -- Up-to-date: /home/catia/ros2_ws/install/navigation_/share/navigation_/config/diag1.rviz
[3.775s] -- Up-to-date: /home/catia/ros2_ws/install/navigation_/share/navigation_/config/nav2_param.yaml
[3.775s] -- Up-to-date: /home/catia/ros2_ws/install/navigation_/share/navigation_/config/robot.urdf
[3.775s] -- Up-to-date: /home/catia/ros2_ws/install/navigation_/share/navigation_/config/cappero_laser_odom_diag_2020-05-06-16-26-03.png
[3.775s] -- Up-to-date: /home/catia/ros2_ws/install/navigation_/share/navigation_/config/urdf_config.rviz
[3.776s] -- Up-to-date: /home/catia/ros2_ws/install/navigation_/share/navigation_/config/default.rviz
[3.776s] -- Up-to-date: /home/catia/ros2_ws/install/navigation_/share/ament_index/resource_index/package_run_dependencies/navigation_
[3.776s] -- Up-to-date: /home/catia/ros2_ws/install/navigation_/share/ament_index/resource_index/parent_prefix_path/navigation_
[3.776s] -- Up-to-date: /home/catia/ros2_ws/install/navigation_/share/navigation_/environment/ament_prefix_path.sh
[3.776s] -- Up-to-date: /home/catia/ros2_ws/install/navigation_/share/navigation_/environment/ament_prefix_path.dsv
[3.777s] -- Up-to-date: /home/catia/ros2_ws/install/navigation_/share/navigation_/environment/path.sh
[3.777s] -- Up-to-date: /home/catia/ros2_ws/install/navigation_/share/navigation_/environment/path.dsv
[3.777s] -- Up-to-date: /home/catia/ros2_ws/install/navigation_/share/navigation_/local_setup.bash
[3.777s] -- Up-to-date: /home/catia/ros2_ws/install/navigation_/share/navigation_/local_setup.sh
[3.777s] -- Up-to-date: /home/catia/ros2_ws/install/navigation_/share/navigation_/local_setup.zsh
[3.778s] -- Up-to-date: /home/catia/ros2_ws/install/navigation_/share/navigation_/local_setup.dsv
[3.778s] -- Installing: /home/catia/ros2_ws/install/navigation_/share/navigation_/package.dsv
[3.778s] -- Up-to-date: /home/catia/ros2_ws/install/navigation_/share/ament_index/resource_index/packages/navigation_
[3.778s] -- Up-to-date: /home/catia/ros2_ws/install/navigation_/share/navigation_/cmake/navigation_Config.cmake
[3.778s] -- Up-to-date: /home/catia/ros2_ws/install/navigation_/share/navigation_/cmake/navigation_Config-version.cmake
[3.778s] -- Up-to-date: /home/catia/ros2_ws/install/navigation_/share/navigation_/package.xml
[3.778s] Invoked command in '/home/catia/ros2_ws/build/navigation_' returned '0': CMAKE_PREFIX_PATH=${CMAKE_PREFIX_PATH}:/opt/ros/humble /usr/bin/cmake --install /home/catia/ros2_ws/build/navigation_
