[0.010s] Invoking command in '/home/catia/ros2_ws/build/nodes': CMAKE_PREFIX_PATH=${CMAKE_PREFIX_PATH}:/opt/ros/humble /usr/bin/cmake --build /home/catia/ros2_ws/build/nodes -- -j8 -l8
[0.042s] [35m[1mConsolidate compiler generated dependencies of target pub_node[0m
[0.053s] [ 50%] Built target sub_node
[0.056s] [ 75%] [32mBuilding CXX object CMakeFiles/pub_node.dir/src/publisher.cpp.o[0m
[3.560s] [100%] [32m[1mLinking CXX executable pub_node[0m
[3.715s] [100%] Built target pub_node
[3.725s] Invoked command in '/home/catia/ros2_ws/build/nodes' returned '0': CMAKE_PREFIX_PATH=${CMAKE_PREFIX_PATH}:/opt/ros/humble /usr/bin/cmake --build /home/catia/ros2_ws/build/nodes -- -j8 -l8
[3.769s] Invoking command in '/home/catia/ros2_ws/build/nodes': CMAKE_PREFIX_PATH=${CMAKE_PREFIX_PATH}:/opt/ros/humble /usr/bin/cmake --install /home/catia/ros2_ws/build/nodes
[3.776s] -- Install configuration: ""
[3.777s] -- Installing: /home/catia/ros2_ws/install/nodes/lib/nodes/pub_node
[3.778s] -- Set runtime path of "/home/catia/ros2_ws/install/nodes/lib/nodes/pub_node" to ""
[3.779s] -- Installing: /home/catia/ros2_ws/install/nodes/lib/nodes/sub_node
[3.781s] -- Set runtime path of "/home/catia/ros2_ws/install/nodes/lib/nodes/sub_node" to ""
[3.782s] -- Up-to-date: /home/catia/ros2_ws/install/nodes/share/ament_index/resource_index/package_run_dependencies/nodes
[3.782s] -- Up-to-date: /home/catia/ros2_ws/install/nodes/share/ament_index/resource_index/parent_prefix_path/nodes
[3.782s] -- Up-to-date: /home/catia/ros2_ws/install/nodes/share/nodes/environment/ament_prefix_path.sh
[3.782s] -- Up-to-date: /home/catia/ros2_ws/install/nodes/share/nodes/environment/ament_prefix_path.dsv
[3.782s] -- Up-to-date: /home/catia/ros2_ws/install/nodes/share/nodes/environment/path.sh
[3.782s] -- Up-to-date: /home/catia/ros2_ws/install/nodes/share/nodes/environment/path.dsv
[3.782s] -- Up-to-date: /home/catia/ros2_ws/install/nodes/share/nodes/local_setup.bash
[3.782s] -- Up-to-date: /home/catia/ros2_ws/install/nodes/share/nodes/local_setup.sh
[3.782s] -- Up-to-date: /home/catia/ros2_ws/install/nodes/share/nodes/local_setup.zsh
[3.782s] -- Up-to-date: /home/catia/ros2_ws/install/nodes/share/nodes/local_setup.dsv
[3.782s] -- Installing: /home/catia/ros2_ws/install/nodes/share/nodes/package.dsv
[3.782s] -- Up-to-date: /home/catia/ros2_ws/install/nodes/share/ament_index/resource_index/packages/nodes
[3.782s] -- Up-to-date: /home/catia/ros2_ws/install/nodes/share/nodes/cmake/nodesConfig.cmake
[3.782s] -- Up-to-date: /home/catia/ros2_ws/install/nodes/share/nodes/cmake/nodesConfig-version.cmake
[3.782s] -- Up-to-date: /home/catia/ros2_ws/install/nodes/share/nodes/package.xml
[3.784s] Invoked command in '/home/catia/ros2_ws/build/nodes' returned '0': CMAKE_PREFIX_PATH=${CMAKE_PREFIX_PATH}:/opt/ros/humble /usr/bin/cmake --install /home/catia/ros2_ws/build/nodes
