[35m[1mConsolidate compiler generated dependencies of target laserScan_[0m
[ 25%] Built target tf_node
[ 33%] Built target pub_occupancy_grid
[ 66%] Built target mobile_base
[ 66%] Built target ipose
[ 83%] Built target odom_base
[ 91%] [32mBuilding CXX object CMakeFiles/laserScan_.dir/src/laser_scan.cpp.o[0m
[100%] [32m[1mLinking CXX executable laserScan_[0m
[100%] Built target laserScan_
-- Install configuration: ""
-- Up-to-date: /home/catia/ros2_ws/install/navigation_/lib/navigation_/pub_occupancy_grid
-- Installing: /home/catia/ros2_ws/install/navigation_/lib/navigation_/laserScan_
-- Set runtime path of "/home/catia/ros2_ws/install/navigation_/lib/navigation_/laserScan_" to ""
-- Up-to-date: /home/catia/ros2_ws/install/navigation_/lib/navigation_/mobile_base
-- Up-to-date: /home/catia/ros2_ws/install/navigation_/lib/navigation_/tf_node
-- Up-to-date: /home/catia/ros2_ws/install/navigation_/lib/navigation_/ipose
-- Up-to-date: /home/catia/ros2_ws/install/navigation_/lib/navigation_/odom_base
-- Up-to-date: /home/catia/ros2_ws/install/navigation_/share/navigation_/launch
-- Up-to-date: /home/catia/ros2_ws/install/navigation_/share/navigation_/launch/nav2_launch.py
-- Up-to-date: /home/catia/ros2_ws/install/navigation_/share/navigation_/launch/nav_launch.py
-- Up-to-date: /home/catia/ros2_ws/install/navigation_/share/navigation_/launch/mapping_launch.py
-- Up-to-date: /home/catia/ros2_ws/install/navigation_/share/navigation_/config
-- Up-to-date: /home/catia/ros2_ws/install/navigation_/share/navigation_/config/cappero_laser_odom_diag_2020-05-06-16-26-03.yaml
-- Up-to-date: /home/catia/ros2_ws/install/navigation_/share/navigation_/config/capperlo_lase_odom_diag_2020-05-06-16-26-03.world
-- Up-to-date: /home/catia/ros2_ws/install/navigation_/share/navigation_/config/prova.rviz
-- Up-to-date: /home/catia/ros2_ws/install/navigation_/share/navigation_/config/diag.rviz
-- Up-to-date: /home/catia/ros2_ws/install/navigation_/share/navigation_/config/diag1.rviz
-- Up-to-date: /home/catia/ros2_ws/install/navigation_/share/navigation_/config/nav2_param.yaml
-- Up-to-date: /home/catia/ros2_ws/install/navigation_/share/navigation_/config/robot.urdf
-- Up-to-date: /home/catia/ros2_ws/install/navigation_/share/navigation_/config/cappero_laser_odom_diag_2020-05-06-16-26-03.png
-- Up-to-date: /home/catia/ros2_ws/install/navigation_/share/navigation_/config/urdf_config.rviz
-- Up-to-date: /home/catia/ros2_ws/install/navigation_/share/navigation_/config/default.rviz
-- Up-to-date: /home/catia/ros2_ws/install/navigation_/share/ament_index/resource_index/package_run_dependencies/navigation_
-- Up-to-date: /home/catia/ros2_ws/install/navigation_/share/ament_index/resource_index/parent_prefix_path/navigation_
-- Up-to-date: /home/catia/ros2_ws/install/navigation_/share/navigation_/environment/ament_prefix_path.sh
-- Up-to-date: /home/catia/ros2_ws/install/navigation_/share/navigation_/environment/ament_prefix_path.dsv
-- Up-to-date: /home/catia/ros2_ws/install/navigation_/share/navigation_/environment/path.sh
-- Up-to-date: /home/catia/ros2_ws/install/navigation_/share/navigation_/environment/path.dsv
-- Up-to-date: /home/catia/ros2_ws/install/navigation_/share/navigation_/local_setup.bash
-- Up-to-date: /home/catia/ros2_ws/install/navigation_/share/navigation_/local_setup.sh
-- Up-to-date: /home/catia/ros2_ws/install/navigation_/share/navigation_/local_setup.zsh
-- Up-to-date: /home/catia/ros2_ws/install/navigation_/share/navigation_/local_setup.dsv
-- Installing: /home/catia/ros2_ws/install/navigation_/share/navigation_/package.dsv
-- Up-to-date: /home/catia/ros2_ws/install/navigation_/share/ament_index/resource_index/packages/navigation_
-- Up-to-date: /home/catia/ros2_ws/install/navigation_/share/navigation_/cmake/navigation_Config.cmake
-- Up-to-date: /home/catia/ros2_ws/install/navigation_/share/navigation_/cmake/navigation_Config-version.cmake
-- Up-to-date: /home/catia/ros2_ws/install/navigation_/share/navigation_/package.xml
