[0.000000] (-) TimerEvent: {}
[0.000398] (navigation_) JobQueued: {'identifier': 'navigation_', 'dependencies': OrderedDict()}
[0.000495] (navigation_) JobStarted: {'identifier': 'navigation_'}
[0.008720] (navigation_) JobProgress: {'identifier': 'navigation_', 'progress': 'cmake'}
[0.010143] (navigation_) JobProgress: {'identifier': 'navigation_', 'progress': 'build'}
[0.010255] (navigation_) Command: {'cmd': ['/usr/bin/cmake', '--build', '/home/catia/ros2_ws/build/navigation_', '--', '-j8', '-l8'], 'cwd': '/home/catia/ros2_ws/build/navigation_', 'env': OrderedDict([('USER', 'catia'), ('LC_TIME', 'it_IT.UTF-8'), ('XDG_SESSION_TYPE', 'wayland'), ('SHLVL', '1'), ('LD_LIBRARY_PATH', '/usr/lib/x86_64-linux-gnu/gazebo-11/plugins:/opt/ros/humble/opt/rviz_ogre_vendor/lib:/opt/ros/humble/lib/x86_64-linux-gnu:/opt/ros/humble/lib'), ('HOME', '/home/catia'), ('DESKTOP_SESSION', 'ubuntu'), ('ROS_PYTHON_VERSION', '3'), ('GNOME_SHELL_SESSION_MODE', 'ubuntu'), ('GTK_MODULES', 'gail:atk-bridge'), ('LC_MONETARY', 'it_IT.UTF-8'), ('SYSTEMD_EXEC_PID', '3399'), ('DBUS_SESSION_BUS_ADDRESS', 'unix:path=/run/user/1000/bus'), ('COLORTERM', 'truecolor'), ('IM_CONFIG_PHASE', '1'), ('WAYLAND_DISPLAY', 'wayland-0'), ('COLCON_PREFIX_PATH', '/home/catia/ros2_ws/install'), ('ROS_DISTRO', 'humble'), ('LOGNAME', 'catia'), ('_', '/usr/bin/colcon'), ('ROS_VERSION', '2'), ('XDG_SESSION_CLASS', 'user'), ('USERNAME', 'catia'), ('TERM', 'xterm-256color'), ('GNOME_DESKTOP_SESSION_ID', 'this-is-deprecated'), ('ROS_LOCALHOST_ONLY', '0'), ('PATH', '/opt/ros/humble/bin:/usr/local/sbin:/usr/local/bin:/usr/sbin:/usr/bin:/sbin:/bin:/usr/games:/usr/local/games:/snap/bin:/snap/bin'), ('SESSION_MANAGER', 'local/cat:@/tmp/.ICE-unix/1492,unix/cat:/tmp/.ICE-unix/1492'), ('XDG_MENU_PREFIX', 'gnome-'), ('LC_ADDRESS', 'it_IT.UTF-8'), ('GNOME_TERMINAL_SCREEN', '/org/gnome/Terminal/screen/dcc3e245_f21f_427f_a2d3_3b5a56ae4ac6'), ('GNOME_SETUP_DISPLAY', ':1'), ('XDG_RUNTIME_DIR', '/run/user/1000'), ('DISPLAY', ':0'), ('LANG', 'en_US.UTF-8'), ('XDG_CURRENT_DESKTOP', 'ubuntu:GNOME'), ('LC_TELEPHONE', 'it_IT.UTF-8'), ('XMODIFIERS', '@im=ibus'), ('XDG_SESSION_DESKTOP', 'ubuntu'), ('XAUTHORITY', '/run/user/1000/.mutter-Xwaylandauth.BMHYT2'), ('GNOME_TERMINAL_SERVICE', ':1.126'), ('SSH_AGENT_LAUNCHER', 'gnome-keyring'), ('SSH_AUTH_SOCK', '/run/user/1000/keyring/ssh'), ('AMENT_PREFIX_PATH', '/home/catia/ros2_ws/install/nodes:/home/catia/ros2_ws/install/navigation_:/opt/ros/humble'), ('SHELL', '/bin/bash'), ('LC_NAME', 'it_IT.UTF-8'), ('QT_ACCESSIBILITY', '1'), ('GDMSESSION', 'ubuntu'), ('LC_MEASUREMENT', 'it_IT.UTF-8'), ('LC_IDENTIFICATION', 'it_IT.UTF-8'), ('QT_IM_MODULE', 'ibus'), ('PWD', '/home/catia/ros2_ws/build/navigation_'), ('TURTLEBOT3_MODEL', 'waffle'), ('LC_ALL', 'en_US.UTF-8'), ('XDG_CONFIG_DIRS', '/etc/xdg/xdg-ubuntu:/etc/xdg'), ('XDG_DATA_DIRS', '/usr/share/ubuntu:/usr/local/share/:/usr/share/:/var/lib/snapd/desktop'), ('PYTHONPATH', '/opt/ros/humble/lib/python3.10/site-packages:/opt/ros/humble/local/lib/python3.10/dist-packages'), ('LC_NUMERIC', 'it_IT.UTF-8'), ('LC_PAPER', 'it_IT.UTF-8'), ('COLCON', '1'), ('VTE_VERSION', '6800'), ('CMAKE_PREFIX_PATH', '/home/catia/ros2_ws/install/nodes:/home/catia/ros2_ws/install/navigation_:/opt/ros/humble')]), 'shell': False}
[0.078662] (navigation_) StdoutLine: {'line': b'-- Found ament_cmake: 1.3.9 (/opt/ros/humble/share/ament_cmake/cmake)\n'}
[0.099693] (-) TimerEvent: {}
[0.198591] (navigation_) StdoutLine: {'line': b'-- Found rclcpp: 16.0.9 (/opt/ros/humble/share/rclcpp/cmake)\n'}
[0.199775] (-) TimerEvent: {}
[0.232010] (navigation_) StdoutLine: {'line': b'-- Found rosidl_generator_c: 3.1.5 (/opt/ros/humble/share/rosidl_generator_c/cmake)\n'}
[0.234867] (navigation_) StdoutLine: {'line': b'-- Found rosidl_adapter: 3.1.5 (/opt/ros/humble/share/rosidl_adapter/cmake)\n'}
[0.241001] (navigation_) StdoutLine: {'line': b'-- Found rosidl_generator_cpp: 3.1.5 (/opt/ros/humble/share/rosidl_generator_cpp/cmake)\n'}
[0.251516] (navigation_) StdoutLine: {'line': b'-- Using all available rosidl_typesupport_c: rosidl_typesupport_fastrtps_c;rosidl_typesupport_introspection_c\n'}
[0.264851] (navigation_) StdoutLine: {'line': b'-- Using all available rosidl_typesupport_cpp: rosidl_typesupport_fastrtps_cpp;rosidl_typesupport_introspection_cpp\n'}
[0.299909] (-) TimerEvent: {}
[0.313239] (navigation_) StdoutLine: {'line': b'-- Found rmw_implementation_cmake: 6.1.2 (/opt/ros/humble/share/rmw_implementation_cmake/cmake)\n'}
[0.315017] (navigation_) StdoutLine: {'line': b'-- Found rmw_fastrtps_cpp: 6.2.6 (/opt/ros/humble/share/rmw_fastrtps_cpp/cmake)\n'}
[0.400068] (-) TimerEvent: {}
[0.433687] (navigation_) StdoutLine: {'line': b"-- Using RMW implementation 'rmw_fastrtps_cpp' as default\n"}
[0.500163] (-) TimerEvent: {}
[0.558612] (navigation_) StdoutLine: {'line': b'-- Found nav_msgs: 4.2.4 (/opt/ros/humble/share/nav_msgs/cmake)\n'}
[0.600260] (-) TimerEvent: {}
[0.655039] (navigation_) StdoutLine: {'line': b'-- Found sensor_msgs: 4.2.4 (/opt/ros/humble/share/sensor_msgs/cmake)\n'}
[0.700333] (-) TimerEvent: {}
[0.718722] (navigation_) StdoutLine: {'line': b'-- Found tf2: 0.25.7 (/opt/ros/humble/share/tf2/cmake)\n'}
[0.725539] (navigation_) StdoutLine: {'line': b'-- Found tf2_ros: 0.25.7 (/opt/ros/humble/share/tf2_ros/cmake)\n'}
[0.800439] (-) TimerEvent: {}
[0.900763] (-) TimerEvent: {}
[0.977086] (navigation_) StdoutLine: {'line': b'-- Found visualization_msgs: 4.2.4 (/opt/ros/humble/share/visualization_msgs/cmake)\n'}
[1.000845] (-) TimerEvent: {}
[1.077315] (navigation_) StdoutLine: {'line': b'-- Found ament_lint_auto: 0.12.11 (/opt/ros/humble/share/ament_lint_auto/cmake)\n'}
[1.100980] (-) TimerEvent: {}
[1.138305] (navigation_) StdoutLine: {'line': b"-- Added test 'cppcheck' to perform static code analysis on C / C++ code\n"}
[1.138504] (navigation_) StdoutLine: {'line': b'-- Configured cppcheck include dirs: \n'}
[1.138569] (navigation_) StdoutLine: {'line': b'-- Configured cppcheck exclude dirs and/or files: \n'}
[1.139583] (navigation_) StdoutLine: {'line': b"-- Added test 'lint_cmake' to check CMake code style\n"}
[1.141531] (navigation_) StdoutLine: {'line': b"-- Added test 'uncrustify' to check C / C++ code style\n"}
[1.141638] (navigation_) StdoutLine: {'line': b'-- Configured uncrustify additional arguments: \n'}
[1.142076] (navigation_) StdoutLine: {'line': b"-- Added test 'xmllint' to check XML markup files\n"}
[1.143130] (navigation_) StdoutLine: {'line': b'-- Configuring done\n'}
[1.164974] (navigation_) StdoutLine: {'line': b'-- Generating done\n'}
[1.166397] (navigation_) StdoutLine: {'line': b'-- Build files have been written to: /home/catia/ros2_ws/build/navigation_\n'}
[1.187222] (navigation_) StdoutLine: {'line': b'\x1b[35m\x1b[1mConsolidate compiler generated dependencies of target pub_occupancy_grid\x1b[0m\n'}
[1.187425] (navigation_) StdoutLine: {'line': b'\x1b[35m\x1b[1mConsolidate compiler generated dependencies of target laserScan_\x1b[0m\n'}
[1.187498] (navigation_) StdoutLine: {'line': b'\x1b[35m\x1b[1mConsolidate compiler generated dependencies of target mobile_base\x1b[0m\n'}
[1.194595] (navigation_) StdoutLine: {'line': b'[ 12%] \x1b[32mBuilding CXX object CMakeFiles/tf_node.dir/src/tf_node.cpp.o\x1b[0m\n'}
[1.201098] (-) TimerEvent: {}
[1.223415] (navigation_) StdoutLine: {'line': b'[ 25%] \x1b[32mBuilding CXX object CMakeFiles/pub_occupancy_grid.dir/src/pub_occupancy_grid.cpp.o\x1b[0m\n'}
[1.224006] (navigation_) StdoutLine: {'line': b'[ 50%] \x1b[32mBuilding CXX object CMakeFiles/mobile_base.dir/src/mobile_base.cpp.o\x1b[0m\n'}
[1.224122] (navigation_) StdoutLine: {'line': b'[ 50%] \x1b[32mBuilding CXX object CMakeFiles/laserScan_.dir/src/laser_scan.cpp.o\x1b[0m\n'}
[1.301199] (-) TimerEvent: {}
[1.401492] (-) TimerEvent: {}
[1.501814] (-) TimerEvent: {}
[1.602116] (-) TimerEvent: {}
[1.702460] (-) TimerEvent: {}
[1.802774] (-) TimerEvent: {}
[1.903068] (-) TimerEvent: {}
[2.003398] (-) TimerEvent: {}
[2.103682] (-) TimerEvent: {}
[2.204015] (-) TimerEvent: {}
[2.304358] (-) TimerEvent: {}
[2.404683] (-) TimerEvent: {}
[2.505021] (-) TimerEvent: {}
[2.605359] (-) TimerEvent: {}
[2.705702] (-) TimerEvent: {}
[2.806052] (-) TimerEvent: {}
[2.906408] (-) TimerEvent: {}
[3.006748] (-) TimerEvent: {}
[3.107148] (-) TimerEvent: {}
[3.207617] (-) TimerEvent: {}
[3.308000] (-) TimerEvent: {}
[3.408382] (-) TimerEvent: {}
[3.484938] (navigation_) StderrLine: {'line': b'\x1b[01m\x1b[K/home/catia/ros2_ws/src/navigation_/src/mobile_base.cpp:\x1b[m\x1b[K In member function \xe2\x80\x98\x1b[01m\x1b[Kvoid MobileBasePublisher::publish_marker()\x1b[m\x1b[K\xe2\x80\x99:\n'}
[3.485184] (navigation_) StderrLine: {'line': b'\x1b[01m\x1b[K/home/catia/ros2_ws/src/navigation_/src/mobile_base.cpp:74:63:\x1b[m\x1b[K \x1b[01;31m\x1b[Kerror: \x1b[m\x1b[Kexpected primary-expression before \xe2\x80\x98\x1b[01m\x1b[K/\x1b[m\x1b[K\xe2\x80\x99 token\n'}
[3.485297] (navigation_) StderrLine: {'line': b'   74 |     marker.type = visualization_msgs::msg::Marker::CYLINDER;  \x1b[01;31m\x1b[K/\x1b[m\x1b[K\n'}
[3.485389] (navigation_) StderrLine: {'line': b'      |                                                               \x1b[01;31m\x1b[K^\x1b[m\x1b[K\n'}
[3.508508] (-) TimerEvent: {}
[3.608866] (-) TimerEvent: {}
[3.709204] (-) TimerEvent: {}
[3.809540] (-) TimerEvent: {}
[3.909889] (-) TimerEvent: {}
[4.010329] (-) TimerEvent: {}
[4.110740] (-) TimerEvent: {}
[4.211152] (-) TimerEvent: {}
[4.311527] (-) TimerEvent: {}
[4.330853] (navigation_) StderrLine: {'line': b'gmake[2]: *** [CMakeFiles/mobile_base.dir/build.make:76: CMakeFiles/mobile_base.dir/src/mobile_base.cpp.o] Error 1\n'}
[4.331295] (navigation_) StderrLine: {'line': b'gmake[1]: *** [CMakeFiles/Makefile2:195: CMakeFiles/mobile_base.dir/all] Error 2\n'}
[4.331453] (navigation_) StderrLine: {'line': b'gmake[1]: *** Waiting for unfinished jobs....\n'}
[4.411627] (-) TimerEvent: {}
[4.511928] (-) TimerEvent: {}
[4.612226] (-) TimerEvent: {}
[4.712524] (-) TimerEvent: {}
[4.812826] (-) TimerEvent: {}
[4.913120] (-) TimerEvent: {}
[5.013412] (-) TimerEvent: {}
[5.113727] (-) TimerEvent: {}
[5.214073] (-) TimerEvent: {}
[5.302690] (navigation_) StdoutLine: {'line': b'[ 62%] \x1b[32m\x1b[1mLinking CXX executable laserScan_\x1b[0m\n'}
[5.314167] (-) TimerEvent: {}
[5.332653] (navigation_) StdoutLine: {'line': b'[ 75%] \x1b[32m\x1b[1mLinking CXX executable pub_occupancy_grid\x1b[0m\n'}
[5.414382] (-) TimerEvent: {}
[5.514868] (-) TimerEvent: {}
[5.536781] (navigation_) StdoutLine: {'line': b'[ 75%] Built target pub_occupancy_grid\n'}
[5.540493] (navigation_) StdoutLine: {'line': b'[ 75%] Built target laserScan_\n'}
[5.615031] (-) TimerEvent: {}
[5.715375] (-) TimerEvent: {}
[5.815712] (-) TimerEvent: {}
[5.916094] (-) TimerEvent: {}
[6.016450] (-) TimerEvent: {}
[6.116701] (-) TimerEvent: {}
[6.217003] (-) TimerEvent: {}
[6.317301] (-) TimerEvent: {}
[6.417625] (-) TimerEvent: {}
[6.517951] (-) TimerEvent: {}
[6.618281] (-) TimerEvent: {}
[6.718605] (-) TimerEvent: {}
[6.818938] (-) TimerEvent: {}
[6.919270] (-) TimerEvent: {}
[7.019575] (-) TimerEvent: {}
[7.119907] (-) TimerEvent: {}
[7.220240] (-) TimerEvent: {}
[7.320565] (-) TimerEvent: {}
[7.420857] (-) TimerEvent: {}
[7.521159] (-) TimerEvent: {}
[7.621472] (-) TimerEvent: {}
[7.721805] (-) TimerEvent: {}
[7.822131] (-) TimerEvent: {}
[7.922453] (-) TimerEvent: {}
[8.022776] (-) TimerEvent: {}
[8.123067] (-) TimerEvent: {}
[8.223422] (-) TimerEvent: {}
[8.323724] (-) TimerEvent: {}
[8.368279] (navigation_) StdoutLine: {'line': b'[ 87%] \x1b[32m\x1b[1mLinking CXX executable tf_node\x1b[0m\n'}
[8.423886] (-) TimerEvent: {}
[8.524194] (-) TimerEvent: {}
[8.624531] (-) TimerEvent: {}
[8.708370] (navigation_) StdoutLine: {'line': b'[ 87%] Built target tf_node\n'}
[8.709866] (navigation_) StderrLine: {'line': b'gmake: *** [Makefile:146: all] Error 2\n'}
[8.711555] (navigation_) CommandEnded: {'returncode': 2}
[8.724616] (-) TimerEvent: {}
[8.749429] (navigation_) JobEnded: {'identifier': 'navigation_', 'rc': 2}
[8.760162] (-) EventReactorShutdown: {}
