[0.000000] (-) TimerEvent: {}
[0.000225] (navigation_) JobQueued: {'identifier': 'navigation_', 'dependencies': OrderedDict()}
[0.000250] (navigation_) JobStarted: {'identifier': 'navigation_'}
[0.006087] (navigation_) JobProgress: {'identifier': 'navigation_', 'progress': 'cmake'}
[0.006728] (navigation_) JobProgress: {'identifier': 'navigation_', 'progress': 'build'}
[0.007382] (navigation_) Command: {'cmd': ['/usr/bin/cmake', '--build', '/home/catia/ros2_ws/build/navigation_', '--', '-j8', '-l8'], 'cwd': '/home/catia/ros2_ws/build/navigation_', 'env': OrderedDict([('USER', 'catia'), ('LC_TIME', 'it_IT.UTF-8'), ('XDG_SESSION_TYPE', 'wayland'), ('SHLVL', '1'), ('LD_LIBRARY_PATH', '/usr/lib/x86_64-linux-gnu/gazebo-11/plugins:/opt/ros/humble/opt/rviz_ogre_vendor/lib:/opt/ros/humble/lib/x86_64-linux-gnu:/opt/ros/humble/lib'), ('HOME', '/home/catia'), ('OLDPWD', '/home/catia'), ('DESKTOP_SESSION', 'ubuntu'), ('ROS_PYTHON_VERSION', '3'), ('GNOME_SHELL_SESSION_MODE', 'ubuntu'), ('GTK_MODULES', 'gail:atk-bridge'), ('LC_MONETARY', 'it_IT.UTF-8'), ('SYSTEMD_EXEC_PID', '1685'), ('DBUS_SESSION_BUS_ADDRESS', 'unix:path=/run/user/1000/bus'), ('COLORTERM', 'truecolor'), ('IM_CONFIG_PHASE', '1'), ('WAYLAND_DISPLAY', 'wayland-0'), ('COLCON_PREFIX_PATH', '/home/catia/ros2_ws/install'), ('ROS_DISTRO', 'humble'), ('LOGNAME', 'catia'), ('_', '/usr/bin/colcon'), ('ROS_VERSION', '2'), ('XDG_SESSION_CLASS', 'user'), ('USERNAME', 'catia'), ('TERM', 'xterm-256color'), ('GNOME_DESKTOP_SESSION_ID', 'this-is-deprecated'), ('ROS_LOCALHOST_ONLY', '0'), ('PATH', '/opt/ros/humble/bin:/usr/local/sbin:/usr/local/bin:/usr/sbin:/usr/bin:/sbin:/bin:/usr/games:/usr/local/games:/snap/bin:/snap/bin'), ('SESSION_MANAGER', 'local/cat:@/tmp/.ICE-unix/1492,unix/cat:/tmp/.ICE-unix/1492'), ('XDG_MENU_PREFIX', 'gnome-'), ('LC_ADDRESS', 'it_IT.UTF-8'), ('GNOME_TERMINAL_SCREEN', '/org/gnome/Terminal/screen/3270a6b2_789e_4346_8cf3_bb7ccc41eb89'), ('GNOME_SETUP_DISPLAY', ':1'), ('XDG_RUNTIME_DIR', '/run/user/1000'), ('DISPLAY', ':0'), ('LANG', 'en_US.UTF-8'), ('XDG_CURRENT_DESKTOP', 'ubuntu:GNOME'), ('LC_TELEPHONE', 'it_IT.UTF-8'), ('XMODIFIERS', '@im=ibus'), ('XDG_SESSION_DESKTOP', 'ubuntu'), ('XAUTHORITY', '/run/user/1000/.mutter-Xwaylandauth.BMHYT2'), ('GNOME_TERMINAL_SERVICE', ':1.126'), ('SSH_AGENT_LAUNCHER', 'gnome-keyring'), ('SSH_AUTH_SOCK', '/run/user/1000/keyring/ssh'), ('AMENT_PREFIX_PATH', '/home/catia/ros2_ws/install/nodes:/home/catia/ros2_ws/install/navigation_:/opt/ros/humble'), ('SHELL', '/bin/bash'), ('LC_NAME', 'it_IT.UTF-8'), ('QT_ACCESSIBILITY', '1'), ('GDMSESSION', 'ubuntu'), ('LC_MEASUREMENT', 'it_IT.UTF-8'), ('LC_IDENTIFICATION', 'it_IT.UTF-8'), ('QT_IM_MODULE', 'ibus'), ('PWD', '/home/catia/ros2_ws/build/navigation_'), ('TURTLEBOT3_MODEL', 'waffle'), ('LC_ALL', 'en_US.UTF-8'), ('XDG_CONFIG_DIRS', '/etc/xdg/xdg-ubuntu:/etc/xdg'), ('XDG_DATA_DIRS', '/usr/share/ubuntu:/usr/local/share/:/usr/share/:/var/lib/snapd/desktop'), ('PYTHONPATH', '/opt/ros/humble/lib/python3.10/site-packages:/opt/ros/humble/local/lib/python3.10/dist-packages'), ('LC_NUMERIC', 'it_IT.UTF-8'), ('LC_PAPER', 'it_IT.UTF-8'), ('COLCON', '1'), ('VTE_VERSION', '6800'), ('CMAKE_PREFIX_PATH', '/home/catia/ros2_ws/install/nodes:/home/catia/ros2_ws/install/navigation_:/opt/ros/humble')]), 'shell': False}
[0.042101] (navigation_) StdoutLine: {'line': b'\x1b[35m\x1b[1mConsolidate compiler generated dependencies of target tf_node\x1b[0m\n'}
[0.051697] (navigation_) StdoutLine: {'line': b'[ 50%] Built target pub_occupancy_grid\n'}
[0.051927] (navigation_) StdoutLine: {'line': b'[ 50%] Built target laserScan_\n'}
[0.052887] (navigation_) StdoutLine: {'line': b'[ 75%] Built target mobile_base\n'}
[0.056294] (navigation_) StdoutLine: {'line': b'[ 87%] \x1b[32mBuilding CXX object CMakeFiles/tf_node.dir/src/tf_node.cpp.o\x1b[0m\n'}
[0.099082] (-) TimerEvent: {}
[0.199407] (-) TimerEvent: {}
[0.216964] (navigation_) StderrLine: {'line': b'\x1b[01m\x1b[K/home/catia/ros2_ws/src/navigation_/src/tf_node.cpp:13:9:\x1b[m\x1b[K \x1b[01;35m\x1b[Kwarning: \x1b[m\x1b[Kmissing terminating " character\n'}
[0.217168] (navigation_) StderrLine: {'line': b'   13 |         \x1b[01;35m\x1b[K"\x1b[m\x1b[Kodom_subscriber_ = this->create_subscription<nav_msgs::msg::Odometry>(\n'}
[0.217231] (navigation_) StderrLine: {'line': b'      |         \x1b[01;35m\x1b[K^\x1b[m\x1b[K\n'}
[0.217280] (navigation_) StderrLine: {'line': b'\x1b[01m\x1b[K/home/catia/ros2_ws/src/navigation_/src/tf_node.cpp:13:9:\x1b[m\x1b[K \x1b[01;31m\x1b[Kerror: \x1b[m\x1b[Kmissing terminating " character\n'}
[0.217325] (navigation_) StderrLine: {'line': b'   13 |         \x1b[01;31m\x1b[K"odom_subscriber_ = this->create_subscription<nav_msgs::msg::Odometry>(\x1b[m\x1b[K\n'}
[0.217372] (navigation_) StderrLine: {'line': b'      |         \x1b[01;31m\x1b[K^~~~~~~~~~~~~~~~~~~~~~~~~~~~~~~~~~~~~~~~~~~~~~~~~~~~~~~~~~~~~~~~~~~~~~~\x1b[m\x1b[K\n'}
[0.217416] (navigation_) StderrLine: {'line': b'\x1b[01m\x1b[K/home/catia/ros2_ws/src/navigation_/src/tf_node.cpp:14:108:\x1b[m\x1b[K \x1b[01;35m\x1b[Kwarning: \x1b[m\x1b[Kmissing terminating " character\n'}
[0.217460] (navigation_) StderrLine: {'line': b'   14 |             "/odom", 10, std::bind(&TransformBroadcasterNode::odom_callback, this, std::placeholders::_1));\x1b[01;35m\x1b[K"\x1b[m\x1b[K\n'}
[0.217504] (navigation_) StderrLine: {'line': b'      |                                                                                                            \x1b[01;35m\x1b[K^\x1b[m\x1b[K\n'}
[0.217547] (navigation_) StderrLine: {'line': b'\x1b[01m\x1b[K/home/catia/ros2_ws/src/navigation_/src/tf_node.cpp:14:108:\x1b[m\x1b[K \x1b[01;31m\x1b[Kerror: \x1b[m\x1b[Kmissing terminating " character\n'}
[0.217591] (navigation_) StderrLine: {'line': b'\x1b[01m\x1b[K/home/catia/ros2_ws/src/navigation_/src/tf_node.cpp:28:5:\x1b[m\x1b[K \x1b[01;35m\x1b[Kwarning: \x1b[m\x1b[Kmissing terminating " character\n'}
[0.217635] (navigation_) StderrLine: {'line': b'   28 |     \x1b[01;35m\x1b[K"\x1b[m\x1b[Kvoid odom_callback(const nav_msgs::msg::Odometry::SharedPtr msg) {\n'}
[0.217679] (navigation_) StderrLine: {'line': b'      |     \x1b[01;35m\x1b[K^\x1b[m\x1b[K\n'}
[0.217722] (navigation_) StderrLine: {'line': b'\x1b[01m\x1b[K/home/catia/ros2_ws/src/navigation_/src/tf_node.cpp:28:5:\x1b[m\x1b[K \x1b[01;31m\x1b[Kerror: \x1b[m\x1b[Kmissing terminating " character\n'}
[0.217765] (navigation_) StderrLine: {'line': b'   28 |     \x1b[01;31m\x1b[K"void odom_callback(const nav_msgs::msg::Odometry::SharedPtr msg) {\x1b[m\x1b[K\n'}
[0.217807] (navigation_) StderrLine: {'line': b'      |     \x1b[01;31m\x1b[K^~~~~~~~~~~~~~~~~~~~~~~~~~~~~~~~~~~~~~~~~~~~~~~~~~~~~~~~~~~~~~~~~~~\x1b[m\x1b[K\n'}
[0.217849] (navigation_) StderrLine: {'line': b'\x1b[01m\x1b[K/home/catia/ros2_ws/src/navigation_/src/tf_node.cpp:41:6:\x1b[m\x1b[K \x1b[01;35m\x1b[Kwarning: \x1b[m\x1b[Kmissing terminating " character\n'}
[0.217893] (navigation_) StderrLine: {'line': b'   41 |     }\x1b[01;35m\x1b[K"\x1b[m\x1b[K\n'}
[0.217935] (navigation_) StderrLine: {'line': b'      |      \x1b[01;35m\x1b[K^\x1b[m\x1b[K\n'}
[0.217977] (navigation_) StderrLine: {'line': b'\x1b[01m\x1b[K/home/catia/ros2_ws/src/navigation_/src/tf_node.cpp:41:6:\x1b[m\x1b[K \x1b[01;31m\x1b[Kerror: \x1b[m\x1b[Kmissing terminating " character\n'}
[0.299566] (-) TimerEvent: {}
[0.399885] (-) TimerEvent: {}
[0.500187] (-) TimerEvent: {}
[0.600529] (-) TimerEvent: {}
[0.700872] (-) TimerEvent: {}
[0.801209] (-) TimerEvent: {}
[0.901544] (-) TimerEvent: {}
[1.001919] (-) TimerEvent: {}
[1.102340] (-) TimerEvent: {}
[1.202642] (-) TimerEvent: {}
[1.302938] (-) TimerEvent: {}
[1.403268] (-) TimerEvent: {}
[1.503668] (-) TimerEvent: {}
[1.603972] (-) TimerEvent: {}
[1.704339] (-) TimerEvent: {}
[1.804663] (-) TimerEvent: {}
[1.904992] (-) TimerEvent: {}
[1.943463] (navigation_) StderrLine: {'line': b'\x1b[01m\x1b[K/home/catia/ros2_ws/src/navigation_/src/tf_node.cpp:31:9:\x1b[m\x1b[K \x1b[01;31m\x1b[Kerror: \x1b[m\x1b[K\xe2\x80\x98\x1b[01m\x1b[Kodom_to_base\x1b[m\x1b[K\xe2\x80\x99 does not name a type\n'}
[1.943658] (navigation_) StderrLine: {'line': b'   31 |         \x1b[01;31m\x1b[Kodom_to_base\x1b[m\x1b[K.header.stamp = this->get_clock()->now();\n'}
[1.943726] (navigation_) StderrLine: {'line': b'      |         \x1b[01;31m\x1b[K^~~~~~~~~~~~\x1b[m\x1b[K\n'}
[1.945749] (navigation_) StderrLine: {'line': b'\x1b[01m\x1b[K/home/catia/ros2_ws/src/navigation_/src/tf_node.cpp:32:9:\x1b[m\x1b[K \x1b[01;31m\x1b[Kerror: \x1b[m\x1b[K\xe2\x80\x98\x1b[01m\x1b[Kodom_to_base\x1b[m\x1b[K\xe2\x80\x99 does not name a type\n'}
[1.945915] (navigation_) StderrLine: {'line': b'   32 |         \x1b[01;31m\x1b[Kodom_to_base\x1b[m\x1b[K.header.frame_id = "odom";\n'}
[1.945986] (navigation_) StderrLine: {'line': b'      |         \x1b[01;31m\x1b[K^~~~~~~~~~~~\x1b[m\x1b[K\n'}
[1.947833] (navigation_) StderrLine: {'line': b'\x1b[01m\x1b[K/home/catia/ros2_ws/src/navigation_/src/tf_node.cpp:33:9:\x1b[m\x1b[K \x1b[01;31m\x1b[Kerror: \x1b[m\x1b[K\xe2\x80\x98\x1b[01m\x1b[Kodom_to_base\x1b[m\x1b[K\xe2\x80\x99 does not name a type\n'}
[1.947948] (navigation_) StderrLine: {'line': b'   33 |         \x1b[01;31m\x1b[Kodom_to_base\x1b[m\x1b[K.child_frame_id = "base_link";\n'}
[1.948001] (navigation_) StderrLine: {'line': b'      |         \x1b[01;31m\x1b[K^~~~~~~~~~~~\x1b[m\x1b[K\n'}
[1.949619] (navigation_) StderrLine: {'line': b'\x1b[01m\x1b[K/home/catia/ros2_ws/src/navigation_/src/tf_node.cpp:35:9:\x1b[m\x1b[K \x1b[01;31m\x1b[Kerror: \x1b[m\x1b[K\xe2\x80\x98\x1b[01m\x1b[Kodom_to_base\x1b[m\x1b[K\xe2\x80\x99 does not name a type\n'}
[1.949785] (navigation_) StderrLine: {'line': b'   35 |         \x1b[01;31m\x1b[Kodom_to_base\x1b[m\x1b[K.transform.translation.x = msg->pose.pose.position.x;\n'}
[1.949884] (navigation_) StderrLine: {'line': b'      |         \x1b[01;31m\x1b[K^~~~~~~~~~~~\x1b[m\x1b[K\n'}
[1.951251] (navigation_) StderrLine: {'line': b'\x1b[01m\x1b[K/home/catia/ros2_ws/src/navigation_/src/tf_node.cpp:36:9:\x1b[m\x1b[K \x1b[01;31m\x1b[Kerror: \x1b[m\x1b[K\xe2\x80\x98\x1b[01m\x1b[Kodom_to_base\x1b[m\x1b[K\xe2\x80\x99 does not name a type\n'}
[1.951369] (navigation_) StderrLine: {'line': b'   36 |         \x1b[01;31m\x1b[Kodom_to_base\x1b[m\x1b[K.transform.translation.y = msg->pose.pose.position.y;\n'}
[1.951428] (navigation_) StderrLine: {'line': b'      |         \x1b[01;31m\x1b[K^~~~~~~~~~~~\x1b[m\x1b[K\n'}
[1.952949] (navigation_) StderrLine: {'line': b'\x1b[01m\x1b[K/home/catia/ros2_ws/src/navigation_/src/tf_node.cpp:37:9:\x1b[m\x1b[K \x1b[01;31m\x1b[Kerror: \x1b[m\x1b[K\xe2\x80\x98\x1b[01m\x1b[Kodom_to_base\x1b[m\x1b[K\xe2\x80\x99 does not name a type\n'}
[1.953130] (navigation_) StderrLine: {'line': b'   37 |         \x1b[01;31m\x1b[Kodom_to_base\x1b[m\x1b[K.transform.translation.z = msg->pose.pose.position.z;\n'}
[1.953181] (navigation_) StderrLine: {'line': b'      |         \x1b[01;31m\x1b[K^~~~~~~~~~~~\x1b[m\x1b[K\n'}
[1.954780] (navigation_) StderrLine: {'line': b'\x1b[01m\x1b[K/home/catia/ros2_ws/src/navigation_/src/tf_node.cpp:38:9:\x1b[m\x1b[K \x1b[01;31m\x1b[Kerror: \x1b[m\x1b[K\xe2\x80\x98\x1b[01m\x1b[Kodom_to_base\x1b[m\x1b[K\xe2\x80\x99 does not name a type\n'}
[1.954911] (navigation_) StderrLine: {'line': b'   38 |         \x1b[01;31m\x1b[Kodom_to_base\x1b[m\x1b[K.transform.rotation = msg->pose.pose.orientation;\n'}
[1.954962] (navigation_) StderrLine: {'line': b'      |         \x1b[01;31m\x1b[K^~~~~~~~~~~~\x1b[m\x1b[K\n'}
[1.956530] (navigation_) StderrLine: {'line': b'\x1b[01m\x1b[K/home/catia/ros2_ws/src/navigation_/src/tf_node.cpp:40:9:\x1b[m\x1b[K \x1b[01;31m\x1b[Kerror: \x1b[m\x1b[K\xe2\x80\x98\x1b[01m\x1b[Kbroadcaster_\x1b[m\x1b[K\xe2\x80\x99 does not name a type\n'}
[1.956726] (navigation_) StderrLine: {'line': b'   40 |         \x1b[01;31m\x1b[Kbroadcaster_\x1b[m\x1b[K->sendTransform(odom_to_base);\n'}
[1.956777] (navigation_) StderrLine: {'line': b'      |         \x1b[01;31m\x1b[K^~~~~~~~~~~~\x1b[m\x1b[K\n'}
[1.956977] (navigation_) StderrLine: {'line': b'\x1b[01m\x1b[K/home/catia/ros2_ws/src/navigation_/src/tf_node.cpp:41:6:\x1b[m\x1b[K \x1b[01;31m\x1b[Kerror: \x1b[m\x1b[Kexpected \xe2\x80\x98\x1b[01m\x1b[K;\x1b[m\x1b[K\xe2\x80\x99 after class definition\n'}
[1.957147] (navigation_) StderrLine: {'line': b'   41 |     }\x1b[01;31m\x1b[K"\x1b[m\x1b[K\n'}
[1.957232] (navigation_) StderrLine: {'line': b'      |      \x1b[01;31m\x1b[K^\x1b[m\x1b[K\n'}
[1.957302] (navigation_) StderrLine: {'line': b'      |      \x1b[32m\x1b[K;\x1b[m\x1b[K\n'}
[1.963038] (navigation_) StderrLine: {'line': b'\x1b[01m\x1b[K/home/catia/ros2_ws/src/navigation_/src/tf_node.cpp:\x1b[m\x1b[K In constructor \xe2\x80\x98\x1b[01m\x1b[KTransformBroadcasterNode::TransformBroadcasterNode()\x1b[m\x1b[K\xe2\x80\x99:\n'}
[1.963216] (navigation_) StderrLine: {'line': b'\x1b[01m\x1b[K/home/catia/ros2_ws/src/navigation_/src/tf_node.cpp:10:9:\x1b[m\x1b[K \x1b[01;31m\x1b[Kerror: \x1b[m\x1b[K\xe2\x80\x98\x1b[01m\x1b[Kbroadcaster_\x1b[m\x1b[K\xe2\x80\x99 was not declared in this scope\n'}
[1.963302] (navigation_) StderrLine: {'line': b'   10 |         \x1b[01;31m\x1b[Kbroadcaster_\x1b[m\x1b[K = std::make_shared<tf2_ros::TransformBroadcaster>(this);\n'}
[1.963385] (navigation_) StderrLine: {'line': b'      |         \x1b[01;31m\x1b[K^~~~~~~~~~~~\x1b[m\x1b[K\n'}
[1.965017] (navigation_) StderrLine: {'line': b'\x1b[01m\x1b[K/home/catia/ros2_ws/src/navigation_/src/tf_node.cpp:14:13:\x1b[m\x1b[K \x1b[01;35m\x1b[Kwarning: \x1b[m\x1b[Kleft operand of comma operator has no effect [\x1b[01;35m\x1b[K\x1b]8;;https://gcc.gnu.org/onlinedocs/gcc/Warning-Options.html#index-Wunused-value\x07-Wunused-value\x1b]8;;\x07\x1b[m\x1b[K]\n'}
[1.965148] (navigation_) StderrLine: {'line': b'   14 |             \x1b[01;35m\x1b[K"/odom"\x1b[m\x1b[K, 10, std::bind(&TransformBroadcasterNode::odom_callback, this, std::placeholders::_1));"\n'}
[1.965265] (navigation_) StderrLine: {'line': b'      |             \x1b[01;35m\x1b[K^~~~~~~\x1b[m\x1b[K\n'}
[1.965343] (navigation_) StderrLine: {'line': b'\x1b[01m\x1b[K/home/catia/ros2_ws/src/navigation_/src/tf_node.cpp:14:63:\x1b[m\x1b[K \x1b[01;31m\x1b[Kerror: \x1b[m\x1b[K\xe2\x80\x98\x1b[01m\x1b[Kodom_callback\x1b[m\x1b[K\xe2\x80\x99 is not a member of \xe2\x80\x98\x1b[01m\x1b[KTransformBroadcasterNode\x1b[m\x1b[K\xe2\x80\x99\n'}
[1.965421] (navigation_) StderrLine: {'line': b'   14 |             "/odom", 10, std::bind(&TransformBroadcasterNode::\x1b[01;31m\x1b[Kodom_callback\x1b[m\x1b[K, this, std::placeholders::_1));"\n'}
[1.965491] (navigation_) StderrLine: {'line': b'      |                                                               \x1b[01;31m\x1b[K^~~~~~~~~~~~~\x1b[m\x1b[K\n'}
[1.972639] (navigation_) StderrLine: {'line': b'\x1b[01m\x1b[K/home/catia/ros2_ws/src/navigation_/src/tf_node.cpp:16:9:\x1b[m\x1b[K \x1b[01;31m\x1b[Kerror: \x1b[m\x1b[K\xe2\x80\x98\x1b[01m\x1b[Kbase_subscriber_\x1b[m\x1b[K\xe2\x80\x99 was not declared in this scope\n'}
[1.972812] (navigation_) StderrLine: {'line': b'   16 |         \x1b[01;31m\x1b[Kbase_subscriber_\x1b[m\x1b[K = this->create_subscription<nav_msgs::msg::Odometry>(\n'}
[1.972921] (navigation_) StderrLine: {'line': b'      |         \x1b[01;31m\x1b[K^~~~~~~~~~~~~~~~\x1b[m\x1b[K\n'}
[1.973018] (navigation_) StderrLine: {'line': b'\x1b[01m\x1b[K/home/catia/ros2_ws/src/navigation_/src/tf_node.cpp:17:67:\x1b[m\x1b[K \x1b[01;31m\x1b[Kerror: \x1b[m\x1b[K\xe2\x80\x98\x1b[01m\x1b[Kbase_callback\x1b[m\x1b[K\xe2\x80\x99 is not a member of \xe2\x80\x98\x1b[01m\x1b[KTransformBroadcasterNode\x1b[m\x1b[K\xe2\x80\x99\n'}
[1.973113] (navigation_) StderrLine: {'line': b'   17 |             "/base_pub", 10, std::bind(&TransformBroadcasterNode::\x1b[01;31m\x1b[Kbase_callback\x1b[m\x1b[K, this, std::placeholders::_1));\n'}
[1.973205] (navigation_) StderrLine: {'line': b'      |                                                                   \x1b[01;31m\x1b[K^~~~~~~~~~~~~\x1b[m\x1b[K\n'}
[1.976556] (navigation_) StderrLine: {'line': b'\x1b[01m\x1b[K/home/catia/ros2_ws/src/navigation_/src/tf_node.cpp:20:9:\x1b[m\x1b[K \x1b[01;31m\x1b[Kerror: \x1b[m\x1b[K\xe2\x80\x98\x1b[01m\x1b[Ktimer_\x1b[m\x1b[K\xe2\x80\x99 was not declared in this scope; did you mean \xe2\x80\x98\x1b[01m\x1b[Ktimer_t\x1b[m\x1b[K\xe2\x80\x99?\n'}
[1.977056] (navigation_) StderrLine: {'line': b'   20 |         \x1b[01;31m\x1b[Ktimer_\x1b[m\x1b[K = this->create_wall_timer(\n'}
[1.977135] (navigation_) StderrLine: {'line': b'      |         \x1b[01;31m\x1b[K^~~~~~\x1b[m\x1b[K\n'}
[1.977220] (navigation_) StderrLine: {'line': b'      |         \x1b[32m\x1b[Ktimer_t\x1b[m\x1b[K\n'}
[1.977289] (navigation_) StderrLine: {'line': b'\x1b[01m\x1b[K/home/catia/ros2_ws/src/navigation_/src/tf_node.cpp:22:50:\x1b[m\x1b[K \x1b[01;31m\x1b[Kerror: \x1b[m\x1b[K\xe2\x80\x98\x1b[01m\x1b[Kpublish_map_to_odom\x1b[m\x1b[K\xe2\x80\x99 is not a member of \xe2\x80\x98\x1b[01m\x1b[KTransformBroadcasterNode\x1b[m\x1b[K\xe2\x80\x99\n'}
[1.977366] (navigation_) StderrLine: {'line': b'   22 |             std::bind(&TransformBroadcasterNode::\x1b[01;31m\x1b[Kpublish_map_to_odom\x1b[m\x1b[K, this));\n'}
[1.977436] (navigation_) StderrLine: {'line': b'      |                                                  \x1b[01;31m\x1b[K^~~~~~~~~~~~~~~~~~~\x1b[m\x1b[K\n'}
[1.985230] (navigation_) StderrLine: {'line': b'\x1b[01m\x1b[K/home/catia/ros2_ws/src/navigation_/src/tf_node.cpp:24:9:\x1b[m\x1b[K \x1b[01;31m\x1b[Kerror: \x1b[m\x1b[K\xe2\x80\x98\x1b[01m\x1b[Kpublish_base_to_laser\x1b[m\x1b[K\xe2\x80\x99 was not declared in this scope\n'}
[1.985350] (navigation_) StderrLine: {'line': b'   24 |         \x1b[01;31m\x1b[Kpublish_base_to_laser\x1b[m\x1b[K();\n'}
[1.985428] (navigation_) StderrLine: {'line': b'      |         \x1b[01;31m\x1b[K^~~~~~~~~~~~~~~~~~~~~\x1b[m\x1b[K\n'}
[1.987332] (navigation_) StderrLine: {'line': b'\x1b[01m\x1b[K/home/catia/ros2_ws/src/navigation_/src/tf_node.cpp:\x1b[m\x1b[K In function \xe2\x80\x98\x1b[01m\x1b[Kvoid base_callback(nav_msgs::msg::Odometry_<std::allocator<void> >::SharedPtr)\x1b[m\x1b[K\xe2\x80\x99:\n'}
[1.987454] (navigation_) StderrLine: {'line': b'\x1b[01m\x1b[K/home/catia/ros2_ws/src/navigation_/src/tf_node.cpp:45:38:\x1b[m\x1b[K \x1b[01;31m\x1b[Kerror: \x1b[m\x1b[Kinvalid use of \xe2\x80\x98\x1b[01m\x1b[Kthis\x1b[m\x1b[K\xe2\x80\x99 in non-member function\n'}
[1.987544] (navigation_) StderrLine: {'line': b'   45 |         base_to_laser.header.stamp = \x1b[01;31m\x1b[Kthis\x1b[m\x1b[K->get_clock()->now();\n'}
[1.987616] (navigation_) StderrLine: {'line': b'      |                                      \x1b[01;31m\x1b[K^~~~\x1b[m\x1b[K\n'}
[1.991370] (navigation_) StderrLine: {'line': b'\x1b[01m\x1b[K/home/catia/ros2_ws/src/navigation_/src/tf_node.cpp:61:9:\x1b[m\x1b[K \x1b[01;31m\x1b[Kerror: \x1b[m\x1b[K\xe2\x80\x98\x1b[01m\x1b[Kbroadcaster_\x1b[m\x1b[K\xe2\x80\x99 was not declared in this scope\n'}
[1.991674] (navigation_) StderrLine: {'line': b'   61 |         \x1b[01;31m\x1b[Kbroadcaster_\x1b[m\x1b[K->sendTransform(base_to_laser);\n'}
[1.991907] (navigation_) StderrLine: {'line': b'      |         \x1b[01;31m\x1b[K^~~~~~~~~~~~\x1b[m\x1b[K\n'}
[1.992129] (navigation_) StderrLine: {'line': b'\x1b[01m\x1b[K/home/catia/ros2_ws/src/navigation_/src/tf_node.cpp:\x1b[m\x1b[K In function \xe2\x80\x98\x1b[01m\x1b[Kvoid publish_map_to_odom()\x1b[m\x1b[K\xe2\x80\x99:\n'}
[1.992205] (navigation_) StderrLine: {'line': b'\x1b[01m\x1b[K/home/catia/ros2_ws/src/navigation_/src/tf_node.cpp:67:36:\x1b[m\x1b[K \x1b[01;31m\x1b[Kerror: \x1b[m\x1b[Kinvalid use of \xe2\x80\x98\x1b[01m\x1b[Kthis\x1b[m\x1b[K\xe2\x80\x99 in non-member function\n'}
[1.992275] (navigation_) StderrLine: {'line': b'   67 |         map_to_odom.header.stamp = \x1b[01;31m\x1b[Kthis\x1b[m\x1b[K->get_clock()->now();\n'}
[1.992344] (navigation_) StderrLine: {'line': b'      |                                    \x1b[01;31m\x1b[K^~~~\x1b[m\x1b[K\n'}
[1.995664] (navigation_) StderrLine: {'line': b'\x1b[01m\x1b[K/home/catia/ros2_ws/src/navigation_/src/tf_node.cpp:82:9:\x1b[m\x1b[K \x1b[01;31m\x1b[Kerror: \x1b[m\x1b[K\xe2\x80\x98\x1b[01m\x1b[Kbroadcaster_\x1b[m\x1b[K\xe2\x80\x99 was not declared in this scope\n'}
[1.995901] (navigation_) StderrLine: {'line': b'   82 |         \x1b[01;31m\x1b[Kbroadcaster_\x1b[m\x1b[K->sendTransform(map_to_odom);\n'}
[1.996058] (navigation_) StderrLine: {'line': b'      |         \x1b[01;31m\x1b[K^~~~~~~~~~~~\x1b[m\x1b[K\n'}
[1.996130] (navigation_) StderrLine: {'line': b'\x1b[01m\x1b[K/home/catia/ros2_ws/src/navigation_/src/tf_node.cpp:\x1b[m\x1b[K In function \xe2\x80\x98\x1b[01m\x1b[Kvoid publish_base_to_laser()\x1b[m\x1b[K\xe2\x80\x99:\n'}
[1.996213] (navigation_) StderrLine: {'line': b'\x1b[01m\x1b[K/home/catia/ros2_ws/src/navigation_/src/tf_node.cpp:88:38:\x1b[m\x1b[K \x1b[01;31m\x1b[Kerror: \x1b[m\x1b[Kinvalid use of \xe2\x80\x98\x1b[01m\x1b[Kthis\x1b[m\x1b[K\xe2\x80\x99 in non-member function\n'}
[1.996286] (navigation_) StderrLine: {'line': b'   88 |         base_to_laser.header.stamp = \x1b[01;31m\x1b[Kthis\x1b[m\x1b[K->get_clock()->now();\n'}
[1.996356] (navigation_) StderrLine: {'line': b'      |                                      \x1b[01;31m\x1b[K^~~~\x1b[m\x1b[K\n'}
[1.999680] (navigation_) StderrLine: {'line': b'\x1b[01m\x1b[K/home/catia/ros2_ws/src/navigation_/src/tf_node.cpp:103:9:\x1b[m\x1b[K \x1b[01;31m\x1b[Kerror: \x1b[m\x1b[K\xe2\x80\x98\x1b[01m\x1b[Kbroadcaster_\x1b[m\x1b[K\xe2\x80\x99 was not declared in this scope\n'}
[1.999916] (navigation_) StderrLine: {'line': b'  103 |         \x1b[01;31m\x1b[Kbroadcaster_\x1b[m\x1b[K->sendTransform(base_to_laser);\n'}
[1.999995] (navigation_) StderrLine: {'line': b'      |         \x1b[01;31m\x1b[K^~~~~~~~~~~~\x1b[m\x1b[K\n'}
[2.000065] (navigation_) StderrLine: {'line': b'\x1b[01m\x1b[K/home/catia/ros2_ws/src/navigation_/src/tf_node.cpp:\x1b[m\x1b[K In function \xe2\x80\x98\x1b[01m\x1b[Kvoid publish_odom_to_base()\x1b[m\x1b[K\xe2\x80\x99:\n'}
[2.000135] (navigation_) StderrLine: {'line': b'\x1b[01m\x1b[K/home/catia/ros2_ws/src/navigation_/src/tf_node.cpp:107:37:\x1b[m\x1b[K \x1b[01;31m\x1b[Kerror: \x1b[m\x1b[Kinvalid use of \xe2\x80\x98\x1b[01m\x1b[Kthis\x1b[m\x1b[K\xe2\x80\x99 in non-member function\n'}
[2.000205] (navigation_) StderrLine: {'line': b'  107 |         odom_to_base.header.stamp = \x1b[01;31m\x1b[Kthis\x1b[m\x1b[K->get_clock()->now();\n'}
[2.000272] (navigation_) StderrLine: {'line': b'      |                                     \x1b[01;31m\x1b[K^~~~\x1b[m\x1b[K\n'}
[2.002111] (navigation_) StderrLine: {'line': b'\x1b[01m\x1b[K/home/catia/ros2_ws/src/navigation_/src/tf_node.cpp:112:48:\x1b[m\x1b[K \x1b[01;31m\x1b[Kerror: \x1b[m\x1b[K\xe2\x80\x98\x1b[01m\x1b[Kx_\x1b[m\x1b[K\xe2\x80\x99 was not declared in this scope\n'}
[2.002240] (navigation_) StderrLine: {'line': b'  112 |         odom_to_base.transform.translation.x = \x1b[01;31m\x1b[Kx_\x1b[m\x1b[K;\n'}
[2.002324] (navigation_) StderrLine: {'line': b'      |                                                \x1b[01;31m\x1b[K^~\x1b[m\x1b[K\n'}
[2.004093] (navigation_) StderrLine: {'line': b'\x1b[01m\x1b[K/home/catia/ros2_ws/src/navigation_/src/tf_node.cpp:113:48:\x1b[m\x1b[K \x1b[01;31m\x1b[Kerror: \x1b[m\x1b[K\xe2\x80\x98\x1b[01m\x1b[Ky_\x1b[m\x1b[K\xe2\x80\x99 was not declared in this scope; did you mean \xe2\x80\x98\x1b[01m\x1b[Kyn\x1b[m\x1b[K\xe2\x80\x99?\n'}
[2.004208] (navigation_) StderrLine: {'line': b'  113 |         odom_to_base.transform.translation.y = \x1b[01;31m\x1b[Ky_\x1b[m\x1b[K;\n'}
[2.004298] (navigation_) StderrLine: {'line': b'      |                                                \x1b[01;31m\x1b[K^~\x1b[m\x1b[K\n'}
[2.004370] (navigation_) StderrLine: {'line': b'      |                                                \x1b[32m\x1b[Kyn\x1b[m\x1b[K\n'}
[2.005050] (-) TimerEvent: {}
[2.006658] (navigation_) StderrLine: {'line': b'\x1b[01m\x1b[K/home/catia/ros2_ws/src/navigation_/src/tf_node.cpp:116:24:\x1b[m\x1b[K \x1b[01;31m\x1b[Kerror: \x1b[m\x1b[K\xe2\x80\x98\x1b[01m\x1b[Ktheta_\x1b[m\x1b[K\xe2\x80\x99 was not declared in this scope\n'}
[2.006792] (navigation_) StderrLine: {'line': b'  116 |         q.setRPY(0, 0, \x1b[01;31m\x1b[Ktheta_\x1b[m\x1b[K);\n'}
[2.006877] (navigation_) StderrLine: {'line': b'      |                        \x1b[01;31m\x1b[K^~~~~~\x1b[m\x1b[K\n'}
[2.010231] (navigation_) StderrLine: {'line': b'\x1b[01m\x1b[K/home/catia/ros2_ws/src/navigation_/src/tf_node.cpp:122:9:\x1b[m\x1b[K \x1b[01;31m\x1b[Kerror: \x1b[m\x1b[K\xe2\x80\x98\x1b[01m\x1b[Kbroadcaster_\x1b[m\x1b[K\xe2\x80\x99 was not declared in this scope\n'}
[2.010333] (navigation_) StderrLine: {'line': b'  122 |         \x1b[01;31m\x1b[Kbroadcaster_\x1b[m\x1b[K->sendTransform(odom_to_base);\n'}
[2.010407] (navigation_) StderrLine: {'line': b'      |         \x1b[01;31m\x1b[K^~~~~~~~~~~~\x1b[m\x1b[K\n'}
[2.040824] (navigation_) StderrLine: {'line': b'\x1b[01m\x1b[K/home/catia/ros2_ws/src/navigation_/src/tf_node.cpp:\x1b[m\x1b[K At global scope:\n'}
[2.041006] (navigation_) StderrLine: {'line': b'\x1b[01m\x1b[K/home/catia/ros2_ws/src/navigation_/src/tf_node.cpp:130:1:\x1b[m\x1b[K \x1b[01;31m\x1b[Kerror: \x1b[m\x1b[Kexpected declaration before \xe2\x80\x98\x1b[01m\x1b[K}\x1b[m\x1b[K\xe2\x80\x99 token\n'}
[2.041063] (navigation_) StderrLine: {'line': b'  130 | \x1b[01;31m\x1b[K}\x1b[m\x1b[K;\n'}
[2.041109] (navigation_) StderrLine: {'line': b'      | \x1b[01;31m\x1b[K^\x1b[m\x1b[K\n'}
[2.105208] (-) TimerEvent: {}
[2.205544] (-) TimerEvent: {}
[2.305879] (-) TimerEvent: {}
[2.406271] (-) TimerEvent: {}
[2.506592] (-) TimerEvent: {}
[2.572839] (navigation_) StderrLine: {'line': b'gmake[2]: *** [CMakeFiles/tf_node.dir/build.make:76: CMakeFiles/tf_node.dir/src/tf_node.cpp.o] Error 1\n'}
[2.573154] (navigation_) StderrLine: {'line': b'gmake[1]: *** [CMakeFiles/Makefile2:221: CMakeFiles/tf_node.dir/all] Error 2\n'}
[2.573291] (navigation_) StderrLine: {'line': b'gmake: *** [Makefile:146: all] Error 2\n'}
[2.575095] (navigation_) CommandEnded: {'returncode': 2}
[2.606671] (-) TimerEvent: {}
[2.609107] (navigation_) JobEnded: {'identifier': 'navigation_', 'rc': 2}
[2.619601] (-) EventReactorShutdown: {}
