[0.000000] (-) TimerEvent: {}
[0.000242] (navigation_) JobQueued: {'identifier': 'navigation_', 'dependencies': OrderedDict()}
[0.000441] (navigation_) JobStarted: {'identifier': 'navigation_'}
[0.007065] (navigation_) JobProgress: {'identifier': 'navigation_', 'progress': 'cmake'}
[0.007620] (navigation_) JobProgress: {'identifier': 'navigation_', 'progress': 'build'}
[0.008429] (navigation_) Command: {'cmd': ['/usr/bin/cmake', '--build', '/home/catia/ros2_ws/build/navigation_', '--', '-j8', '-l8'], 'cwd': '/home/catia/ros2_ws/build/navigation_', 'env': OrderedDict([('USER', 'catia'), ('LC_TIME', 'it_IT.UTF-8'), ('XDG_SESSION_TYPE', 'wayland'), ('SHLVL', '1'), ('LD_LIBRARY_PATH', '/usr/lib/x86_64-linux-gnu/gazebo-11/plugins:/opt/ros/humble/opt/rviz_ogre_vendor/lib:/opt/ros/humble/lib/x86_64-linux-gnu:/opt/ros/humble/lib'), ('HOME', '/home/catia'), ('OLDPWD', '/home/catia'), ('DESKTOP_SESSION', 'ubuntu'), ('ROS_PYTHON_VERSION', '3'), ('GNOME_SHELL_SESSION_MODE', 'ubuntu'), ('GTK_MODULES', 'gail:atk-bridge'), ('LC_MONETARY', 'it_IT.UTF-8'), ('SYSTEMD_EXEC_PID', '1670'), ('DBUS_SESSION_BUS_ADDRESS', 'unix:path=/run/user/1000/bus'), ('COLORTERM', 'truecolor'), ('IM_CONFIG_PHASE', '1'), ('WAYLAND_DISPLAY', 'wayland-0'), ('COLCON_PREFIX_PATH', '/home/catia/ros2_ws/install'), ('ROS_DISTRO', 'humble'), ('LOGNAME', 'catia'), ('_', '/usr/bin/colcon'), ('ROS_VERSION', '2'), ('XDG_SESSION_CLASS', 'user'), ('USERNAME', 'catia'), ('TERM', 'xterm-256color'), ('GNOME_DESKTOP_SESSION_ID', 'this-is-deprecated'), ('ROS_LOCALHOST_ONLY', '0'), ('PATH', '/opt/ros/humble/bin:/usr/local/sbin:/usr/local/bin:/usr/sbin:/usr/bin:/sbin:/bin:/usr/games:/usr/local/games:/snap/bin:/snap/bin'), ('SESSION_MANAGER', 'local/cat:@/tmp/.ICE-unix/1480,unix/cat:/tmp/.ICE-unix/1480'), ('XDG_MENU_PREFIX', 'gnome-'), ('LC_ADDRESS', 'it_IT.UTF-8'), ('GNOME_TERMINAL_SCREEN', '/org/gnome/Terminal/screen/0c00f545_ef0d_4545_bbe7_3cd53ca14a36'), ('GNOME_SETUP_DISPLAY', ':1'), ('XDG_RUNTIME_DIR', '/run/user/1000'), ('DISPLAY', ':0'), ('LANG', 'en_US.UTF-8'), ('XDG_CURRENT_DESKTOP', 'ubuntu:GNOME'), ('LC_TELEPHONE', 'it_IT.UTF-8'), ('XMODIFIERS', '@im=ibus'), ('XDG_SESSION_DESKTOP', 'ubuntu'), ('XAUTHORITY', '/run/user/1000/.mutter-Xwaylandauth.TPW3T2'), ('GNOME_TERMINAL_SERVICE', ':1.762'), ('SSH_AGENT_LAUNCHER', 'gnome-keyring'), ('SSH_AUTH_SOCK', '/run/user/1000/keyring/ssh'), ('AMENT_PREFIX_PATH', '/home/catia/ros2_ws/install/nodes:/home/catia/ros2_ws/install/navigation_:/opt/ros/humble'), ('SHELL', '/bin/bash'), ('LC_NAME', 'it_IT.UTF-8'), ('QT_ACCESSIBILITY', '1'), ('GDMSESSION', 'ubuntu'), ('LC_MEASUREMENT', 'it_IT.UTF-8'), ('LC_IDENTIFICATION', 'it_IT.UTF-8'), ('QT_IM_MODULE', 'ibus'), ('PWD', '/home/catia/ros2_ws/build/navigation_'), ('TURTLEBOT3_MODEL', 'waffle'), ('LC_ALL', 'en_US.UTF-8'), ('XDG_CONFIG_DIRS', '/etc/xdg/xdg-ubuntu:/etc/xdg'), ('XDG_DATA_DIRS', '/usr/share/ubuntu:/usr/local/share/:/usr/share/:/var/lib/snapd/desktop'), ('PYTHONPATH', '/opt/ros/humble/lib/python3.10/site-packages:/opt/ros/humble/local/lib/python3.10/dist-packages'), ('LC_NUMERIC', 'it_IT.UTF-8'), ('LC_PAPER', 'it_IT.UTF-8'), ('COLCON', '1'), ('VTE_VERSION', '6800'), ('CMAKE_PREFIX_PATH', '/home/catia/ros2_ws/install/nodes:/home/catia/ros2_ws/install/navigation_:/opt/ros/humble')]), 'shell': False}
[0.046204] (navigation_) StdoutLine: {'line': b'\x1b[35m\x1b[1mConsolidate compiler generated dependencies of target laserScan_\x1b[0m\n'}
[0.058963] (navigation_) StdoutLine: {'line': b'[ 10%] \x1b[32mBuilding CXX object CMakeFiles/ipose.dir/src/ipose.cpp.o\x1b[0m\n'}
[0.059747] (navigation_) StdoutLine: {'line': b'[ 20%] \x1b[32mBuilding CXX object CMakeFiles/mobile_base.dir/src/mobile_base.cpp.o\x1b[0m\n'}
[0.061058] (navigation_) StdoutLine: {'line': b'[ 40%] Built target pub_occupancy_grid\n'}
[0.063172] (navigation_) StdoutLine: {'line': b'[ 60%] Built target tf_node\n'}
[0.063414] (navigation_) StdoutLine: {'line': b'[ 80%] Built target laserScan_\n'}
[0.099739] (-) TimerEvent: {}
[0.200002] (-) TimerEvent: {}
[0.300296] (-) TimerEvent: {}
[0.400629] (-) TimerEvent: {}
[0.501192] (-) TimerEvent: {}
[0.601540] (-) TimerEvent: {}
[0.701871] (-) TimerEvent: {}
[0.802178] (-) TimerEvent: {}
[0.902631] (-) TimerEvent: {}
[1.002929] (-) TimerEvent: {}
[1.103267] (-) TimerEvent: {}
[1.203518] (-) TimerEvent: {}
[1.303832] (-) TimerEvent: {}
[1.404142] (-) TimerEvent: {}
[1.504494] (-) TimerEvent: {}
[1.604776] (-) TimerEvent: {}
[1.705084] (-) TimerEvent: {}
[1.805341] (-) TimerEvent: {}
[1.905621] (-) TimerEvent: {}
[2.005908] (-) TimerEvent: {}
[2.106238] (-) TimerEvent: {}
[2.206539] (-) TimerEvent: {}
[2.306848] (-) TimerEvent: {}
[2.407237] (-) TimerEvent: {}
[2.508377] (-) TimerEvent: {}
[2.608649] (-) TimerEvent: {}
[2.708937] (-) TimerEvent: {}
[2.809229] (-) TimerEvent: {}
[2.909581] (-) TimerEvent: {}
[3.009844] (-) TimerEvent: {}
[3.110177] (-) TimerEvent: {}
[3.210481] (-) TimerEvent: {}
[3.310759] (-) TimerEvent: {}
[3.411008] (-) TimerEvent: {}
[3.511310] (-) TimerEvent: {}
[3.611682] (-) TimerEvent: {}
[3.712025] (-) TimerEvent: {}
[3.812334] (-) TimerEvent: {}
[3.912728] (-) TimerEvent: {}
[4.013031] (-) TimerEvent: {}
[4.113329] (-) TimerEvent: {}
[4.213601] (-) TimerEvent: {}
[4.313873] (-) TimerEvent: {}
[4.414168] (-) TimerEvent: {}
[4.514426] (-) TimerEvent: {}
[4.614715] (-) TimerEvent: {}
[4.715023] (-) TimerEvent: {}
[4.815316] (-) TimerEvent: {}
[4.915646] (-) TimerEvent: {}
[5.015913] (-) TimerEvent: {}
[5.116223] (-) TimerEvent: {}
[5.216507] (-) TimerEvent: {}
[5.316796] (-) TimerEvent: {}
[5.417073] (-) TimerEvent: {}
[5.517451] (-) TimerEvent: {}
[5.617821] (-) TimerEvent: {}
[5.718171] (-) TimerEvent: {}
[5.818594] (-) TimerEvent: {}
[5.918910] (-) TimerEvent: {}
[6.019206] (-) TimerEvent: {}
[6.119578] (-) TimerEvent: {}
[6.219828] (-) TimerEvent: {}
[6.320110] (-) TimerEvent: {}
[6.420357] (-) TimerEvent: {}
[6.520635] (-) TimerEvent: {}
[6.620879] (-) TimerEvent: {}
[6.721145] (-) TimerEvent: {}
[6.821409] (-) TimerEvent: {}
[6.921679] (-) TimerEvent: {}
[7.021934] (-) TimerEvent: {}
[7.122301] (-) TimerEvent: {}
[7.222644] (-) TimerEvent: {}
[7.322985] (-) TimerEvent: {}
[7.423325] (-) TimerEvent: {}
[7.523820] (-) TimerEvent: {}
[7.624197] (-) TimerEvent: {}
[7.724553] (-) TimerEvent: {}
[7.824861] (-) TimerEvent: {}
[7.925155] (-) TimerEvent: {}
[8.025405] (-) TimerEvent: {}
[8.125655] (-) TimerEvent: {}
[8.225919] (-) TimerEvent: {}
[8.326218] (-) TimerEvent: {}
[8.426457] (-) TimerEvent: {}
[8.526742] (-) TimerEvent: {}
[8.627030] (-) TimerEvent: {}
[8.716104] (navigation_) StdoutLine: {'line': b'[ 90%] \x1b[32m\x1b[1mLinking CXX executable mobile_base\x1b[0m\n'}
[8.727152] (-) TimerEvent: {}
[8.827519] (-) TimerEvent: {}
[8.927979] (-) TimerEvent: {}
[9.028283] (-) TimerEvent: {}
[9.128546] (-) TimerEvent: {}
[9.228863] (-) TimerEvent: {}
[9.250994] (navigation_) StdoutLine: {'line': b'[ 90%] Built target mobile_base\n'}
[9.328992] (-) TimerEvent: {}
[9.429267] (-) TimerEvent: {}
[9.529529] (-) TimerEvent: {}
[9.629826] (-) TimerEvent: {}
[9.730115] (-) TimerEvent: {}
[9.830436] (-) TimerEvent: {}
[9.930783] (-) TimerEvent: {}
[10.031048] (-) TimerEvent: {}
[10.115227] (navigation_) StdoutLine: {'line': b'[100%] \x1b[32m\x1b[1mLinking CXX executable ipose\x1b[0m\n'}
[10.131165] (-) TimerEvent: {}
[10.231476] (-) TimerEvent: {}
[10.331763] (-) TimerEvent: {}
[10.432016] (-) TimerEvent: {}
[10.532267] (-) TimerEvent: {}
[10.632538] (-) TimerEvent: {}
[10.652562] (navigation_) StdoutLine: {'line': b'[100%] Built target ipose\n'}
[10.661808] (navigation_) CommandEnded: {'returncode': 0}
[10.690054] (navigation_) JobProgress: {'identifier': 'navigation_', 'progress': 'install'}
[10.697948] (navigation_) Command: {'cmd': ['/usr/bin/cmake', '--install', '/home/catia/ros2_ws/build/navigation_'], 'cwd': '/home/catia/ros2_ws/build/navigation_', 'env': OrderedDict([('USER', 'catia'), ('LC_TIME', 'it_IT.UTF-8'), ('XDG_SESSION_TYPE', 'wayland'), ('SHLVL', '1'), ('LD_LIBRARY_PATH', '/usr/lib/x86_64-linux-gnu/gazebo-11/plugins:/opt/ros/humble/opt/rviz_ogre_vendor/lib:/opt/ros/humble/lib/x86_64-linux-gnu:/opt/ros/humble/lib'), ('HOME', '/home/catia'), ('OLDPWD', '/home/catia'), ('DESKTOP_SESSION', 'ubuntu'), ('ROS_PYTHON_VERSION', '3'), ('GNOME_SHELL_SESSION_MODE', 'ubuntu'), ('GTK_MODULES', 'gail:atk-bridge'), ('LC_MONETARY', 'it_IT.UTF-8'), ('SYSTEMD_EXEC_PID', '1670'), ('DBUS_SESSION_BUS_ADDRESS', 'unix:path=/run/user/1000/bus'), ('COLORTERM', 'truecolor'), ('IM_CONFIG_PHASE', '1'), ('WAYLAND_DISPLAY', 'wayland-0'), ('COLCON_PREFIX_PATH', '/home/catia/ros2_ws/install'), ('ROS_DISTRO', 'humble'), ('LOGNAME', 'catia'), ('_', '/usr/bin/colcon'), ('ROS_VERSION', '2'), ('XDG_SESSION_CLASS', 'user'), ('USERNAME', 'catia'), ('TERM', 'xterm-256color'), ('GNOME_DESKTOP_SESSION_ID', 'this-is-deprecated'), ('ROS_LOCALHOST_ONLY', '0'), ('PATH', '/opt/ros/humble/bin:/usr/local/sbin:/usr/local/bin:/usr/sbin:/usr/bin:/sbin:/bin:/usr/games:/usr/local/games:/snap/bin:/snap/bin'), ('SESSION_MANAGER', 'local/cat:@/tmp/.ICE-unix/1480,unix/cat:/tmp/.ICE-unix/1480'), ('XDG_MENU_PREFIX', 'gnome-'), ('LC_ADDRESS', 'it_IT.UTF-8'), ('GNOME_TERMINAL_SCREEN', '/org/gnome/Terminal/screen/0c00f545_ef0d_4545_bbe7_3cd53ca14a36'), ('GNOME_SETUP_DISPLAY', ':1'), ('XDG_RUNTIME_DIR', '/run/user/1000'), ('DISPLAY', ':0'), ('LANG', 'en_US.UTF-8'), ('XDG_CURRENT_DESKTOP', 'ubuntu:GNOME'), ('LC_TELEPHONE', 'it_IT.UTF-8'), ('XMODIFIERS', '@im=ibus'), ('XDG_SESSION_DESKTOP', 'ubuntu'), ('XAUTHORITY', '/run/user/1000/.mutter-Xwaylandauth.TPW3T2'), ('GNOME_TERMINAL_SERVICE', ':1.762'), ('SSH_AGENT_LAUNCHER', 'gnome-keyring'), ('SSH_AUTH_SOCK', '/run/user/1000/keyring/ssh'), ('AMENT_PREFIX_PATH', '/home/catia/ros2_ws/install/nodes:/home/catia/ros2_ws/install/navigation_:/opt/ros/humble'), ('SHELL', '/bin/bash'), ('LC_NAME', 'it_IT.UTF-8'), ('QT_ACCESSIBILITY', '1'), ('GDMSESSION', 'ubuntu'), ('LC_MEASUREMENT', 'it_IT.UTF-8'), ('LC_IDENTIFICATION', 'it_IT.UTF-8'), ('QT_IM_MODULE', 'ibus'), ('PWD', '/home/catia/ros2_ws/build/navigation_'), ('TURTLEBOT3_MODEL', 'waffle'), ('LC_ALL', 'en_US.UTF-8'), ('XDG_CONFIG_DIRS', '/etc/xdg/xdg-ubuntu:/etc/xdg'), ('XDG_DATA_DIRS', '/usr/share/ubuntu:/usr/local/share/:/usr/share/:/var/lib/snapd/desktop'), ('PYTHONPATH', '/opt/ros/humble/lib/python3.10/site-packages:/opt/ros/humble/local/lib/python3.10/dist-packages'), ('LC_NUMERIC', 'it_IT.UTF-8'), ('LC_PAPER', 'it_IT.UTF-8'), ('COLCON', '1'), ('VTE_VERSION', '6800'), ('CMAKE_PREFIX_PATH', '/home/catia/ros2_ws/install/nodes:/home/catia/ros2_ws/install/navigation_:/opt/ros/humble')]), 'shell': False}
[10.704373] (navigation_) StdoutLine: {'line': b'-- Install configuration: ""\n'}
[10.704541] (navigation_) StdoutLine: {'line': b'-- Up-to-date: /home/catia/ros2_ws/install/navigation_/lib/navigation_/pub_occupancy_grid\n'}
[10.704675] (navigation_) StdoutLine: {'line': b'-- Up-to-date: /home/catia/ros2_ws/install/navigation_/lib/navigation_/laserScan_\n'}
[10.704849] (navigation_) StdoutLine: {'line': b'-- Installing: /home/catia/ros2_ws/install/navigation_/lib/navigation_/mobile_base\n'}
[10.710145] (navigation_) StdoutLine: {'line': b'-- Set runtime path of "/home/catia/ros2_ws/install/navigation_/lib/navigation_/mobile_base" to ""\n'}
[10.710375] (navigation_) StdoutLine: {'line': b'-- Up-to-date: /home/catia/ros2_ws/install/navigation_/lib/navigation_/tf_node\n'}
[10.710559] (navigation_) StdoutLine: {'line': b'-- Installing: /home/catia/ros2_ws/install/navigation_/lib/navigation_/ipose\n'}
[10.715765] (navigation_) StdoutLine: {'line': b'-- Set runtime path of "/home/catia/ros2_ws/install/navigation_/lib/navigation_/ipose" to ""\n'}
[10.715976] (navigation_) StdoutLine: {'line': b'-- Up-to-date: /home/catia/ros2_ws/install/navigation_/share/navigation_/launch\n'}
[10.716110] (navigation_) StdoutLine: {'line': b'-- Up-to-date: /home/catia/ros2_ws/install/navigation_/share/navigation_/launch/nav_launch.py\n'}
[10.716225] (navigation_) StdoutLine: {'line': b'-- Up-to-date: /home/catia/ros2_ws/install/navigation_/share/navigation_/launch/mapping_launch.py\n'}
[10.716346] (navigation_) StdoutLine: {'line': b'-- Up-to-date: /home/catia/ros2_ws/install/navigation_/share/navigation_/config\n'}
[10.716454] (navigation_) StdoutLine: {'line': b'-- Up-to-date: /home/catia/ros2_ws/install/navigation_/share/navigation_/config/cappero_laser_odom_diag_2020-05-06-16-26-03.yaml\n'}
[10.716578] (navigation_) StdoutLine: {'line': b'-- Up-to-date: /home/catia/ros2_ws/install/navigation_/share/navigation_/config/tb3_map.yaml\n'}
[10.716680] (navigation_) StdoutLine: {'line': b'-- Up-to-date: /home/catia/ros2_ws/install/navigation_/share/navigation_/config/tb3_map.pgm\n'}
[10.716767] (navigation_) StdoutLine: {'line': b'-- Up-to-date: /home/catia/ros2_ws/install/navigation_/share/navigation_/config/prova.rviz\n'}
[10.716943] (navigation_) StdoutLine: {'line': b'-- Up-to-date: /home/catia/ros2_ws/install/navigation_/share/navigation_/config/diag.rviz\n'}
[10.717007] (navigation_) StdoutLine: {'line': b'-- Up-to-date: /home/catia/ros2_ws/install/navigation_/share/navigation_/config/diag1.rviz\n'}
[10.717057] (navigation_) StdoutLine: {'line': b'-- Up-to-date: /home/catia/ros2_ws/install/navigation_/share/navigation_/config/nav2_param.yaml\n'}
[10.717102] (navigation_) StdoutLine: {'line': b'-- Up-to-date: /home/catia/ros2_ws/install/navigation_/share/navigation_/config/cappero_laser_odom_diag_2020-05-06-16-26-03.png\n'}
[10.717147] (navigation_) StdoutLine: {'line': b'-- Up-to-date: /home/catia/ros2_ws/install/navigation_/share/navigation_/config/default.rviz\n'}
[10.717193] (navigation_) StdoutLine: {'line': b'-- Up-to-date: /home/catia/ros2_ws/install/navigation_/share/ament_index/resource_index/package_run_dependencies/navigation_\n'}
[10.717239] (navigation_) StdoutLine: {'line': b'-- Up-to-date: /home/catia/ros2_ws/install/navigation_/share/ament_index/resource_index/parent_prefix_path/navigation_\n'}
[10.717291] (navigation_) StdoutLine: {'line': b'-- Up-to-date: /home/catia/ros2_ws/install/navigation_/share/navigation_/environment/ament_prefix_path.sh\n'}
[10.717337] (navigation_) StdoutLine: {'line': b'-- Up-to-date: /home/catia/ros2_ws/install/navigation_/share/navigation_/environment/ament_prefix_path.dsv\n'}
[10.717383] (navigation_) StdoutLine: {'line': b'-- Up-to-date: /home/catia/ros2_ws/install/navigation_/share/navigation_/environment/path.sh\n'}
[10.717428] (navigation_) StdoutLine: {'line': b'-- Up-to-date: /home/catia/ros2_ws/install/navigation_/share/navigation_/environment/path.dsv\n'}
[10.717473] (navigation_) StdoutLine: {'line': b'-- Up-to-date: /home/catia/ros2_ws/install/navigation_/share/navigation_/local_setup.bash\n'}
[10.717518] (navigation_) StdoutLine: {'line': b'-- Up-to-date: /home/catia/ros2_ws/install/navigation_/share/navigation_/local_setup.sh\n'}
[10.717570] (navigation_) StdoutLine: {'line': b'-- Up-to-date: /home/catia/ros2_ws/install/navigation_/share/navigation_/local_setup.zsh\n'}
[10.717621] (navigation_) StdoutLine: {'line': b'-- Up-to-date: /home/catia/ros2_ws/install/navigation_/share/navigation_/local_setup.dsv\n'}
[10.717678] (navigation_) StdoutLine: {'line': b'-- Installing: /home/catia/ros2_ws/install/navigation_/share/navigation_/package.dsv\n'}
[10.717723] (navigation_) StdoutLine: {'line': b'-- Up-to-date: /home/catia/ros2_ws/install/navigation_/share/ament_index/resource_index/packages/navigation_\n'}
[10.717767] (navigation_) StdoutLine: {'line': b'-- Up-to-date: /home/catia/ros2_ws/install/navigation_/share/navigation_/cmake/navigation_Config.cmake\n'}
[10.717811] (navigation_) StdoutLine: {'line': b'-- Up-to-date: /home/catia/ros2_ws/install/navigation_/share/navigation_/cmake/navigation_Config-version.cmake\n'}
[10.717855] (navigation_) StdoutLine: {'line': b'-- Up-to-date: /home/catia/ros2_ws/install/navigation_/share/navigation_/package.xml\n'}
[10.718414] (navigation_) CommandEnded: {'returncode': 0}
[10.732679] (-) TimerEvent: {}
[10.760443] (navigation_) JobEnded: {'identifier': 'navigation_', 'rc': 0}
[10.760912] (-) EventReactorShutdown: {}
