[0.000000] (-) TimerEvent: {}
[0.000340] (navigation_) JobQueued: {'identifier': 'navigation_', 'dependencies': OrderedDict()}
[0.000864] (navigation_) JobStarted: {'identifier': 'navigation_'}
[0.007291] (navigation_) JobProgress: {'identifier': 'navigation_', 'progress': 'cmake'}
[0.007788] (navigation_) JobProgress: {'identifier': 'navigation_', 'progress': 'build'}
[0.008378] (navigation_) Command: {'cmd': ['/usr/bin/cmake', '--build', '/home/catia/ros2_ws/build/navigation_', '--', '-j8', '-l8'], 'cwd': '/home/catia/ros2_ws/build/navigation_', 'env': OrderedDict([('USER', 'catia'), ('LC_TIME', 'it_IT.UTF-8'), ('XDG_SESSION_TYPE', 'wayland'), ('SHLVL', '1'), ('LD_LIBRARY_PATH', '/usr/lib/x86_64-linux-gnu/gazebo-11/plugins:/opt/ros/humble/opt/rviz_ogre_vendor/lib:/opt/ros/humble/lib/x86_64-linux-gnu:/opt/ros/humble/lib'), ('HOME', '/home/catia'), ('OLDPWD', '/home/catia'), ('DESKTOP_SESSION', 'ubuntu'), ('ROS_PYTHON_VERSION', '3'), ('GNOME_SHELL_SESSION_MODE', 'ubuntu'), ('GTK_MODULES', 'gail:atk-bridge'), ('LC_MONETARY', 'it_IT.UTF-8'), ('SYSTEMD_EXEC_PID', '1685'), ('DBUS_SESSION_BUS_ADDRESS', 'unix:path=/run/user/1000/bus'), ('COLORTERM', 'truecolor'), ('IM_CONFIG_PHASE', '1'), ('WAYLAND_DISPLAY', 'wayland-0'), ('COLCON_PREFIX_PATH', '/home/catia/ros2_ws/install'), ('ROS_DISTRO', 'humble'), ('LOGNAME', 'catia'), ('_', '/usr/bin/colcon'), ('ROS_VERSION', '2'), ('XDG_SESSION_CLASS', 'user'), ('USERNAME', 'catia'), ('TERM', 'xterm-256color'), ('GNOME_DESKTOP_SESSION_ID', 'this-is-deprecated'), ('ROS_LOCALHOST_ONLY', '0'), ('PATH', '/opt/ros/humble/bin:/usr/local/sbin:/usr/local/bin:/usr/sbin:/usr/bin:/sbin:/bin:/usr/games:/usr/local/games:/snap/bin:/snap/bin'), ('SESSION_MANAGER', 'local/cat:@/tmp/.ICE-unix/1492,unix/cat:/tmp/.ICE-unix/1492'), ('XDG_MENU_PREFIX', 'gnome-'), ('LC_ADDRESS', 'it_IT.UTF-8'), ('GNOME_TERMINAL_SCREEN', '/org/gnome/Terminal/screen/3270a6b2_789e_4346_8cf3_bb7ccc41eb89'), ('GNOME_SETUP_DISPLAY', ':1'), ('XDG_RUNTIME_DIR', '/run/user/1000'), ('DISPLAY', ':0'), ('LANG', 'en_US.UTF-8'), ('XDG_CURRENT_DESKTOP', 'ubuntu:GNOME'), ('LC_TELEPHONE', 'it_IT.UTF-8'), ('XMODIFIERS', '@im=ibus'), ('XDG_SESSION_DESKTOP', 'ubuntu'), ('XAUTHORITY', '/run/user/1000/.mutter-Xwaylandauth.BMHYT2'), ('GNOME_TERMINAL_SERVICE', ':1.126'), ('SSH_AGENT_LAUNCHER', 'gnome-keyring'), ('SSH_AUTH_SOCK', '/run/user/1000/keyring/ssh'), ('AMENT_PREFIX_PATH', '/home/catia/ros2_ws/install/nodes:/home/catia/ros2_ws/install/navigation_:/opt/ros/humble'), ('SHELL', '/bin/bash'), ('LC_NAME', 'it_IT.UTF-8'), ('QT_ACCESSIBILITY', '1'), ('GDMSESSION', 'ubuntu'), ('LC_MEASUREMENT', 'it_IT.UTF-8'), ('LC_IDENTIFICATION', 'it_IT.UTF-8'), ('QT_IM_MODULE', 'ibus'), ('PWD', '/home/catia/ros2_ws/build/navigation_'), ('TURTLEBOT3_MODEL', 'waffle'), ('LC_ALL', 'en_US.UTF-8'), ('XDG_CONFIG_DIRS', '/etc/xdg/xdg-ubuntu:/etc/xdg'), ('XDG_DATA_DIRS', '/usr/share/ubuntu:/usr/local/share/:/usr/share/:/var/lib/snapd/desktop'), ('PYTHONPATH', '/opt/ros/humble/lib/python3.10/site-packages:/opt/ros/humble/local/lib/python3.10/dist-packages'), ('LC_NUMERIC', 'it_IT.UTF-8'), ('LC_PAPER', 'it_IT.UTF-8'), ('COLCON', '1'), ('VTE_VERSION', '6800'), ('CMAKE_PREFIX_PATH', '/home/catia/ros2_ws/install/nodes:/home/catia/ros2_ws/install/navigation_:/opt/ros/humble')]), 'shell': False}
[0.043558] (navigation_) StdoutLine: {'line': b'\x1b[35m\x1b[1mConsolidate compiler generated dependencies of target tf_node\x1b[0m\n'}
[0.053440] (navigation_) StdoutLine: {'line': b'[ 25%] Built target mobile_base\n'}
[0.055071] (navigation_) StdoutLine: {'line': b'[ 75%] Built target pub_occupancy_grid\n'}
[0.055243] (navigation_) StdoutLine: {'line': b'[ 75%] Built target laserScan_\n'}
[0.057970] (navigation_) StdoutLine: {'line': b'[ 87%] \x1b[32mBuilding CXX object CMakeFiles/tf_node.dir/src/tf_node.cpp.o\x1b[0m\n'}
[0.099744] (-) TimerEvent: {}
[0.200068] (-) TimerEvent: {}
[0.217794] (navigation_) StderrLine: {'line': b'\x1b[01m\x1b[K/home/catia/ros2_ws/src/navigation_/src/tf_node.cpp:13:9:\x1b[m\x1b[K \x1b[01;35m\x1b[Kwarning: \x1b[m\x1b[Kmissing terminating " character\n'}
[0.217989] (navigation_) StderrLine: {'line': b'   13 |         \x1b[01;35m\x1b[K"\x1b[m\x1b[Kodom_subscriber_ = this->create_subscription<nav_msgs::msg::Odometry>(\n'}
[0.218053] (navigation_) StderrLine: {'line': b'      |         \x1b[01;35m\x1b[K^\x1b[m\x1b[K\n'}
[0.218101] (navigation_) StderrLine: {'line': b'\x1b[01m\x1b[K/home/catia/ros2_ws/src/navigation_/src/tf_node.cpp:13:9:\x1b[m\x1b[K \x1b[01;31m\x1b[Kerror: \x1b[m\x1b[Kmissing terminating " character\n'}
[0.218149] (navigation_) StderrLine: {'line': b'   13 |         \x1b[01;31m\x1b[K"odom_subscriber_ = this->create_subscription<nav_msgs::msg::Odometry>(\x1b[m\x1b[K\n'}
[0.218193] (navigation_) StderrLine: {'line': b'      |         \x1b[01;31m\x1b[K^~~~~~~~~~~~~~~~~~~~~~~~~~~~~~~~~~~~~~~~~~~~~~~~~~~~~~~~~~~~~~~~~~~~~~~\x1b[m\x1b[K\n'}
[0.218239] (navigation_) StderrLine: {'line': b'\x1b[01m\x1b[K/home/catia/ros2_ws/src/navigation_/src/tf_node.cpp:14:108:\x1b[m\x1b[K \x1b[01;35m\x1b[Kwarning: \x1b[m\x1b[Kmissing terminating " character\n'}
[0.218283] (navigation_) StderrLine: {'line': b'   14 |             "/odom", 10, std::bind(&TransformBroadcasterNode::odom_callback, this, std::placeholders::_1));\x1b[01;35m\x1b[K"\x1b[m\x1b[K\n'}
[0.218327] (navigation_) StderrLine: {'line': b'      |                                                                                                            \x1b[01;35m\x1b[K^\x1b[m\x1b[K\n'}
[0.218371] (navigation_) StderrLine: {'line': b'\x1b[01m\x1b[K/home/catia/ros2_ws/src/navigation_/src/tf_node.cpp:14:108:\x1b[m\x1b[K \x1b[01;31m\x1b[Kerror: \x1b[m\x1b[Kmissing terminating " character\n'}
[0.218415] (navigation_) StderrLine: {'line': b'\x1b[01m\x1b[K/home/catia/ros2_ws/src/navigation_/src/tf_node.cpp:28:5:\x1b[m\x1b[K \x1b[01;35m\x1b[Kwarning: \x1b[m\x1b[Kmissing terminating " character\n'}
[0.218459] (navigation_) StderrLine: {'line': b'   28 |     \x1b[01;35m\x1b[K"\x1b[m\x1b[Kvoid odom_callback(const nav_msgs::msg::Odometry::SharedPtr msg) {\n'}
[0.218505] (navigation_) StderrLine: {'line': b'      |     \x1b[01;35m\x1b[K^\x1b[m\x1b[K\n'}
[0.218548] (navigation_) StderrLine: {'line': b'\x1b[01m\x1b[K/home/catia/ros2_ws/src/navigation_/src/tf_node.cpp:28:5:\x1b[m\x1b[K \x1b[01;31m\x1b[Kerror: \x1b[m\x1b[Kmissing terminating " character\n'}
[0.218591] (navigation_) StderrLine: {'line': b'   28 |     \x1b[01;31m\x1b[K"void odom_callback(const nav_msgs::msg::Odometry::SharedPtr msg) {\x1b[m\x1b[K\n'}
[0.218634] (navigation_) StderrLine: {'line': b'      |     \x1b[01;31m\x1b[K^~~~~~~~~~~~~~~~~~~~~~~~~~~~~~~~~~~~~~~~~~~~~~~~~~~~~~~~~~~~~~~~~~~\x1b[m\x1b[K\n'}
[0.218677] (navigation_) StderrLine: {'line': b'\x1b[01m\x1b[K/home/catia/ros2_ws/src/navigation_/src/tf_node.cpp:41:6:\x1b[m\x1b[K \x1b[01;35m\x1b[Kwarning: \x1b[m\x1b[Kmissing terminating " character\n'}
[0.218719] (navigation_) StderrLine: {'line': b'   41 |     }\x1b[01;35m\x1b[K"\x1b[m\x1b[K\n'}
[0.218762] (navigation_) StderrLine: {'line': b'      |      \x1b[01;35m\x1b[K^\x1b[m\x1b[K\n'}
[0.218804] (navigation_) StderrLine: {'line': b'\x1b[01m\x1b[K/home/catia/ros2_ws/src/navigation_/src/tf_node.cpp:41:6:\x1b[m\x1b[K \x1b[01;31m\x1b[Kerror: \x1b[m\x1b[Kmissing terminating " character\n'}
[0.300221] (-) TimerEvent: {}
[0.400609] (-) TimerEvent: {}
[0.500914] (-) TimerEvent: {}
[0.601250] (-) TimerEvent: {}
[0.701594] (-) TimerEvent: {}
[0.801927] (-) TimerEvent: {}
[0.902256] (-) TimerEvent: {}
[1.002588] (-) TimerEvent: {}
[1.102923] (-) TimerEvent: {}
[1.203274] (-) TimerEvent: {}
[1.303596] (-) TimerEvent: {}
[1.403896] (-) TimerEvent: {}
[1.504239] (-) TimerEvent: {}
[1.604570] (-) TimerEvent: {}
[1.704901] (-) TimerEvent: {}
[1.805172] (-) TimerEvent: {}
[1.862439] (navigation_) StderrLine: {'line': b'\x1b[01m\x1b[K/home/catia/ros2_ws/src/navigation_/src/tf_node.cpp:31:9:\x1b[m\x1b[K \x1b[01;31m\x1b[Kerror: \x1b[m\x1b[K\xe2\x80\x98\x1b[01m\x1b[Kodom_to_base\x1b[m\x1b[K\xe2\x80\x99 does not name a type\n'}
[1.862631] (navigation_) StderrLine: {'line': b'   31 |         \x1b[01;31m\x1b[Kodom_to_base\x1b[m\x1b[K.header.stamp = this->get_clock()->now();\n'}
[1.862753] (navigation_) StderrLine: {'line': b'      |         \x1b[01;31m\x1b[K^~~~~~~~~~~~\x1b[m\x1b[K\n'}
[1.864023] (navigation_) StderrLine: {'line': b'\x1b[01m\x1b[K/home/catia/ros2_ws/src/navigation_/src/tf_node.cpp:32:9:\x1b[m\x1b[K \x1b[01;31m\x1b[Kerror: \x1b[m\x1b[K\xe2\x80\x98\x1b[01m\x1b[Kodom_to_base\x1b[m\x1b[K\xe2\x80\x99 does not name a type\n'}
[1.864143] (navigation_) StderrLine: {'line': b'   32 |         \x1b[01;31m\x1b[Kodom_to_base\x1b[m\x1b[K.header.frame_id = "odom";\n'}
[1.864227] (navigation_) StderrLine: {'line': b'      |         \x1b[01;31m\x1b[K^~~~~~~~~~~~\x1b[m\x1b[K\n'}
[1.865711] (navigation_) StderrLine: {'line': b'\x1b[01m\x1b[K/home/catia/ros2_ws/src/navigation_/src/tf_node.cpp:33:9:\x1b[m\x1b[K \x1b[01;31m\x1b[Kerror: \x1b[m\x1b[K\xe2\x80\x98\x1b[01m\x1b[Kodom_to_base\x1b[m\x1b[K\xe2\x80\x99 does not name a type\n'}
[1.865900] (navigation_) StderrLine: {'line': b'   33 |         \x1b[01;31m\x1b[Kodom_to_base\x1b[m\x1b[K.child_frame_id = "base_link";\n'}
[1.866011] (navigation_) StderrLine: {'line': b'      |         \x1b[01;31m\x1b[K^~~~~~~~~~~~\x1b[m\x1b[K\n'}
[1.867826] (navigation_) StderrLine: {'line': b'\x1b[01m\x1b[K/home/catia/ros2_ws/src/navigation_/src/tf_node.cpp:35:9:\x1b[m\x1b[K \x1b[01;31m\x1b[Kerror: \x1b[m\x1b[K\xe2\x80\x98\x1b[01m\x1b[Kodom_to_base\x1b[m\x1b[K\xe2\x80\x99 does not name a type\n'}
[1.867980] (navigation_) StderrLine: {'line': b'   35 |         \x1b[01;31m\x1b[Kodom_to_base\x1b[m\x1b[K.transform.translation.x = msg->pose.pose.position.x;\n'}
[1.868063] (navigation_) StderrLine: {'line': b'      |         \x1b[01;31m\x1b[K^~~~~~~~~~~~\x1b[m\x1b[K\n'}
[1.869666] (navigation_) StderrLine: {'line': b'\x1b[01m\x1b[K/home/catia/ros2_ws/src/navigation_/src/tf_node.cpp:36:9:\x1b[m\x1b[K \x1b[01;31m\x1b[Kerror: \x1b[m\x1b[K\xe2\x80\x98\x1b[01m\x1b[Kodom_to_base\x1b[m\x1b[K\xe2\x80\x99 does not name a type\n'}
[1.869789] (navigation_) StderrLine: {'line': b'   36 |         \x1b[01;31m\x1b[Kodom_to_base\x1b[m\x1b[K.transform.translation.y = msg->pose.pose.position.y;\n'}
[1.869890] (navigation_) StderrLine: {'line': b'      |         \x1b[01;31m\x1b[K^~~~~~~~~~~~\x1b[m\x1b[K\n'}
[1.871160] (navigation_) StderrLine: {'line': b'\x1b[01m\x1b[K/home/catia/ros2_ws/src/navigation_/src/tf_node.cpp:37:9:\x1b[m\x1b[K \x1b[01;31m\x1b[Kerror: \x1b[m\x1b[K\xe2\x80\x98\x1b[01m\x1b[Kodom_to_base\x1b[m\x1b[K\xe2\x80\x99 does not name a type\n'}
[1.871273] (navigation_) StderrLine: {'line': b'   37 |         \x1b[01;31m\x1b[Kodom_to_base\x1b[m\x1b[K.transform.translation.z = msg->pose.pose.position.z;\n'}
[1.871356] (navigation_) StderrLine: {'line': b'      |         \x1b[01;31m\x1b[K^~~~~~~~~~~~\x1b[m\x1b[K\n'}
[1.872830] (navigation_) StderrLine: {'line': b'\x1b[01m\x1b[K/home/catia/ros2_ws/src/navigation_/src/tf_node.cpp:38:9:\x1b[m\x1b[K \x1b[01;31m\x1b[Kerror: \x1b[m\x1b[K\xe2\x80\x98\x1b[01m\x1b[Kodom_to_base\x1b[m\x1b[K\xe2\x80\x99 does not name a type\n'}
[1.872963] (navigation_) StderrLine: {'line': b'   38 |         \x1b[01;31m\x1b[Kodom_to_base\x1b[m\x1b[K.transform.rotation = msg->pose.pose.orientation;\n'}
[1.873046] (navigation_) StderrLine: {'line': b'      |         \x1b[01;31m\x1b[K^~~~~~~~~~~~\x1b[m\x1b[K\n'}
[1.874962] (navigation_) StderrLine: {'line': b'\x1b[01m\x1b[K/home/catia/ros2_ws/src/navigation_/src/tf_node.cpp:40:9:\x1b[m\x1b[K \x1b[01;31m\x1b[Kerror: \x1b[m\x1b[K\xe2\x80\x98\x1b[01m\x1b[Kbroadcaster_\x1b[m\x1b[K\xe2\x80\x99 does not name a type\n'}
[1.875231] (navigation_) StderrLine: {'line': b'   40 |         \x1b[01;31m\x1b[Kbroadcaster_\x1b[m\x1b[K->sendTransform(odom_to_base);\n'}
[1.875414] (navigation_) StderrLine: {'line': b'      |         \x1b[01;31m\x1b[K^~~~~~~~~~~~\x1b[m\x1b[K\n'}
[1.875479] (navigation_) StderrLine: {'line': b'\x1b[01m\x1b[K/home/catia/ros2_ws/src/navigation_/src/tf_node.cpp:41:6:\x1b[m\x1b[K \x1b[01;31m\x1b[Kerror: \x1b[m\x1b[Kexpected \xe2\x80\x98\x1b[01m\x1b[K;\x1b[m\x1b[K\xe2\x80\x99 after class definition\n'}
[1.875529] (navigation_) StderrLine: {'line': b'   41 |     }\x1b[01;31m\x1b[K"\x1b[m\x1b[K\n'}
[1.875574] (navigation_) StderrLine: {'line': b'      |      \x1b[01;31m\x1b[K^\x1b[m\x1b[K\n'}
[1.875627] (navigation_) StderrLine: {'line': b'      |      \x1b[32m\x1b[K;\x1b[m\x1b[K\n'}
[1.881915] (navigation_) StderrLine: {'line': b'\x1b[01m\x1b[K/home/catia/ros2_ws/src/navigation_/src/tf_node.cpp:\x1b[m\x1b[K In constructor \xe2\x80\x98\x1b[01m\x1b[KTransformBroadcasterNode::TransformBroadcasterNode()\x1b[m\x1b[K\xe2\x80\x99:\n'}
[1.882082] (navigation_) StderrLine: {'line': b'\x1b[01m\x1b[K/home/catia/ros2_ws/src/navigation_/src/tf_node.cpp:10:9:\x1b[m\x1b[K \x1b[01;31m\x1b[Kerror: \x1b[m\x1b[K\xe2\x80\x98\x1b[01m\x1b[Kbroadcaster_\x1b[m\x1b[K\xe2\x80\x99 was not declared in this scope\n'}
[1.882136] (navigation_) StderrLine: {'line': b'   10 |         \x1b[01;31m\x1b[Kbroadcaster_\x1b[m\x1b[K = std::make_shared<tf2_ros::TransformBroadcaster>(this);\n'}
[1.882182] (navigation_) StderrLine: {'line': b'      |         \x1b[01;31m\x1b[K^~~~~~~~~~~~\x1b[m\x1b[K\n'}
[1.884040] (navigation_) StderrLine: {'line': b'\x1b[01m\x1b[K/home/catia/ros2_ws/src/navigation_/src/tf_node.cpp:14:13:\x1b[m\x1b[K \x1b[01;35m\x1b[Kwarning: \x1b[m\x1b[Kleft operand of comma operator has no effect [\x1b[01;35m\x1b[K\x1b]8;;https://gcc.gnu.org/onlinedocs/gcc/Warning-Options.html#index-Wunused-value\x07-Wunused-value\x1b]8;;\x07\x1b[m\x1b[K]\n'}
[1.884176] (navigation_) StderrLine: {'line': b'   14 |             \x1b[01;35m\x1b[K"/odom"\x1b[m\x1b[K, 10, std::bind(&TransformBroadcasterNode::odom_callback, this, std::placeholders::_1));"\n'}
[1.884238] (navigation_) StderrLine: {'line': b'      |             \x1b[01;35m\x1b[K^~~~~~~\x1b[m\x1b[K\n'}
[1.884284] (navigation_) StderrLine: {'line': b'\x1b[01m\x1b[K/home/catia/ros2_ws/src/navigation_/src/tf_node.cpp:14:63:\x1b[m\x1b[K \x1b[01;31m\x1b[Kerror: \x1b[m\x1b[K\xe2\x80\x98\x1b[01m\x1b[Kodom_callback\x1b[m\x1b[K\xe2\x80\x99 is not a member of \xe2\x80\x98\x1b[01m\x1b[KTransformBroadcasterNode\x1b[m\x1b[K\xe2\x80\x99\n'}
[1.884329] (navigation_) StderrLine: {'line': b'   14 |             "/odom", 10, std::bind(&TransformBroadcasterNode::\x1b[01;31m\x1b[Kodom_callback\x1b[m\x1b[K, this, std::placeholders::_1));"\n'}
[1.884374] (navigation_) StderrLine: {'line': b'      |                                                               \x1b[01;31m\x1b[K^~~~~~~~~~~~~\x1b[m\x1b[K\n'}
[1.892622] (navigation_) StderrLine: {'line': b'\x1b[01m\x1b[K/home/catia/ros2_ws/src/navigation_/src/tf_node.cpp:16:9:\x1b[m\x1b[K \x1b[01;31m\x1b[Kerror: \x1b[m\x1b[K\xe2\x80\x98\x1b[01m\x1b[Kbase_subscriber_\x1b[m\x1b[K\xe2\x80\x99 was not declared in this scope\n'}
[1.892809] (navigation_) StderrLine: {'line': b'   16 |         \x1b[01;31m\x1b[Kbase_subscriber_\x1b[m\x1b[K = this->create_subscription<nav_msgs::msg::Odometry>(\n'}
[1.892867] (navigation_) StderrLine: {'line': b'      |         \x1b[01;31m\x1b[K^~~~~~~~~~~~~~~~\x1b[m\x1b[K\n'}
[1.892915] (navigation_) StderrLine: {'line': b'\x1b[01m\x1b[K/home/catia/ros2_ws/src/navigation_/src/tf_node.cpp:17:67:\x1b[m\x1b[K \x1b[01;31m\x1b[Kerror: \x1b[m\x1b[K\xe2\x80\x98\x1b[01m\x1b[Kbase_callback\x1b[m\x1b[K\xe2\x80\x99 is not a member of \xe2\x80\x98\x1b[01m\x1b[KTransformBroadcasterNode\x1b[m\x1b[K\xe2\x80\x99\n'}
[1.892963] (navigation_) StderrLine: {'line': b'   17 |             "/base_pub", 10, std::bind(&TransformBroadcasterNode::\x1b[01;31m\x1b[Kbase_callback\x1b[m\x1b[K, this, std::placeholders::_1));\n'}
[1.893016] (navigation_) StderrLine: {'line': b'      |                                                                   \x1b[01;31m\x1b[K^~~~~~~~~~~~~\x1b[m\x1b[K\n'}
[1.896844] (navigation_) StderrLine: {'line': b'\x1b[01m\x1b[K/home/catia/ros2_ws/src/navigation_/src/tf_node.cpp:20:9:\x1b[m\x1b[K \x1b[01;31m\x1b[Kerror: \x1b[m\x1b[K\xe2\x80\x98\x1b[01m\x1b[Ktimer_\x1b[m\x1b[K\xe2\x80\x99 was not declared in this scope; did you mean \xe2\x80\x98\x1b[01m\x1b[Ktimer_t\x1b[m\x1b[K\xe2\x80\x99?\n'}
[1.897180] (navigation_) StderrLine: {'line': b'   20 |         \x1b[01;31m\x1b[Ktimer_\x1b[m\x1b[K = this->create_wall_timer(\n'}
[1.897238] (navigation_) StderrLine: {'line': b'      |         \x1b[01;31m\x1b[K^~~~~~\x1b[m\x1b[K\n'}
[1.897300] (navigation_) StderrLine: {'line': b'      |         \x1b[32m\x1b[Ktimer_t\x1b[m\x1b[K\n'}
[1.897345] (navigation_) StderrLine: {'line': b'\x1b[01m\x1b[K/home/catia/ros2_ws/src/navigation_/src/tf_node.cpp:22:50:\x1b[m\x1b[K \x1b[01;31m\x1b[Kerror: \x1b[m\x1b[K\xe2\x80\x98\x1b[01m\x1b[Kpublish_map_to_odom\x1b[m\x1b[K\xe2\x80\x99 is not a member of \xe2\x80\x98\x1b[01m\x1b[KTransformBroadcasterNode\x1b[m\x1b[K\xe2\x80\x99\n'}
[1.897395] (navigation_) StderrLine: {'line': b'   22 |             std::bind(&TransformBroadcasterNode::\x1b[01;31m\x1b[Kpublish_map_to_odom\x1b[m\x1b[K, this));\n'}
[1.897440] (navigation_) StderrLine: {'line': b'      |                                                  \x1b[01;31m\x1b[K^~~~~~~~~~~~~~~~~~~\x1b[m\x1b[K\n'}
[1.905286] (-) TimerEvent: {}
[1.906363] (navigation_) StderrLine: {'line': b'\x1b[01m\x1b[K/home/catia/ros2_ws/src/navigation_/src/tf_node.cpp:24:9:\x1b[m\x1b[K \x1b[01;31m\x1b[Kerror: \x1b[m\x1b[K\xe2\x80\x98\x1b[01m\x1b[Kpublish_base_to_laser\x1b[m\x1b[K\xe2\x80\x99 was not declared in this scope\n'}
[1.906512] (navigation_) StderrLine: {'line': b'   24 |         \x1b[01;31m\x1b[Kpublish_base_to_laser\x1b[m\x1b[K();\n'}
[1.906563] (navigation_) StderrLine: {'line': b'      |         \x1b[01;31m\x1b[K^~~~~~~~~~~~~~~~~~~~~\x1b[m\x1b[K\n'}
[1.908932] (navigation_) StderrLine: {'line': b'\x1b[01m\x1b[K/home/catia/ros2_ws/src/navigation_/src/tf_node.cpp:\x1b[m\x1b[K In function \xe2\x80\x98\x1b[01m\x1b[Kvoid base_callback(nav_msgs::msg::Odometry_<std::allocator<void> >::SharedPtr)\x1b[m\x1b[K\xe2\x80\x99:\n'}
[1.909111] (navigation_) StderrLine: {'line': b'\x1b[01m\x1b[K/home/catia/ros2_ws/src/navigation_/src/tf_node.cpp:45:38:\x1b[m\x1b[K \x1b[01;31m\x1b[Kerror: \x1b[m\x1b[Kinvalid use of \xe2\x80\x98\x1b[01m\x1b[Kthis\x1b[m\x1b[K\xe2\x80\x99 in non-member function\n'}
[1.909180] (navigation_) StderrLine: {'line': b'   45 |         base_to_laser.header.stamp = \x1b[01;31m\x1b[Kthis\x1b[m\x1b[K->get_clock()->now();\n'}
[1.909228] (navigation_) StderrLine: {'line': b'      |                                      \x1b[01;31m\x1b[K^~~~\x1b[m\x1b[K\n'}
[1.913547] (navigation_) StderrLine: {'line': b'\x1b[01m\x1b[K/home/catia/ros2_ws/src/navigation_/src/tf_node.cpp:61:9:\x1b[m\x1b[K \x1b[01;31m\x1b[Kerror: \x1b[m\x1b[K\xe2\x80\x98\x1b[01m\x1b[Kbroadcaster_\x1b[m\x1b[K\xe2\x80\x99 was not declared in this scope\n'}
[1.913836] (navigation_) StderrLine: {'line': b'   61 |         \x1b[01;31m\x1b[Kbroadcaster_\x1b[m\x1b[K->sendTransform(base_to_laser);\n'}
[1.913896] (navigation_) StderrLine: {'line': b'      |         \x1b[01;31m\x1b[K^~~~~~~~~~~~\x1b[m\x1b[K\n'}
[1.913945] (navigation_) StderrLine: {'line': b'\x1b[01m\x1b[K/home/catia/ros2_ws/src/navigation_/src/tf_node.cpp:\x1b[m\x1b[K In function \xe2\x80\x98\x1b[01m\x1b[Kvoid publish_map_to_odom()\x1b[m\x1b[K\xe2\x80\x99:\n'}
[1.913992] (navigation_) StderrLine: {'line': b'\x1b[01m\x1b[K/home/catia/ros2_ws/src/navigation_/src/tf_node.cpp:67:36:\x1b[m\x1b[K \x1b[01;31m\x1b[Kerror: \x1b[m\x1b[Kinvalid use of \xe2\x80\x98\x1b[01m\x1b[Kthis\x1b[m\x1b[K\xe2\x80\x99 in non-member function\n'}
[1.914037] (navigation_) StderrLine: {'line': b'   67 |         map_to_odom.header.stamp = \x1b[01;31m\x1b[Kthis\x1b[m\x1b[K->get_clock()->now();\n'}
[1.914081] (navigation_) StderrLine: {'line': b'      |                                    \x1b[01;31m\x1b[K^~~~\x1b[m\x1b[K\n'}
[1.918002] (navigation_) StderrLine: {'line': b'\x1b[01m\x1b[K/home/catia/ros2_ws/src/navigation_/src/tf_node.cpp:82:9:\x1b[m\x1b[K \x1b[01;31m\x1b[Kerror: \x1b[m\x1b[K\xe2\x80\x98\x1b[01m\x1b[Kbroadcaster_\x1b[m\x1b[K\xe2\x80\x99 was not declared in this scope\n'}
[1.918325] (navigation_) StderrLine: {'line': b'   82 |         \x1b[01;31m\x1b[Kbroadcaster_\x1b[m\x1b[K->sendTransform(map_to_odom);\n'}
[1.918387] (navigation_) StderrLine: {'line': b'      |         \x1b[01;31m\x1b[K^~~~~~~~~~~~\x1b[m\x1b[K\n'}
[1.918434] (navigation_) StderrLine: {'line': b'\x1b[01m\x1b[K/home/catia/ros2_ws/src/navigation_/src/tf_node.cpp:\x1b[m\x1b[K In function \xe2\x80\x98\x1b[01m\x1b[Kvoid publish_base_to_laser()\x1b[m\x1b[K\xe2\x80\x99:\n'}
[1.918545] (navigation_) StderrLine: {'line': b'\x1b[01m\x1b[K/home/catia/ros2_ws/src/navigation_/src/tf_node.cpp:88:38:\x1b[m\x1b[K \x1b[01;31m\x1b[Kerror: \x1b[m\x1b[Kinvalid use of \xe2\x80\x98\x1b[01m\x1b[Kthis\x1b[m\x1b[K\xe2\x80\x99 in non-member function\n'}
[1.918603] (navigation_) StderrLine: {'line': b'   88 |         base_to_laser.header.stamp = \x1b[01;31m\x1b[Kthis\x1b[m\x1b[K->get_clock()->now();\n'}
[1.918650] (navigation_) StderrLine: {'line': b'      |                                      \x1b[01;31m\x1b[K^~~~\x1b[m\x1b[K\n'}
[1.922484] (navigation_) StderrLine: {'line': b'\x1b[01m\x1b[K/home/catia/ros2_ws/src/navigation_/src/tf_node.cpp:103:9:\x1b[m\x1b[K \x1b[01;31m\x1b[Kerror: \x1b[m\x1b[K\xe2\x80\x98\x1b[01m\x1b[Kbroadcaster_\x1b[m\x1b[K\xe2\x80\x99 was not declared in this scope\n'}
[1.922655] (navigation_) StderrLine: {'line': b'  103 |         \x1b[01;31m\x1b[Kbroadcaster_\x1b[m\x1b[K->sendTransform(base_to_laser);\n'}
[1.922715] (navigation_) StderrLine: {'line': b'      |         \x1b[01;31m\x1b[K^~~~~~~~~~~~\x1b[m\x1b[K\n'}
[1.922828] (navigation_) StderrLine: {'line': b'\x1b[01m\x1b[K/home/catia/ros2_ws/src/navigation_/src/tf_node.cpp:\x1b[m\x1b[K In function \xe2\x80\x98\x1b[01m\x1b[Kvoid publish_odom_to_base()\x1b[m\x1b[K\xe2\x80\x99:\n'}
[1.922916] (navigation_) StderrLine: {'line': b'\x1b[01m\x1b[K/home/catia/ros2_ws/src/navigation_/src/tf_node.cpp:107:37:\x1b[m\x1b[K \x1b[01;31m\x1b[Kerror: \x1b[m\x1b[Kinvalid use of \xe2\x80\x98\x1b[01m\x1b[Kthis\x1b[m\x1b[K\xe2\x80\x99 in non-member function\n'}
[1.922991] (navigation_) StderrLine: {'line': b'  107 |         odom_to_base.header.stamp = \x1b[01;31m\x1b[Kthis\x1b[m\x1b[K->get_clock()->now();\n'}
[1.923059] (navigation_) StderrLine: {'line': b'      |                                     \x1b[01;31m\x1b[K^~~~\x1b[m\x1b[K\n'}
[1.925399] (navigation_) StderrLine: {'line': b'\x1b[01m\x1b[K/home/catia/ros2_ws/src/navigation_/src/tf_node.cpp:112:48:\x1b[m\x1b[K \x1b[01;31m\x1b[Kerror: \x1b[m\x1b[K\xe2\x80\x98\x1b[01m\x1b[Kx_\x1b[m\x1b[K\xe2\x80\x99 was not declared in this scope\n'}
[1.925563] (navigation_) StderrLine: {'line': b'  112 |         odom_to_base.transform.translation.x = \x1b[01;31m\x1b[Kx_\x1b[m\x1b[K;\n'}
[1.925616] (navigation_) StderrLine: {'line': b'      |                                                \x1b[01;31m\x1b[K^~\x1b[m\x1b[K\n'}
[1.927674] (navigation_) StderrLine: {'line': b'\x1b[01m\x1b[K/home/catia/ros2_ws/src/navigation_/src/tf_node.cpp:113:48:\x1b[m\x1b[K \x1b[01;31m\x1b[Kerror: \x1b[m\x1b[K\xe2\x80\x98\x1b[01m\x1b[Ky_\x1b[m\x1b[K\xe2\x80\x99 was not declared in this scope; did you mean \xe2\x80\x98\x1b[01m\x1b[Kyn\x1b[m\x1b[K\xe2\x80\x99?\n'}
[1.927775] (navigation_) StderrLine: {'line': b'  113 |         odom_to_base.transform.translation.y = \x1b[01;31m\x1b[Ky_\x1b[m\x1b[K;\n'}
[1.927838] (navigation_) StderrLine: {'line': b'      |                                                \x1b[01;31m\x1b[K^~\x1b[m\x1b[K\n'}
[1.927887] (navigation_) StderrLine: {'line': b'      |                                                \x1b[32m\x1b[Kyn\x1b[m\x1b[K\n'}
[1.930358] (navigation_) StderrLine: {'line': b'\x1b[01m\x1b[K/home/catia/ros2_ws/src/navigation_/src/tf_node.cpp:116:24:\x1b[m\x1b[K \x1b[01;31m\x1b[Kerror: \x1b[m\x1b[K\xe2\x80\x98\x1b[01m\x1b[Ktheta_\x1b[m\x1b[K\xe2\x80\x99 was not declared in this scope\n'}
[1.930496] (navigation_) StderrLine: {'line': b'  116 |         q.setRPY(0, 0, \x1b[01;31m\x1b[Ktheta_\x1b[m\x1b[K);\n'}
[1.930600] (navigation_) StderrLine: {'line': b'      |                        \x1b[01;31m\x1b[K^~~~~~\x1b[m\x1b[K\n'}
[1.936131] (navigation_) StderrLine: {'line': b'\x1b[01m\x1b[K/home/catia/ros2_ws/src/navigation_/src/tf_node.cpp:122:9:\x1b[m\x1b[K \x1b[01;31m\x1b[Kerror: \x1b[m\x1b[K\xe2\x80\x98\x1b[01m\x1b[Ktransform_broadcaster_\x1b[m\x1b[K\xe2\x80\x99 was not declared in this scope; did you mean \xe2\x80\x98\x1b[01m\x1b[KTransformBroadcasterNode\x1b[m\x1b[K\xe2\x80\x99?\n'}
[1.936288] (navigation_) StderrLine: {'line': b'  122 |         \x1b[01;31m\x1b[Ktransform_broadcaster_\x1b[m\x1b[K->sendTransform(odom_to_base);\n'}
[1.936347] (navigation_) StderrLine: {'line': b'      |         \x1b[01;31m\x1b[K^~~~~~~~~~~~~~~~~~~~~~\x1b[m\x1b[K\n'}
[1.936395] (navigation_) StderrLine: {'line': b'      |         \x1b[32m\x1b[KTransformBroadcasterNode\x1b[m\x1b[K\n'}
[1.967894] (navigation_) StderrLine: {'line': b'\x1b[01m\x1b[K/home/catia/ros2_ws/src/navigation_/src/tf_node.cpp:\x1b[m\x1b[K At global scope:\n'}
[1.968036] (navigation_) StderrLine: {'line': b'\x1b[01m\x1b[K/home/catia/ros2_ws/src/navigation_/src/tf_node.cpp:129:1:\x1b[m\x1b[K \x1b[01;31m\x1b[Kerror: \x1b[m\x1b[Kexpected declaration before \xe2\x80\x98\x1b[01m\x1b[K}\x1b[m\x1b[K\xe2\x80\x99 token\n'}
[1.968091] (navigation_) StderrLine: {'line': b'  129 | \x1b[01;31m\x1b[K}\x1b[m\x1b[K;\n'}
[1.968151] (navigation_) StderrLine: {'line': b'      | \x1b[01;31m\x1b[K^\x1b[m\x1b[K\n'}
[2.005487] (-) TimerEvent: {}
[2.105802] (-) TimerEvent: {}
[2.206083] (-) TimerEvent: {}
[2.306359] (-) TimerEvent: {}
[2.406669] (-) TimerEvent: {}
[2.507017] (-) TimerEvent: {}
[2.522604] (navigation_) StderrLine: {'line': b'gmake[2]: *** [CMakeFiles/tf_node.dir/build.make:76: CMakeFiles/tf_node.dir/src/tf_node.cpp.o] Error 1\n'}
[2.522890] (navigation_) StderrLine: {'line': b'gmake[1]: *** [CMakeFiles/Makefile2:221: CMakeFiles/tf_node.dir/all] Error 2\n'}
[2.522997] (navigation_) StderrLine: {'line': b'gmake: *** [Makefile:146: all] Error 2\n'}
[2.525042] (navigation_) CommandEnded: {'returncode': 2}
[2.558107] (navigation_) JobEnded: {'identifier': 'navigation_', 'rc': 2}
[2.569070] (-) EventReactorShutdown: {}
