[0.000000] (-) TimerEvent: {}
[0.001106] (navigation_) JobQueued: {'identifier': 'navigation_', 'dependencies': OrderedDict()}
[0.001142] (nodes) JobQueued: {'identifier': 'nodes', 'dependencies': OrderedDict()}
[0.001195] (navigation_) JobStarted: {'identifier': 'navigation_'}
[0.006016] (nodes) JobStarted: {'identifier': 'nodes'}
[0.010507] (navigation_) JobProgress: {'identifier': 'navigation_', 'progress': 'cmake'}
[0.010982] (navigation_) JobProgress: {'identifier': 'navigation_', 'progress': 'build'}
[0.011744] (navigation_) Command: {'cmd': ['/usr/bin/cmake', '--build', '/home/catia/ros2_ws/build/navigation_', '--', '-j8', '-l8'], 'cwd': '/home/catia/ros2_ws/build/navigation_', 'env': OrderedDict([('USER', 'catia'), ('LC_TIME', 'it_IT.UTF-8'), ('XDG_SESSION_TYPE', 'wayland'), ('SHLVL', '1'), ('LD_LIBRARY_PATH', '/usr/lib/x86_64-linux-gnu/gazebo-11/plugins:/opt/ros/humble/opt/rviz_ogre_vendor/lib:/opt/ros/humble/lib/x86_64-linux-gnu:/opt/ros/humble/lib'), ('HOME', '/home/catia'), ('OLDPWD', '/home/catia'), ('DESKTOP_SESSION', 'ubuntu'), ('ROS_PYTHON_VERSION', '3'), ('GNOME_SHELL_SESSION_MODE', 'ubuntu'), ('GTK_MODULES', 'gail:atk-bridge'), ('LC_MONETARY', 'it_IT.UTF-8'), ('SYSTEMD_EXEC_PID', '1714'), ('DBUS_SESSION_BUS_ADDRESS', 'unix:path=/run/user/1000/bus'), ('COLORTERM', 'truecolor'), ('IM_CONFIG_PHASE', '1'), ('WAYLAND_DISPLAY', 'wayland-0'), ('COLCON_PREFIX_PATH', '/home/catia/ros2_ws/install'), ('ROS_DISTRO', 'humble'), ('LOGNAME', 'catia'), ('_', '/usr/bin/colcon'), ('ROS_VERSION', '2'), ('XDG_SESSION_CLASS', 'user'), ('USERNAME', 'catia'), ('TERM', 'xterm-256color'), ('GNOME_DESKTOP_SESSION_ID', 'this-is-deprecated'), ('ROS_LOCALHOST_ONLY', '0'), ('PATH', '/opt/ros/humble/bin:/usr/local/sbin:/usr/local/bin:/usr/sbin:/usr/bin:/sbin:/bin:/usr/games:/usr/local/games:/snap/bin:/snap/bin'), ('SESSION_MANAGER', 'local/cat:@/tmp/.ICE-unix/1511,unix/cat:/tmp/.ICE-unix/1511'), ('XDG_MENU_PREFIX', 'gnome-'), ('LC_ADDRESS', 'it_IT.UTF-8'), ('GNOME_TERMINAL_SCREEN', '/org/gnome/Terminal/screen/f9c0470b_ffbe_4334_be37_11c1378399bd'), ('GNOME_SETUP_DISPLAY', ':1'), ('XDG_RUNTIME_DIR', '/run/user/1000'), ('DISPLAY', ':0'), ('LANG', 'en_US.UTF-8'), ('XDG_CURRENT_DESKTOP', 'ubuntu:GNOME'), ('LC_TELEPHONE', 'it_IT.UTF-8'), ('XMODIFIERS', '@im=ibus'), ('XDG_SESSION_DESKTOP', 'ubuntu'), ('XAUTHORITY', '/run/user/1000/.mutter-Xwaylandauth.QEIHU2'), ('GNOME_TERMINAL_SERVICE', ':1.147'), ('SSH_AGENT_LAUNCHER', 'gnome-keyring'), ('SSH_AUTH_SOCK', '/run/user/1000/keyring/ssh'), ('AMENT_PREFIX_PATH', '/home/catia/ros2_ws/install/nodes:/home/catia/ros2_ws/install/navigation_:/opt/ros/humble'), ('SHELL', '/bin/bash'), ('LC_NAME', 'it_IT.UTF-8'), ('QT_ACCESSIBILITY', '1'), ('GDMSESSION', 'ubuntu'), ('LC_MEASUREMENT', 'it_IT.UTF-8'), ('LC_IDENTIFICATION', 'it_IT.UTF-8'), ('QT_IM_MODULE', 'ibus'), ('PWD', '/home/catia/ros2_ws/build/navigation_'), ('TURTLEBOT3_MODEL', 'waffle'), ('LC_ALL', 'en_US.UTF-8'), ('XDG_CONFIG_DIRS', '/etc/xdg/xdg-ubuntu:/etc/xdg'), ('XDG_DATA_DIRS', '/usr/share/ubuntu:/usr/local/share/:/usr/share/:/var/lib/snapd/desktop'), ('PYTHONPATH', '/opt/ros/humble/lib/python3.10/site-packages:/opt/ros/humble/local/lib/python3.10/dist-packages'), ('LC_NUMERIC', 'it_IT.UTF-8'), ('LC_PAPER', 'it_IT.UTF-8'), ('COLCON', '1'), ('VTE_VERSION', '6800'), ('CMAKE_PREFIX_PATH', '/home/catia/ros2_ws/install/nodes:/home/catia/ros2_ws/install/navigation_:/opt/ros/humble')]), 'shell': False}
[0.014824] (nodes) JobProgress: {'identifier': 'nodes', 'progress': 'cmake'}
[0.015338] (nodes) JobProgress: {'identifier': 'nodes', 'progress': 'build'}
[0.015649] (nodes) Command: {'cmd': ['/usr/bin/cmake', '--build', '/home/catia/ros2_ws/build/nodes', '--', '-j8', '-l8'], 'cwd': '/home/catia/ros2_ws/build/nodes', 'env': OrderedDict([('USER', 'catia'), ('LC_TIME', 'it_IT.UTF-8'), ('XDG_SESSION_TYPE', 'wayland'), ('SHLVL', '1'), ('LD_LIBRARY_PATH', '/usr/lib/x86_64-linux-gnu/gazebo-11/plugins:/opt/ros/humble/opt/rviz_ogre_vendor/lib:/opt/ros/humble/lib/x86_64-linux-gnu:/opt/ros/humble/lib'), ('HOME', '/home/catia'), ('OLDPWD', '/home/catia'), ('DESKTOP_SESSION', 'ubuntu'), ('ROS_PYTHON_VERSION', '3'), ('GNOME_SHELL_SESSION_MODE', 'ubuntu'), ('GTK_MODULES', 'gail:atk-bridge'), ('LC_MONETARY', 'it_IT.UTF-8'), ('SYSTEMD_EXEC_PID', '1714'), ('DBUS_SESSION_BUS_ADDRESS', 'unix:path=/run/user/1000/bus'), ('COLORTERM', 'truecolor'), ('IM_CONFIG_PHASE', '1'), ('WAYLAND_DISPLAY', 'wayland-0'), ('COLCON_PREFIX_PATH', '/home/catia/ros2_ws/install'), ('ROS_DISTRO', 'humble'), ('LOGNAME', 'catia'), ('_', '/usr/bin/colcon'), ('ROS_VERSION', '2'), ('XDG_SESSION_CLASS', 'user'), ('USERNAME', 'catia'), ('TERM', 'xterm-256color'), ('GNOME_DESKTOP_SESSION_ID', 'this-is-deprecated'), ('ROS_LOCALHOST_ONLY', '0'), ('PATH', '/opt/ros/humble/bin:/usr/local/sbin:/usr/local/bin:/usr/sbin:/usr/bin:/sbin:/bin:/usr/games:/usr/local/games:/snap/bin:/snap/bin'), ('SESSION_MANAGER', 'local/cat:@/tmp/.ICE-unix/1511,unix/cat:/tmp/.ICE-unix/1511'), ('XDG_MENU_PREFIX', 'gnome-'), ('LC_ADDRESS', 'it_IT.UTF-8'), ('GNOME_TERMINAL_SCREEN', '/org/gnome/Terminal/screen/f9c0470b_ffbe_4334_be37_11c1378399bd'), ('GNOME_SETUP_DISPLAY', ':1'), ('XDG_RUNTIME_DIR', '/run/user/1000'), ('DISPLAY', ':0'), ('LANG', 'en_US.UTF-8'), ('XDG_CURRENT_DESKTOP', 'ubuntu:GNOME'), ('LC_TELEPHONE', 'it_IT.UTF-8'), ('XMODIFIERS', '@im=ibus'), ('XDG_SESSION_DESKTOP', 'ubuntu'), ('XAUTHORITY', '/run/user/1000/.mutter-Xwaylandauth.QEIHU2'), ('GNOME_TERMINAL_SERVICE', ':1.147'), ('SSH_AGENT_LAUNCHER', 'gnome-keyring'), ('SSH_AUTH_SOCK', '/run/user/1000/keyring/ssh'), ('AMENT_PREFIX_PATH', '/home/catia/ros2_ws/install/nodes:/home/catia/ros2_ws/install/navigation_:/opt/ros/humble'), ('SHELL', '/bin/bash'), ('LC_NAME', 'it_IT.UTF-8'), ('QT_ACCESSIBILITY', '1'), ('GDMSESSION', 'ubuntu'), ('LC_MEASUREMENT', 'it_IT.UTF-8'), ('LC_IDENTIFICATION', 'it_IT.UTF-8'), ('QT_IM_MODULE', 'ibus'), ('PWD', '/home/catia/ros2_ws/build/nodes'), ('TURTLEBOT3_MODEL', 'waffle'), ('LC_ALL', 'en_US.UTF-8'), ('XDG_CONFIG_DIRS', '/etc/xdg/xdg-ubuntu:/etc/xdg'), ('XDG_DATA_DIRS', '/usr/share/ubuntu:/usr/local/share/:/usr/share/:/var/lib/snapd/desktop'), ('PYTHONPATH', '/opt/ros/humble/lib/python3.10/site-packages:/opt/ros/humble/local/lib/python3.10/dist-packages'), ('LC_NUMERIC', 'it_IT.UTF-8'), ('LC_PAPER', 'it_IT.UTF-8'), ('COLCON', '1'), ('VTE_VERSION', '6800'), ('CMAKE_PREFIX_PATH', '/home/catia/ros2_ws/install/nodes:/home/catia/ros2_ws/install/navigation_:/opt/ros/humble')]), 'shell': False}
[0.031337] (navigation_) StdoutLine: {'line': b'-- Found ament_cmake: 1.3.9 (/opt/ros/humble/share/ament_cmake/cmake)\n'}
[0.058023] (nodes) StdoutLine: {'line': b'[100%] Built target pub_node\n'}
[0.058179] (nodes) StdoutLine: {'line': b'[100%] Built target sub_node\n'}
[0.067002] (nodes) CommandEnded: {'returncode': 0}
[0.087231] (nodes) JobProgress: {'identifier': 'nodes', 'progress': 'install'}
[0.093321] (nodes) Command: {'cmd': ['/usr/bin/cmake', '--install', '/home/catia/ros2_ws/build/nodes'], 'cwd': '/home/catia/ros2_ws/build/nodes', 'env': OrderedDict([('USER', 'catia'), ('LC_TIME', 'it_IT.UTF-8'), ('XDG_SESSION_TYPE', 'wayland'), ('SHLVL', '1'), ('LD_LIBRARY_PATH', '/usr/lib/x86_64-linux-gnu/gazebo-11/plugins:/opt/ros/humble/opt/rviz_ogre_vendor/lib:/opt/ros/humble/lib/x86_64-linux-gnu:/opt/ros/humble/lib'), ('HOME', '/home/catia'), ('OLDPWD', '/home/catia'), ('DESKTOP_SESSION', 'ubuntu'), ('ROS_PYTHON_VERSION', '3'), ('GNOME_SHELL_SESSION_MODE', 'ubuntu'), ('GTK_MODULES', 'gail:atk-bridge'), ('LC_MONETARY', 'it_IT.UTF-8'), ('SYSTEMD_EXEC_PID', '1714'), ('DBUS_SESSION_BUS_ADDRESS', 'unix:path=/run/user/1000/bus'), ('COLORTERM', 'truecolor'), ('IM_CONFIG_PHASE', '1'), ('WAYLAND_DISPLAY', 'wayland-0'), ('COLCON_PREFIX_PATH', '/home/catia/ros2_ws/install'), ('ROS_DISTRO', 'humble'), ('LOGNAME', 'catia'), ('_', '/usr/bin/colcon'), ('ROS_VERSION', '2'), ('XDG_SESSION_CLASS', 'user'), ('USERNAME', 'catia'), ('TERM', 'xterm-256color'), ('GNOME_DESKTOP_SESSION_ID', 'this-is-deprecated'), ('ROS_LOCALHOST_ONLY', '0'), ('PATH', '/opt/ros/humble/bin:/usr/local/sbin:/usr/local/bin:/usr/sbin:/usr/bin:/sbin:/bin:/usr/games:/usr/local/games:/snap/bin:/snap/bin'), ('SESSION_MANAGER', 'local/cat:@/tmp/.ICE-unix/1511,unix/cat:/tmp/.ICE-unix/1511'), ('XDG_MENU_PREFIX', 'gnome-'), ('LC_ADDRESS', 'it_IT.UTF-8'), ('GNOME_TERMINAL_SCREEN', '/org/gnome/Terminal/screen/f9c0470b_ffbe_4334_be37_11c1378399bd'), ('GNOME_SETUP_DISPLAY', ':1'), ('XDG_RUNTIME_DIR', '/run/user/1000'), ('DISPLAY', ':0'), ('LANG', 'en_US.UTF-8'), ('XDG_CURRENT_DESKTOP', 'ubuntu:GNOME'), ('LC_TELEPHONE', 'it_IT.UTF-8'), ('XMODIFIERS', '@im=ibus'), ('XDG_SESSION_DESKTOP', 'ubuntu'), ('XAUTHORITY', '/run/user/1000/.mutter-Xwaylandauth.QEIHU2'), ('GNOME_TERMINAL_SERVICE', ':1.147'), ('SSH_AGENT_LAUNCHER', 'gnome-keyring'), ('SSH_AUTH_SOCK', '/run/user/1000/keyring/ssh'), ('AMENT_PREFIX_PATH', '/home/catia/ros2_ws/install/nodes:/home/catia/ros2_ws/install/navigation_:/opt/ros/humble'), ('SHELL', '/bin/bash'), ('LC_NAME', 'it_IT.UTF-8'), ('QT_ACCESSIBILITY', '1'), ('GDMSESSION', 'ubuntu'), ('LC_MEASUREMENT', 'it_IT.UTF-8'), ('LC_IDENTIFICATION', 'it_IT.UTF-8'), ('QT_IM_MODULE', 'ibus'), ('PWD', '/home/catia/ros2_ws/build/nodes'), ('TURTLEBOT3_MODEL', 'waffle'), ('LC_ALL', 'en_US.UTF-8'), ('XDG_CONFIG_DIRS', '/etc/xdg/xdg-ubuntu:/etc/xdg'), ('XDG_DATA_DIRS', '/usr/share/ubuntu:/usr/local/share/:/usr/share/:/var/lib/snapd/desktop'), ('PYTHONPATH', '/opt/ros/humble/lib/python3.10/site-packages:/opt/ros/humble/local/lib/python3.10/dist-packages'), ('LC_NUMERIC', 'it_IT.UTF-8'), ('LC_PAPER', 'it_IT.UTF-8'), ('COLCON', '1'), ('VTE_VERSION', '6800'), ('CMAKE_PREFIX_PATH', '/home/catia/ros2_ws/install/nodes:/home/catia/ros2_ws/install/navigation_:/opt/ros/humble')]), 'shell': False}
[0.099471] (nodes) StdoutLine: {'line': b'-- Install configuration: ""\n'}
[0.099611] (nodes) StdoutLine: {'line': b'-- Up-to-date: /home/catia/ros2_ws/install/nodes/lib/nodes/pub_node\n'}
[0.099759] (-) TimerEvent: {}
[0.099866] (nodes) StdoutLine: {'line': b'-- Up-to-date: /home/catia/ros2_ws/install/nodes/lib/nodes/sub_node\n'}
[0.099988] (nodes) StdoutLine: {'line': b'-- Up-to-date: /home/catia/ros2_ws/install/nodes/share/ament_index/resource_index/package_run_dependencies/nodes\n'}
[0.100073] (nodes) StdoutLine: {'line': b'-- Up-to-date: /home/catia/ros2_ws/install/nodes/share/ament_index/resource_index/parent_prefix_path/nodes\n'}
[0.100193] (nodes) StdoutLine: {'line': b'-- Up-to-date: /home/catia/ros2_ws/install/nodes/share/nodes/environment/ament_prefix_path.sh\n'}
[0.100292] (nodes) StdoutLine: {'line': b'-- Up-to-date: /home/catia/ros2_ws/install/nodes/share/nodes/environment/ament_prefix_path.dsv\n'}
[0.100456] (nodes) StdoutLine: {'line': b'-- Up-to-date: /home/catia/ros2_ws/install/nodes/share/nodes/environment/path.sh\n'}
[0.100508] (nodes) StdoutLine: {'line': b'-- Up-to-date: /home/catia/ros2_ws/install/nodes/share/nodes/environment/path.dsv\n'}
[0.100557] (nodes) StdoutLine: {'line': b'-- Up-to-date: /home/catia/ros2_ws/install/nodes/share/nodes/local_setup.bash\n'}
[0.100604] (nodes) StdoutLine: {'line': b'-- Up-to-date: /home/catia/ros2_ws/install/nodes/share/nodes/local_setup.sh\n'}
[0.100667] (nodes) StdoutLine: {'line': b'-- Up-to-date: /home/catia/ros2_ws/install/nodes/share/nodes/local_setup.zsh\n'}
[0.100728] (nodes) StdoutLine: {'line': b'-- Up-to-date: /home/catia/ros2_ws/install/nodes/share/nodes/local_setup.dsv\n'}
[0.100788] (nodes) StdoutLine: {'line': b'-- Installing: /home/catia/ros2_ws/install/nodes/share/nodes/package.dsv\n'}
[0.100869] (nodes) StdoutLine: {'line': b'-- Up-to-date: /home/catia/ros2_ws/install/nodes/share/ament_index/resource_index/packages/nodes\n'}
[0.100953] (nodes) StdoutLine: {'line': b'-- Up-to-date: /home/catia/ros2_ws/install/nodes/share/nodes/cmake/nodesConfig.cmake\n'}
[0.101001] (nodes) StdoutLine: {'line': b'-- Up-to-date: /home/catia/ros2_ws/install/nodes/share/nodes/cmake/nodesConfig-version.cmake\n'}
[0.101047] (nodes) StdoutLine: {'line': b'-- Up-to-date: /home/catia/ros2_ws/install/nodes/share/nodes/package.xml\n'}
[0.102393] (nodes) CommandEnded: {'returncode': 0}
[0.133359] (navigation_) StdoutLine: {'line': b'-- Found rclcpp: 16.0.9 (/opt/ros/humble/share/rclcpp/cmake)\n'}
[0.135098] (nodes) JobEnded: {'identifier': 'nodes', 'rc': 0}
[0.155462] (navigation_) StdoutLine: {'line': b'-- Found rosidl_generator_c: 3.1.5 (/opt/ros/humble/share/rosidl_generator_c/cmake)\n'}
[0.157591] (navigation_) StdoutLine: {'line': b'-- Found rosidl_adapter: 3.1.5 (/opt/ros/humble/share/rosidl_adapter/cmake)\n'}
[0.162337] (navigation_) StdoutLine: {'line': b'-- Found rosidl_generator_cpp: 3.1.5 (/opt/ros/humble/share/rosidl_generator_cpp/cmake)\n'}
[0.170543] (navigation_) StdoutLine: {'line': b'-- Using all available rosidl_typesupport_c: rosidl_typesupport_fastrtps_c;rosidl_typesupport_introspection_c\n'}
[0.181750] (navigation_) StdoutLine: {'line': b'-- Using all available rosidl_typesupport_cpp: rosidl_typesupport_fastrtps_cpp;rosidl_typesupport_introspection_cpp\n'}
[0.199887] (-) TimerEvent: {}
[0.223535] (navigation_) StdoutLine: {'line': b'-- Found rmw_implementation_cmake: 6.1.2 (/opt/ros/humble/share/rmw_implementation_cmake/cmake)\n'}
[0.224619] (navigation_) StdoutLine: {'line': b'-- Found rmw_fastrtps_cpp: 6.2.6 (/opt/ros/humble/share/rmw_fastrtps_cpp/cmake)\n'}
[0.300034] (-) TimerEvent: {}
[0.317786] (navigation_) StdoutLine: {'line': b"-- Using RMW implementation 'rmw_fastrtps_cpp' as default\n"}
[0.400172] (-) TimerEvent: {}
[0.439730] (navigation_) StdoutLine: {'line': b'-- Found nav_msgs: 4.2.4 (/opt/ros/humble/share/nav_msgs/cmake)\n'}
[0.500332] (-) TimerEvent: {}
[0.535746] (navigation_) StdoutLine: {'line': b'-- Found sensor_msgs: 4.2.4 (/opt/ros/humble/share/sensor_msgs/cmake)\n'}
[0.600497] (-) TimerEvent: {}
[0.600813] (navigation_) StdoutLine: {'line': b'-- Found tf2: 0.25.7 (/opt/ros/humble/share/tf2/cmake)\n'}
[0.614567] (navigation_) StdoutLine: {'line': b'-- Found ament_lint_auto: 0.12.11 (/opt/ros/humble/share/ament_lint_auto/cmake)\n'}
[0.666480] (navigation_) StdoutLine: {'line': b"-- Added test 'cppcheck' to perform static code analysis on C / C++ code\n"}
[0.666822] (navigation_) StdoutLine: {'line': b'-- Configured cppcheck include dirs: \n'}
[0.666906] (navigation_) StdoutLine: {'line': b'-- Configured cppcheck exclude dirs and/or files: \n'}
[0.667680] (navigation_) StdoutLine: {'line': b"-- Added test 'lint_cmake' to check CMake code style\n"}
[0.669628] (navigation_) StdoutLine: {'line': b"-- Added test 'uncrustify' to check C / C++ code style\n"}
[0.669760] (navigation_) StdoutLine: {'line': b'-- Configured uncrustify additional arguments: \n'}
[0.670127] (navigation_) StdoutLine: {'line': b"-- Added test 'xmllint' to check XML markup files\n"}
[0.670722] (navigation_) StdoutLine: {'line': b'-- Configuring done\n'}
[0.682821] (navigation_) StdoutLine: {'line': b'-- Generating done\n'}
[0.684040] (navigation_) StdoutLine: {'line': b'-- Build files have been written to: /home/catia/ros2_ws/build/navigation_\n'}
[0.700566] (-) TimerEvent: {}
[0.704266] (navigation_) StdoutLine: {'line': b'\x1b[35m\x1b[1mConsolidate compiler generated dependencies of target laserScan_\x1b[0m\n'}
[0.704418] (navigation_) StdoutLine: {'line': b'\x1b[35m\x1b[1mConsolidate compiler generated dependencies of target pub_occupancy_grid\x1b[0m\n'}
[0.704473] (navigation_) StdoutLine: {'line': b'\x1b[35m\x1b[1mConsolidate compiler generated dependencies of target mobile_base\x1b[0m\n'}
[0.717927] (navigation_) StdoutLine: {'line': b'[ 66%] Built target laserScan_\n'}
[0.718143] (navigation_) StdoutLine: {'line': b'[ 66%] Built target pub_occupancy_grid\n'}
[0.720795] (navigation_) StdoutLine: {'line': b'[ 83%] \x1b[32mBuilding CXX object CMakeFiles/mobile_base.dir/src/mobile_base.cpp.o\x1b[0m\n'}
[0.800723] (-) TimerEvent: {}
[0.875085] (navigation_) StderrLine: {'line': b'\x1b[01m\x1b[K/home/catia/ros2_ws/src/navigation_/src/mobile_base.cpp:9:10:\x1b[m\x1b[K \x1b[01;31m\x1b[Kfatal error: \x1b[m\x1b[Ktf2/tf2/LinearMath/Quaternion.h: No such file or directory\n'}
[0.875235] (navigation_) StderrLine: {'line': b'    9 | #include \x1b[01;31m\x1b[K"tf2/tf2/LinearMath/Quaternion.h"\x1b[m\x1b[K\n'}
[0.875292] (navigation_) StderrLine: {'line': b'      |          \x1b[01;31m\x1b[K^~~~~~~~~~~~~~~~~~~~~~~~~~~~~~~~~\x1b[m\x1b[K\n'}
[0.875345] (navigation_) StderrLine: {'line': b'compilation terminated.\n'}
[0.878870] (navigation_) StderrLine: {'line': b'gmake[2]: *** [CMakeFiles/mobile_base.dir/build.make:76: CMakeFiles/mobile_base.dir/src/mobile_base.cpp.o] Error 1\n'}
[0.879005] (navigation_) StderrLine: {'line': b'gmake[1]: *** [CMakeFiles/Makefile2:193: CMakeFiles/mobile_base.dir/all] Error 2\n'}
[0.879157] (navigation_) StderrLine: {'line': b'gmake: *** [Makefile:146: all] Error 2\n'}
[0.881314] (navigation_) CommandEnded: {'returncode': 2}
[0.900807] (-) TimerEvent: {}
[0.907911] (navigation_) JobEnded: {'identifier': 'navigation_', 'rc': 2}
[0.918439] (-) EventReactorShutdown: {}
