[0.010s] Invoking command in '/home/catia/ros2_ws/build/nodes': CMAKE_PREFIX_PATH=${CMAKE_PREFIX_PATH}:/opt/ros/humble /usr/bin/cmake --build /home/catia/ros2_ws/build/nodes -- -j8 -l8
[0.068s] [35m[1mConsolidate compiler generated dependencies of target laser_pub[0m
[0.092s] [ 66%] Built target pub_node
[0.092s] [ 66%] Built target sub_node
[0.092s] [100%] Built target laser_pub
[0.101s] Invoked command in '/home/catia/ros2_ws/build/nodes' returned '0': CMAKE_PREFIX_PATH=${CMAKE_PREFIX_PATH}:/opt/ros/humble /usr/bin/cmake --build /home/catia/ros2_ws/build/nodes -- -j8 -l8
[0.132s] Invoking command in '/home/catia/ros2_ws/build/nodes': CMAKE_PREFIX_PATH=${CMAKE_PREFIX_PATH}:/opt/ros/humble /usr/bin/cmake --install /home/catia/ros2_ws/build/nodes
[0.138s] -- Install configuration: ""
[0.139s] -- Up-to-date: /home/catia/ros2_ws/install/nodes/lib/nodes/pub_node
[0.139s] -- Up-to-date: /home/catia/ros2_ws/install/nodes/lib/nodes/sub_node
[0.140s] -- Up-to-date: /home/catia/ros2_ws/install/nodes/lib/nodes/laser_pub
[0.140s] -- Up-to-date: /home/catia/ros2_ws/install/nodes/share/ament_index/resource_index/package_run_dependencies/nodes
[0.140s] -- Up-to-date: /home/catia/ros2_ws/install/nodes/share/ament_index/resource_index/parent_prefix_path/nodes
[0.141s] -- Up-to-date: /home/catia/ros2_ws/install/nodes/share/nodes/environment/ament_prefix_path.sh
[0.141s] -- Up-to-date: /home/catia/ros2_ws/install/nodes/share/nodes/environment/ament_prefix_path.dsv
[0.141s] -- Up-to-date: /home/catia/ros2_ws/install/nodes/share/nodes/environment/path.sh
[0.141s] -- Up-to-date: /home/catia/ros2_ws/install/nodes/share/nodes/environment/path.dsv
[0.141s] -- Up-to-date: /home/catia/ros2_ws/install/nodes/share/nodes/local_setup.bash
[0.141s] -- Up-to-date: /home/catia/ros2_ws/install/nodes/share/nodes/local_setup.sh
[0.141s] -- Up-to-date: /home/catia/ros2_ws/install/nodes/share/nodes/local_setup.zsh
[0.141s] -- Up-to-date: /home/catia/ros2_ws/install/nodes/share/nodes/local_setup.dsv
[0.141s] -- Installing: /home/catia/ros2_ws/install/nodes/share/nodes/package.dsv
[0.141s] -- Up-to-date: /home/catia/ros2_ws/install/nodes/share/ament_index/resource_index/packages/nodes
[0.141s] -- Up-to-date: /home/catia/ros2_ws/install/nodes/share/nodes/cmake/nodesConfig.cmake
[0.141s] -- Up-to-date: /home/catia/ros2_ws/install/nodes/share/nodes/cmake/nodesConfig-version.cmake
[0.141s] -- Up-to-date: /home/catia/ros2_ws/install/nodes/share/nodes/package.xml
[0.143s] Invoked command in '/home/catia/ros2_ws/build/nodes' returned '0': CMAKE_PREFIX_PATH=${CMAKE_PREFIX_PATH}:/opt/ros/humble /usr/bin/cmake --install /home/catia/ros2_ws/build/nodes
