[0.011s] Invoking command in '/home/catia/ros2_ws/build/navigation_': CMAKE_PREFIX_PATH=${CMAKE_PREFIX_PATH}:/opt/ros/humble /usr/bin/cmake --build /home/catia/ros2_ws/build/navigation_ -- -j8 -l8
[0.058s] [ 16%] Built target pub_occupancy_grid
[0.060s] [ 25%] [32mBuilding CXX object CMakeFiles/laserScan_.dir/src/laser_scan.cpp.o[0m
[0.060s] [ 41%] Built target odom_base
[0.060s] [ 58%] Built target tf_node
[0.061s] [ 75%] Built target ipose
[0.061s] [ 91%] Built target mobile_base
[3.752s] [100%] [32m[1mLinking CXX executable laserScan_[0m
[3.949s] [100%] Built target laserScan_
[3.957s] Invoked command in '/home/catia/ros2_ws/build/navigation_' returned '0': CMAKE_PREFIX_PATH=${CMAKE_PREFIX_PATH}:/opt/ros/humble /usr/bin/cmake --build /home/catia/ros2_ws/build/navigation_ -- -j8 -l8
[3.999s] Invoking command in '/home/catia/ros2_ws/build/navigation_': CMAKE_PREFIX_PATH=${CMAKE_PREFIX_PATH}:/opt/ros/humble /usr/bin/cmake --install /home/catia/ros2_ws/build/navigation_
[4.010s] -- Install configuration: ""
[4.010s] -- Up-to-date: /home/catia/ros2_ws/install/navigation_/lib/navigation_/pub_occupancy_grid
[4.010s] -- Installing: /home/catia/ros2_ws/install/navigation_/lib/navigation_/laserScan_
[4.012s] -- Set runtime path of "/home/catia/ros2_ws/install/navigation_/lib/navigation_/laserScan_" to ""
[4.012s] -- Up-to-date: /home/catia/ros2_ws/install/navigation_/lib/navigation_/mobile_base
[4.013s] -- Up-to-date: /home/catia/ros2_ws/install/navigation_/lib/navigation_/tf_node
[4.013s] -- Up-to-date: /home/catia/ros2_ws/install/navigation_/lib/navigation_/ipose
[4.013s] -- Up-to-date: /home/catia/ros2_ws/install/navigation_/lib/navigation_/odom_base
[4.013s] -- Up-to-date: /home/catia/ros2_ws/install/navigation_/share/navigation_/launch
[4.014s] -- Up-to-date: /home/catia/ros2_ws/install/navigation_/share/navigation_/launch/nav2_launch.py
[4.014s] -- Up-to-date: /home/catia/ros2_ws/install/navigation_/share/navigation_/launch/nav_launch.py
[4.014s] -- Up-to-date: /home/catia/ros2_ws/install/navigation_/share/navigation_/launch/mapping_launch.py
[4.014s] -- Up-to-date: /home/catia/ros2_ws/install/navigation_/share/navigation_/config
[4.014s] -- Up-to-date: /home/catia/ros2_ws/install/navigation_/share/navigation_/config/cappero_laser_odom_diag_2020-05-06-16-26-03.yaml
[4.014s] -- Up-to-date: /home/catia/ros2_ws/install/navigation_/share/navigation_/config/capperlo_lase_odom_diag_2020-05-06-16-26-03.world
[4.014s] -- Up-to-date: /home/catia/ros2_ws/install/navigation_/share/navigation_/config/prova.rviz
[4.015s] -- Up-to-date: /home/catia/ros2_ws/install/navigation_/share/navigation_/config/diag.rviz
[4.015s] -- Up-to-date: /home/catia/ros2_ws/install/navigation_/share/navigation_/config/diag1.rviz
[4.015s] -- Up-to-date: /home/catia/ros2_ws/install/navigation_/share/navigation_/config/nav2_param.yaml
[4.015s] -- Up-to-date: /home/catia/ros2_ws/install/navigation_/share/navigation_/config/robot.urdf
[4.015s] -- Up-to-date: /home/catia/ros2_ws/install/navigation_/share/navigation_/config/cappero_laser_odom_diag_2020-05-06-16-26-03.png
[4.015s] -- Up-to-date: /home/catia/ros2_ws/install/navigation_/share/navigation_/config/urdf_config.rviz
[4.015s] -- Up-to-date: /home/catia/ros2_ws/install/navigation_/share/navigation_/config/default.rviz
[4.015s] -- Up-to-date: /home/catia/ros2_ws/install/navigation_/share/ament_index/resource_index/package_run_dependencies/navigation_
[4.015s] -- Up-to-date: /home/catia/ros2_ws/install/navigation_/share/ament_index/resource_index/parent_prefix_path/navigation_
[4.015s] -- Up-to-date: /home/catia/ros2_ws/install/navigation_/share/navigation_/environment/ament_prefix_path.sh
[4.016s] -- Up-to-date: /home/catia/ros2_ws/install/navigation_/share/navigation_/environment/ament_prefix_path.dsv
[4.016s] -- Up-to-date: /home/catia/ros2_ws/install/navigation_/share/navigation_/environment/path.sh
[4.017s] -- Up-to-date: /home/catia/ros2_ws/install/navigation_/share/navigation_/environment/path.dsv
[4.017s] -- Up-to-date: /home/catia/ros2_ws/install/navigation_/share/navigation_/local_setup.bash
[4.017s] -- Up-to-date: /home/catia/ros2_ws/install/navigation_/share/navigation_/local_setup.sh
[4.017s] -- Up-to-date: /home/catia/ros2_ws/install/navigation_/share/navigation_/local_setup.zsh
[4.017s] -- Up-to-date: /home/catia/ros2_ws/install/navigation_/share/navigation_/local_setup.dsv
[4.017s] -- Installing: /home/catia/ros2_ws/install/navigation_/share/navigation_/package.dsv
[4.017s] -- Up-to-date: /home/catia/ros2_ws/install/navigation_/share/ament_index/resource_index/packages/navigation_
[4.017s] -- Up-to-date: /home/catia/ros2_ws/install/navigation_/share/navigation_/cmake/navigation_Config.cmake
[4.017s] -- Up-to-date: /home/catia/ros2_ws/install/navigation_/share/navigation_/cmake/navigation_Config-version.cmake
[4.018s] -- Up-to-date: /home/catia/ros2_ws/install/navigation_/share/navigation_/package.xml
[4.018s] Invoked command in '/home/catia/ros2_ws/build/navigation_' returned '0': CMAKE_PREFIX_PATH=${CMAKE_PREFIX_PATH}:/opt/ros/humble /usr/bin/cmake --install /home/catia/ros2_ws/build/navigation_
