[35m[1mConsolidate compiler generated dependencies of target laser_pub[0m
[ 66%] Built target pub_node
[ 66%] Built target sub_node
[ 83%] [32mBuilding CXX object CMakeFiles/laser_pub.dir/src/laser_publisher.cpp.o[0m
[100%] [32m[1mLinking CXX executable laser_pub[0m
[100%] Built target laser_pub
-- Install configuration: ""
-- Up-to-date: /home/catia/ros2_ws/install/nodes/lib/nodes/pub_node
-- Up-to-date: /home/catia/ros2_ws/install/nodes/lib/nodes/sub_node
-- Installing: /home/catia/ros2_ws/install/nodes/lib/nodes/laser_pub
-- Set runtime path of "/home/catia/ros2_ws/install/nodes/lib/nodes/laser_pub" to ""
-- Up-to-date: /home/catia/ros2_ws/install/nodes/share/ament_index/resource_index/package_run_dependencies/nodes
-- Up-to-date: /home/catia/ros2_ws/install/nodes/share/ament_index/resource_index/parent_prefix_path/nodes
-- Up-to-date: /home/catia/ros2_ws/install/nodes/share/nodes/environment/ament_prefix_path.sh
-- Installing: /home/catia/ros2_ws/install/nodes/share/nodes/environment/ament_prefix_path.dsv
-- Up-to-date: /home/catia/ros2_ws/install/nodes/share/nodes/environment/path.sh
-- Installing: /home/catia/ros2_ws/install/nodes/share/nodes/environment/path.dsv
-- Up-to-date: /home/catia/ros2_ws/install/nodes/share/nodes/local_setup.bash
-- Up-to-date: /home/catia/ros2_ws/install/nodes/share/nodes/local_setup.sh
-- Up-to-date: /home/catia/ros2_ws/install/nodes/share/nodes/local_setup.zsh
-- Installing: /home/catia/ros2_ws/install/nodes/share/nodes/local_setup.dsv
-- Installing: /home/catia/ros2_ws/install/nodes/share/nodes/package.dsv
-- Up-to-date: /home/catia/ros2_ws/install/nodes/share/ament_index/resource_index/packages/nodes
-- Up-to-date: /home/catia/ros2_ws/install/nodes/share/nodes/cmake/nodesConfig.cmake
-- Up-to-date: /home/catia/ros2_ws/install/nodes/share/nodes/cmake/nodesConfig-version.cmake
-- Up-to-date: /home/catia/ros2_ws/install/nodes/share/nodes/package.xml
