[0.009s] Invoking command in '/home/catia/ros2_ws/build/nodes': CMAKE_PREFIX_PATH=${CMAKE_PREFIX_PATH}:/opt/ros/humble /usr/bin/cmake --build /home/catia/ros2_ws/build/nodes -- -j8 -l8
[0.045s] [35m[1mConsolidate compiler generated dependencies of target laser_pub[0m
[0.055s] [ 66%] Built target pub_node
[0.055s] [ 66%] Built target sub_node
[0.060s] [ 83%] [32mBuilding CXX object CMakeFiles/laser_pub.dir/src/laser_publisher.cpp.o[0m
[3.334s] [100%] [32m[1mLinking CXX executable laser_pub[0m
[3.512s] [100%] Built target laser_pub
[3.522s] Invoked command in '/home/catia/ros2_ws/build/nodes' returned '0': CMAKE_PREFIX_PATH=${CMAKE_PREFIX_PATH}:/opt/ros/humble /usr/bin/cmake --build /home/catia/ros2_ws/build/nodes -- -j8 -l8
[3.558s] Invoking command in '/home/catia/ros2_ws/build/nodes': CMAKE_PREFIX_PATH=${CMAKE_PREFIX_PATH}:/opt/ros/humble /usr/bin/cmake --install /home/catia/ros2_ws/build/nodes
[3.564s] -- Install configuration: ""
[3.564s] -- Up-to-date: /home/catia/ros2_ws/install/nodes/lib/nodes/pub_node
[3.565s] -- Up-to-date: /home/catia/ros2_ws/install/nodes/lib/nodes/sub_node
[3.565s] -- Installing: /home/catia/ros2_ws/install/nodes/lib/nodes/laser_pub
[3.566s] -- Set runtime path of "/home/catia/ros2_ws/install/nodes/lib/nodes/laser_pub" to ""
[3.566s] -- Up-to-date: /home/catia/ros2_ws/install/nodes/share/ament_index/resource_index/package_run_dependencies/nodes
[3.566s] -- Up-to-date: /home/catia/ros2_ws/install/nodes/share/ament_index/resource_index/parent_prefix_path/nodes
[3.566s] -- Up-to-date: /home/catia/ros2_ws/install/nodes/share/nodes/environment/ament_prefix_path.sh
[3.566s] -- Installing: /home/catia/ros2_ws/install/nodes/share/nodes/environment/ament_prefix_path.dsv
[3.567s] -- Up-to-date: /home/catia/ros2_ws/install/nodes/share/nodes/environment/path.sh
[3.567s] -- Installing: /home/catia/ros2_ws/install/nodes/share/nodes/environment/path.dsv
[3.567s] -- Up-to-date: /home/catia/ros2_ws/install/nodes/share/nodes/local_setup.bash
[3.567s] -- Up-to-date: /home/catia/ros2_ws/install/nodes/share/nodes/local_setup.sh
[3.567s] -- Up-to-date: /home/catia/ros2_ws/install/nodes/share/nodes/local_setup.zsh
[3.567s] -- Installing: /home/catia/ros2_ws/install/nodes/share/nodes/local_setup.dsv
[3.567s] -- Installing: /home/catia/ros2_ws/install/nodes/share/nodes/package.dsv
[3.567s] -- Up-to-date: /home/catia/ros2_ws/install/nodes/share/ament_index/resource_index/packages/nodes
[3.567s] -- Up-to-date: /home/catia/ros2_ws/install/nodes/share/nodes/cmake/nodesConfig.cmake
[3.567s] -- Up-to-date: /home/catia/ros2_ws/install/nodes/share/nodes/cmake/nodesConfig-version.cmake
[3.567s] -- Up-to-date: /home/catia/ros2_ws/install/nodes/share/nodes/package.xml
[3.569s] Invoked command in '/home/catia/ros2_ws/build/nodes' returned '0': CMAKE_PREFIX_PATH=${CMAKE_PREFIX_PATH}:/opt/ros/humble /usr/bin/cmake --install /home/catia/ros2_ws/build/nodes
