[0.010s] Invoking command in '/home/catia/ros2_ws/build/navigation_': CMAKE_PREFIX_PATH=${CMAKE_PREFIX_PATH}:/opt/ros/humble /usr/bin/cmake --build /home/catia/ros2_ws/build/navigation_ -- -j8 -l8
[0.046s] [35m[1mConsolidate compiler generated dependencies of target laserScan_[0m
[0.059s] [ 10%] [32mBuilding CXX object CMakeFiles/ipose.dir/src/ipose.cpp.o[0m
[0.060s] [ 20%] [32mBuilding CXX object CMakeFiles/mobile_base.dir/src/mobile_base.cpp.o[0m
[0.061s] [ 40%] Built target pub_occupancy_grid
[0.063s] [ 60%] Built target tf_node
[0.063s] [ 80%] Built target laserScan_
[8.716s] [ 90%] [32m[1mLinking CXX executable mobile_base[0m
[9.251s] [ 90%] Built target mobile_base
[10.115s] [100%] [32m[1mLinking CXX executable ipose[0m
[10.652s] [100%] Built target ipose
[10.661s] Invoked command in '/home/catia/ros2_ws/build/navigation_' returned '0': CMAKE_PREFIX_PATH=${CMAKE_PREFIX_PATH}:/opt/ros/humble /usr/bin/cmake --build /home/catia/ros2_ws/build/navigation_ -- -j8 -l8
[10.698s] Invoking command in '/home/catia/ros2_ws/build/navigation_': CMAKE_PREFIX_PATH=${CMAKE_PREFIX_PATH}:/opt/ros/humble /usr/bin/cmake --install /home/catia/ros2_ws/build/navigation_
[10.704s] -- Install configuration: ""
[10.704s] -- Up-to-date: /home/catia/ros2_ws/install/navigation_/lib/navigation_/pub_occupancy_grid
[10.704s] -- Up-to-date: /home/catia/ros2_ws/install/navigation_/lib/navigation_/laserScan_
[10.704s] -- Installing: /home/catia/ros2_ws/install/navigation_/lib/navigation_/mobile_base
[10.710s] -- Set runtime path of "/home/catia/ros2_ws/install/navigation_/lib/navigation_/mobile_base" to ""
[10.710s] -- Up-to-date: /home/catia/ros2_ws/install/navigation_/lib/navigation_/tf_node
[10.710s] -- Installing: /home/catia/ros2_ws/install/navigation_/lib/navigation_/ipose
[10.715s] -- Set runtime path of "/home/catia/ros2_ws/install/navigation_/lib/navigation_/ipose" to ""
[10.716s] -- Up-to-date: /home/catia/ros2_ws/install/navigation_/share/navigation_/launch
[10.716s] -- Up-to-date: /home/catia/ros2_ws/install/navigation_/share/navigation_/launch/nav_launch.py
[10.716s] -- Up-to-date: /home/catia/ros2_ws/install/navigation_/share/navigation_/launch/mapping_launch.py
[10.716s] -- Up-to-date: /home/catia/ros2_ws/install/navigation_/share/navigation_/config
[10.716s] -- Up-to-date: /home/catia/ros2_ws/install/navigation_/share/navigation_/config/cappero_laser_odom_diag_2020-05-06-16-26-03.yaml
[10.716s] -- Up-to-date: /home/catia/ros2_ws/install/navigation_/share/navigation_/config/tb3_map.yaml
[10.716s] -- Up-to-date: /home/catia/ros2_ws/install/navigation_/share/navigation_/config/tb3_map.pgm
[10.716s] -- Up-to-date: /home/catia/ros2_ws/install/navigation_/share/navigation_/config/prova.rviz
[10.716s] -- Up-to-date: /home/catia/ros2_ws/install/navigation_/share/navigation_/config/diag.rviz
[10.716s] -- Up-to-date: /home/catia/ros2_ws/install/navigation_/share/navigation_/config/diag1.rviz
[10.717s] -- Up-to-date: /home/catia/ros2_ws/install/navigation_/share/navigation_/config/nav2_param.yaml
[10.717s] -- Up-to-date: /home/catia/ros2_ws/install/navigation_/share/navigation_/config/cappero_laser_odom_diag_2020-05-06-16-26-03.png
[10.717s] -- Up-to-date: /home/catia/ros2_ws/install/navigation_/share/navigation_/config/default.rviz
[10.717s] -- Up-to-date: /home/catia/ros2_ws/install/navigation_/share/ament_index/resource_index/package_run_dependencies/navigation_
[10.717s] -- Up-to-date: /home/catia/ros2_ws/install/navigation_/share/ament_index/resource_index/parent_prefix_path/navigation_
[10.717s] -- Up-to-date: /home/catia/ros2_ws/install/navigation_/share/navigation_/environment/ament_prefix_path.sh
[10.717s] -- Up-to-date: /home/catia/ros2_ws/install/navigation_/share/navigation_/environment/ament_prefix_path.dsv
[10.717s] -- Up-to-date: /home/catia/ros2_ws/install/navigation_/share/navigation_/environment/path.sh
[10.717s] -- Up-to-date: /home/catia/ros2_ws/install/navigation_/share/navigation_/environment/path.dsv
[10.717s] -- Up-to-date: /home/catia/ros2_ws/install/navigation_/share/navigation_/local_setup.bash
[10.717s] -- Up-to-date: /home/catia/ros2_ws/install/navigation_/share/navigation_/local_setup.sh
[10.717s] -- Up-to-date: /home/catia/ros2_ws/install/navigation_/share/navigation_/local_setup.zsh
[10.717s] -- Up-to-date: /home/catia/ros2_ws/install/navigation_/share/navigation_/local_setup.dsv
[10.717s] -- Installing: /home/catia/ros2_ws/install/navigation_/share/navigation_/package.dsv
[10.717s] -- Up-to-date: /home/catia/ros2_ws/install/navigation_/share/ament_index/resource_index/packages/navigation_
[10.717s] -- Up-to-date: /home/catia/ros2_ws/install/navigation_/share/navigation_/cmake/navigation_Config.cmake
[10.717s] -- Up-to-date: /home/catia/ros2_ws/install/navigation_/share/navigation_/cmake/navigation_Config-version.cmake
[10.717s] -- Up-to-date: /home/catia/ros2_ws/install/navigation_/share/navigation_/package.xml
[10.718s] Invoked command in '/home/catia/ros2_ws/build/navigation_' returned '0': CMAKE_PREFIX_PATH=${CMAKE_PREFIX_PATH}:/opt/ros/humble /usr/bin/cmake --install /home/catia/ros2_ws/build/navigation_
