[0.075s] DEBUG:colcon:Command line arguments: ['/usr/bin/colcon', 'build']
[0.076s] DEBUG:colcon:Parsed command line arguments: Namespace(log_base=None, log_level=None, verb_name='build', build_base='build', install_base='install', merge_install=False, symlink_install=False, test_result_base=None, continue_on_error=False, executor='parallel', parallel_workers=8, event_handlers=None, ignore_user_meta=False, metas=['./colcon.meta'], base_paths=['.'], packages_ignore=None, packages_ignore_regex=None, paths=None, packages_up_to=None, packages_up_to_regex=None, packages_above=None, packages_above_and_dependencies=None, packages_above_depth=None, packages_select_by_dep=None, packages_skip_by_dep=None, packages_skip_up_to=None, packages_select_build_failed=False, packages_skip_build_finished=False, packages_select_test_failures=False, packages_skip_test_passed=False, packages_select=None, packages_skip=None, packages_select_regex=None, packages_skip_regex=None, packages_start=None, packages_end=None, allow_overriding=[], cmake_args=None, cmake_target=None, cmake_target_skip_unavailable=False, cmake_clean_cache=False, cmake_clean_first=False, cmake_force_configure=False, ament_cmake_args=None, catkin_cmake_args=None, catkin_skip_building_tests=False, verb_parser=<colcon_defaults.argument_parser.defaults.DefaultArgumentsDecorator object at 0x710bdda0c6a0>, verb_extension=<colcon_core.verb.build.BuildVerb object at 0x710bdda0c0d0>, main=<bound method BuildVerb.main of <colcon_core.verb.build.BuildVerb object at 0x710bdda0c0d0>>)
[0.192s] Level 1:colcon.colcon_core.package_discovery:discover_packages(colcon_meta) check parameters
[0.192s] Level 1:colcon.colcon_core.package_discovery:discover_packages(recursive) check parameters
[0.192s] Level 1:colcon.colcon_core.package_discovery:discover_packages(ignore) check parameters
[0.192s] Level 1:colcon.colcon_core.package_discovery:discover_packages(path) check parameters
[0.192s] Level 1:colcon.colcon_core.package_discovery:discover_packages(colcon_meta) discover
[0.192s] Level 1:colcon.colcon_core.package_discovery:discover_packages(recursive) discover
[0.192s] INFO:colcon.colcon_core.package_discovery:Crawling recursively for packages in '/home/catia/ros2_ws'
[0.193s] Level 1:colcon.colcon_core.package_identification:_identify(.) by extensions ['ignore', 'ignore_ament_install']
[0.193s] Level 1:colcon.colcon_core.package_identification:_identify(.) by extension 'ignore'
[0.193s] Level 1:colcon.colcon_core.package_identification:_identify(.) by extension 'ignore_ament_install'
[0.193s] Level 1:colcon.colcon_core.package_identification:_identify(.) by extensions ['colcon_pkg']
[0.193s] Level 1:colcon.colcon_core.package_identification:_identify(.) by extension 'colcon_pkg'
[0.193s] Level 1:colcon.colcon_core.package_identification:_identify(.) by extensions ['colcon_meta']
[0.193s] Level 1:colcon.colcon_core.package_identification:_identify(.) by extension 'colcon_meta'
[0.193s] Level 1:colcon.colcon_core.package_identification:_identify(.) by extensions ['ros']
[0.193s] Level 1:colcon.colcon_core.package_identification:_identify(.) by extension 'ros'
[0.201s] Level 1:colcon.colcon_core.package_identification:_identify(.) by extensions ['cmake', 'python']
[0.201s] Level 1:colcon.colcon_core.package_identification:_identify(.) by extension 'cmake'
[0.202s] Level 1:colcon.colcon_core.package_identification:_identify(.) by extension 'python'
[0.202s] Level 1:colcon.colcon_core.package_identification:_identify(.) by extensions ['python_setup_py']
[0.202s] Level 1:colcon.colcon_core.package_identification:_identify(.) by extension 'python_setup_py'
[0.202s] Level 1:colcon.colcon_core.package_identification:_identify(build) by extensions ['ignore', 'ignore_ament_install']
[0.202s] Level 1:colcon.colcon_core.package_identification:_identify(build) by extension 'ignore'
[0.202s] Level 1:colcon.colcon_core.package_identification:_identify(build) ignored
[0.202s] Level 1:colcon.colcon_core.package_identification:_identify(install) by extensions ['ignore', 'ignore_ament_install']
[0.202s] Level 1:colcon.colcon_core.package_identification:_identify(install) by extension 'ignore'
[0.202s] Level 1:colcon.colcon_core.package_identification:_identify(install) ignored
[0.203s] Level 1:colcon.colcon_core.package_identification:_identify(log) by extensions ['ignore', 'ignore_ament_install']
[0.203s] Level 1:colcon.colcon_core.package_identification:_identify(log) by extension 'ignore'
[0.203s] Level 1:colcon.colcon_core.package_identification:_identify(log) ignored
[0.203s] Level 1:colcon.colcon_core.package_identification:_identify(sam_bot_description) by extensions ['ignore', 'ignore_ament_install']
[0.203s] Level 1:colcon.colcon_core.package_identification:_identify(sam_bot_description) by extension 'ignore'
[0.203s] Level 1:colcon.colcon_core.package_identification:_identify(sam_bot_description) by extension 'ignore_ament_install'
[0.203s] Level 1:colcon.colcon_core.package_identification:_identify(sam_bot_description) by extensions ['colcon_pkg']
[0.203s] Level 1:colcon.colcon_core.package_identification:_identify(sam_bot_description) by extension 'colcon_pkg'
[0.203s] Level 1:colcon.colcon_core.package_identification:_identify(sam_bot_description) by extensions ['colcon_meta']
[0.203s] Level 1:colcon.colcon_core.package_identification:_identify(sam_bot_description) by extension 'colcon_meta'
[0.203s] Level 1:colcon.colcon_core.package_identification:_identify(sam_bot_description) by extensions ['ros']
[0.203s] Level 1:colcon.colcon_core.package_identification:_identify(sam_bot_description) by extension 'ros'
[0.205s] DEBUG:colcon.colcon_core.package_identification:Package 'sam_bot_description' with type 'ros.ament_cmake' and name 'sam_bot_description'
[0.205s] Level 1:colcon.colcon_core.package_identification:_identify(src) by extensions ['ignore', 'ignore_ament_install']
[0.205s] Level 1:colcon.colcon_core.package_identification:_identify(src) by extension 'ignore'
[0.205s] Level 1:colcon.colcon_core.package_identification:_identify(src) by extension 'ignore_ament_install'
[0.205s] Level 1:colcon.colcon_core.package_identification:_identify(src) by extensions ['colcon_pkg']
[0.205s] Level 1:colcon.colcon_core.package_identification:_identify(src) by extension 'colcon_pkg'
[0.205s] Level 1:colcon.colcon_core.package_identification:_identify(src) by extensions ['colcon_meta']
[0.206s] Level 1:colcon.colcon_core.package_identification:_identify(src) by extension 'colcon_meta'
[0.206s] Level 1:colcon.colcon_core.package_identification:_identify(src) by extensions ['ros']
[0.206s] Level 1:colcon.colcon_core.package_identification:_identify(src) by extension 'ros'
[0.206s] Level 1:colcon.colcon_core.package_identification:_identify(src) by extensions ['cmake', 'python']
[0.206s] Level 1:colcon.colcon_core.package_identification:_identify(src) by extension 'cmake'
[0.206s] Level 1:colcon.colcon_core.package_identification:_identify(src) by extension 'python'
[0.206s] Level 1:colcon.colcon_core.package_identification:_identify(src) by extensions ['python_setup_py']
[0.206s] Level 1:colcon.colcon_core.package_identification:_identify(src) by extension 'python_setup_py'
[0.206s] Level 1:colcon.colcon_core.package_identification:_identify(src/navigation_) by extensions ['ignore', 'ignore_ament_install']
[0.206s] Level 1:colcon.colcon_core.package_identification:_identify(src/navigation_) by extension 'ignore'
[0.206s] Level 1:colcon.colcon_core.package_identification:_identify(src/navigation_) by extension 'ignore_ament_install'
[0.206s] Level 1:colcon.colcon_core.package_identification:_identify(src/navigation_) by extensions ['colcon_pkg']
[0.206s] Level 1:colcon.colcon_core.package_identification:_identify(src/navigation_) by extension 'colcon_pkg'
[0.206s] Level 1:colcon.colcon_core.package_identification:_identify(src/navigation_) by extensions ['colcon_meta']
[0.206s] Level 1:colcon.colcon_core.package_identification:_identify(src/navigation_) by extension 'colcon_meta'
[0.206s] Level 1:colcon.colcon_core.package_identification:_identify(src/navigation_) by extensions ['ros']
[0.206s] Level 1:colcon.colcon_core.package_identification:_identify(src/navigation_) by extension 'ros'
[0.207s] DEBUG:colcon.colcon_core.package_identification:Package 'src/navigation_' with type 'ros.ament_cmake' and name 'navigation_'
[0.207s] Level 1:colcon.colcon_core.package_discovery:discover_packages(recursive) using defaults
[0.207s] Level 1:colcon.colcon_core.package_discovery:discover_packages(ignore) discover
[0.207s] Level 1:colcon.colcon_core.package_discovery:discover_packages(ignore) using defaults
[0.207s] Level 1:colcon.colcon_core.package_discovery:discover_packages(path) discover
[0.207s] Level 1:colcon.colcon_core.package_discovery:discover_packages(path) using defaults
[0.221s] Level 1:colcon.colcon_core.package_discovery:discover_packages(prefix_path) check parameters
[0.221s] Level 1:colcon.colcon_core.package_discovery:discover_packages(prefix_path) discover
[0.223s] DEBUG:colcon.colcon_installed_package_information.package_discovery:Found 3 installed packages in /home/catia/ros2_ws/install
[0.224s] DEBUG:colcon.colcon_installed_package_information.package_discovery:Found 384 installed packages in /opt/ros/humble
[0.233s] Level 1:colcon.colcon_core.package_discovery:discover_packages(prefix_path) using defaults
[0.266s] Level 5:colcon.colcon_core.verb:set package 'navigation_' build argument 'cmake_args' from command line to 'None'
[0.266s] Level 5:colcon.colcon_core.verb:set package 'navigation_' build argument 'cmake_target' from command line to 'None'
[0.266s] Level 5:colcon.colcon_core.verb:set package 'navigation_' build argument 'cmake_target_skip_unavailable' from command line to 'False'
[0.266s] Level 5:colcon.colcon_core.verb:set package 'navigation_' build argument 'cmake_clean_cache' from command line to 'False'
[0.266s] Level 5:colcon.colcon_core.verb:set package 'navigation_' build argument 'cmake_clean_first' from command line to 'False'
[0.266s] Level 5:colcon.colcon_core.verb:set package 'navigation_' build argument 'cmake_force_configure' from command line to 'False'
[0.266s] Level 5:colcon.colcon_core.verb:set package 'navigation_' build argument 'ament_cmake_args' from command line to 'None'
[0.266s] Level 5:colcon.colcon_core.verb:set package 'navigation_' build argument 'catkin_cmake_args' from command line to 'None'
[0.266s] Level 5:colcon.colcon_core.verb:set package 'navigation_' build argument 'catkin_skip_building_tests' from command line to 'False'
[0.266s] DEBUG:colcon.colcon_core.verb:Building package 'navigation_' with the following arguments: {'ament_cmake_args': None, 'build_base': '/home/catia/ros2_ws/build/navigation_', 'catkin_cmake_args': None, 'catkin_skip_building_tests': False, 'cmake_args': None, 'cmake_clean_cache': False, 'cmake_clean_first': False, 'cmake_force_configure': False, 'cmake_target': None, 'cmake_target_skip_unavailable': False, 'install_base': '/home/catia/ros2_ws/install/navigation_', 'merge_install': False, 'path': '/home/catia/ros2_ws/src/navigation_', 'symlink_install': False, 'test_result_base': None}
[0.267s] Level 5:colcon.colcon_core.verb:set package 'sam_bot_description' build argument 'cmake_args' from command line to 'None'
[0.267s] Level 5:colcon.colcon_core.verb:set package 'sam_bot_description' build argument 'cmake_target' from command line to 'None'
[0.267s] Level 5:colcon.colcon_core.verb:set package 'sam_bot_description' build argument 'cmake_target_skip_unavailable' from command line to 'False'
[0.267s] Level 5:colcon.colcon_core.verb:set package 'sam_bot_description' build argument 'cmake_clean_cache' from command line to 'False'
[0.267s] Level 5:colcon.colcon_core.verb:set package 'sam_bot_description' build argument 'cmake_clean_first' from command line to 'False'
[0.267s] Level 5:colcon.colcon_core.verb:set package 'sam_bot_description' build argument 'cmake_force_configure' from command line to 'False'
[0.267s] Level 5:colcon.colcon_core.verb:set package 'sam_bot_description' build argument 'ament_cmake_args' from command line to 'None'
[0.267s] Level 5:colcon.colcon_core.verb:set package 'sam_bot_description' build argument 'catkin_cmake_args' from command line to 'None'
[0.267s] Level 5:colcon.colcon_core.verb:set package 'sam_bot_description' build argument 'catkin_skip_building_tests' from command line to 'False'
[0.267s] DEBUG:colcon.colcon_core.verb:Building package 'sam_bot_description' with the following arguments: {'ament_cmake_args': None, 'build_base': '/home/catia/ros2_ws/build/sam_bot_description', 'catkin_cmake_args': None, 'catkin_skip_building_tests': False, 'cmake_args': None, 'cmake_clean_cache': False, 'cmake_clean_first': False, 'cmake_force_configure': False, 'cmake_target': None, 'cmake_target_skip_unavailable': False, 'install_base': '/home/catia/ros2_ws/install/sam_bot_description', 'merge_install': False, 'path': '/home/catia/ros2_ws/sam_bot_description', 'symlink_install': False, 'test_result_base': None}
[0.267s] INFO:colcon.colcon_core.executor:Executing jobs using 'parallel' executor
[0.269s] DEBUG:colcon.colcon_parallel_executor.executor.parallel:run_until_complete
[0.269s] INFO:colcon.colcon_ros.task.ament_cmake.build:Building ROS package in '/home/catia/ros2_ws/src/navigation_' with build type 'ament_cmake'
[0.269s] INFO:colcon.colcon_cmake.task.cmake.build:Building CMake package in '/home/catia/ros2_ws/src/navigation_'
[0.270s] INFO:colcon.colcon_core.plugin_system:Skipping extension 'colcon_core.shell.bat': Not used on non-Windows systems
[0.271s] INFO:colcon.colcon_core.shell:Skip shell extension 'powershell' for command environment: Not usable outside of PowerShell
[0.271s] DEBUG:colcon.colcon_core.shell:Skip shell extension 'dsv' for command environment
[0.273s] INFO:colcon.colcon_ros.task.ament_cmake.build:Building ROS package in '/home/catia/ros2_ws/sam_bot_description' with build type 'ament_cmake'
[0.274s] INFO:colcon.colcon_cmake.task.cmake.build:Building CMake package in '/home/catia/ros2_ws/sam_bot_description'
[0.274s] INFO:colcon.colcon_core.shell:Skip shell extension 'powershell' for command environment: Not usable outside of PowerShell
[0.274s] DEBUG:colcon.colcon_core.shell:Skip shell extension 'dsv' for command environment
[0.280s] DEBUG:colcon.colcon_core.event_handler.log_command:Invoking command in '/home/catia/ros2_ws/build/navigation_': CMAKE_PREFIX_PATH=${CMAKE_PREFIX_PATH}:/opt/ros/humble /usr/bin/cmake --build /home/catia/ros2_ws/build/navigation_ -- -j8 -l8
[0.284s] DEBUG:colcon.colcon_core.event_handler.log_command:Invoking command in '/home/catia/ros2_ws/build/sam_bot_description': CMAKE_PREFIX_PATH=${CMAKE_PREFIX_PATH}:/opt/ros/humble /usr/bin/cmake --build /home/catia/ros2_ws/build/sam_bot_description -- -j8 -l8
[0.338s] DEBUG:colcon.colcon_core.event_handler.log_command:Invoked command in '/home/catia/ros2_ws/build/sam_bot_description' returned '0': CMAKE_PREFIX_PATH=${CMAKE_PREFIX_PATH}:/opt/ros/humble /usr/bin/cmake --build /home/catia/ros2_ws/build/sam_bot_description -- -j8 -l8
[0.363s] DEBUG:colcon.colcon_core.event_handler.log_command:Invoking command in '/home/catia/ros2_ws/build/sam_bot_description': CMAKE_PREFIX_PATH=${CMAKE_PREFIX_PATH}:/opt/ros/humble /usr/bin/cmake --install /home/catia/ros2_ws/build/sam_bot_description
[0.370s] Level 1:colcon.colcon_core.environment:create_environment_scripts_only(sam_bot_description)
[0.370s] DEBUG:colcon.colcon_core.event_handler.log_command:Invoked command in '/home/catia/ros2_ws/build/sam_bot_description' returned '0': CMAKE_PREFIX_PATH=${CMAKE_PREFIX_PATH}:/opt/ros/humble /usr/bin/cmake --install /home/catia/ros2_ws/build/sam_bot_description
[0.372s] Level 1:colcon.colcon_core.environment:checking '/home/catia/ros2_ws/install/sam_bot_description' for CMake module files
[0.372s] Level 1:colcon.colcon_core.environment:checking '/home/catia/ros2_ws/install/sam_bot_description' for CMake config files
[0.373s] Level 1:colcon.colcon_core.shell:create_environment_hook('sam_bot_description', 'cmake_prefix_path')
[0.373s] INFO:colcon.colcon_core.shell:Creating environment hook '/home/catia/ros2_ws/install/sam_bot_description/share/sam_bot_description/hook/cmake_prefix_path.ps1'
[0.373s] INFO:colcon.colcon_core.shell:Creating environment descriptor '/home/catia/ros2_ws/install/sam_bot_description/share/sam_bot_description/hook/cmake_prefix_path.dsv'
[0.373s] INFO:colcon.colcon_core.shell:Creating environment hook '/home/catia/ros2_ws/install/sam_bot_description/share/sam_bot_description/hook/cmake_prefix_path.sh'
[0.374s] Level 1:colcon.colcon_core.environment:checking '/home/catia/ros2_ws/install/sam_bot_description/lib'
[0.374s] Level 1:colcon.colcon_core.environment:checking '/home/catia/ros2_ws/install/sam_bot_description/bin'
[0.374s] Level 1:colcon.colcon_core.environment:checking '/home/catia/ros2_ws/install/sam_bot_description/lib/pkgconfig/sam_bot_description.pc'
[0.375s] Level 1:colcon.colcon_core.environment:checking '/home/catia/ros2_ws/install/sam_bot_description/lib/python3.10/site-packages'
[0.375s] Level 1:colcon.colcon_core.environment:checking '/home/catia/ros2_ws/install/sam_bot_description/bin'
[0.375s] INFO:colcon.colcon_core.shell:Creating package script '/home/catia/ros2_ws/install/sam_bot_description/share/sam_bot_description/package.ps1'
[0.375s] INFO:colcon.colcon_core.shell:Creating package descriptor '/home/catia/ros2_ws/install/sam_bot_description/share/sam_bot_description/package.dsv'
[0.376s] INFO:colcon.colcon_core.shell:Creating package script '/home/catia/ros2_ws/install/sam_bot_description/share/sam_bot_description/package.sh'
[0.376s] INFO:colcon.colcon_core.shell:Creating package script '/home/catia/ros2_ws/install/sam_bot_description/share/sam_bot_description/package.bash'
[0.377s] INFO:colcon.colcon_core.shell:Creating package script '/home/catia/ros2_ws/install/sam_bot_description/share/sam_bot_description/package.zsh'
[0.377s] Level 1:colcon.colcon_core.environment:create_file_with_runtime_dependencies(/home/catia/ros2_ws/install/sam_bot_description/share/colcon-core/packages/sam_bot_description)
[0.396s] Level 1:colcon.colcon_core.environment:create_environment_scripts_only(sam_bot_description)
[0.396s] Level 1:colcon.colcon_core.environment:checking '/home/catia/ros2_ws/install/sam_bot_description' for CMake module files
[0.396s] Level 1:colcon.colcon_core.environment:checking '/home/catia/ros2_ws/install/sam_bot_description' for CMake config files
[0.397s] Level 1:colcon.colcon_core.shell:create_environment_hook('sam_bot_description', 'cmake_prefix_path')
[0.397s] INFO:colcon.colcon_core.shell:Creating environment hook '/home/catia/ros2_ws/install/sam_bot_description/share/sam_bot_description/hook/cmake_prefix_path.ps1'
[0.397s] INFO:colcon.colcon_core.shell:Creating environment descriptor '/home/catia/ros2_ws/install/sam_bot_description/share/sam_bot_description/hook/cmake_prefix_path.dsv'
[0.397s] INFO:colcon.colcon_core.shell:Creating environment hook '/home/catia/ros2_ws/install/sam_bot_description/share/sam_bot_description/hook/cmake_prefix_path.sh'
[0.398s] Level 1:colcon.colcon_core.environment:checking '/home/catia/ros2_ws/install/sam_bot_description/lib'
[0.398s] Level 1:colcon.colcon_core.environment:checking '/home/catia/ros2_ws/install/sam_bot_description/bin'
[0.398s] Level 1:colcon.colcon_core.environment:checking '/home/catia/ros2_ws/install/sam_bot_description/lib/pkgconfig/sam_bot_description.pc'
[0.398s] Level 1:colcon.colcon_core.environment:checking '/home/catia/ros2_ws/install/sam_bot_description/lib/python3.10/site-packages'
[0.398s] Level 1:colcon.colcon_core.environment:checking '/home/catia/ros2_ws/install/sam_bot_description/bin'
[0.398s] INFO:colcon.colcon_core.shell:Creating package script '/home/catia/ros2_ws/install/sam_bot_description/share/sam_bot_description/package.ps1'
[0.399s] INFO:colcon.colcon_core.shell:Creating package descriptor '/home/catia/ros2_ws/install/sam_bot_description/share/sam_bot_description/package.dsv'
[0.399s] INFO:colcon.colcon_core.shell:Creating package script '/home/catia/ros2_ws/install/sam_bot_description/share/sam_bot_description/package.sh'
[0.399s] INFO:colcon.colcon_core.shell:Creating package script '/home/catia/ros2_ws/install/sam_bot_description/share/sam_bot_description/package.bash'
[0.400s] INFO:colcon.colcon_core.shell:Creating package script '/home/catia/ros2_ws/install/sam_bot_description/share/sam_bot_description/package.zsh'
[0.400s] Level 1:colcon.colcon_core.environment:create_file_with_runtime_dependencies(/home/catia/ros2_ws/install/sam_bot_description/share/colcon-core/packages/sam_bot_description)
[2.655s] DEBUG:colcon.colcon_core.event_handler.log_command:Invoked command in '/home/catia/ros2_ws/build/navigation_' returned '2': CMAKE_PREFIX_PATH=${CMAKE_PREFIX_PATH}:/opt/ros/humble /usr/bin/cmake --build /home/catia/ros2_ws/build/navigation_ -- -j8 -l8
[2.684s] Level 1:colcon.colcon_core.environment:create_environment_scripts_only(navigation_)
[2.684s] Level 1:colcon.colcon_core.environment:checking '/home/catia/ros2_ws/install/navigation_' for CMake module files
[2.685s] Level 1:colcon.colcon_core.environment:checking '/home/catia/ros2_ws/install/navigation_' for CMake config files
[2.686s] Level 1:colcon.colcon_core.shell:create_environment_hook('navigation_', 'cmake_prefix_path')
[2.686s] INFO:colcon.colcon_core.shell:Creating environment hook '/home/catia/ros2_ws/install/navigation_/share/navigation_/hook/cmake_prefix_path.ps1'
[2.686s] INFO:colcon.colcon_core.shell:Creating environment descriptor '/home/catia/ros2_ws/install/navigation_/share/navigation_/hook/cmake_prefix_path.dsv'
[2.687s] INFO:colcon.colcon_core.shell:Creating environment hook '/home/catia/ros2_ws/install/navigation_/share/navigation_/hook/cmake_prefix_path.sh'
[2.688s] Level 1:colcon.colcon_core.environment:checking '/home/catia/ros2_ws/install/navigation_/lib'
[2.688s] Level 1:colcon.colcon_core.environment:checking '/home/catia/ros2_ws/install/navigation_/bin'
[2.688s] Level 1:colcon.colcon_core.environment:checking '/home/catia/ros2_ws/install/navigation_/lib/pkgconfig/navigation_.pc'
[2.688s] Level 1:colcon.colcon_core.environment:checking '/home/catia/ros2_ws/install/navigation_/lib/python3.10/site-packages'
[2.688s] Level 1:colcon.colcon_core.environment:checking '/home/catia/ros2_ws/install/navigation_/bin'
[2.689s] INFO:colcon.colcon_core.shell:Creating package script '/home/catia/ros2_ws/install/navigation_/share/navigation_/package.ps1'
[2.689s] INFO:colcon.colcon_core.shell:Creating package descriptor '/home/catia/ros2_ws/install/navigation_/share/navigation_/package.dsv'
[2.690s] INFO:colcon.colcon_core.shell:Creating package script '/home/catia/ros2_ws/install/navigation_/share/navigation_/package.sh'
[2.690s] INFO:colcon.colcon_core.shell:Creating package script '/home/catia/ros2_ws/install/navigation_/share/navigation_/package.bash'
[2.691s] INFO:colcon.colcon_core.shell:Creating package script '/home/catia/ros2_ws/install/navigation_/share/navigation_/package.zsh'
[2.691s] Level 1:colcon.colcon_core.environment:create_file_with_runtime_dependencies(/home/catia/ros2_ws/install/navigation_/share/colcon-core/packages/navigation_)
[2.702s] DEBUG:colcon.colcon_parallel_executor.executor.parallel:closing loop
[2.702s] DEBUG:colcon.colcon_parallel_executor.executor.parallel:loop closed
[2.702s] DEBUG:colcon.colcon_parallel_executor.executor.parallel:run_until_complete finished with '2'
[2.702s] DEBUG:colcon.colcon_core.event_reactor:joining thread
[2.709s] INFO:colcon.colcon_core.plugin_system:Skipping extension 'colcon_notification.desktop_notification.terminal_notifier': Not used on non-Darwin systems
[2.710s] INFO:colcon.colcon_core.plugin_system:Skipping extension 'colcon_notification.desktop_notification.win32': Not used on non-Windows systems
[2.710s] INFO:colcon.colcon_notification.desktop_notification:Sending desktop notification using 'notify2'
[2.721s] DEBUG:colcon.colcon_core.event_reactor:joined thread
[2.721s] INFO:colcon.colcon_core.shell:Creating prefix script '/home/catia/ros2_ws/install/local_setup.ps1'
[2.722s] INFO:colcon.colcon_core.shell:Creating prefix util module '/home/catia/ros2_ws/install/_local_setup_util_ps1.py'
[2.723s] INFO:colcon.colcon_core.shell:Creating prefix chain script '/home/catia/ros2_ws/install/setup.ps1'
[2.724s] INFO:colcon.colcon_core.shell:Creating prefix script '/home/catia/ros2_ws/install/local_setup.sh'
[2.724s] INFO:colcon.colcon_core.shell:Creating prefix util module '/home/catia/ros2_ws/install/_local_setup_util_sh.py'
[2.724s] INFO:colcon.colcon_core.shell:Creating prefix chain script '/home/catia/ros2_ws/install/setup.sh'
[2.725s] INFO:colcon.colcon_core.shell:Creating prefix script '/home/catia/ros2_ws/install/local_setup.bash'
[2.725s] INFO:colcon.colcon_core.shell:Creating prefix chain script '/home/catia/ros2_ws/install/setup.bash'
[2.726s] INFO:colcon.colcon_core.shell:Creating prefix script '/home/catia/ros2_ws/install/local_setup.zsh'
[2.727s] INFO:colcon.colcon_core.shell:Creating prefix chain script '/home/catia/ros2_ws/install/setup.zsh'
