[0.009s] Invoking command in '/home/catia/ros2_ws/build/nodes': CMAKE_PREFIX_PATH=${CMAKE_PREFIX_PATH}:/opt/ros/humble /usr/bin/cmake --build /home/catia/ros2_ws/build/nodes -- -j8 -l8
[0.028s] -- Found ament_cmake: 1.3.9 (/opt/ros/humble/share/ament_cmake/cmake)
[0.124s] -- Found rclcpp: 16.0.9 (/opt/ros/humble/share/rclcpp/cmake)
[0.146s] -- Found rosidl_generator_c: 3.1.5 (/opt/ros/humble/share/rosidl_generator_c/cmake)
[0.148s] -- Found rosidl_adapter: 3.1.5 (/opt/ros/humble/share/rosidl_adapter/cmake)
[0.153s] -- Found rosidl_generator_cpp: 3.1.5 (/opt/ros/humble/share/rosidl_generator_cpp/cmake)
[0.161s] -- Using all available rosidl_typesupport_c: rosidl_typesupport_fastrtps_c;rosidl_typesupport_introspection_c
[0.173s] -- Using all available rosidl_typesupport_cpp: rosidl_typesupport_fastrtps_cpp;rosidl_typesupport_introspection_cpp
[0.217s] -- Found rmw_implementation_cmake: 6.1.2 (/opt/ros/humble/share/rmw_implementation_cmake/cmake)
[0.218s] -- Found rmw_fastrtps_cpp: 6.2.6 (/opt/ros/humble/share/rmw_fastrtps_cpp/cmake)
[0.314s] -- Using RMW implementation 'rmw_fastrtps_cpp' as default
[0.440s] -- Found ament_lint_auto: 0.12.11 (/opt/ros/humble/share/ament_lint_auto/cmake)
[0.492s] -- Added test 'cppcheck' to perform static code analysis on C / C++ code
[0.492s] -- Configured cppcheck include dirs: 
[0.492s] -- Configured cppcheck exclude dirs and/or files: 
[0.492s] -- Added test 'lint_cmake' to check CMake code style
[0.493s] -- Added test 'uncrustify' to check C / C++ code style
[0.493s] -- Configured uncrustify additional arguments: 
[0.493s] -- Added test 'xmllint' to check XML markup files
[0.493s] -- Configuring done
[0.502s] -- Generating done
[0.503s] -- Build files have been written to: /home/catia/ros2_ws/build/nodes
[0.523s] [35m[1mConsolidate compiler generated dependencies of target pub_node[0m
[0.530s] [ 25%] [32mBuilding CXX object CMakeFiles/sub_node.dir/src/subscriber.cpp.o[0m
[0.537s] [ 75%] Built target pub_node
[6.752s] [100%] [32m[1mLinking CXX executable sub_node[0m
[7.072s] [100%] Built target sub_node
[7.081s] Invoked command in '/home/catia/ros2_ws/build/nodes' returned '0': CMAKE_PREFIX_PATH=${CMAKE_PREFIX_PATH}:/opt/ros/humble /usr/bin/cmake --build /home/catia/ros2_ws/build/nodes -- -j8 -l8
[7.112s] Invoking command in '/home/catia/ros2_ws/build/nodes': CMAKE_PREFIX_PATH=${CMAKE_PREFIX_PATH}:/opt/ros/humble /usr/bin/cmake --install /home/catia/ros2_ws/build/nodes
[7.118s] -- Install configuration: ""
[7.118s] -- Up-to-date: /home/catia/ros2_ws/install/nodes/lib/nodes/pub_node
[7.118s] -- Installing: /home/catia/ros2_ws/install/nodes/lib/nodes/sub_node
[7.121s] -- Set runtime path of "/home/catia/ros2_ws/install/nodes/lib/nodes/sub_node" to ""
[7.121s] -- Up-to-date: /home/catia/ros2_ws/install/nodes/share/ament_index/resource_index/package_run_dependencies/nodes
[7.121s] -- Installing: /home/catia/ros2_ws/install/nodes/share/ament_index/resource_index/parent_prefix_path/nodes
[7.121s] -- Up-to-date: /home/catia/ros2_ws/install/nodes/share/nodes/environment/ament_prefix_path.sh
[7.121s] -- Installing: /home/catia/ros2_ws/install/nodes/share/nodes/environment/ament_prefix_path.dsv
[7.121s] -- Up-to-date: /home/catia/ros2_ws/install/nodes/share/nodes/environment/path.sh
[7.121s] -- Installing: /home/catia/ros2_ws/install/nodes/share/nodes/environment/path.dsv
[7.121s] -- Up-to-date: /home/catia/ros2_ws/install/nodes/share/nodes/local_setup.bash
[7.121s] -- Up-to-date: /home/catia/ros2_ws/install/nodes/share/nodes/local_setup.sh
[7.121s] -- Up-to-date: /home/catia/ros2_ws/install/nodes/share/nodes/local_setup.zsh
[7.121s] -- Installing: /home/catia/ros2_ws/install/nodes/share/nodes/local_setup.dsv
[7.121s] -- Installing: /home/catia/ros2_ws/install/nodes/share/nodes/package.dsv
[7.121s] -- Up-to-date: /home/catia/ros2_ws/install/nodes/share/ament_index/resource_index/packages/nodes
[7.121s] -- Up-to-date: /home/catia/ros2_ws/install/nodes/share/nodes/cmake/nodesConfig.cmake
[7.121s] -- Up-to-date: /home/catia/ros2_ws/install/nodes/share/nodes/cmake/nodesConfig-version.cmake
[7.121s] -- Up-to-date: /home/catia/ros2_ws/install/nodes/share/nodes/package.xml
[7.123s] Invoked command in '/home/catia/ros2_ws/build/nodes' returned '0': CMAKE_PREFIX_PATH=${CMAKE_PREFIX_PATH}:/opt/ros/humble /usr/bin/cmake --install /home/catia/ros2_ws/build/nodes
