[0.000000] (-) TimerEvent: {}
[0.000230] (navigation_) JobQueued: {'identifier': 'navigation_', 'dependencies': OrderedDict()}
[0.000618] (sam_bot_description) JobQueued: {'identifier': 'sam_bot_description', 'dependencies': OrderedDict()}
[0.000666] (navigation_) JobStarted: {'identifier': 'navigation_'}
[0.005258] (sam_bot_description) JobStarted: {'identifier': 'sam_bot_description'}
[0.008940] (navigation_) JobProgress: {'identifier': 'navigation_', 'progress': 'cmake'}
[0.010034] (navigation_) JobProgress: {'identifier': 'navigation_', 'progress': 'build'}
[0.010078] (navigation_) Command: {'cmd': ['/usr/bin/cmake', '--build', '/home/catia/ros2_ws/build/navigation_', '--', '-j8', '-l8'], 'cwd': '/home/catia/ros2_ws/build/navigation_', 'env': OrderedDict([('USER', 'catia'), ('LC_TIME', 'it_IT.UTF-8'), ('XDG_SESSION_TYPE', 'wayland'), ('SHLVL', '1'), ('LD_LIBRARY_PATH', '/usr/lib/x86_64-linux-gnu/gazebo-11/plugins:/opt/ros/humble/opt/rviz_ogre_vendor/lib:/opt/ros/humble/lib/x86_64-linux-gnu:/opt/ros/humble/lib'), ('HOME', '/home/catia'), ('OLDPWD', '/home/catia'), ('DESKTOP_SESSION', 'ubuntu'), ('ROS_PYTHON_VERSION', '3'), ('GNOME_SHELL_SESSION_MODE', 'ubuntu'), ('GTK_MODULES', 'gail:atk-bridge'), ('LC_MONETARY', 'it_IT.UTF-8'), ('SYSTEMD_EXEC_PID', '1683'), ('DBUS_SESSION_BUS_ADDRESS', 'unix:path=/run/user/1000/bus'), ('COLORTERM', 'truecolor'), ('IM_CONFIG_PHASE', '1'), ('WAYLAND_DISPLAY', 'wayland-0'), ('COLCON_PREFIX_PATH', '/home/catia/ros2_ws/install'), ('ROS_DISTRO', 'humble'), ('LOGNAME', 'catia'), ('_', '/usr/bin/colcon'), ('ROS_VERSION', '2'), ('XDG_SESSION_CLASS', 'user'), ('USERNAME', 'catia'), ('TERM', 'xterm-256color'), ('GNOME_DESKTOP_SESSION_ID', 'this-is-deprecated'), ('ROS_LOCALHOST_ONLY', '0'), ('PATH', '/opt/ros/humble/bin:/usr/local/sbin:/usr/local/bin:/usr/sbin:/usr/bin:/sbin:/bin:/usr/games:/usr/local/games:/snap/bin:/snap/bin'), ('SESSION_MANAGER', 'local/cat:@/tmp/.ICE-unix/1490,unix/cat:/tmp/.ICE-unix/1490'), ('XDG_MENU_PREFIX', 'gnome-'), ('LC_ADDRESS', 'it_IT.UTF-8'), ('GNOME_TERMINAL_SCREEN', '/org/gnome/Terminal/screen/a262c153_c162_4030_a3a1_714a7656a6b1'), ('GNOME_SETUP_DISPLAY', ':1'), ('XDG_RUNTIME_DIR', '/run/user/1000'), ('DISPLAY', ':0'), ('LANG', 'en_US.UTF-8'), ('XDG_CURRENT_DESKTOP', 'ubuntu:GNOME'), ('LC_TELEPHONE', 'it_IT.UTF-8'), ('XMODIFIERS', '@im=ibus'), ('XDG_SESSION_DESKTOP', 'ubuntu'), ('XAUTHORITY', '/run/user/1000/.mutter-Xwaylandauth.F8FOU2'), ('GNOME_TERMINAL_SERVICE', ':1.110'), ('SSH_AGENT_LAUNCHER', 'gnome-keyring'), ('SSH_AUTH_SOCK', '/run/user/1000/keyring/ssh'), ('AMENT_PREFIX_PATH', '/home/catia/ros2_ws/install/sam_bot_description:/home/catia/ros2_ws/install/nodes:/home/catia/ros2_ws/install/navigation_:/opt/ros/humble'), ('SHELL', '/bin/bash'), ('LC_NAME', 'it_IT.UTF-8'), ('QT_ACCESSIBILITY', '1'), ('GDMSESSION', 'ubuntu'), ('LC_MEASUREMENT', 'it_IT.UTF-8'), ('LC_IDENTIFICATION', 'it_IT.UTF-8'), ('QT_IM_MODULE', 'ibus'), ('PWD', '/home/catia/ros2_ws/build/navigation_'), ('TURTLEBOT3_MODEL', 'waffle'), ('LC_ALL', 'en_US.UTF-8'), ('XDG_CONFIG_DIRS', '/etc/xdg/xdg-ubuntu:/etc/xdg'), ('XDG_DATA_DIRS', '/usr/share/ubuntu:/usr/local/share/:/usr/share/:/var/lib/snapd/desktop'), ('PYTHONPATH', '/opt/ros/humble/lib/python3.10/site-packages:/opt/ros/humble/local/lib/python3.10/dist-packages'), ('LC_NUMERIC', 'it_IT.UTF-8'), ('LC_PAPER', 'it_IT.UTF-8'), ('COLCON', '1'), ('VTE_VERSION', '6800'), ('CMAKE_PREFIX_PATH', '/home/catia/ros2_ws/install/sam_bot_description:/home/catia/ros2_ws/install/nodes:/home/catia/ros2_ws/install/navigation_:/opt/ros/humble')]), 'shell': False}
[0.012934] (sam_bot_description) JobProgress: {'identifier': 'sam_bot_description', 'progress': 'cmake'}
[0.013474] (sam_bot_description) JobProgress: {'identifier': 'sam_bot_description', 'progress': 'build'}
[0.013808] (sam_bot_description) Command: {'cmd': ['/usr/bin/cmake', '--build', '/home/catia/ros2_ws/build/sam_bot_description', '--', '-j8', '-l8'], 'cwd': '/home/catia/ros2_ws/build/sam_bot_description', 'env': OrderedDict([('USER', 'catia'), ('LC_TIME', 'it_IT.UTF-8'), ('XDG_SESSION_TYPE', 'wayland'), ('SHLVL', '1'), ('LD_LIBRARY_PATH', '/usr/lib/x86_64-linux-gnu/gazebo-11/plugins:/opt/ros/humble/opt/rviz_ogre_vendor/lib:/opt/ros/humble/lib/x86_64-linux-gnu:/opt/ros/humble/lib'), ('HOME', '/home/catia'), ('OLDPWD', '/home/catia'), ('DESKTOP_SESSION', 'ubuntu'), ('ROS_PYTHON_VERSION', '3'), ('GNOME_SHELL_SESSION_MODE', 'ubuntu'), ('GTK_MODULES', 'gail:atk-bridge'), ('LC_MONETARY', 'it_IT.UTF-8'), ('SYSTEMD_EXEC_PID', '1683'), ('DBUS_SESSION_BUS_ADDRESS', 'unix:path=/run/user/1000/bus'), ('COLORTERM', 'truecolor'), ('IM_CONFIG_PHASE', '1'), ('WAYLAND_DISPLAY', 'wayland-0'), ('COLCON_PREFIX_PATH', '/home/catia/ros2_ws/install'), ('ROS_DISTRO', 'humble'), ('LOGNAME', 'catia'), ('_', '/usr/bin/colcon'), ('ROS_VERSION', '2'), ('XDG_SESSION_CLASS', 'user'), ('USERNAME', 'catia'), ('TERM', 'xterm-256color'), ('GNOME_DESKTOP_SESSION_ID', 'this-is-deprecated'), ('ROS_LOCALHOST_ONLY', '0'), ('PATH', '/opt/ros/humble/bin:/usr/local/sbin:/usr/local/bin:/usr/sbin:/usr/bin:/sbin:/bin:/usr/games:/usr/local/games:/snap/bin:/snap/bin'), ('SESSION_MANAGER', 'local/cat:@/tmp/.ICE-unix/1490,unix/cat:/tmp/.ICE-unix/1490'), ('XDG_MENU_PREFIX', 'gnome-'), ('LC_ADDRESS', 'it_IT.UTF-8'), ('GNOME_TERMINAL_SCREEN', '/org/gnome/Terminal/screen/a262c153_c162_4030_a3a1_714a7656a6b1'), ('GNOME_SETUP_DISPLAY', ':1'), ('XDG_RUNTIME_DIR', '/run/user/1000'), ('DISPLAY', ':0'), ('LANG', 'en_US.UTF-8'), ('XDG_CURRENT_DESKTOP', 'ubuntu:GNOME'), ('LC_TELEPHONE', 'it_IT.UTF-8'), ('XMODIFIERS', '@im=ibus'), ('XDG_SESSION_DESKTOP', 'ubuntu'), ('XAUTHORITY', '/run/user/1000/.mutter-Xwaylandauth.F8FOU2'), ('GNOME_TERMINAL_SERVICE', ':1.110'), ('SSH_AGENT_LAUNCHER', 'gnome-keyring'), ('SSH_AUTH_SOCK', '/run/user/1000/keyring/ssh'), ('AMENT_PREFIX_PATH', '/home/catia/ros2_ws/install/sam_bot_description:/home/catia/ros2_ws/install/nodes:/home/catia/ros2_ws/install/navigation_:/opt/ros/humble'), ('SHELL', '/bin/bash'), ('LC_NAME', 'it_IT.UTF-8'), ('QT_ACCESSIBILITY', '1'), ('GDMSESSION', 'ubuntu'), ('LC_MEASUREMENT', 'it_IT.UTF-8'), ('LC_IDENTIFICATION', 'it_IT.UTF-8'), ('QT_IM_MODULE', 'ibus'), ('PWD', '/home/catia/ros2_ws/build/sam_bot_description'), ('TURTLEBOT3_MODEL', 'waffle'), ('LC_ALL', 'en_US.UTF-8'), ('XDG_CONFIG_DIRS', '/etc/xdg/xdg-ubuntu:/etc/xdg'), ('XDG_DATA_DIRS', '/usr/share/ubuntu:/usr/local/share/:/usr/share/:/var/lib/snapd/desktop'), ('PYTHONPATH', '/opt/ros/humble/lib/python3.10/site-packages:/opt/ros/humble/local/lib/python3.10/dist-packages'), ('LC_NUMERIC', 'it_IT.UTF-8'), ('LC_PAPER', 'it_IT.UTF-8'), ('COLCON', '1'), ('VTE_VERSION', '6800'), ('CMAKE_PREFIX_PATH', '/home/catia/ros2_ws/install/sam_bot_description:/home/catia/ros2_ws/install/nodes:/home/catia/ros2_ws/install/navigation_:/opt/ros/humble')]), 'shell': False}
[0.031330] (sam_bot_description) StdoutLine: {'line': b'-- Found ament_cmake: 1.3.9 (/opt/ros/humble/share/ament_cmake/cmake)\n'}
[0.056402] (navigation_) StdoutLine: {'line': b'[ 20%] Built target mobile_base\n'}
[0.058869] (navigation_) StdoutLine: {'line': b'[ 40%] Built target tf_node\n'}
[0.059422] (navigation_) StdoutLine: {'line': b'[ 60%] Built target laserScan_\n'}
[0.060608] (navigation_) StdoutLine: {'line': b'[ 80%] Built target pub_occupancy_grid\n'}
[0.062294] (navigation_) StdoutLine: {'line': b'[100%] Built target ipose\n'}
[0.070885] (navigation_) CommandEnded: {'returncode': 0}
[0.097739] (navigation_) JobProgress: {'identifier': 'navigation_', 'progress': 'install'}
[0.099858] (-) TimerEvent: {}
[0.105015] (navigation_) Command: {'cmd': ['/usr/bin/cmake', '--install', '/home/catia/ros2_ws/build/navigation_'], 'cwd': '/home/catia/ros2_ws/build/navigation_', 'env': OrderedDict([('USER', 'catia'), ('LC_TIME', 'it_IT.UTF-8'), ('XDG_SESSION_TYPE', 'wayland'), ('SHLVL', '1'), ('LD_LIBRARY_PATH', '/usr/lib/x86_64-linux-gnu/gazebo-11/plugins:/opt/ros/humble/opt/rviz_ogre_vendor/lib:/opt/ros/humble/lib/x86_64-linux-gnu:/opt/ros/humble/lib'), ('HOME', '/home/catia'), ('OLDPWD', '/home/catia'), ('DESKTOP_SESSION', 'ubuntu'), ('ROS_PYTHON_VERSION', '3'), ('GNOME_SHELL_SESSION_MODE', 'ubuntu'), ('GTK_MODULES', 'gail:atk-bridge'), ('LC_MONETARY', 'it_IT.UTF-8'), ('SYSTEMD_EXEC_PID', '1683'), ('DBUS_SESSION_BUS_ADDRESS', 'unix:path=/run/user/1000/bus'), ('COLORTERM', 'truecolor'), ('IM_CONFIG_PHASE', '1'), ('WAYLAND_DISPLAY', 'wayland-0'), ('COLCON_PREFIX_PATH', '/home/catia/ros2_ws/install'), ('ROS_DISTRO', 'humble'), ('LOGNAME', 'catia'), ('_', '/usr/bin/colcon'), ('ROS_VERSION', '2'), ('XDG_SESSION_CLASS', 'user'), ('USERNAME', 'catia'), ('TERM', 'xterm-256color'), ('GNOME_DESKTOP_SESSION_ID', 'this-is-deprecated'), ('ROS_LOCALHOST_ONLY', '0'), ('PATH', '/opt/ros/humble/bin:/usr/local/sbin:/usr/local/bin:/usr/sbin:/usr/bin:/sbin:/bin:/usr/games:/usr/local/games:/snap/bin:/snap/bin'), ('SESSION_MANAGER', 'local/cat:@/tmp/.ICE-unix/1490,unix/cat:/tmp/.ICE-unix/1490'), ('XDG_MENU_PREFIX', 'gnome-'), ('LC_ADDRESS', 'it_IT.UTF-8'), ('GNOME_TERMINAL_SCREEN', '/org/gnome/Terminal/screen/a262c153_c162_4030_a3a1_714a7656a6b1'), ('GNOME_SETUP_DISPLAY', ':1'), ('XDG_RUNTIME_DIR', '/run/user/1000'), ('DISPLAY', ':0'), ('LANG', 'en_US.UTF-8'), ('XDG_CURRENT_DESKTOP', 'ubuntu:GNOME'), ('LC_TELEPHONE', 'it_IT.UTF-8'), ('XMODIFIERS', '@im=ibus'), ('XDG_SESSION_DESKTOP', 'ubuntu'), ('XAUTHORITY', '/run/user/1000/.mutter-Xwaylandauth.F8FOU2'), ('GNOME_TERMINAL_SERVICE', ':1.110'), ('SSH_AGENT_LAUNCHER', 'gnome-keyring'), ('SSH_AUTH_SOCK', '/run/user/1000/keyring/ssh'), ('AMENT_PREFIX_PATH', '/home/catia/ros2_ws/install/sam_bot_description:/home/catia/ros2_ws/install/nodes:/home/catia/ros2_ws/install/navigation_:/opt/ros/humble'), ('SHELL', '/bin/bash'), ('LC_NAME', 'it_IT.UTF-8'), ('QT_ACCESSIBILITY', '1'), ('GDMSESSION', 'ubuntu'), ('LC_MEASUREMENT', 'it_IT.UTF-8'), ('LC_IDENTIFICATION', 'it_IT.UTF-8'), ('QT_IM_MODULE', 'ibus'), ('PWD', '/home/catia/ros2_ws/build/navigation_'), ('TURTLEBOT3_MODEL', 'waffle'), ('LC_ALL', 'en_US.UTF-8'), ('XDG_CONFIG_DIRS', '/etc/xdg/xdg-ubuntu:/etc/xdg'), ('XDG_DATA_DIRS', '/usr/share/ubuntu:/usr/local/share/:/usr/share/:/var/lib/snapd/desktop'), ('PYTHONPATH', '/opt/ros/humble/lib/python3.10/site-packages:/opt/ros/humble/local/lib/python3.10/dist-packages'), ('LC_NUMERIC', 'it_IT.UTF-8'), ('LC_PAPER', 'it_IT.UTF-8'), ('COLCON', '1'), ('VTE_VERSION', '6800'), ('CMAKE_PREFIX_PATH', '/home/catia/ros2_ws/install/sam_bot_description:/home/catia/ros2_ws/install/nodes:/home/catia/ros2_ws/install/navigation_:/opt/ros/humble')]), 'shell': False}
[0.110656] (navigation_) StdoutLine: {'line': b'-- Install configuration: ""\n'}
[0.110866] (navigation_) StdoutLine: {'line': b'-- Up-to-date: /home/catia/ros2_ws/install/navigation_/lib/navigation_/pub_occupancy_grid\n'}
[0.111082] (navigation_) StdoutLine: {'line': b'-- Up-to-date: /home/catia/ros2_ws/install/navigation_/lib/navigation_/laserScan_\n'}
[0.111292] (navigation_) StdoutLine: {'line': b'-- Up-to-date: /home/catia/ros2_ws/install/navigation_/lib/navigation_/mobile_base\n'}
[0.111481] (navigation_) StdoutLine: {'line': b'-- Up-to-date: /home/catia/ros2_ws/install/navigation_/lib/navigation_/tf_node\n'}
[0.111721] (navigation_) StdoutLine: {'line': b'-- Up-to-date: /home/catia/ros2_ws/install/navigation_/lib/navigation_/ipose\n'}
[0.111818] (navigation_) StdoutLine: {'line': b'-- Up-to-date: /home/catia/ros2_ws/install/navigation_/share/navigation_/launch\n'}
[0.111894] (navigation_) StdoutLine: {'line': b'-- Up-to-date: /home/catia/ros2_ws/install/navigation_/share/navigation_/launch/nav_launch.py\n'}
[0.111976] (navigation_) StdoutLine: {'line': b'-- Up-to-date: /home/catia/ros2_ws/install/navigation_/share/navigation_/launch/mapping_launch.py\n'}
[0.112029] (navigation_) StdoutLine: {'line': b'-- Up-to-date: /home/catia/ros2_ws/install/navigation_/share/navigation_/config\n'}
[0.112078] (navigation_) StdoutLine: {'line': b'-- Up-to-date: /home/catia/ros2_ws/install/navigation_/share/navigation_/config/cappero_laser_odom_diag_2020-05-06-16-26-03.yaml\n'}
[0.112234] (navigation_) StdoutLine: {'line': b'-- Up-to-date: /home/catia/ros2_ws/install/navigation_/share/navigation_/config/prova.rviz\n'}
[0.112321] (navigation_) StdoutLine: {'line': b'-- Up-to-date: /home/catia/ros2_ws/install/navigation_/share/navigation_/config/diag.rviz\n'}
[0.112392] (navigation_) StdoutLine: {'line': b'-- Up-to-date: /home/catia/ros2_ws/install/navigation_/share/navigation_/config/diag1.rviz\n'}
[0.112442] (navigation_) StdoutLine: {'line': b'-- Up-to-date: /home/catia/ros2_ws/install/navigation_/share/navigation_/config/nav2_param.yaml\n'}
[0.112490] (navigation_) StdoutLine: {'line': b'-- Up-to-date: /home/catia/ros2_ws/install/navigation_/share/navigation_/config/cappero_laser_odom_diag_2020-05-06-16-26-03.png\n'}
[0.112539] (navigation_) StdoutLine: {'line': b'-- Up-to-date: /home/catia/ros2_ws/install/navigation_/share/navigation_/config/default.rviz\n'}
[0.112585] (navigation_) StdoutLine: {'line': b'-- Up-to-date: /home/catia/ros2_ws/install/navigation_/share/ament_index/resource_index/package_run_dependencies/navigation_\n'}
[0.112633] (navigation_) StdoutLine: {'line': b'-- Up-to-date: /home/catia/ros2_ws/install/navigation_/share/ament_index/resource_index/parent_prefix_path/navigation_\n'}
[0.112679] (navigation_) StdoutLine: {'line': b'-- Up-to-date: /home/catia/ros2_ws/install/navigation_/share/navigation_/environment/ament_prefix_path.sh\n'}
[0.112726] (navigation_) StdoutLine: {'line': b'-- Up-to-date: /home/catia/ros2_ws/install/navigation_/share/navigation_/environment/ament_prefix_path.dsv\n'}
[0.112773] (navigation_) StdoutLine: {'line': b'-- Up-to-date: /home/catia/ros2_ws/install/navigation_/share/navigation_/environment/path.sh\n'}
[0.112819] (navigation_) StdoutLine: {'line': b'-- Up-to-date: /home/catia/ros2_ws/install/navigation_/share/navigation_/environment/path.dsv\n'}
[0.112887] (navigation_) StdoutLine: {'line': b'-- Up-to-date: /home/catia/ros2_ws/install/navigation_/share/navigation_/local_setup.bash\n'}
[0.112979] (navigation_) StdoutLine: {'line': b'-- Up-to-date: /home/catia/ros2_ws/install/navigation_/share/navigation_/local_setup.sh\n'}
[0.113029] (navigation_) StdoutLine: {'line': b'-- Up-to-date: /home/catia/ros2_ws/install/navigation_/share/navigation_/local_setup.zsh\n'}
[0.113078] (navigation_) StdoutLine: {'line': b'-- Up-to-date: /home/catia/ros2_ws/install/navigation_/share/navigation_/local_setup.dsv\n'}
[0.113123] (navigation_) StdoutLine: {'line': b'-- Installing: /home/catia/ros2_ws/install/navigation_/share/navigation_/package.dsv\n'}
[0.113167] (navigation_) StdoutLine: {'line': b'-- Up-to-date: /home/catia/ros2_ws/install/navigation_/share/ament_index/resource_index/packages/navigation_\n'}
[0.113211] (navigation_) StdoutLine: {'line': b'-- Up-to-date: /home/catia/ros2_ws/install/navigation_/share/navigation_/cmake/navigation_Config.cmake\n'}
[0.113256] (navigation_) StdoutLine: {'line': b'-- Up-to-date: /home/catia/ros2_ws/install/navigation_/share/navigation_/cmake/navigation_Config-version.cmake\n'}
[0.113301] (navigation_) StdoutLine: {'line': b'-- Up-to-date: /home/catia/ros2_ws/install/navigation_/share/navigation_/package.xml\n'}
[0.114013] (navigation_) CommandEnded: {'returncode': 0}
[0.138585] (sam_bot_description) StdoutLine: {'line': b'-- Found rclcpp: 16.0.9 (/opt/ros/humble/share/rclcpp/cmake)\n'}
[0.158165] (navigation_) JobEnded: {'identifier': 'navigation_', 'rc': 0}
[0.162068] (sam_bot_description) StdoutLine: {'line': b'-- Found rosidl_generator_c: 3.1.5 (/opt/ros/humble/share/rosidl_generator_c/cmake)\n'}
[0.164008] (sam_bot_description) StdoutLine: {'line': b'-- Found rosidl_adapter: 3.1.5 (/opt/ros/humble/share/rosidl_adapter/cmake)\n'}
[0.168443] (sam_bot_description) StdoutLine: {'line': b'-- Found rosidl_generator_cpp: 3.1.5 (/opt/ros/humble/share/rosidl_generator_cpp/cmake)\n'}
[0.177176] (sam_bot_description) StdoutLine: {'line': b'-- Using all available rosidl_typesupport_c: rosidl_typesupport_fastrtps_c;rosidl_typesupport_introspection_c\n'}
[0.189048] (sam_bot_description) StdoutLine: {'line': b'-- Using all available rosidl_typesupport_cpp: rosidl_typesupport_fastrtps_cpp;rosidl_typesupport_introspection_cpp\n'}
[0.199944] (-) TimerEvent: {}
[0.232018] (sam_bot_description) StdoutLine: {'line': b'-- Found rmw_implementation_cmake: 6.1.2 (/opt/ros/humble/share/rmw_implementation_cmake/cmake)\n'}
[0.233227] (sam_bot_description) StdoutLine: {'line': b'-- Found rmw_fastrtps_cpp: 6.2.6 (/opt/ros/humble/share/rmw_fastrtps_cpp/cmake)\n'}
[0.300057] (-) TimerEvent: {}
[0.323184] (sam_bot_description) StdoutLine: {'line': b"-- Using RMW implementation 'rmw_fastrtps_cpp' as default\n"}
[0.400204] (-) TimerEvent: {}
[0.445702] (sam_bot_description) StdoutLine: {'line': b'-- Found nav_msgs: 4.2.4 (/opt/ros/humble/share/nav_msgs/cmake)\n'}
[0.500288] (-) TimerEvent: {}
[0.536415] (sam_bot_description) StdoutLine: {'line': b'-- Found sensor_msgs: 4.2.4 (/opt/ros/humble/share/sensor_msgs/cmake)\n'}
[0.597915] (sam_bot_description) StdoutLine: {'line': b'-- Found tf2: 0.25.7 (/opt/ros/humble/share/tf2/cmake)\n'}
[0.600356] (-) TimerEvent: {}
[0.603978] (sam_bot_description) StdoutLine: {'line': b'-- Found tf2_ros: 0.25.7 (/opt/ros/humble/share/tf2_ros/cmake)\n'}
[0.700462] (-) TimerEvent: {}
[0.800785] (-) TimerEvent: {}
[0.844045] (sam_bot_description) StdoutLine: {'line': b'-- Found ament_lint_auto: 0.12.11 (/opt/ros/humble/share/ament_lint_auto/cmake)\n'}
[0.893614] (sam_bot_description) StdoutLine: {'line': b"-- Added test 'cppcheck' to perform static code analysis on C / C++ code\n"}
[0.893803] (sam_bot_description) StdoutLine: {'line': b'-- Configured cppcheck include dirs: \n'}
[0.893941] (sam_bot_description) StdoutLine: {'line': b'-- Configured cppcheck exclude dirs and/or files: \n'}
[0.894070] (sam_bot_description) StdoutLine: {'line': b"-- Added test 'flake8' to check Python code syntax and style conventions\n"}
[0.894418] (sam_bot_description) StdoutLine: {'line': b"-- Added test 'lint_cmake' to check CMake code style\n"}
[0.894760] (sam_bot_description) StdoutLine: {'line': b"-- Added test 'pep257' to check Python code against some of the docstring style conventions in PEP 257\n"}
[0.895433] (sam_bot_description) StdoutLine: {'line': b"-- Added test 'uncrustify' to check C / C++ code style\n"}
[0.895568] (sam_bot_description) StdoutLine: {'line': b'-- Configured uncrustify additional arguments: \n'}
[0.895821] (sam_bot_description) StdoutLine: {'line': b"-- Added test 'xmllint' to check XML markup files\n"}
[0.896524] (sam_bot_description) StdoutLine: {'line': b'-- Configuring done\n'}
[0.900865] (-) TimerEvent: {}
[0.904899] (sam_bot_description) StdoutLine: {'line': b'-- Generating done\n'}
[0.939461] (sam_bot_description) StdoutLine: {'line': b'-- Build files have been written to: /home/catia/ros2_ws/build/sam_bot_description\n'}
[0.985364] (sam_bot_description) StdoutLine: {'line': b'[ 50%] \x1b[32mBuilding CXX object CMakeFiles/odom_base.dir/src/description/odom_base.cpp.o\x1b[0m\n'}
[1.001010] (-) TimerEvent: {}
[1.101363] (-) TimerEvent: {}
[1.201925] (-) TimerEvent: {}
[1.302469] (-) TimerEvent: {}
[1.402923] (-) TimerEvent: {}
[1.503367] (-) TimerEvent: {}
[1.603793] (-) TimerEvent: {}
[1.704325] (-) TimerEvent: {}
[1.804903] (-) TimerEvent: {}
[1.905403] (-) TimerEvent: {}
[2.005986] (-) TimerEvent: {}
[2.106505] (-) TimerEvent: {}
[2.207012] (-) TimerEvent: {}
[2.307494] (-) TimerEvent: {}
[2.408076] (-) TimerEvent: {}
[2.508607] (-) TimerEvent: {}
[2.609159] (-) TimerEvent: {}
[2.709692] (-) TimerEvent: {}
[2.810210] (-) TimerEvent: {}
[2.910733] (-) TimerEvent: {}
[3.011235] (-) TimerEvent: {}
[3.111872] (-) TimerEvent: {}
[3.212442] (-) TimerEvent: {}
[3.312940] (-) TimerEvent: {}
[3.413496] (-) TimerEvent: {}
[3.513979] (-) TimerEvent: {}
[3.614695] (-) TimerEvent: {}
[3.715189] (-) TimerEvent: {}
[3.815679] (-) TimerEvent: {}
[3.916253] (-) TimerEvent: {}
[4.016777] (-) TimerEvent: {}
[4.117269] (-) TimerEvent: {}
[4.217783] (-) TimerEvent: {}
[4.318359] (-) TimerEvent: {}
[4.418910] (-) TimerEvent: {}
[4.519510] (-) TimerEvent: {}
[4.620014] (-) TimerEvent: {}
[4.720457] (-) TimerEvent: {}
[4.820814] (-) TimerEvent: {}
[4.921115] (-) TimerEvent: {}
[5.021459] (-) TimerEvent: {}
[5.121808] (-) TimerEvent: {}
[5.222189] (-) TimerEvent: {}
[5.322514] (-) TimerEvent: {}
[5.422905] (-) TimerEvent: {}
[5.523194] (-) TimerEvent: {}
[5.623571] (-) TimerEvent: {}
[5.723852] (-) TimerEvent: {}
[5.824325] (-) TimerEvent: {}
[5.924669] (-) TimerEvent: {}
[6.024974] (-) TimerEvent: {}
[6.125277] (-) TimerEvent: {}
[6.225564] (-) TimerEvent: {}
[6.325830] (-) TimerEvent: {}
[6.426178] (-) TimerEvent: {}
[6.526493] (-) TimerEvent: {}
[6.626831] (-) TimerEvent: {}
[6.727182] (-) TimerEvent: {}
[6.827586] (-) TimerEvent: {}
[6.927922] (-) TimerEvent: {}
[7.028234] (-) TimerEvent: {}
[7.128489] (-) TimerEvent: {}
[7.228818] (-) TimerEvent: {}
[7.329116] (-) TimerEvent: {}
[7.429392] (-) TimerEvent: {}
[7.529688] (-) TimerEvent: {}
[7.630018] (-) TimerEvent: {}
[7.730345] (-) TimerEvent: {}
[7.830681] (-) TimerEvent: {}
[7.931017] (-) TimerEvent: {}
[8.031346] (-) TimerEvent: {}
[8.131682] (-) TimerEvent: {}
[8.232017] (-) TimerEvent: {}
[8.291512] (sam_bot_description) StdoutLine: {'line': b'[100%] \x1b[32m\x1b[1mLinking CXX executable odom_base\x1b[0m\n'}
[8.332131] (-) TimerEvent: {}
[8.432546] (-) TimerEvent: {}
[8.476573] (sam_bot_description) StdoutLine: {'line': b'[100%] Built target odom_base\n'}
[8.485647] (sam_bot_description) CommandEnded: {'returncode': 0}
[8.506954] (sam_bot_description) JobProgress: {'identifier': 'sam_bot_description', 'progress': 'install'}
[8.507573] (sam_bot_description) Command: {'cmd': ['/usr/bin/cmake', '--install', '/home/catia/ros2_ws/build/sam_bot_description'], 'cwd': '/home/catia/ros2_ws/build/sam_bot_description', 'env': OrderedDict([('USER', 'catia'), ('LC_TIME', 'it_IT.UTF-8'), ('XDG_SESSION_TYPE', 'wayland'), ('SHLVL', '1'), ('LD_LIBRARY_PATH', '/usr/lib/x86_64-linux-gnu/gazebo-11/plugins:/opt/ros/humble/opt/rviz_ogre_vendor/lib:/opt/ros/humble/lib/x86_64-linux-gnu:/opt/ros/humble/lib'), ('HOME', '/home/catia'), ('OLDPWD', '/home/catia'), ('DESKTOP_SESSION', 'ubuntu'), ('ROS_PYTHON_VERSION', '3'), ('GNOME_SHELL_SESSION_MODE', 'ubuntu'), ('GTK_MODULES', 'gail:atk-bridge'), ('LC_MONETARY', 'it_IT.UTF-8'), ('SYSTEMD_EXEC_PID', '1683'), ('DBUS_SESSION_BUS_ADDRESS', 'unix:path=/run/user/1000/bus'), ('COLORTERM', 'truecolor'), ('IM_CONFIG_PHASE', '1'), ('WAYLAND_DISPLAY', 'wayland-0'), ('COLCON_PREFIX_PATH', '/home/catia/ros2_ws/install'), ('ROS_DISTRO', 'humble'), ('LOGNAME', 'catia'), ('_', '/usr/bin/colcon'), ('ROS_VERSION', '2'), ('XDG_SESSION_CLASS', 'user'), ('USERNAME', 'catia'), ('TERM', 'xterm-256color'), ('GNOME_DESKTOP_SESSION_ID', 'this-is-deprecated'), ('ROS_LOCALHOST_ONLY', '0'), ('PATH', '/opt/ros/humble/bin:/usr/local/sbin:/usr/local/bin:/usr/sbin:/usr/bin:/sbin:/bin:/usr/games:/usr/local/games:/snap/bin:/snap/bin'), ('SESSION_MANAGER', 'local/cat:@/tmp/.ICE-unix/1490,unix/cat:/tmp/.ICE-unix/1490'), ('XDG_MENU_PREFIX', 'gnome-'), ('LC_ADDRESS', 'it_IT.UTF-8'), ('GNOME_TERMINAL_SCREEN', '/org/gnome/Terminal/screen/a262c153_c162_4030_a3a1_714a7656a6b1'), ('GNOME_SETUP_DISPLAY', ':1'), ('XDG_RUNTIME_DIR', '/run/user/1000'), ('DISPLAY', ':0'), ('LANG', 'en_US.UTF-8'), ('XDG_CURRENT_DESKTOP', 'ubuntu:GNOME'), ('LC_TELEPHONE', 'it_IT.UTF-8'), ('XMODIFIERS', '@im=ibus'), ('XDG_SESSION_DESKTOP', 'ubuntu'), ('XAUTHORITY', '/run/user/1000/.mutter-Xwaylandauth.F8FOU2'), ('GNOME_TERMINAL_SERVICE', ':1.110'), ('SSH_AGENT_LAUNCHER', 'gnome-keyring'), ('SSH_AUTH_SOCK', '/run/user/1000/keyring/ssh'), ('AMENT_PREFIX_PATH', '/home/catia/ros2_ws/install/sam_bot_description:/home/catia/ros2_ws/install/nodes:/home/catia/ros2_ws/install/navigation_:/opt/ros/humble'), ('SHELL', '/bin/bash'), ('LC_NAME', 'it_IT.UTF-8'), ('QT_ACCESSIBILITY', '1'), ('GDMSESSION', 'ubuntu'), ('LC_MEASUREMENT', 'it_IT.UTF-8'), ('LC_IDENTIFICATION', 'it_IT.UTF-8'), ('QT_IM_MODULE', 'ibus'), ('PWD', '/home/catia/ros2_ws/build/sam_bot_description'), ('TURTLEBOT3_MODEL', 'waffle'), ('LC_ALL', 'en_US.UTF-8'), ('XDG_CONFIG_DIRS', '/etc/xdg/xdg-ubuntu:/etc/xdg'), ('XDG_DATA_DIRS', '/usr/share/ubuntu:/usr/local/share/:/usr/share/:/var/lib/snapd/desktop'), ('PYTHONPATH', '/opt/ros/humble/lib/python3.10/site-packages:/opt/ros/humble/local/lib/python3.10/dist-packages'), ('LC_NUMERIC', 'it_IT.UTF-8'), ('LC_PAPER', 'it_IT.UTF-8'), ('COLCON', '1'), ('VTE_VERSION', '6800'), ('CMAKE_PREFIX_PATH', '/home/catia/ros2_ws/install/sam_bot_description:/home/catia/ros2_ws/install/nodes:/home/catia/ros2_ws/install/navigation_:/opt/ros/humble')]), 'shell': False}
[8.518812] (sam_bot_description) StdoutLine: {'line': b'-- Install configuration: ""\n'}
[8.518990] (sam_bot_description) StdoutLine: {'line': b'-- Installing: /home/catia/ros2_ws/install/sam_bot_description/lib/sam_bot_description/odom_base\n'}
[8.520364] (sam_bot_description) StdoutLine: {'line': b'-- Set runtime path of "/home/catia/ros2_ws/install/sam_bot_description/lib/sam_bot_description/odom_base" to ""\n'}
[8.520494] (sam_bot_description) StdoutLine: {'line': b'-- Up-to-date: /home/catia/ros2_ws/install/sam_bot_description/share/sam_bot_description/src\n'}
[8.520679] (sam_bot_description) StdoutLine: {'line': b'-- Up-to-date: /home/catia/ros2_ws/install/sam_bot_description/share/sam_bot_description/src/description\n'}
[8.520797] (sam_bot_description) StdoutLine: {'line': b'-- Up-to-date: /home/catia/ros2_ws/install/sam_bot_description/share/sam_bot_description/src/description/sam_bot_description.urdf\n'}
[8.520854] (sam_bot_description) StdoutLine: {'line': b'-- Installing: /home/catia/ros2_ws/install/sam_bot_description/share/sam_bot_description/src/description/odom_base.cpp\n'}
[8.520908] (sam_bot_description) StdoutLine: {'line': b'-- Up-to-date: /home/catia/ros2_ws/install/sam_bot_description/share/sam_bot_description/launch\n'}
[8.520961] (sam_bot_description) StdoutLine: {'line': b'-- Up-to-date: /home/catia/ros2_ws/install/sam_bot_description/share/sam_bot_description/launch/display.launch.py\n'}
[8.521012] (sam_bot_description) StdoutLine: {'line': b'-- Up-to-date: /home/catia/ros2_ws/install/sam_bot_description/share/sam_bot_description/rviz\n'}
[8.521064] (sam_bot_description) StdoutLine: {'line': b'-- Up-to-date: /home/catia/ros2_ws/install/sam_bot_description/share/sam_bot_description/rviz/urdf_config.rviz\n'}
[8.521210] (sam_bot_description) StdoutLine: {'line': b'-- Up-to-date: /home/catia/ros2_ws/install/sam_bot_description/share/ament_index/resource_index/package_run_dependencies/sam_bot_description\n'}
[8.521314] (sam_bot_description) StdoutLine: {'line': b'-- Up-to-date: /home/catia/ros2_ws/install/sam_bot_description/share/ament_index/resource_index/parent_prefix_path/sam_bot_description\n'}
[8.521371] (sam_bot_description) StdoutLine: {'line': b'-- Up-to-date: /home/catia/ros2_ws/install/sam_bot_description/share/sam_bot_description/environment/ament_prefix_path.sh\n'}
[8.521422] (sam_bot_description) StdoutLine: {'line': b'-- Installing: /home/catia/ros2_ws/install/sam_bot_description/share/sam_bot_description/environment/ament_prefix_path.dsv\n'}
[8.521472] (sam_bot_description) StdoutLine: {'line': b'-- Up-to-date: /home/catia/ros2_ws/install/sam_bot_description/share/sam_bot_description/environment/path.sh\n'}
[8.521521] (sam_bot_description) StdoutLine: {'line': b'-- Installing: /home/catia/ros2_ws/install/sam_bot_description/share/sam_bot_description/environment/path.dsv\n'}
[8.521569] (sam_bot_description) StdoutLine: {'line': b'-- Up-to-date: /home/catia/ros2_ws/install/sam_bot_description/share/sam_bot_description/local_setup.bash\n'}
[8.521617] (sam_bot_description) StdoutLine: {'line': b'-- Up-to-date: /home/catia/ros2_ws/install/sam_bot_description/share/sam_bot_description/local_setup.sh\n'}
[8.521665] (sam_bot_description) StdoutLine: {'line': b'-- Up-to-date: /home/catia/ros2_ws/install/sam_bot_description/share/sam_bot_description/local_setup.zsh\n'}
[8.521727] (sam_bot_description) StdoutLine: {'line': b'-- Installing: /home/catia/ros2_ws/install/sam_bot_description/share/sam_bot_description/local_setup.dsv\n'}
[8.521775] (sam_bot_description) StdoutLine: {'line': b'-- Installing: /home/catia/ros2_ws/install/sam_bot_description/share/sam_bot_description/package.dsv\n'}
[8.521824] (sam_bot_description) StdoutLine: {'line': b'-- Up-to-date: /home/catia/ros2_ws/install/sam_bot_description/share/ament_index/resource_index/packages/sam_bot_description\n'}
[8.521872] (sam_bot_description) StdoutLine: {'line': b'-- Up-to-date: /home/catia/ros2_ws/install/sam_bot_description/share/sam_bot_description/cmake/sam_bot_descriptionConfig.cmake\n'}
[8.521926] (sam_bot_description) StdoutLine: {'line': b'-- Up-to-date: /home/catia/ros2_ws/install/sam_bot_description/share/sam_bot_description/cmake/sam_bot_descriptionConfig-version.cmake\n'}
[8.521975] (sam_bot_description) StdoutLine: {'line': b'-- Up-to-date: /home/catia/ros2_ws/install/sam_bot_description/share/sam_bot_description/package.xml\n'}
[8.523326] (sam_bot_description) CommandEnded: {'returncode': 0}
[8.532649] (-) TimerEvent: {}
[8.554436] (sam_bot_description) JobEnded: {'identifier': 'sam_bot_description', 'rc': 0}
[8.555064] (-) EventReactorShutdown: {}
