[35m[1mConsolidate compiler generated dependencies of target tf_node[0m
[35m[1mConsolidate compiler generated dependencies of target laserScan_[0m
[35m[1mConsolidate compiler generated dependencies of target pub_occupancy_grid[0m
[35m[1mConsolidate compiler generated dependencies of target mobile_base[0m
[ 25%] Built target laserScan_
[ 37%] [32mBuilding CXX object CMakeFiles/mobile_base.dir/src/mobile_base.cpp.o[0m
[ 62%] Built target pub_occupancy_grid
[ 87%] Built target tf_node
[100%] [32m[1mLinking CXX executable mobile_base[0m
[100%] Built target mobile_base
-- Install configuration: ""
-- Installing: /home/catia/ros2_ws/install/navigation_/lib/navigation_/pub_occupancy_grid
-- Set runtime path of "/home/catia/ros2_ws/install/navigation_/lib/navigation_/pub_occupancy_grid" to ""
-- Installing: /home/catia/ros2_ws/install/navigation_/lib/navigation_/laserScan_
-- Set runtime path of "/home/catia/ros2_ws/install/navigation_/lib/navigation_/laserScan_" to ""
-- Installing: /home/catia/ros2_ws/install/navigation_/lib/navigation_/mobile_base
-- Set runtime path of "/home/catia/ros2_ws/install/navigation_/lib/navigation_/mobile_base" to ""
-- Installing: /home/catia/ros2_ws/install/navigation_/lib/navigation_/tf_node
-- Set runtime path of "/home/catia/ros2_ws/install/navigation_/lib/navigation_/tf_node" to ""
-- Up-to-date: /home/catia/ros2_ws/install/navigation_/share/ament_index/resource_index/package_run_dependencies/navigation_
-- Up-to-date: /home/catia/ros2_ws/install/navigation_/share/ament_index/resource_index/parent_prefix_path/navigation_
-- Up-to-date: /home/catia/ros2_ws/install/navigation_/share/navigation_/environment/ament_prefix_path.sh
-- Installing: /home/catia/ros2_ws/install/navigation_/share/navigation_/environment/ament_prefix_path.dsv
-- Up-to-date: /home/catia/ros2_ws/install/navigation_/share/navigation_/environment/path.sh
-- Installing: /home/catia/ros2_ws/install/navigation_/share/navigation_/environment/path.dsv
-- Up-to-date: /home/catia/ros2_ws/install/navigation_/share/navigation_/local_setup.bash
-- Up-to-date: /home/catia/ros2_ws/install/navigation_/share/navigation_/local_setup.sh
-- Up-to-date: /home/catia/ros2_ws/install/navigation_/share/navigation_/local_setup.zsh
-- Installing: /home/catia/ros2_ws/install/navigation_/share/navigation_/local_setup.dsv
-- Installing: /home/catia/ros2_ws/install/navigation_/share/navigation_/package.dsv
-- Up-to-date: /home/catia/ros2_ws/install/navigation_/share/ament_index/resource_index/packages/navigation_
-- Up-to-date: /home/catia/ros2_ws/install/navigation_/share/navigation_/cmake/navigation_Config.cmake
-- Up-to-date: /home/catia/ros2_ws/install/navigation_/share/navigation_/cmake/navigation_Config-version.cmake
-- Up-to-date: /home/catia/ros2_ws/install/navigation_/share/navigation_/package.xml
