[0.000000] (-) TimerEvent: {}
[0.000236] (navigation_) JobQueued: {'identifier': 'navigation_', 'dependencies': OrderedDict()}
[0.000291] (navigation_) JobStarted: {'identifier': 'navigation_'}
[0.006375] (navigation_) JobProgress: {'identifier': 'navigation_', 'progress': 'cmake'}
[0.007541] (navigation_) JobProgress: {'identifier': 'navigation_', 'progress': 'build'}
[0.007586] (navigation_) Command: {'cmd': ['/usr/bin/cmake', '--build', '/home/catia/ros2_ws/build/navigation_', '--', '-j8', '-l8'], 'cwd': '/home/catia/ros2_ws/build/navigation_', 'env': OrderedDict([('USER', 'catia'), ('LC_TIME', 'it_IT.UTF-8'), ('XDG_SESSION_TYPE', 'wayland'), ('SHLVL', '1'), ('LD_LIBRARY_PATH', '/usr/lib/x86_64-linux-gnu/gazebo-11/plugins:/opt/ros/humble/opt/rviz_ogre_vendor/lib:/opt/ros/humble/lib/x86_64-linux-gnu:/opt/ros/humble/lib'), ('HOME', '/home/catia'), ('OLDPWD', '/home/catia'), ('DESKTOP_SESSION', 'ubuntu'), ('ROS_PYTHON_VERSION', '3'), ('GNOME_SHELL_SESSION_MODE', 'ubuntu'), ('GTK_MODULES', 'gail:atk-bridge'), ('LC_MONETARY', 'it_IT.UTF-8'), ('SYSTEMD_EXEC_PID', '1685'), ('DBUS_SESSION_BUS_ADDRESS', 'unix:path=/run/user/1000/bus'), ('COLORTERM', 'truecolor'), ('IM_CONFIG_PHASE', '1'), ('WAYLAND_DISPLAY', 'wayland-0'), ('COLCON_PREFIX_PATH', '/home/catia/ros2_ws/install'), ('ROS_DISTRO', 'humble'), ('LOGNAME', 'catia'), ('_', '/usr/bin/colcon'), ('ROS_VERSION', '2'), ('XDG_SESSION_CLASS', 'user'), ('USERNAME', 'catia'), ('TERM', 'xterm-256color'), ('GNOME_DESKTOP_SESSION_ID', 'this-is-deprecated'), ('ROS_LOCALHOST_ONLY', '0'), ('PATH', '/opt/ros/humble/bin:/usr/local/sbin:/usr/local/bin:/usr/sbin:/usr/bin:/sbin:/bin:/usr/games:/usr/local/games:/snap/bin:/snap/bin'), ('SESSION_MANAGER', 'local/cat:@/tmp/.ICE-unix/1492,unix/cat:/tmp/.ICE-unix/1492'), ('XDG_MENU_PREFIX', 'gnome-'), ('LC_ADDRESS', 'it_IT.UTF-8'), ('GNOME_TERMINAL_SCREEN', '/org/gnome/Terminal/screen/3270a6b2_789e_4346_8cf3_bb7ccc41eb89'), ('GNOME_SETUP_DISPLAY', ':1'), ('XDG_RUNTIME_DIR', '/run/user/1000'), ('DISPLAY', ':0'), ('LANG', 'en_US.UTF-8'), ('XDG_CURRENT_DESKTOP', 'ubuntu:GNOME'), ('LC_TELEPHONE', 'it_IT.UTF-8'), ('XMODIFIERS', '@im=ibus'), ('XDG_SESSION_DESKTOP', 'ubuntu'), ('XAUTHORITY', '/run/user/1000/.mutter-Xwaylandauth.BMHYT2'), ('GNOME_TERMINAL_SERVICE', ':1.126'), ('SSH_AGENT_LAUNCHER', 'gnome-keyring'), ('SSH_AUTH_SOCK', '/run/user/1000/keyring/ssh'), ('AMENT_PREFIX_PATH', '/home/catia/ros2_ws/install/nodes:/home/catia/ros2_ws/install/navigation_:/opt/ros/humble'), ('SHELL', '/bin/bash'), ('LC_NAME', 'it_IT.UTF-8'), ('QT_ACCESSIBILITY', '1'), ('GDMSESSION', 'ubuntu'), ('LC_MEASUREMENT', 'it_IT.UTF-8'), ('LC_IDENTIFICATION', 'it_IT.UTF-8'), ('QT_IM_MODULE', 'ibus'), ('PWD', '/home/catia/ros2_ws/build/navigation_'), ('TURTLEBOT3_MODEL', 'waffle'), ('LC_ALL', 'en_US.UTF-8'), ('XDG_CONFIG_DIRS', '/etc/xdg/xdg-ubuntu:/etc/xdg'), ('XDG_DATA_DIRS', '/usr/share/ubuntu:/usr/local/share/:/usr/share/:/var/lib/snapd/desktop'), ('PYTHONPATH', '/opt/ros/humble/lib/python3.10/site-packages:/opt/ros/humble/local/lib/python3.10/dist-packages'), ('LC_NUMERIC', 'it_IT.UTF-8'), ('LC_PAPER', 'it_IT.UTF-8'), ('COLCON', '1'), ('VTE_VERSION', '6800'), ('CMAKE_PREFIX_PATH', '/home/catia/ros2_ws/install/nodes:/home/catia/ros2_ws/install/navigation_:/opt/ros/humble')]), 'shell': False}
[0.045362] (navigation_) StdoutLine: {'line': b'\x1b[35m\x1b[1mConsolidate compiler generated dependencies of target mobile_base\x1b[0m\n'}
[0.055240] (navigation_) StdoutLine: {'line': b'[ 37%] \x1b[32mBuilding CXX object CMakeFiles/tf_node.dir/src/tf_node.cpp.o\x1b[0m\n'}
[0.055465] (navigation_) StdoutLine: {'line': b'[ 37%] Built target laserScan_\n'}
[0.056133] (navigation_) StdoutLine: {'line': b'[ 62%] Built target pub_occupancy_grid\n'}
[0.059995] (navigation_) StdoutLine: {'line': b'[ 87%] Built target mobile_base\n'}
[0.099079] (-) TimerEvent: {}
[0.199424] (-) TimerEvent: {}
[0.223318] (navigation_) StderrLine: {'line': b'\x1b[01m\x1b[K/home/catia/ros2_ws/src/navigation_/src/tf_node.cpp:16:9:\x1b[m\x1b[K \x1b[01;35m\x1b[Kwarning: \x1b[m\x1b[Kmissing terminating " character\n'}
[0.223497] (navigation_) StderrLine: {'line': b'   16 |         \x1b[01;35m\x1b[K"\x1b[m\x1b[Kbase_subscriber_ = this->create_subscription<nav_msgs::msg::Odometry>(\n'}
[0.223560] (navigation_) StderrLine: {'line': b'      |         \x1b[01;35m\x1b[K^\x1b[m\x1b[K\n'}
[0.223612] (navigation_) StderrLine: {'line': b'\x1b[01m\x1b[K/home/catia/ros2_ws/src/navigation_/src/tf_node.cpp:16:9:\x1b[m\x1b[K \x1b[01;31m\x1b[Kerror: \x1b[m\x1b[Kmissing terminating " character\n'}
[0.223664] (navigation_) StderrLine: {'line': b'   16 |         \x1b[01;31m\x1b[K"base_subscriber_ = this->create_subscription<nav_msgs::msg::Odometry>(\x1b[m\x1b[K\n'}
[0.223713] (navigation_) StderrLine: {'line': b'      |         \x1b[01;31m\x1b[K^~~~~~~~~~~~~~~~~~~~~~~~~~~~~~~~~~~~~~~~~~~~~~~~~~~~~~~~~~~~~~~~~~~~~~~\x1b[m\x1b[K\n'}
[0.223766] (navigation_) StderrLine: {'line': b'\x1b[01m\x1b[K/home/catia/ros2_ws/src/navigation_/src/tf_node.cpp:17:112:\x1b[m\x1b[K \x1b[01;35m\x1b[Kwarning: \x1b[m\x1b[Kmissing terminating " character\n'}
[0.223811] (navigation_) StderrLine: {'line': b'   17 |             "/base_pub", 10, std::bind(&TransformBroadcasterNode::base_callback, this, std::placeholders::_1));\x1b[01;35m\x1b[K"\x1b[m\x1b[K\n'}
[0.223854] (navigation_) StderrLine: {'line': b'      |                                                                                                                \x1b[01;35m\x1b[K^\x1b[m\x1b[K\n'}
[0.223897] (navigation_) StderrLine: {'line': b'\x1b[01m\x1b[K/home/catia/ros2_ws/src/navigation_/src/tf_node.cpp:17:112:\x1b[m\x1b[K \x1b[01;31m\x1b[Kerror: \x1b[m\x1b[Kmissing terminating " character\n'}
[0.223943] (navigation_) StderrLine: {'line': b'\x1b[01m\x1b[K/home/catia/ros2_ws/src/navigation_/src/tf_node.cpp:42:5:\x1b[m\x1b[K \x1b[01;35m\x1b[Kwarning: \x1b[m\x1b[Kmissing terminating " character\n'}
[0.223987] (navigation_) StderrLine: {'line': b'   42 |     \x1b[01;35m\x1b[K"\x1b[m\x1b[Kvoid base_callback(const nav_msgs::msg::Odometry::SharedPtr msg) {\n'}
[0.224048] (navigation_) StderrLine: {'line': b'      |     \x1b[01;35m\x1b[K^\x1b[m\x1b[K\n'}
[0.224116] (navigation_) StderrLine: {'line': b'\x1b[01m\x1b[K/home/catia/ros2_ws/src/navigation_/src/tf_node.cpp:42:5:\x1b[m\x1b[K \x1b[01;31m\x1b[Kerror: \x1b[m\x1b[Kmissing terminating " character\n'}
[0.224188] (navigation_) StderrLine: {'line': b'   42 |     \x1b[01;31m\x1b[K"void base_callback(const nav_msgs::msg::Odometry::SharedPtr msg) {\x1b[m\x1b[K\n'}
[0.224260] (navigation_) StderrLine: {'line': b'      |     \x1b[01;31m\x1b[K^~~~~~~~~~~~~~~~~~~~~~~~~~~~~~~~~~~~~~~~~~~~~~~~~~~~~~~~~~~~~~~~~~~\x1b[m\x1b[K\n'}
[0.224332] (navigation_) StderrLine: {'line': b'\x1b[01m\x1b[K/home/catia/ros2_ws/src/navigation_/src/tf_node.cpp:62:6:\x1b[m\x1b[K \x1b[01;35m\x1b[Kwarning: \x1b[m\x1b[Kmissing terminating " character\n'}
[0.224381] (navigation_) StderrLine: {'line': b'   62 |     }\x1b[01;35m\x1b[K"\x1b[m\x1b[K\n'}
[0.224426] (navigation_) StderrLine: {'line': b'      |      \x1b[01;35m\x1b[K^\x1b[m\x1b[K\n'}
[0.224470] (navigation_) StderrLine: {'line': b'\x1b[01m\x1b[K/home/catia/ros2_ws/src/navigation_/src/tf_node.cpp:62:6:\x1b[m\x1b[K \x1b[01;31m\x1b[Kerror: \x1b[m\x1b[Kmissing terminating " character\n'}
[0.299574] (-) TimerEvent: {}
[0.399862] (-) TimerEvent: {}
[0.500161] (-) TimerEvent: {}
[0.600464] (-) TimerEvent: {}
[0.700831] (-) TimerEvent: {}
[0.801115] (-) TimerEvent: {}
[0.901405] (-) TimerEvent: {}
[1.001762] (-) TimerEvent: {}
[1.102099] (-) TimerEvent: {}
[1.202397] (-) TimerEvent: {}
[1.302692] (-) TimerEvent: {}
[1.402992] (-) TimerEvent: {}
[1.503237] (-) TimerEvent: {}
[1.603582] (-) TimerEvent: {}
[1.704035] (-) TimerEvent: {}
[1.804372] (-) TimerEvent: {}
[1.823443] (navigation_) StderrLine: {'line': b'\x1b[01m\x1b[K/home/catia/ros2_ws/src/navigation_/src/tf_node.cpp:43:10:\x1b[m\x1b[K \x1b[01;31m\x1b[Kerror: \x1b[m\x1b[Kexpected unqualified-id before \xe2\x80\x98\x1b[01m\x1b[Kvoid\x1b[m\x1b[K\xe2\x80\x99\n'}
[1.823583] (navigation_) StderrLine: {'line': b'   43 |         (\x1b[01;31m\x1b[Kvoid\x1b[m\x1b[K)msg;\n'}
[1.823633] (navigation_) StderrLine: {'line': b'      |          \x1b[01;31m\x1b[K^~~~\x1b[m\x1b[K\n'}
[1.823687] (navigation_) StderrLine: {'line': b'\x1b[01m\x1b[K/home/catia/ros2_ws/src/navigation_/src/tf_node.cpp:43:10:\x1b[m\x1b[K \x1b[01;31m\x1b[Kerror: \x1b[m\x1b[Kexpected \xe2\x80\x98\x1b[01m\x1b[K)\x1b[m\x1b[K\xe2\x80\x99 before \xe2\x80\x98\x1b[01m\x1b[Kvoid\x1b[m\x1b[K\xe2\x80\x99\n'}
[1.823730] (navigation_) StderrLine: {'line': b'   43 |         \x1b[34m\x1b[K(\x1b[m\x1b[K\x1b[01;31m\x1b[Kv\x1b[m\x1b[K\x1b[32m\x1b[Koid\x1b[m\x1b[K)msg;\n'}
[1.823772] (navigation_) StderrLine: {'line': b'      |         \x1b[34m\x1b[K~\x1b[m\x1b[K\x1b[01;31m\x1b[K^\x1b[m\x1b[K\x1b[32m\x1b[K~~~\x1b[m\x1b[K\n'}
[1.823812] (navigation_) StderrLine: {'line': b'      |          \x1b[32m\x1b[K)\x1b[m\x1b[K\n'}
[1.826450] (navigation_) StderrLine: {'line': b'\x1b[01m\x1b[K/home/catia/ros2_ws/src/navigation_/src/tf_node.cpp:45:9:\x1b[m\x1b[K \x1b[01;31m\x1b[Kerror: \x1b[m\x1b[K\xe2\x80\x98\x1b[01m\x1b[Kbase_to_laser\x1b[m\x1b[K\xe2\x80\x99 does not name a type\n'}
[1.826543] (navigation_) StderrLine: {'line': b'   45 |         \x1b[01;31m\x1b[Kbase_to_laser\x1b[m\x1b[K.header.stamp = this->get_clock()->now();\n'}
[1.826594] (navigation_) StderrLine: {'line': b'      |         \x1b[01;31m\x1b[K^~~~~~~~~~~~~\x1b[m\x1b[K\n'}
[1.828510] (navigation_) StderrLine: {'line': b'\x1b[01m\x1b[K/home/catia/ros2_ws/src/navigation_/src/tf_node.cpp:46:9:\x1b[m\x1b[K \x1b[01;31m\x1b[Kerror: \x1b[m\x1b[K\xe2\x80\x98\x1b[01m\x1b[Kbase_to_laser\x1b[m\x1b[K\xe2\x80\x99 does not name a type\n'}
[1.828589] (navigation_) StderrLine: {'line': b'   46 |         \x1b[01;31m\x1b[Kbase_to_laser\x1b[m\x1b[K.header.frame_id = "base_link";\n'}
[1.828635] (navigation_) StderrLine: {'line': b'      |         \x1b[01;31m\x1b[K^~~~~~~~~~~~~\x1b[m\x1b[K\n'}
[1.830743] (navigation_) StderrLine: {'line': b'\x1b[01m\x1b[K/home/catia/ros2_ws/src/navigation_/src/tf_node.cpp:47:9:\x1b[m\x1b[K \x1b[01;31m\x1b[Kerror: \x1b[m\x1b[K\xe2\x80\x98\x1b[01m\x1b[Kbase_to_laser\x1b[m\x1b[K\xe2\x80\x99 does not name a type\n'}
[1.830905] (navigation_) StderrLine: {'line': b'   47 |         \x1b[01;31m\x1b[Kbase_to_laser\x1b[m\x1b[K.child_frame_id = "Laser_frame";\n'}
[1.830970] (navigation_) StderrLine: {'line': b'      |         \x1b[01;31m\x1b[K^~~~~~~~~~~~~\x1b[m\x1b[K\n'}
[1.833565] (navigation_) StderrLine: {'line': b'\x1b[01m\x1b[K/home/catia/ros2_ws/src/navigation_/src/tf_node.cpp:50:9:\x1b[m\x1b[K \x1b[01;31m\x1b[Kerror: \x1b[m\x1b[K\xe2\x80\x98\x1b[01m\x1b[Kbase_to_laser\x1b[m\x1b[K\xe2\x80\x99 does not name a type\n'}
[1.833747] (navigation_) StderrLine: {'line': b'   50 |         \x1b[01;31m\x1b[Kbase_to_laser\x1b[m\x1b[K.transform.translation.x = 0.2;  // o un valore derivato dai dati di odometria\n'}
[1.833798] (navigation_) StderrLine: {'line': b'      |         \x1b[01;31m\x1b[K^~~~~~~~~~~~~\x1b[m\x1b[K\n'}
[1.835767] (navigation_) StderrLine: {'line': b'\x1b[01m\x1b[K/home/catia/ros2_ws/src/navigation_/src/tf_node.cpp:51:9:\x1b[m\x1b[K \x1b[01;31m\x1b[Kerror: \x1b[m\x1b[K\xe2\x80\x98\x1b[01m\x1b[Kbase_to_laser\x1b[m\x1b[K\xe2\x80\x99 does not name a type\n'}
[1.835866] (navigation_) StderrLine: {'line': b'   51 |         \x1b[01;31m\x1b[Kbase_to_laser\x1b[m\x1b[K.transform.translation.y = 0.0;\n'}
[1.835914] (navigation_) StderrLine: {'line': b'      |         \x1b[01;31m\x1b[K^~~~~~~~~~~~~\x1b[m\x1b[K\n'}
[1.837939] (navigation_) StderrLine: {'line': b'\x1b[01m\x1b[K/home/catia/ros2_ws/src/navigation_/src/tf_node.cpp:52:9:\x1b[m\x1b[K \x1b[01;31m\x1b[Kerror: \x1b[m\x1b[K\xe2\x80\x98\x1b[01m\x1b[Kbase_to_laser\x1b[m\x1b[K\xe2\x80\x99 does not name a type\n'}
[1.838061] (navigation_) StderrLine: {'line': b'   52 |         \x1b[01;31m\x1b[Kbase_to_laser\x1b[m\x1b[K.transform.translation.z = 0.1;\n'}
[1.838120] (navigation_) StderrLine: {'line': b'      |         \x1b[01;31m\x1b[K^~~~~~~~~~~~~\x1b[m\x1b[K\n'}
[1.838612] (navigation_) StderrLine: {'line': b'\x1b[01m\x1b[K/home/catia/ros2_ws/src/navigation_/src/tf_node.cpp:55:9:\x1b[m\x1b[K \x1b[01;31m\x1b[Kerror: \x1b[m\x1b[K\xe2\x80\x98\x1b[01m\x1b[Kq\x1b[m\x1b[K\xe2\x80\x99 does not name a type\n'}
[1.838712] (navigation_) StderrLine: {'line': b'   55 |         \x1b[01;31m\x1b[Kq\x1b[m\x1b[K.setRPY(0, 0, 0);  // Assumendo nessuna rotazione tra base_link e laser\n'}
[1.838764] (navigation_) StderrLine: {'line': b'      |         \x1b[01;31m\x1b[K^\x1b[m\x1b[K\n'}
[1.840948] (navigation_) StderrLine: {'line': b'\x1b[01m\x1b[K/home/catia/ros2_ws/src/navigation_/src/tf_node.cpp:56:9:\x1b[m\x1b[K \x1b[01;31m\x1b[Kerror: \x1b[m\x1b[K\xe2\x80\x98\x1b[01m\x1b[Kbase_to_laser\x1b[m\x1b[K\xe2\x80\x99 does not name a type\n'}
[1.841041] (navigation_) StderrLine: {'line': b'   56 |         \x1b[01;31m\x1b[Kbase_to_laser\x1b[m\x1b[K.transform.rotation.x = q.x();\n'}
[1.841093] (navigation_) StderrLine: {'line': b'      |         \x1b[01;31m\x1b[K^~~~~~~~~~~~~\x1b[m\x1b[K\n'}
[1.843303] (navigation_) StderrLine: {'line': b'\x1b[01m\x1b[K/home/catia/ros2_ws/src/navigation_/src/tf_node.cpp:57:9:\x1b[m\x1b[K \x1b[01;31m\x1b[Kerror: \x1b[m\x1b[K\xe2\x80\x98\x1b[01m\x1b[Kbase_to_laser\x1b[m\x1b[K\xe2\x80\x99 does not name a type\n'}
[1.843390] (navigation_) StderrLine: {'line': b'   57 |         \x1b[01;31m\x1b[Kbase_to_laser\x1b[m\x1b[K.transform.rotation.y = q.y();\n'}
[1.843438] (navigation_) StderrLine: {'line': b'      |         \x1b[01;31m\x1b[K^~~~~~~~~~~~~\x1b[m\x1b[K\n'}
[1.845645] (navigation_) StderrLine: {'line': b'\x1b[01m\x1b[K/home/catia/ros2_ws/src/navigation_/src/tf_node.cpp:58:9:\x1b[m\x1b[K \x1b[01;31m\x1b[Kerror: \x1b[m\x1b[K\xe2\x80\x98\x1b[01m\x1b[Kbase_to_laser\x1b[m\x1b[K\xe2\x80\x99 does not name a type\n'}
[1.845763] (navigation_) StderrLine: {'line': b'   58 |         \x1b[01;31m\x1b[Kbase_to_laser\x1b[m\x1b[K.transform.rotation.z = q.z();\n'}
[1.845810] (navigation_) StderrLine: {'line': b'      |         \x1b[01;31m\x1b[K^~~~~~~~~~~~~\x1b[m\x1b[K\n'}
[1.847804] (navigation_) StderrLine: {'line': b'\x1b[01m\x1b[K/home/catia/ros2_ws/src/navigation_/src/tf_node.cpp:59:9:\x1b[m\x1b[K \x1b[01;31m\x1b[Kerror: \x1b[m\x1b[K\xe2\x80\x98\x1b[01m\x1b[Kbase_to_laser\x1b[m\x1b[K\xe2\x80\x99 does not name a type\n'}
[1.847883] (navigation_) StderrLine: {'line': b'   59 |         \x1b[01;31m\x1b[Kbase_to_laser\x1b[m\x1b[K.transform.rotation.w = q.w();\n'}
[1.847930] (navigation_) StderrLine: {'line': b'      |         \x1b[01;31m\x1b[K^~~~~~~~~~~~~\x1b[m\x1b[K\n'}
[1.849639] (navigation_) StderrLine: {'line': b'\x1b[01m\x1b[K/home/catia/ros2_ws/src/navigation_/src/tf_node.cpp:61:9:\x1b[m\x1b[K \x1b[01;31m\x1b[Kerror: \x1b[m\x1b[K\xe2\x80\x98\x1b[01m\x1b[Kbroadcaster_\x1b[m\x1b[K\xe2\x80\x99 does not name a type\n'}
[1.849796] (navigation_) StderrLine: {'line': b'   61 |         \x1b[01;31m\x1b[Kbroadcaster_\x1b[m\x1b[K->sendTransform(base_to_laser);\n'}
[1.849845] (navigation_) StderrLine: {'line': b'      |         \x1b[01;31m\x1b[K^~~~~~~~~~~~\x1b[m\x1b[K\n'}
[1.850532] (navigation_) StderrLine: {'line': b'\x1b[01m\x1b[K/home/catia/ros2_ws/src/navigation_/src/tf_node.cpp:62:6:\x1b[m\x1b[K \x1b[01;31m\x1b[Kerror: \x1b[m\x1b[Kexpected \xe2\x80\x98\x1b[01m\x1b[K;\x1b[m\x1b[K\xe2\x80\x99 after class definition\n'}
[1.850607] (navigation_) StderrLine: {'line': b'   62 |     }\x1b[01;31m\x1b[K"\x1b[m\x1b[K\n'}
[1.850654] (navigation_) StderrLine: {'line': b'      |      \x1b[01;31m\x1b[K^\x1b[m\x1b[K\n'}
[1.850696] (navigation_) StderrLine: {'line': b'      |      \x1b[32m\x1b[K;\x1b[m\x1b[K\n'}
[1.856802] (navigation_) StderrLine: {'line': b'\x1b[01m\x1b[K/home/catia/ros2_ws/src/navigation_/src/tf_node.cpp:\x1b[m\x1b[K In constructor \xe2\x80\x98\x1b[01m\x1b[KTransformBroadcasterNode::TransformBroadcasterNode()\x1b[m\x1b[K\xe2\x80\x99:\n'}
[1.856902] (navigation_) StderrLine: {'line': b'\x1b[01m\x1b[K/home/catia/ros2_ws/src/navigation_/src/tf_node.cpp:10:9:\x1b[m\x1b[K \x1b[01;31m\x1b[Kerror: \x1b[m\x1b[K\xe2\x80\x98\x1b[01m\x1b[Kbroadcaster_\x1b[m\x1b[K\xe2\x80\x99 was not declared in this scope\n'}
[1.856949] (navigation_) StderrLine: {'line': b'   10 |         \x1b[01;31m\x1b[Kbroadcaster_\x1b[m\x1b[K = std::make_shared<tf2_ros::TransformBroadcaster>(this);\n'}
[1.856992] (navigation_) StderrLine: {'line': b'      |         \x1b[01;31m\x1b[K^~~~~~~~~~~~\x1b[m\x1b[K\n'}
[1.865150] (navigation_) StderrLine: {'line': b'\x1b[01m\x1b[K/home/catia/ros2_ws/src/navigation_/src/tf_node.cpp:13:9:\x1b[m\x1b[K \x1b[01;31m\x1b[Kerror: \x1b[m\x1b[K\xe2\x80\x98\x1b[01m\x1b[Kodom_subscriber_\x1b[m\x1b[K\xe2\x80\x99 was not declared in this scope; did you mean \xe2\x80\x98\x1b[01m\x1b[Kcount_subscribers\x1b[m\x1b[K\xe2\x80\x99?\n'}
[1.865279] (navigation_) StderrLine: {'line': b'   13 |         \x1b[01;31m\x1b[Kodom_subscriber_\x1b[m\x1b[K = this->create_subscription<nav_msgs::msg::Odometry>(\n'}
[1.865328] (navigation_) StderrLine: {'line': b'      |         \x1b[01;31m\x1b[K^~~~~~~~~~~~~~~~\x1b[m\x1b[K\n'}
[1.865381] (navigation_) StderrLine: {'line': b'      |         \x1b[32m\x1b[Kcount_subscribers\x1b[m\x1b[K\n'}
[1.899370] (navigation_) StderrLine: {'line': b'\x1b[01m\x1b[K/home/catia/ros2_ws/src/navigation_/src/tf_node.cpp:17:13:\x1b[m\x1b[K \x1b[01;35m\x1b[Kwarning: \x1b[m\x1b[Kleft operand of comma operator has no effect [\x1b[01;35m\x1b[K\x1b]8;;https://gcc.gnu.org/onlinedocs/gcc/Warning-Options.html#index-Wunused-value\x07-Wunused-value\x1b]8;;\x07\x1b[m\x1b[K]\n'}
[1.899513] (navigation_) StderrLine: {'line': b'   17 |             \x1b[01;35m\x1b[K"/base_pub"\x1b[m\x1b[K, 10, std::bind(&TransformBroadcasterNode::base_callback, this, std::placeholders::_1));"\n'}
[1.899565] (navigation_) StderrLine: {'line': b'      |             \x1b[01;35m\x1b[K^~~~~~~~~~~\x1b[m\x1b[K\n'}
[1.899608] (navigation_) StderrLine: {'line': b'\x1b[01m\x1b[K/home/catia/ros2_ws/src/navigation_/src/tf_node.cpp:17:67:\x1b[m\x1b[K \x1b[01;31m\x1b[Kerror: \x1b[m\x1b[K\xe2\x80\x98\x1b[01m\x1b[Kbase_callback\x1b[m\x1b[K\xe2\x80\x99 is not a member of \xe2\x80\x98\x1b[01m\x1b[KTransformBroadcasterNode\x1b[m\x1b[K\xe2\x80\x99\n'}
[1.899651] (navigation_) StderrLine: {'line': b'   17 |             "/base_pub", 10, std::bind(&TransformBroadcasterNode::\x1b[01;31m\x1b[Kbase_callback\x1b[m\x1b[K, this, std::placeholders::_1));"\n'}
[1.899693] (navigation_) StderrLine: {'line': b'      |                                                                   \x1b[01;31m\x1b[K^~~~~~~~~~~~~\x1b[m\x1b[K\n'}
[1.903741] (navigation_) StderrLine: {'line': b'\x1b[01m\x1b[K/home/catia/ros2_ws/src/navigation_/src/tf_node.cpp:20:9:\x1b[m\x1b[K \x1b[01;31m\x1b[Kerror: \x1b[m\x1b[K\xe2\x80\x98\x1b[01m\x1b[Ktimer_\x1b[m\x1b[K\xe2\x80\x99 was not declared in this scope; did you mean \xe2\x80\x98\x1b[01m\x1b[Ktimer_t\x1b[m\x1b[K\xe2\x80\x99?\n'}
[1.904039] (navigation_) StderrLine: {'line': b'   20 |         \x1b[01;31m\x1b[Ktimer_\x1b[m\x1b[K = this->create_wall_timer(\n'}
[1.904111] (navigation_) StderrLine: {'line': b'      |         \x1b[01;31m\x1b[K^~~~~~\x1b[m\x1b[K\n'}
[1.904157] (navigation_) StderrLine: {'line': b'      |         \x1b[32m\x1b[Ktimer_t\x1b[m\x1b[K\n'}
[1.904199] (navigation_) StderrLine: {'line': b'\x1b[01m\x1b[K/home/catia/ros2_ws/src/navigation_/src/tf_node.cpp:22:50:\x1b[m\x1b[K \x1b[01;31m\x1b[Kerror: \x1b[m\x1b[K\xe2\x80\x98\x1b[01m\x1b[Kpublish_map_to_odom\x1b[m\x1b[K\xe2\x80\x99 is not a member of \xe2\x80\x98\x1b[01m\x1b[KTransformBroadcasterNode\x1b[m\x1b[K\xe2\x80\x99\n'}
[1.904242] (navigation_) StderrLine: {'line': b'   22 |             std::bind(&TransformBroadcasterNode::\x1b[01;31m\x1b[Kpublish_map_to_odom\x1b[m\x1b[K, this));\n'}
[1.904283] (navigation_) StderrLine: {'line': b'      |                                                  \x1b[01;31m\x1b[K^~~~~~~~~~~~~~~~~~~\x1b[m\x1b[K\n'}
[1.904424] (-) TimerEvent: {}
[1.912978] (navigation_) StderrLine: {'line': b'\x1b[01m\x1b[K/home/catia/ros2_ws/src/navigation_/src/tf_node.cpp:24:9:\x1b[m\x1b[K \x1b[01;31m\x1b[Kerror: \x1b[m\x1b[K\xe2\x80\x98\x1b[01m\x1b[Kpublish_base_to_laser\x1b[m\x1b[K\xe2\x80\x99 was not declared in this scope\n'}
[1.913081] (navigation_) StderrLine: {'line': b'   24 |         \x1b[01;31m\x1b[Kpublish_base_to_laser\x1b[m\x1b[K();\n'}
[1.913134] (navigation_) StderrLine: {'line': b'      |         \x1b[01;31m\x1b[K^~~~~~~~~~~~~~~~~~~~~\x1b[m\x1b[K\n'}
[1.921569] (navigation_) StderrLine: {'line': b'\x1b[01m\x1b[K/home/catia/ros2_ws/src/navigation_/src/tf_node.cpp:\x1b[m\x1b[K In member function \xe2\x80\x98\x1b[01m\x1b[Kvoid TransformBroadcasterNode::odom_callback(nav_msgs::msg::Odometry_<std::allocator<void> >::SharedPtr)\x1b[m\x1b[K\xe2\x80\x99:\n'}
[1.922131] (navigation_) StderrLine: {'line': b'\x1b[01m\x1b[K/home/catia/ros2_ws/src/navigation_/src/tf_node.cpp:40:9:\x1b[m\x1b[K \x1b[01;31m\x1b[Kerror: \x1b[m\x1b[K\xe2\x80\x98\x1b[01m\x1b[Kbroadcaster_\x1b[m\x1b[K\xe2\x80\x99 was not declared in this scope\n'}
[1.922184] (navigation_) StderrLine: {'line': b'   40 |         \x1b[01;31m\x1b[Kbroadcaster_\x1b[m\x1b[K->sendTransform(odom_to_base);\n'}
[1.922229] (navigation_) StderrLine: {'line': b'      |         \x1b[01;31m\x1b[K^~~~~~~~~~~~\x1b[m\x1b[K\n'}
[1.922270] (navigation_) StderrLine: {'line': b'\x1b[01m\x1b[K/home/catia/ros2_ws/src/navigation_/src/tf_node.cpp:\x1b[m\x1b[K In function \xe2\x80\x98\x1b[01m\x1b[Kvoid publish_map_to_odom()\x1b[m\x1b[K\xe2\x80\x99:\n'}
[1.922312] (navigation_) StderrLine: {'line': b'\x1b[01m\x1b[K/home/catia/ros2_ws/src/navigation_/src/tf_node.cpp:67:36:\x1b[m\x1b[K \x1b[01;31m\x1b[Kerror: \x1b[m\x1b[Kinvalid use of \xe2\x80\x98\x1b[01m\x1b[Kthis\x1b[m\x1b[K\xe2\x80\x99 in non-member function\n'}
[1.922352] (navigation_) StderrLine: {'line': b'   67 |         map_to_odom.header.stamp = \x1b[01;31m\x1b[Kthis\x1b[m\x1b[K->get_clock()->now();\n'}
[1.922393] (navigation_) StderrLine: {'line': b'      |                                    \x1b[01;31m\x1b[K^~~~\x1b[m\x1b[K\n'}
[1.926236] (navigation_) StderrLine: {'line': b'\x1b[01m\x1b[K/home/catia/ros2_ws/src/navigation_/src/tf_node.cpp:82:9:\x1b[m\x1b[K \x1b[01;31m\x1b[Kerror: \x1b[m\x1b[K\xe2\x80\x98\x1b[01m\x1b[Kbroadcaster_\x1b[m\x1b[K\xe2\x80\x99 was not declared in this scope\n'}
[1.926536] (navigation_) StderrLine: {'line': b'   82 |         \x1b[01;31m\x1b[Kbroadcaster_\x1b[m\x1b[K->sendTransform(map_to_odom);\n'}
[1.926615] (navigation_) StderrLine: {'line': b'      |         \x1b[01;31m\x1b[K^~~~~~~~~~~~\x1b[m\x1b[K\n'}
[1.926662] (navigation_) StderrLine: {'line': b'\x1b[01m\x1b[K/home/catia/ros2_ws/src/navigation_/src/tf_node.cpp:\x1b[m\x1b[K In function \xe2\x80\x98\x1b[01m\x1b[Kvoid publish_base_to_laser()\x1b[m\x1b[K\xe2\x80\x99:\n'}
[1.926705] (navigation_) StderrLine: {'line': b'\x1b[01m\x1b[K/home/catia/ros2_ws/src/navigation_/src/tf_node.cpp:88:38:\x1b[m\x1b[K \x1b[01;31m\x1b[Kerror: \x1b[m\x1b[Kinvalid use of \xe2\x80\x98\x1b[01m\x1b[Kthis\x1b[m\x1b[K\xe2\x80\x99 in non-member function\n'}
[1.926748] (navigation_) StderrLine: {'line': b'   88 |         base_to_laser.header.stamp = \x1b[01;31m\x1b[Kthis\x1b[m\x1b[K->get_clock()->now();\n'}
[1.926790] (navigation_) StderrLine: {'line': b'      |                                      \x1b[01;31m\x1b[K^~~~\x1b[m\x1b[K\n'}
[1.930744] (navigation_) StderrLine: {'line': b'\x1b[01m\x1b[K/home/catia/ros2_ws/src/navigation_/src/tf_node.cpp:103:9:\x1b[m\x1b[K \x1b[01;31m\x1b[Kerror: \x1b[m\x1b[K\xe2\x80\x98\x1b[01m\x1b[Kbroadcaster_\x1b[m\x1b[K\xe2\x80\x99 was not declared in this scope\n'}
[1.931010] (navigation_) StderrLine: {'line': b'  103 |         \x1b[01;31m\x1b[Kbroadcaster_\x1b[m\x1b[K->sendTransform(base_to_laser);\n'}
[1.931091] (navigation_) StderrLine: {'line': b'      |         \x1b[01;31m\x1b[K^~~~~~~~~~~~\x1b[m\x1b[K\n'}
[1.931142] (navigation_) StderrLine: {'line': b'\x1b[01m\x1b[K/home/catia/ros2_ws/src/navigation_/src/tf_node.cpp:\x1b[m\x1b[K In function \xe2\x80\x98\x1b[01m\x1b[Kvoid publish_odom_to_base()\x1b[m\x1b[K\xe2\x80\x99:\n'}
[1.931190] (navigation_) StderrLine: {'line': b'\x1b[01m\x1b[K/home/catia/ros2_ws/src/navigation_/src/tf_node.cpp:107:37:\x1b[m\x1b[K \x1b[01;31m\x1b[Kerror: \x1b[m\x1b[Kinvalid use of \xe2\x80\x98\x1b[01m\x1b[Kthis\x1b[m\x1b[K\xe2\x80\x99 in non-member function\n'}
[1.931238] (navigation_) StderrLine: {'line': b'  107 |         odom_to_base.header.stamp = \x1b[01;31m\x1b[Kthis\x1b[m\x1b[K->get_clock()->now();\n'}
[1.931284] (navigation_) StderrLine: {'line': b'      |                                     \x1b[01;31m\x1b[K^~~~\x1b[m\x1b[K\n'}
[1.934279] (navigation_) StderrLine: {'line': b'\x1b[01m\x1b[K/home/catia/ros2_ws/src/navigation_/src/tf_node.cpp:112:48:\x1b[m\x1b[K \x1b[01;31m\x1b[Kerror: \x1b[m\x1b[K\xe2\x80\x98\x1b[01m\x1b[Kx_\x1b[m\x1b[K\xe2\x80\x99 was not declared in this scope\n'}
[1.934421] (navigation_) StderrLine: {'line': b'  112 |         odom_to_base.transform.translation.x = \x1b[01;31m\x1b[Kx_\x1b[m\x1b[K;\n'}
[1.934475] (navigation_) StderrLine: {'line': b'      |                                                \x1b[01;31m\x1b[K^~\x1b[m\x1b[K\n'}
[1.936686] (navigation_) StderrLine: {'line': b'\x1b[01m\x1b[K/home/catia/ros2_ws/src/navigation_/src/tf_node.cpp:113:48:\x1b[m\x1b[K \x1b[01;31m\x1b[Kerror: \x1b[m\x1b[K\xe2\x80\x98\x1b[01m\x1b[Ky_\x1b[m\x1b[K\xe2\x80\x99 was not declared in this scope; did you mean \xe2\x80\x98\x1b[01m\x1b[Kyn\x1b[m\x1b[K\xe2\x80\x99?\n'}
[1.936803] (navigation_) StderrLine: {'line': b'  113 |         odom_to_base.transform.translation.y = \x1b[01;31m\x1b[Ky_\x1b[m\x1b[K;\n'}
[1.936888] (navigation_) StderrLine: {'line': b'      |                                                \x1b[01;31m\x1b[K^~\x1b[m\x1b[K\n'}
[1.936959] (navigation_) StderrLine: {'line': b'      |                                                \x1b[32m\x1b[Kyn\x1b[m\x1b[K\n'}
[1.940024] (navigation_) StderrLine: {'line': b'\x1b[01m\x1b[K/home/catia/ros2_ws/src/navigation_/src/tf_node.cpp:116:24:\x1b[m\x1b[K \x1b[01;31m\x1b[Kerror: \x1b[m\x1b[K\xe2\x80\x98\x1b[01m\x1b[Ktheta_\x1b[m\x1b[K\xe2\x80\x99 was not declared in this scope\n'}
[1.940190] (navigation_) StderrLine: {'line': b'  116 |         q.setRPY(0, 0, \x1b[01;31m\x1b[Ktheta_\x1b[m\x1b[K);\n'}
[1.940257] (navigation_) StderrLine: {'line': b'      |                        \x1b[01;31m\x1b[K^~~~~~\x1b[m\x1b[K\n'}
[1.945579] (navigation_) StderrLine: {'line': b'\x1b[01m\x1b[K/home/catia/ros2_ws/src/navigation_/src/tf_node.cpp:122:9:\x1b[m\x1b[K \x1b[01;31m\x1b[Kerror: \x1b[m\x1b[K\xe2\x80\x98\x1b[01m\x1b[Ktransform_broadcaster_\x1b[m\x1b[K\xe2\x80\x99 was not declared in this scope; did you mean \xe2\x80\x98\x1b[01m\x1b[KTransformBroadcasterNode\x1b[m\x1b[K\xe2\x80\x99?\n'}
[1.945883] (navigation_) StderrLine: {'line': b'  122 |         \x1b[01;31m\x1b[Ktransform_broadcaster_\x1b[m\x1b[K->sendTransform(odom_to_base);\n'}
[1.945933] (navigation_) StderrLine: {'line': b'      |         \x1b[01;31m\x1b[K^~~~~~~~~~~~~~~~~~~~~~\x1b[m\x1b[K\n'}
[1.945978] (navigation_) StderrLine: {'line': b'      |         \x1b[32m\x1b[KTransformBroadcasterNode\x1b[m\x1b[K\n'}
[1.946318] (navigation_) StderrLine: {'line': b'\x1b[01m\x1b[K/home/catia/ros2_ws/src/navigation_/src/tf_node.cpp:\x1b[m\x1b[K At global scope:\n'}
[1.946412] (navigation_) StderrLine: {'line': b'\x1b[01m\x1b[K/home/catia/ros2_ws/src/navigation_/src/tf_node.cpp:129:1:\x1b[m\x1b[K \x1b[01;31m\x1b[Kerror: \x1b[m\x1b[Kexpected declaration before \xe2\x80\x98\x1b[01m\x1b[K}\x1b[m\x1b[K\xe2\x80\x99 token\n'}
[1.946465] (navigation_) StderrLine: {'line': b'  129 | \x1b[01;31m\x1b[K}\x1b[m\x1b[K;\n'}
[1.946511] (navigation_) StderrLine: {'line': b'      | \x1b[01;31m\x1b[K^\x1b[m\x1b[K\n'}
[2.004575] (-) TimerEvent: {}
[2.104864] (-) TimerEvent: {}
[2.205160] (-) TimerEvent: {}
[2.305458] (-) TimerEvent: {}
[2.405806] (-) TimerEvent: {}
[2.506129] (-) TimerEvent: {}
[2.606460] (-) TimerEvent: {}
[2.706773] (-) TimerEvent: {}
[2.807074] (-) TimerEvent: {}
[2.907410] (-) TimerEvent: {}
[3.007726] (-) TimerEvent: {}
[3.108086] (-) TimerEvent: {}
[3.208476] (-) TimerEvent: {}
[3.308828] (-) TimerEvent: {}
[3.409185] (-) TimerEvent: {}
[3.509555] (-) TimerEvent: {}
[3.609926] (-) TimerEvent: {}
[3.611628] (navigation_) StderrLine: {'line': b'gmake[2]: *** [CMakeFiles/tf_node.dir/build.make:76: CMakeFiles/tf_node.dir/src/tf_node.cpp.o] Error 1\n'}
[3.612011] (navigation_) StderrLine: {'line': b'gmake[1]: *** [CMakeFiles/Makefile2:221: CMakeFiles/tf_node.dir/all] Error 2\n'}
[3.612235] (navigation_) StderrLine: {'line': b'gmake: *** [Makefile:146: all] Error 2\n'}
[3.614044] (navigation_) CommandEnded: {'returncode': 2}
[3.649922] (navigation_) JobEnded: {'identifier': 'navigation_', 'rc': 2}
[3.650883] (-) EventReactorShutdown: {}
