[0.000000] (-) TimerEvent: {}
[0.000295] (navigation_) JobQueued: {'identifier': 'navigation_', 'dependencies': OrderedDict()}
[0.000450] (nodes) JobQueued: {'identifier': 'nodes', 'dependencies': OrderedDict()}
[0.000469] (navigation_) JobStarted: {'identifier': 'navigation_'}
[0.004496] (nodes) JobStarted: {'identifier': 'nodes'}
[0.008354] (navigation_) JobProgress: {'identifier': 'navigation_', 'progress': 'cmake'}
[0.009304] (navigation_) JobProgress: {'identifier': 'navigation_', 'progress': 'build'}
[0.009414] (navigation_) Command: {'cmd': ['/usr/bin/cmake', '--build', '/home/catia/ros2_ws/build/navigation_', '--', '-j8', '-l8'], 'cwd': '/home/catia/ros2_ws/build/navigation_', 'env': OrderedDict([('USER', 'catia'), ('LC_TIME', 'it_IT.UTF-8'), ('XDG_SESSION_TYPE', 'wayland'), ('SHLVL', '1'), ('LD_LIBRARY_PATH', '/usr/lib/x86_64-linux-gnu/gazebo-11/plugins:/opt/ros/humble/opt/rviz_ogre_vendor/lib:/opt/ros/humble/lib/x86_64-linux-gnu:/opt/ros/humble/lib'), ('HOME', '/home/catia'), ('OLDPWD', '/home/catia'), ('DESKTOP_SESSION', 'ubuntu'), ('ROS_PYTHON_VERSION', '3'), ('GNOME_SHELL_SESSION_MODE', 'ubuntu'), ('GTK_MODULES', 'gail:atk-bridge'), ('LC_MONETARY', 'it_IT.UTF-8'), ('SYSTEMD_EXEC_PID', '1684'), ('DBUS_SESSION_BUS_ADDRESS', 'unix:path=/run/user/1000/bus'), ('COLORTERM', 'truecolor'), ('IM_CONFIG_PHASE', '1'), ('WAYLAND_DISPLAY', 'wayland-0'), ('COLCON_PREFIX_PATH', '/home/catia/ros2_ws/install'), ('ROS_DISTRO', 'humble'), ('LOGNAME', 'catia'), ('_', '/usr/bin/colcon'), ('ROS_VERSION', '2'), ('XDG_SESSION_CLASS', 'user'), ('USERNAME', 'catia'), ('TERM', 'xterm-256color'), ('GNOME_DESKTOP_SESSION_ID', 'this-is-deprecated'), ('ROS_LOCALHOST_ONLY', '0'), ('PATH', '/opt/ros/humble/bin:/usr/local/sbin:/usr/local/bin:/usr/sbin:/usr/bin:/sbin:/bin:/usr/games:/usr/local/games:/snap/bin:/snap/bin'), ('SESSION_MANAGER', 'local/cat:@/tmp/.ICE-unix/1494,unix/cat:/tmp/.ICE-unix/1494'), ('XDG_MENU_PREFIX', 'gnome-'), ('LC_ADDRESS', 'it_IT.UTF-8'), ('GNOME_TERMINAL_SCREEN', '/org/gnome/Terminal/screen/ab58657e_b23b_4803_a848_396e25a541f7'), ('GNOME_SETUP_DISPLAY', ':1'), ('XDG_RUNTIME_DIR', '/run/user/1000'), ('DISPLAY', ':0'), ('LANG', 'en_US.UTF-8'), ('XDG_CURRENT_DESKTOP', 'ubuntu:GNOME'), ('LC_TELEPHONE', 'it_IT.UTF-8'), ('XMODIFIERS', '@im=ibus'), ('XDG_SESSION_DESKTOP', 'ubuntu'), ('XAUTHORITY', '/run/user/1000/.mutter-Xwaylandauth.02L9T2'), ('GNOME_TERMINAL_SERVICE', ':1.124'), ('SSH_AGENT_LAUNCHER', 'gnome-keyring'), ('SSH_AUTH_SOCK', '/run/user/1000/keyring/ssh'), ('AMENT_PREFIX_PATH', '/home/catia/ros2_ws/install/nodes:/home/catia/ros2_ws/install/navigation_:/opt/ros/humble'), ('SHELL', '/bin/bash'), ('LC_NAME', 'it_IT.UTF-8'), ('QT_ACCESSIBILITY', '1'), ('GDMSESSION', 'ubuntu'), ('LC_MEASUREMENT', 'it_IT.UTF-8'), ('LC_IDENTIFICATION', 'it_IT.UTF-8'), ('QT_IM_MODULE', 'ibus'), ('PWD', '/home/catia/ros2_ws/build/navigation_'), ('TURTLEBOT3_MODEL', 'waffle'), ('LC_ALL', 'en_US.UTF-8'), ('XDG_CONFIG_DIRS', '/etc/xdg/xdg-ubuntu:/etc/xdg'), ('XDG_DATA_DIRS', '/usr/share/ubuntu:/usr/local/share/:/usr/share/:/var/lib/snapd/desktop'), ('PYTHONPATH', '/opt/ros/humble/lib/python3.10/site-packages:/opt/ros/humble/local/lib/python3.10/dist-packages'), ('LC_NUMERIC', 'it_IT.UTF-8'), ('LC_PAPER', 'it_IT.UTF-8'), ('COLCON', '1'), ('VTE_VERSION', '6800'), ('CMAKE_PREFIX_PATH', '/home/catia/ros2_ws/install/nodes:/home/catia/ros2_ws/install/navigation_:/opt/ros/humble')]), 'shell': False}
[0.012295] (nodes) JobProgress: {'identifier': 'nodes', 'progress': 'cmake'}
[0.012800] (nodes) JobProgress: {'identifier': 'nodes', 'progress': 'build'}
[0.013160] (nodes) Command: {'cmd': ['/usr/bin/cmake', '--build', '/home/catia/ros2_ws/build/nodes', '--', '-j8', '-l8'], 'cwd': '/home/catia/ros2_ws/build/nodes', 'env': OrderedDict([('USER', 'catia'), ('LC_TIME', 'it_IT.UTF-8'), ('XDG_SESSION_TYPE', 'wayland'), ('SHLVL', '1'), ('LD_LIBRARY_PATH', '/usr/lib/x86_64-linux-gnu/gazebo-11/plugins:/opt/ros/humble/opt/rviz_ogre_vendor/lib:/opt/ros/humble/lib/x86_64-linux-gnu:/opt/ros/humble/lib'), ('HOME', '/home/catia'), ('OLDPWD', '/home/catia'), ('DESKTOP_SESSION', 'ubuntu'), ('ROS_PYTHON_VERSION', '3'), ('GNOME_SHELL_SESSION_MODE', 'ubuntu'), ('GTK_MODULES', 'gail:atk-bridge'), ('LC_MONETARY', 'it_IT.UTF-8'), ('SYSTEMD_EXEC_PID', '1684'), ('DBUS_SESSION_BUS_ADDRESS', 'unix:path=/run/user/1000/bus'), ('COLORTERM', 'truecolor'), ('IM_CONFIG_PHASE', '1'), ('WAYLAND_DISPLAY', 'wayland-0'), ('COLCON_PREFIX_PATH', '/home/catia/ros2_ws/install'), ('ROS_DISTRO', 'humble'), ('LOGNAME', 'catia'), ('_', '/usr/bin/colcon'), ('ROS_VERSION', '2'), ('XDG_SESSION_CLASS', 'user'), ('USERNAME', 'catia'), ('TERM', 'xterm-256color'), ('GNOME_DESKTOP_SESSION_ID', 'this-is-deprecated'), ('ROS_LOCALHOST_ONLY', '0'), ('PATH', '/opt/ros/humble/bin:/usr/local/sbin:/usr/local/bin:/usr/sbin:/usr/bin:/sbin:/bin:/usr/games:/usr/local/games:/snap/bin:/snap/bin'), ('SESSION_MANAGER', 'local/cat:@/tmp/.ICE-unix/1494,unix/cat:/tmp/.ICE-unix/1494'), ('XDG_MENU_PREFIX', 'gnome-'), ('LC_ADDRESS', 'it_IT.UTF-8'), ('GNOME_TERMINAL_SCREEN', '/org/gnome/Terminal/screen/ab58657e_b23b_4803_a848_396e25a541f7'), ('GNOME_SETUP_DISPLAY', ':1'), ('XDG_RUNTIME_DIR', '/run/user/1000'), ('DISPLAY', ':0'), ('LANG', 'en_US.UTF-8'), ('XDG_CURRENT_DESKTOP', 'ubuntu:GNOME'), ('LC_TELEPHONE', 'it_IT.UTF-8'), ('XMODIFIERS', '@im=ibus'), ('XDG_SESSION_DESKTOP', 'ubuntu'), ('XAUTHORITY', '/run/user/1000/.mutter-Xwaylandauth.02L9T2'), ('GNOME_TERMINAL_SERVICE', ':1.124'), ('SSH_AGENT_LAUNCHER', 'gnome-keyring'), ('SSH_AUTH_SOCK', '/run/user/1000/keyring/ssh'), ('AMENT_PREFIX_PATH', '/home/catia/ros2_ws/install/nodes:/home/catia/ros2_ws/install/navigation_:/opt/ros/humble'), ('SHELL', '/bin/bash'), ('LC_NAME', 'it_IT.UTF-8'), ('QT_ACCESSIBILITY', '1'), ('GDMSESSION', 'ubuntu'), ('LC_MEASUREMENT', 'it_IT.UTF-8'), ('LC_IDENTIFICATION', 'it_IT.UTF-8'), ('QT_IM_MODULE', 'ibus'), ('PWD', '/home/catia/ros2_ws/build/nodes'), ('TURTLEBOT3_MODEL', 'waffle'), ('LC_ALL', 'en_US.UTF-8'), ('XDG_CONFIG_DIRS', '/etc/xdg/xdg-ubuntu:/etc/xdg'), ('XDG_DATA_DIRS', '/usr/share/ubuntu:/usr/local/share/:/usr/share/:/var/lib/snapd/desktop'), ('PYTHONPATH', '/opt/ros/humble/lib/python3.10/site-packages:/opt/ros/humble/local/lib/python3.10/dist-packages'), ('LC_NUMERIC', 'it_IT.UTF-8'), ('LC_PAPER', 'it_IT.UTF-8'), ('COLCON', '1'), ('VTE_VERSION', '6800'), ('CMAKE_PREFIX_PATH', '/home/catia/ros2_ws/install/nodes:/home/catia/ros2_ws/install/navigation_:/opt/ros/humble')]), 'shell': False}
[0.043017] (navigation_) StdoutLine: {'line': b'\x1b[35m\x1b[1mConsolidate compiler generated dependencies of target mobile_base\x1b[0m\n'}
[0.055210] (navigation_) StdoutLine: {'line': b'[ 33%] Built target laserScan_\n'}
[0.055487] (nodes) StdoutLine: {'line': b'[ 50%] Built target pub_node\n'}
[0.055979] (navigation_) StdoutLine: {'line': b'[ 66%] Built target pub_occupancy_grid\n'}
[0.057672] (navigation_) StdoutLine: {'line': b'[ 83%] \x1b[32mBuilding CXX object CMakeFiles/mobile_base.dir/src/mobile_base.cpp.o\x1b[0m\n'}
[0.059847] (nodes) StdoutLine: {'line': b'[100%] Built target sub_node\n'}
[0.068308] (nodes) CommandEnded: {'returncode': 0}
[0.087998] (nodes) JobProgress: {'identifier': 'nodes', 'progress': 'install'}
[0.094345] (nodes) Command: {'cmd': ['/usr/bin/cmake', '--install', '/home/catia/ros2_ws/build/nodes'], 'cwd': '/home/catia/ros2_ws/build/nodes', 'env': OrderedDict([('USER', 'catia'), ('LC_TIME', 'it_IT.UTF-8'), ('XDG_SESSION_TYPE', 'wayland'), ('SHLVL', '1'), ('LD_LIBRARY_PATH', '/usr/lib/x86_64-linux-gnu/gazebo-11/plugins:/opt/ros/humble/opt/rviz_ogre_vendor/lib:/opt/ros/humble/lib/x86_64-linux-gnu:/opt/ros/humble/lib'), ('HOME', '/home/catia'), ('OLDPWD', '/home/catia'), ('DESKTOP_SESSION', 'ubuntu'), ('ROS_PYTHON_VERSION', '3'), ('GNOME_SHELL_SESSION_MODE', 'ubuntu'), ('GTK_MODULES', 'gail:atk-bridge'), ('LC_MONETARY', 'it_IT.UTF-8'), ('SYSTEMD_EXEC_PID', '1684'), ('DBUS_SESSION_BUS_ADDRESS', 'unix:path=/run/user/1000/bus'), ('COLORTERM', 'truecolor'), ('IM_CONFIG_PHASE', '1'), ('WAYLAND_DISPLAY', 'wayland-0'), ('COLCON_PREFIX_PATH', '/home/catia/ros2_ws/install'), ('ROS_DISTRO', 'humble'), ('LOGNAME', 'catia'), ('_', '/usr/bin/colcon'), ('ROS_VERSION', '2'), ('XDG_SESSION_CLASS', 'user'), ('USERNAME', 'catia'), ('TERM', 'xterm-256color'), ('GNOME_DESKTOP_SESSION_ID', 'this-is-deprecated'), ('ROS_LOCALHOST_ONLY', '0'), ('PATH', '/opt/ros/humble/bin:/usr/local/sbin:/usr/local/bin:/usr/sbin:/usr/bin:/sbin:/bin:/usr/games:/usr/local/games:/snap/bin:/snap/bin'), ('SESSION_MANAGER', 'local/cat:@/tmp/.ICE-unix/1494,unix/cat:/tmp/.ICE-unix/1494'), ('XDG_MENU_PREFIX', 'gnome-'), ('LC_ADDRESS', 'it_IT.UTF-8'), ('GNOME_TERMINAL_SCREEN', '/org/gnome/Terminal/screen/ab58657e_b23b_4803_a848_396e25a541f7'), ('GNOME_SETUP_DISPLAY', ':1'), ('XDG_RUNTIME_DIR', '/run/user/1000'), ('DISPLAY', ':0'), ('LANG', 'en_US.UTF-8'), ('XDG_CURRENT_DESKTOP', 'ubuntu:GNOME'), ('LC_TELEPHONE', 'it_IT.UTF-8'), ('XMODIFIERS', '@im=ibus'), ('XDG_SESSION_DESKTOP', 'ubuntu'), ('XAUTHORITY', '/run/user/1000/.mutter-Xwaylandauth.02L9T2'), ('GNOME_TERMINAL_SERVICE', ':1.124'), ('SSH_AGENT_LAUNCHER', 'gnome-keyring'), ('SSH_AUTH_SOCK', '/run/user/1000/keyring/ssh'), ('AMENT_PREFIX_PATH', '/home/catia/ros2_ws/install/nodes:/home/catia/ros2_ws/install/navigation_:/opt/ros/humble'), ('SHELL', '/bin/bash'), ('LC_NAME', 'it_IT.UTF-8'), ('QT_ACCESSIBILITY', '1'), ('GDMSESSION', 'ubuntu'), ('LC_MEASUREMENT', 'it_IT.UTF-8'), ('LC_IDENTIFICATION', 'it_IT.UTF-8'), ('QT_IM_MODULE', 'ibus'), ('PWD', '/home/catia/ros2_ws/build/nodes'), ('TURTLEBOT3_MODEL', 'waffle'), ('LC_ALL', 'en_US.UTF-8'), ('XDG_CONFIG_DIRS', '/etc/xdg/xdg-ubuntu:/etc/xdg'), ('XDG_DATA_DIRS', '/usr/share/ubuntu:/usr/local/share/:/usr/share/:/var/lib/snapd/desktop'), ('PYTHONPATH', '/opt/ros/humble/lib/python3.10/site-packages:/opt/ros/humble/local/lib/python3.10/dist-packages'), ('LC_NUMERIC', 'it_IT.UTF-8'), ('LC_PAPER', 'it_IT.UTF-8'), ('COLCON', '1'), ('VTE_VERSION', '6800'), ('CMAKE_PREFIX_PATH', '/home/catia/ros2_ws/install/nodes:/home/catia/ros2_ws/install/navigation_:/opt/ros/humble')]), 'shell': False}
[0.098996] (-) TimerEvent: {}
[0.100415] (nodes) StdoutLine: {'line': b'-- Install configuration: ""\n'}
[0.100538] (nodes) StdoutLine: {'line': b'-- Up-to-date: /home/catia/ros2_ws/install/nodes/lib/nodes/pub_node\n'}
[0.100841] (nodes) StdoutLine: {'line': b'-- Up-to-date: /home/catia/ros2_ws/install/nodes/lib/nodes/sub_node\n'}
[0.101003] (nodes) StdoutLine: {'line': b'-- Up-to-date: /home/catia/ros2_ws/install/nodes/share/ament_index/resource_index/package_run_dependencies/nodes\n'}
[0.101067] (nodes) StdoutLine: {'line': b'-- Up-to-date: /home/catia/ros2_ws/install/nodes/share/ament_index/resource_index/parent_prefix_path/nodes\n'}
[0.101144] (nodes) StdoutLine: {'line': b'-- Up-to-date: /home/catia/ros2_ws/install/nodes/share/nodes/environment/ament_prefix_path.sh\n'}
[0.101203] (nodes) StdoutLine: {'line': b'-- Up-to-date: /home/catia/ros2_ws/install/nodes/share/nodes/environment/ament_prefix_path.dsv\n'}
[0.101274] (nodes) StdoutLine: {'line': b'-- Up-to-date: /home/catia/ros2_ws/install/nodes/share/nodes/environment/path.sh\n'}
[0.101335] (nodes) StdoutLine: {'line': b'-- Up-to-date: /home/catia/ros2_ws/install/nodes/share/nodes/environment/path.dsv\n'}
[0.101399] (nodes) StdoutLine: {'line': b'-- Up-to-date: /home/catia/ros2_ws/install/nodes/share/nodes/local_setup.bash\n'}
[0.101450] (nodes) StdoutLine: {'line': b'-- Up-to-date: /home/catia/ros2_ws/install/nodes/share/nodes/local_setup.sh\n'}
[0.101498] (nodes) StdoutLine: {'line': b'-- Up-to-date: /home/catia/ros2_ws/install/nodes/share/nodes/local_setup.zsh\n'}
[0.101545] (nodes) StdoutLine: {'line': b'-- Up-to-date: /home/catia/ros2_ws/install/nodes/share/nodes/local_setup.dsv\n'}
[0.101610] (nodes) StdoutLine: {'line': b'-- Installing: /home/catia/ros2_ws/install/nodes/share/nodes/package.dsv\n'}
[0.101666] (nodes) StdoutLine: {'line': b'-- Up-to-date: /home/catia/ros2_ws/install/nodes/share/ament_index/resource_index/packages/nodes\n'}
[0.101731] (nodes) StdoutLine: {'line': b'-- Up-to-date: /home/catia/ros2_ws/install/nodes/share/nodes/cmake/nodesConfig.cmake\n'}
[0.101779] (nodes) StdoutLine: {'line': b'-- Up-to-date: /home/catia/ros2_ws/install/nodes/share/nodes/cmake/nodesConfig-version.cmake\n'}
[0.101853] (nodes) StdoutLine: {'line': b'-- Up-to-date: /home/catia/ros2_ws/install/nodes/share/nodes/package.xml\n'}
[0.103339] (nodes) CommandEnded: {'returncode': 0}
[0.139230] (nodes) JobEnded: {'identifier': 'nodes', 'rc': 0}
[0.199124] (-) TimerEvent: {}
[0.299428] (-) TimerEvent: {}
[0.399717] (-) TimerEvent: {}
[0.500031] (-) TimerEvent: {}
[0.600346] (-) TimerEvent: {}
[0.700683] (-) TimerEvent: {}
[0.801013] (-) TimerEvent: {}
[0.901345] (-) TimerEvent: {}
[1.001663] (-) TimerEvent: {}
[1.102018] (-) TimerEvent: {}
[1.202350] (-) TimerEvent: {}
[1.302682] (-) TimerEvent: {}
[1.403020] (-) TimerEvent: {}
[1.503333] (-) TimerEvent: {}
[1.603668] (-) TimerEvent: {}
[1.704019] (-) TimerEvent: {}
[1.804354] (-) TimerEvent: {}
[1.904694] (-) TimerEvent: {}
[2.005048] (-) TimerEvent: {}
[2.105383] (-) TimerEvent: {}
[2.205704] (-) TimerEvent: {}
[2.306057] (-) TimerEvent: {}
[2.406401] (-) TimerEvent: {}
[2.506775] (-) TimerEvent: {}
[2.607138] (-) TimerEvent: {}
[2.707623] (-) TimerEvent: {}
[2.808133] (-) TimerEvent: {}
[2.908416] (-) TimerEvent: {}
[3.008702] (-) TimerEvent: {}
[3.108993] (-) TimerEvent: {}
[3.209279] (-) TimerEvent: {}
[3.309563] (-) TimerEvent: {}
[3.409860] (-) TimerEvent: {}
[3.510139] (-) TimerEvent: {}
[3.610422] (-) TimerEvent: {}
[3.710697] (-) TimerEvent: {}
[3.811054] (-) TimerEvent: {}
[3.835676] (navigation_) StdoutLine: {'line': b'[100%] \x1b[32m\x1b[1mLinking CXX executable mobile_base\x1b[0m\n'}
[3.911183] (-) TimerEvent: {}
[4.011486] (-) TimerEvent: {}
[4.042333] (navigation_) StdoutLine: {'line': b'[100%] Built target mobile_base\n'}
[4.051146] (navigation_) CommandEnded: {'returncode': 0}
[4.084584] (navigation_) JobProgress: {'identifier': 'navigation_', 'progress': 'install'}
[4.085017] (navigation_) Command: {'cmd': ['/usr/bin/cmake', '--install', '/home/catia/ros2_ws/build/navigation_'], 'cwd': '/home/catia/ros2_ws/build/navigation_', 'env': OrderedDict([('USER', 'catia'), ('LC_TIME', 'it_IT.UTF-8'), ('XDG_SESSION_TYPE', 'wayland'), ('SHLVL', '1'), ('LD_LIBRARY_PATH', '/usr/lib/x86_64-linux-gnu/gazebo-11/plugins:/opt/ros/humble/opt/rviz_ogre_vendor/lib:/opt/ros/humble/lib/x86_64-linux-gnu:/opt/ros/humble/lib'), ('HOME', '/home/catia'), ('OLDPWD', '/home/catia'), ('DESKTOP_SESSION', 'ubuntu'), ('ROS_PYTHON_VERSION', '3'), ('GNOME_SHELL_SESSION_MODE', 'ubuntu'), ('GTK_MODULES', 'gail:atk-bridge'), ('LC_MONETARY', 'it_IT.UTF-8'), ('SYSTEMD_EXEC_PID', '1684'), ('DBUS_SESSION_BUS_ADDRESS', 'unix:path=/run/user/1000/bus'), ('COLORTERM', 'truecolor'), ('IM_CONFIG_PHASE', '1'), ('WAYLAND_DISPLAY', 'wayland-0'), ('COLCON_PREFIX_PATH', '/home/catia/ros2_ws/install'), ('ROS_DISTRO', 'humble'), ('LOGNAME', 'catia'), ('_', '/usr/bin/colcon'), ('ROS_VERSION', '2'), ('XDG_SESSION_CLASS', 'user'), ('USERNAME', 'catia'), ('TERM', 'xterm-256color'), ('GNOME_DESKTOP_SESSION_ID', 'this-is-deprecated'), ('ROS_LOCALHOST_ONLY', '0'), ('PATH', '/opt/ros/humble/bin:/usr/local/sbin:/usr/local/bin:/usr/sbin:/usr/bin:/sbin:/bin:/usr/games:/usr/local/games:/snap/bin:/snap/bin'), ('SESSION_MANAGER', 'local/cat:@/tmp/.ICE-unix/1494,unix/cat:/tmp/.ICE-unix/1494'), ('XDG_MENU_PREFIX', 'gnome-'), ('LC_ADDRESS', 'it_IT.UTF-8'), ('GNOME_TERMINAL_SCREEN', '/org/gnome/Terminal/screen/ab58657e_b23b_4803_a848_396e25a541f7'), ('GNOME_SETUP_DISPLAY', ':1'), ('XDG_RUNTIME_DIR', '/run/user/1000'), ('DISPLAY', ':0'), ('LANG', 'en_US.UTF-8'), ('XDG_CURRENT_DESKTOP', 'ubuntu:GNOME'), ('LC_TELEPHONE', 'it_IT.UTF-8'), ('XMODIFIERS', '@im=ibus'), ('XDG_SESSION_DESKTOP', 'ubuntu'), ('XAUTHORITY', '/run/user/1000/.mutter-Xwaylandauth.02L9T2'), ('GNOME_TERMINAL_SERVICE', ':1.124'), ('SSH_AGENT_LAUNCHER', 'gnome-keyring'), ('SSH_AUTH_SOCK', '/run/user/1000/keyring/ssh'), ('AMENT_PREFIX_PATH', '/home/catia/ros2_ws/install/nodes:/home/catia/ros2_ws/install/navigation_:/opt/ros/humble'), ('SHELL', '/bin/bash'), ('LC_NAME', 'it_IT.UTF-8'), ('QT_ACCESSIBILITY', '1'), ('GDMSESSION', 'ubuntu'), ('LC_MEASUREMENT', 'it_IT.UTF-8'), ('LC_IDENTIFICATION', 'it_IT.UTF-8'), ('QT_IM_MODULE', 'ibus'), ('PWD', '/home/catia/ros2_ws/build/navigation_'), ('TURTLEBOT3_MODEL', 'waffle'), ('LC_ALL', 'en_US.UTF-8'), ('XDG_CONFIG_DIRS', '/etc/xdg/xdg-ubuntu:/etc/xdg'), ('XDG_DATA_DIRS', '/usr/share/ubuntu:/usr/local/share/:/usr/share/:/var/lib/snapd/desktop'), ('PYTHONPATH', '/opt/ros/humble/lib/python3.10/site-packages:/opt/ros/humble/local/lib/python3.10/dist-packages'), ('LC_NUMERIC', 'it_IT.UTF-8'), ('LC_PAPER', 'it_IT.UTF-8'), ('COLCON', '1'), ('VTE_VERSION', '6800'), ('CMAKE_PREFIX_PATH', '/home/catia/ros2_ws/install/nodes:/home/catia/ros2_ws/install/navigation_:/opt/ros/humble')]), 'shell': False}
[4.092233] (navigation_) StdoutLine: {'line': b'-- Install configuration: ""\n'}
[4.092367] (navigation_) StdoutLine: {'line': b'-- Up-to-date: /home/catia/ros2_ws/install/navigation_/lib/navigation_/pub_occupancy_grid\n'}
[4.092467] (navigation_) StdoutLine: {'line': b'-- Up-to-date: /home/catia/ros2_ws/install/navigation_/lib/navigation_/laserScan_\n'}
[4.092641] (navigation_) StdoutLine: {'line': b'-- Installing: /home/catia/ros2_ws/install/navigation_/lib/navigation_/mobile_base\n'}
[4.094373] (navigation_) StdoutLine: {'line': b'-- Set runtime path of "/home/catia/ros2_ws/install/navigation_/lib/navigation_/mobile_base" to ""\n'}
[4.094460] (navigation_) StdoutLine: {'line': b'-- Installing: /home/catia/ros2_ws/install/navigation_/share/ament_index/resource_index/package_run_dependencies/navigation_\n'}
[4.094658] (navigation_) StdoutLine: {'line': b'-- Up-to-date: /home/catia/ros2_ws/install/navigation_/share/ament_index/resource_index/parent_prefix_path/navigation_\n'}
[4.094744] (navigation_) StdoutLine: {'line': b'-- Up-to-date: /home/catia/ros2_ws/install/navigation_/share/navigation_/environment/ament_prefix_path.sh\n'}
[4.094801] (navigation_) StdoutLine: {'line': b'-- Installing: /home/catia/ros2_ws/install/navigation_/share/navigation_/environment/ament_prefix_path.dsv\n'}
[4.094979] (navigation_) StdoutLine: {'line': b'-- Up-to-date: /home/catia/ros2_ws/install/navigation_/share/navigation_/environment/path.sh\n'}
[4.095074] (navigation_) StdoutLine: {'line': b'-- Installing: /home/catia/ros2_ws/install/navigation_/share/navigation_/environment/path.dsv\n'}
[4.095130] (navigation_) StdoutLine: {'line': b'-- Up-to-date: /home/catia/ros2_ws/install/navigation_/share/navigation_/local_setup.bash\n'}
[4.095181] (navigation_) StdoutLine: {'line': b'-- Up-to-date: /home/catia/ros2_ws/install/navigation_/share/navigation_/local_setup.sh\n'}
[4.095229] (navigation_) StdoutLine: {'line': b'-- Up-to-date: /home/catia/ros2_ws/install/navigation_/share/navigation_/local_setup.zsh\n'}
[4.095278] (navigation_) StdoutLine: {'line': b'-- Installing: /home/catia/ros2_ws/install/navigation_/share/navigation_/local_setup.dsv\n'}
[4.095346] (navigation_) StdoutLine: {'line': b'-- Installing: /home/catia/ros2_ws/install/navigation_/share/navigation_/package.dsv\n'}
[4.095429] (navigation_) StdoutLine: {'line': b'-- Up-to-date: /home/catia/ros2_ws/install/navigation_/share/ament_index/resource_index/packages/navigation_\n'}
[4.095478] (navigation_) StdoutLine: {'line': b'-- Up-to-date: /home/catia/ros2_ws/install/navigation_/share/navigation_/cmake/navigation_Config.cmake\n'}
[4.095524] (navigation_) StdoutLine: {'line': b'-- Up-to-date: /home/catia/ros2_ws/install/navigation_/share/navigation_/cmake/navigation_Config-version.cmake\n'}
[4.095569] (navigation_) StdoutLine: {'line': b'-- Installing: /home/catia/ros2_ws/install/navigation_/share/navigation_/package.xml\n'}
[4.096805] (navigation_) CommandEnded: {'returncode': 0}
[4.111697] (-) TimerEvent: {}
[4.143700] (navigation_) JobEnded: {'identifier': 'navigation_', 'rc': 0}
[4.144320] (-) EventReactorShutdown: {}
