[0.000000] (-) TimerEvent: {}
[0.000339] (navigation_) JobQueued: {'identifier': 'navigation_', 'dependencies': OrderedDict()}
[0.000365] (sam_bot_description) JobQueued: {'identifier': 'sam_bot_description', 'dependencies': OrderedDict()}
[0.000380] (navigation_) JobStarted: {'identifier': 'navigation_'}
[0.007441] (sam_bot_description) JobStarted: {'identifier': 'sam_bot_description'}
[0.011111] (navigation_) JobProgress: {'identifier': 'navigation_', 'progress': 'cmake'}
[0.011964] (navigation_) JobProgress: {'identifier': 'navigation_', 'progress': 'build'}
[0.012529] (navigation_) Command: {'cmd': ['/usr/bin/cmake', '--build', '/home/catia/ros2_ws/build/navigation_', '--', '-j8', '-l8'], 'cwd': '/home/catia/ros2_ws/build/navigation_', 'env': OrderedDict([('USER', 'catia'), ('LC_TIME', 'it_IT.UTF-8'), ('XDG_SESSION_TYPE', 'wayland'), ('SHLVL', '1'), ('LD_LIBRARY_PATH', '/usr/lib/x86_64-linux-gnu/gazebo-11/plugins:/opt/ros/humble/opt/rviz_ogre_vendor/lib:/opt/ros/humble/lib/x86_64-linux-gnu:/opt/ros/humble/lib'), ('HOME', '/home/catia'), ('OLDPWD', '/home/catia'), ('DESKTOP_SESSION', 'ubuntu'), ('ROS_PYTHON_VERSION', '3'), ('GNOME_SHELL_SESSION_MODE', 'ubuntu'), ('GTK_MODULES', 'gail:atk-bridge'), ('LC_MONETARY', 'it_IT.UTF-8'), ('SYSTEMD_EXEC_PID', '1681'), ('DBUS_SESSION_BUS_ADDRESS', 'unix:path=/run/user/1000/bus'), ('COLORTERM', 'truecolor'), ('IM_CONFIG_PHASE', '1'), ('WAYLAND_DISPLAY', 'wayland-0'), ('COLCON_PREFIX_PATH', '/home/catia/ros2_ws/install'), ('ROS_DISTRO', 'humble'), ('LOGNAME', 'catia'), ('_', '/usr/bin/colcon'), ('ROS_VERSION', '2'), ('XDG_SESSION_CLASS', 'user'), ('USERNAME', 'catia'), ('TERM', 'xterm-256color'), ('GNOME_DESKTOP_SESSION_ID', 'this-is-deprecated'), ('ROS_LOCALHOST_ONLY', '0'), ('PATH', '/opt/ros/humble/bin:/usr/local/sbin:/usr/local/bin:/usr/sbin:/usr/bin:/sbin:/bin:/usr/games:/usr/local/games:/snap/bin:/snap/bin'), ('SESSION_MANAGER', 'local/cat:@/tmp/.ICE-unix/1487,unix/cat:/tmp/.ICE-unix/1487'), ('XDG_MENU_PREFIX', 'gnome-'), ('LC_ADDRESS', 'it_IT.UTF-8'), ('GNOME_TERMINAL_SCREEN', '/org/gnome/Terminal/screen/f5611ed0_c49d_4926_9858_592995c06b04'), ('GNOME_SETUP_DISPLAY', ':1'), ('XDG_RUNTIME_DIR', '/run/user/1000'), ('DISPLAY', ':0'), ('LANG', 'en_US.UTF-8'), ('XDG_CURRENT_DESKTOP', 'ubuntu:GNOME'), ('LC_TELEPHONE', 'it_IT.UTF-8'), ('XMODIFIERS', '@im=ibus'), ('XDG_SESSION_DESKTOP', 'ubuntu'), ('XAUTHORITY', '/run/user/1000/.mutter-Xwaylandauth.F6R3U2'), ('GNOME_TERMINAL_SERVICE', ':1.96'), ('SSH_AGENT_LAUNCHER', 'gnome-keyring'), ('SSH_AUTH_SOCK', '/run/user/1000/keyring/ssh'), ('AMENT_PREFIX_PATH', '/home/catia/ros2_ws/install/sam_bot_description:/home/catia/ros2_ws/install/nodes:/home/catia/ros2_ws/install/navigation_:/opt/ros/humble'), ('SHELL', '/bin/bash'), ('LC_NAME', 'it_IT.UTF-8'), ('QT_ACCESSIBILITY', '1'), ('GDMSESSION', 'ubuntu'), ('LC_MEASUREMENT', 'it_IT.UTF-8'), ('LC_IDENTIFICATION', 'it_IT.UTF-8'), ('QT_IM_MODULE', 'ibus'), ('PWD', '/home/catia/ros2_ws/build/navigation_'), ('TURTLEBOT3_MODEL', 'waffle'), ('LC_ALL', 'en_US.UTF-8'), ('XDG_CONFIG_DIRS', '/etc/xdg/xdg-ubuntu:/etc/xdg'), ('XDG_DATA_DIRS', '/usr/share/ubuntu:/usr/local/share/:/usr/share/:/var/lib/snapd/desktop'), ('PYTHONPATH', '/opt/ros/humble/lib/python3.10/site-packages:/opt/ros/humble/local/lib/python3.10/dist-packages'), ('LC_NUMERIC', 'it_IT.UTF-8'), ('LC_PAPER', 'it_IT.UTF-8'), ('COLCON', '1'), ('VTE_VERSION', '6800'), ('CMAKE_PREFIX_PATH', '/home/catia/ros2_ws/install/sam_bot_description:/home/catia/ros2_ws/install/nodes:/home/catia/ros2_ws/install/navigation_:/opt/ros/humble')]), 'shell': False}
[0.015402] (sam_bot_description) JobProgress: {'identifier': 'sam_bot_description', 'progress': 'cmake'}
[0.016206] (sam_bot_description) JobProgress: {'identifier': 'sam_bot_description', 'progress': 'build'}
[0.016744] (sam_bot_description) Command: {'cmd': ['/usr/bin/cmake', '--build', '/home/catia/ros2_ws/build/sam_bot_description', '--', '-j8', '-l8'], 'cwd': '/home/catia/ros2_ws/build/sam_bot_description', 'env': OrderedDict([('USER', 'catia'), ('LC_TIME', 'it_IT.UTF-8'), ('XDG_SESSION_TYPE', 'wayland'), ('SHLVL', '1'), ('LD_LIBRARY_PATH', '/usr/lib/x86_64-linux-gnu/gazebo-11/plugins:/opt/ros/humble/opt/rviz_ogre_vendor/lib:/opt/ros/humble/lib/x86_64-linux-gnu:/opt/ros/humble/lib'), ('HOME', '/home/catia'), ('OLDPWD', '/home/catia'), ('DESKTOP_SESSION', 'ubuntu'), ('ROS_PYTHON_VERSION', '3'), ('GNOME_SHELL_SESSION_MODE', 'ubuntu'), ('GTK_MODULES', 'gail:atk-bridge'), ('LC_MONETARY', 'it_IT.UTF-8'), ('SYSTEMD_EXEC_PID', '1681'), ('DBUS_SESSION_BUS_ADDRESS', 'unix:path=/run/user/1000/bus'), ('COLORTERM', 'truecolor'), ('IM_CONFIG_PHASE', '1'), ('WAYLAND_DISPLAY', 'wayland-0'), ('COLCON_PREFIX_PATH', '/home/catia/ros2_ws/install'), ('ROS_DISTRO', 'humble'), ('LOGNAME', 'catia'), ('_', '/usr/bin/colcon'), ('ROS_VERSION', '2'), ('XDG_SESSION_CLASS', 'user'), ('USERNAME', 'catia'), ('TERM', 'xterm-256color'), ('GNOME_DESKTOP_SESSION_ID', 'this-is-deprecated'), ('ROS_LOCALHOST_ONLY', '0'), ('PATH', '/opt/ros/humble/bin:/usr/local/sbin:/usr/local/bin:/usr/sbin:/usr/bin:/sbin:/bin:/usr/games:/usr/local/games:/snap/bin:/snap/bin'), ('SESSION_MANAGER', 'local/cat:@/tmp/.ICE-unix/1487,unix/cat:/tmp/.ICE-unix/1487'), ('XDG_MENU_PREFIX', 'gnome-'), ('LC_ADDRESS', 'it_IT.UTF-8'), ('GNOME_TERMINAL_SCREEN', '/org/gnome/Terminal/screen/f5611ed0_c49d_4926_9858_592995c06b04'), ('GNOME_SETUP_DISPLAY', ':1'), ('XDG_RUNTIME_DIR', '/run/user/1000'), ('DISPLAY', ':0'), ('LANG', 'en_US.UTF-8'), ('XDG_CURRENT_DESKTOP', 'ubuntu:GNOME'), ('LC_TELEPHONE', 'it_IT.UTF-8'), ('XMODIFIERS', '@im=ibus'), ('XDG_SESSION_DESKTOP', 'ubuntu'), ('XAUTHORITY', '/run/user/1000/.mutter-Xwaylandauth.F6R3U2'), ('GNOME_TERMINAL_SERVICE', ':1.96'), ('SSH_AGENT_LAUNCHER', 'gnome-keyring'), ('SSH_AUTH_SOCK', '/run/user/1000/keyring/ssh'), ('AMENT_PREFIX_PATH', '/home/catia/ros2_ws/install/sam_bot_description:/home/catia/ros2_ws/install/nodes:/home/catia/ros2_ws/install/navigation_:/opt/ros/humble'), ('SHELL', '/bin/bash'), ('LC_NAME', 'it_IT.UTF-8'), ('QT_ACCESSIBILITY', '1'), ('GDMSESSION', 'ubuntu'), ('LC_MEASUREMENT', 'it_IT.UTF-8'), ('LC_IDENTIFICATION', 'it_IT.UTF-8'), ('QT_IM_MODULE', 'ibus'), ('PWD', '/home/catia/ros2_ws/build/sam_bot_description'), ('TURTLEBOT3_MODEL', 'waffle'), ('LC_ALL', 'en_US.UTF-8'), ('XDG_CONFIG_DIRS', '/etc/xdg/xdg-ubuntu:/etc/xdg'), ('XDG_DATA_DIRS', '/usr/share/ubuntu:/usr/local/share/:/usr/share/:/var/lib/snapd/desktop'), ('PYTHONPATH', '/opt/ros/humble/lib/python3.10/site-packages:/opt/ros/humble/local/lib/python3.10/dist-packages'), ('LC_NUMERIC', 'it_IT.UTF-8'), ('LC_PAPER', 'it_IT.UTF-8'), ('COLCON', '1'), ('VTE_VERSION', '6800'), ('CMAKE_PREFIX_PATH', '/home/catia/ros2_ws/install/sam_bot_description:/home/catia/ros2_ws/install/nodes:/home/catia/ros2_ws/install/navigation_:/opt/ros/humble')]), 'shell': False}
[0.082505] (navigation_) StdoutLine: {'line': b'\x1b[35m\x1b[1mConsolidate compiler generated dependencies of target mobile_base\x1b[0m\n'}
[0.099783] (-) TimerEvent: {}
[0.106955] (navigation_) StdoutLine: {'line': b'[ 20%] Built target ipose\n'}
[0.107197] (navigation_) StdoutLine: {'line': b'[ 40%] Built target pub_occupancy_grid\n'}
[0.108508] (sam_bot_description) StdoutLine: {'line': b'[100%] Built target odom_base\n'}
[0.109263] (navigation_) StdoutLine: {'line': b'[ 60%] Built target laserScan_\n'}
[0.109560] (navigation_) StdoutLine: {'line': b'[ 80%] Built target tf_node\n'}
[0.109709] (navigation_) StdoutLine: {'line': b'[100%] Built target mobile_base\n'}
[0.117331] (sam_bot_description) CommandEnded: {'returncode': 0}
[0.118370] (navigation_) CommandEnded: {'returncode': 0}
[0.134621] (sam_bot_description) JobProgress: {'identifier': 'sam_bot_description', 'progress': 'install'}
[0.141473] (sam_bot_description) Command: {'cmd': ['/usr/bin/cmake', '--install', '/home/catia/ros2_ws/build/sam_bot_description'], 'cwd': '/home/catia/ros2_ws/build/sam_bot_description', 'env': OrderedDict([('USER', 'catia'), ('LC_TIME', 'it_IT.UTF-8'), ('XDG_SESSION_TYPE', 'wayland'), ('SHLVL', '1'), ('LD_LIBRARY_PATH', '/usr/lib/x86_64-linux-gnu/gazebo-11/plugins:/opt/ros/humble/opt/rviz_ogre_vendor/lib:/opt/ros/humble/lib/x86_64-linux-gnu:/opt/ros/humble/lib'), ('HOME', '/home/catia'), ('OLDPWD', '/home/catia'), ('DESKTOP_SESSION', 'ubuntu'), ('ROS_PYTHON_VERSION', '3'), ('GNOME_SHELL_SESSION_MODE', 'ubuntu'), ('GTK_MODULES', 'gail:atk-bridge'), ('LC_MONETARY', 'it_IT.UTF-8'), ('SYSTEMD_EXEC_PID', '1681'), ('DBUS_SESSION_BUS_ADDRESS', 'unix:path=/run/user/1000/bus'), ('COLORTERM', 'truecolor'), ('IM_CONFIG_PHASE', '1'), ('WAYLAND_DISPLAY', 'wayland-0'), ('COLCON_PREFIX_PATH', '/home/catia/ros2_ws/install'), ('ROS_DISTRO', 'humble'), ('LOGNAME', 'catia'), ('_', '/usr/bin/colcon'), ('ROS_VERSION', '2'), ('XDG_SESSION_CLASS', 'user'), ('USERNAME', 'catia'), ('TERM', 'xterm-256color'), ('GNOME_DESKTOP_SESSION_ID', 'this-is-deprecated'), ('ROS_LOCALHOST_ONLY', '0'), ('PATH', '/opt/ros/humble/bin:/usr/local/sbin:/usr/local/bin:/usr/sbin:/usr/bin:/sbin:/bin:/usr/games:/usr/local/games:/snap/bin:/snap/bin'), ('SESSION_MANAGER', 'local/cat:@/tmp/.ICE-unix/1487,unix/cat:/tmp/.ICE-unix/1487'), ('XDG_MENU_PREFIX', 'gnome-'), ('LC_ADDRESS', 'it_IT.UTF-8'), ('GNOME_TERMINAL_SCREEN', '/org/gnome/Terminal/screen/f5611ed0_c49d_4926_9858_592995c06b04'), ('GNOME_SETUP_DISPLAY', ':1'), ('XDG_RUNTIME_DIR', '/run/user/1000'), ('DISPLAY', ':0'), ('LANG', 'en_US.UTF-8'), ('XDG_CURRENT_DESKTOP', 'ubuntu:GNOME'), ('LC_TELEPHONE', 'it_IT.UTF-8'), ('XMODIFIERS', '@im=ibus'), ('XDG_SESSION_DESKTOP', 'ubuntu'), ('XAUTHORITY', '/run/user/1000/.mutter-Xwaylandauth.F6R3U2'), ('GNOME_TERMINAL_SERVICE', ':1.96'), ('SSH_AGENT_LAUNCHER', 'gnome-keyring'), ('SSH_AUTH_SOCK', '/run/user/1000/keyring/ssh'), ('AMENT_PREFIX_PATH', '/home/catia/ros2_ws/install/sam_bot_description:/home/catia/ros2_ws/install/nodes:/home/catia/ros2_ws/install/navigation_:/opt/ros/humble'), ('SHELL', '/bin/bash'), ('LC_NAME', 'it_IT.UTF-8'), ('QT_ACCESSIBILITY', '1'), ('GDMSESSION', 'ubuntu'), ('LC_MEASUREMENT', 'it_IT.UTF-8'), ('LC_IDENTIFICATION', 'it_IT.UTF-8'), ('QT_IM_MODULE', 'ibus'), ('PWD', '/home/catia/ros2_ws/build/sam_bot_description'), ('TURTLEBOT3_MODEL', 'waffle'), ('LC_ALL', 'en_US.UTF-8'), ('XDG_CONFIG_DIRS', '/etc/xdg/xdg-ubuntu:/etc/xdg'), ('XDG_DATA_DIRS', '/usr/share/ubuntu:/usr/local/share/:/usr/share/:/var/lib/snapd/desktop'), ('PYTHONPATH', '/opt/ros/humble/lib/python3.10/site-packages:/opt/ros/humble/local/lib/python3.10/dist-packages'), ('LC_NUMERIC', 'it_IT.UTF-8'), ('LC_PAPER', 'it_IT.UTF-8'), ('COLCON', '1'), ('VTE_VERSION', '6800'), ('CMAKE_PREFIX_PATH', '/home/catia/ros2_ws/install/sam_bot_description:/home/catia/ros2_ws/install/nodes:/home/catia/ros2_ws/install/navigation_:/opt/ros/humble')]), 'shell': False}
[0.143797] (navigation_) JobProgress: {'identifier': 'navigation_', 'progress': 'install'}
[0.144117] (navigation_) Command: {'cmd': ['/usr/bin/cmake', '--install', '/home/catia/ros2_ws/build/navigation_'], 'cwd': '/home/catia/ros2_ws/build/navigation_', 'env': OrderedDict([('USER', 'catia'), ('LC_TIME', 'it_IT.UTF-8'), ('XDG_SESSION_TYPE', 'wayland'), ('SHLVL', '1'), ('LD_LIBRARY_PATH', '/usr/lib/x86_64-linux-gnu/gazebo-11/plugins:/opt/ros/humble/opt/rviz_ogre_vendor/lib:/opt/ros/humble/lib/x86_64-linux-gnu:/opt/ros/humble/lib'), ('HOME', '/home/catia'), ('OLDPWD', '/home/catia'), ('DESKTOP_SESSION', 'ubuntu'), ('ROS_PYTHON_VERSION', '3'), ('GNOME_SHELL_SESSION_MODE', 'ubuntu'), ('GTK_MODULES', 'gail:atk-bridge'), ('LC_MONETARY', 'it_IT.UTF-8'), ('SYSTEMD_EXEC_PID', '1681'), ('DBUS_SESSION_BUS_ADDRESS', 'unix:path=/run/user/1000/bus'), ('COLORTERM', 'truecolor'), ('IM_CONFIG_PHASE', '1'), ('WAYLAND_DISPLAY', 'wayland-0'), ('COLCON_PREFIX_PATH', '/home/catia/ros2_ws/install'), ('ROS_DISTRO', 'humble'), ('LOGNAME', 'catia'), ('_', '/usr/bin/colcon'), ('ROS_VERSION', '2'), ('XDG_SESSION_CLASS', 'user'), ('USERNAME', 'catia'), ('TERM', 'xterm-256color'), ('GNOME_DESKTOP_SESSION_ID', 'this-is-deprecated'), ('ROS_LOCALHOST_ONLY', '0'), ('PATH', '/opt/ros/humble/bin:/usr/local/sbin:/usr/local/bin:/usr/sbin:/usr/bin:/sbin:/bin:/usr/games:/usr/local/games:/snap/bin:/snap/bin'), ('SESSION_MANAGER', 'local/cat:@/tmp/.ICE-unix/1487,unix/cat:/tmp/.ICE-unix/1487'), ('XDG_MENU_PREFIX', 'gnome-'), ('LC_ADDRESS', 'it_IT.UTF-8'), ('GNOME_TERMINAL_SCREEN', '/org/gnome/Terminal/screen/f5611ed0_c49d_4926_9858_592995c06b04'), ('GNOME_SETUP_DISPLAY', ':1'), ('XDG_RUNTIME_DIR', '/run/user/1000'), ('DISPLAY', ':0'), ('LANG', 'en_US.UTF-8'), ('XDG_CURRENT_DESKTOP', 'ubuntu:GNOME'), ('LC_TELEPHONE', 'it_IT.UTF-8'), ('XMODIFIERS', '@im=ibus'), ('XDG_SESSION_DESKTOP', 'ubuntu'), ('XAUTHORITY', '/run/user/1000/.mutter-Xwaylandauth.F6R3U2'), ('GNOME_TERMINAL_SERVICE', ':1.96'), ('SSH_AGENT_LAUNCHER', 'gnome-keyring'), ('SSH_AUTH_SOCK', '/run/user/1000/keyring/ssh'), ('AMENT_PREFIX_PATH', '/home/catia/ros2_ws/install/sam_bot_description:/home/catia/ros2_ws/install/nodes:/home/catia/ros2_ws/install/navigation_:/opt/ros/humble'), ('SHELL', '/bin/bash'), ('LC_NAME', 'it_IT.UTF-8'), ('QT_ACCESSIBILITY', '1'), ('GDMSESSION', 'ubuntu'), ('LC_MEASUREMENT', 'it_IT.UTF-8'), ('LC_IDENTIFICATION', 'it_IT.UTF-8'), ('QT_IM_MODULE', 'ibus'), ('PWD', '/home/catia/ros2_ws/build/navigation_'), ('TURTLEBOT3_MODEL', 'waffle'), ('LC_ALL', 'en_US.UTF-8'), ('XDG_CONFIG_DIRS', '/etc/xdg/xdg-ubuntu:/etc/xdg'), ('XDG_DATA_DIRS', '/usr/share/ubuntu:/usr/local/share/:/usr/share/:/var/lib/snapd/desktop'), ('PYTHONPATH', '/opt/ros/humble/lib/python3.10/site-packages:/opt/ros/humble/local/lib/python3.10/dist-packages'), ('LC_NUMERIC', 'it_IT.UTF-8'), ('LC_PAPER', 'it_IT.UTF-8'), ('COLCON', '1'), ('VTE_VERSION', '6800'), ('CMAKE_PREFIX_PATH', '/home/catia/ros2_ws/install/sam_bot_description:/home/catia/ros2_ws/install/nodes:/home/catia/ros2_ws/install/navigation_:/opt/ros/humble')]), 'shell': False}
[0.147924] (sam_bot_description) StdoutLine: {'line': b'-- Install configuration: ""\n'}
[0.149327] (sam_bot_description) StdoutLine: {'line': b'-- Up-to-date: /home/catia/ros2_ws/install/sam_bot_description/lib/sam_bot_description/odom_base\n'}
[0.149490] (sam_bot_description) StdoutLine: {'line': b'-- Up-to-date: /home/catia/ros2_ws/install/sam_bot_description/share/sam_bot_description/src\n'}
[0.149596] (sam_bot_description) StdoutLine: {'line': b'-- Up-to-date: /home/catia/ros2_ws/install/sam_bot_description/share/sam_bot_description/src/description\n'}
[0.149710] (sam_bot_description) StdoutLine: {'line': b'-- Up-to-date: /home/catia/ros2_ws/install/sam_bot_description/share/sam_bot_description/src/description/sam_bot_description.urdf\n'}
[0.149812] (sam_bot_description) StdoutLine: {'line': b'-- Up-to-date: /home/catia/ros2_ws/install/sam_bot_description/share/sam_bot_description/src/description/odom_base.cpp\n'}
[0.149895] (sam_bot_description) StdoutLine: {'line': b'-- Up-to-date: /home/catia/ros2_ws/install/sam_bot_description/share/sam_bot_description/launch\n'}
[0.149959] (sam_bot_description) StdoutLine: {'line': b'-- Up-to-date: /home/catia/ros2_ws/install/sam_bot_description/share/sam_bot_description/launch/display.launch.py\n'}
[0.150027] (sam_bot_description) StdoutLine: {'line': b'-- Up-to-date: /home/catia/ros2_ws/install/sam_bot_description/share/sam_bot_description/rviz\n'}
[0.150176] (sam_bot_description) StdoutLine: {'line': b'-- Up-to-date: /home/catia/ros2_ws/install/sam_bot_description/share/sam_bot_description/rviz/urdf_config.rviz\n'}
[0.150270] (sam_bot_description) StdoutLine: {'line': b'-- Up-to-date: /home/catia/ros2_ws/install/sam_bot_description/share/ament_index/resource_index/package_run_dependencies/sam_bot_description\n'}
[0.150371] (sam_bot_description) StdoutLine: {'line': b'-- Up-to-date: /home/catia/ros2_ws/install/sam_bot_description/share/ament_index/resource_index/parent_prefix_path/sam_bot_description\n'}
[0.150497] (sam_bot_description) StdoutLine: {'line': b'-- Up-to-date: /home/catia/ros2_ws/install/sam_bot_description/share/sam_bot_description/environment/ament_prefix_path.sh\n'}
[0.150635] (sam_bot_description) StdoutLine: {'line': b'-- Up-to-date: /home/catia/ros2_ws/install/sam_bot_description/share/sam_bot_description/environment/ament_prefix_path.dsv\n'}
[0.150687] (sam_bot_description) StdoutLine: {'line': b'-- Up-to-date: /home/catia/ros2_ws/install/sam_bot_description/share/sam_bot_description/environment/path.sh\n'}
[0.150768] (sam_bot_description) StdoutLine: {'line': b'-- Up-to-date: /home/catia/ros2_ws/install/sam_bot_description/share/sam_bot_description/environment/path.dsv\n'}
[0.150814] (sam_bot_description) StdoutLine: {'line': b'-- Up-to-date: /home/catia/ros2_ws/install/sam_bot_description/share/sam_bot_description/local_setup.bash\n'}
[0.150866] (navigation_) StdoutLine: {'line': b'-- Install configuration: ""\n'}
[0.150945] (sam_bot_description) StdoutLine: {'line': b'-- Up-to-date: /home/catia/ros2_ws/install/sam_bot_description/share/sam_bot_description/local_setup.sh\n'}
[0.150992] (sam_bot_description) StdoutLine: {'line': b'-- Up-to-date: /home/catia/ros2_ws/install/sam_bot_description/share/sam_bot_description/local_setup.zsh\n'}
[0.151054] (sam_bot_description) StdoutLine: {'line': b'-- Up-to-date: /home/catia/ros2_ws/install/sam_bot_description/share/sam_bot_description/local_setup.dsv\n'}
[0.151162] (sam_bot_description) StdoutLine: {'line': b'-- Installing: /home/catia/ros2_ws/install/sam_bot_description/share/sam_bot_description/package.dsv\n'}
[0.151259] (sam_bot_description) StdoutLine: {'line': b'-- Up-to-date: /home/catia/ros2_ws/install/sam_bot_description/share/ament_index/resource_index/packages/sam_bot_description\n'}
[0.151347] (sam_bot_description) StdoutLine: {'line': b'-- Up-to-date: /home/catia/ros2_ws/install/sam_bot_description/share/sam_bot_description/cmake/sam_bot_descriptionConfig.cmake\n'}
[0.151400] (sam_bot_description) StdoutLine: {'line': b'-- Up-to-date: /home/catia/ros2_ws/install/sam_bot_description/share/sam_bot_description/cmake/sam_bot_descriptionConfig-version.cmake\n'}
[0.151445] (sam_bot_description) StdoutLine: {'line': b'-- Up-to-date: /home/catia/ros2_ws/install/sam_bot_description/share/sam_bot_description/package.xml\n'}
[0.151491] (navigation_) StdoutLine: {'line': b'-- Up-to-date: /home/catia/ros2_ws/install/navigation_/lib/navigation_/pub_occupancy_grid\n'}
[0.151659] (navigation_) StdoutLine: {'line': b'-- Up-to-date: /home/catia/ros2_ws/install/navigation_/lib/navigation_/laserScan_\n'}
[0.152043] (navigation_) StdoutLine: {'line': b'-- Up-to-date: /home/catia/ros2_ws/install/navigation_/lib/navigation_/mobile_base\n'}
[0.152415] (sam_bot_description) CommandEnded: {'returncode': 0}
[0.153106] (navigation_) StdoutLine: {'line': b'-- Up-to-date: /home/catia/ros2_ws/install/navigation_/lib/navigation_/tf_node\n'}
[0.153388] (navigation_) StdoutLine: {'line': b'-- Up-to-date: /home/catia/ros2_ws/install/navigation_/lib/navigation_/ipose\n'}
[0.153562] (navigation_) StdoutLine: {'line': b'-- Up-to-date: /home/catia/ros2_ws/install/navigation_/share/navigation_/launch\n'}
[0.153838] (navigation_) StdoutLine: {'line': b'-- Up-to-date: /home/catia/ros2_ws/install/navigation_/share/navigation_/launch/nav2_launch.py\n'}
[0.153961] (navigation_) StdoutLine: {'line': b'-- Up-to-date: /home/catia/ros2_ws/install/navigation_/share/navigation_/launch/mapping_launch copy.py\n'}
[0.154067] (navigation_) StdoutLine: {'line': b'-- Up-to-date: /home/catia/ros2_ws/install/navigation_/share/navigation_/launch/nav_launch.py\n'}
[0.154118] (navigation_) StdoutLine: {'line': b'-- Up-to-date: /home/catia/ros2_ws/install/navigation_/share/navigation_/launch/mapping_launch.py\n'}
[0.154165] (navigation_) StdoutLine: {'line': b'-- Up-to-date: /home/catia/ros2_ws/install/navigation_/share/navigation_/config\n'}
[0.154349] (navigation_) StdoutLine: {'line': b'-- Up-to-date: /home/catia/ros2_ws/install/navigation_/share/navigation_/config/cappero_laser_odom_diag_2020-05-06-16-26-03.yaml\n'}
[0.154410] (navigation_) StdoutLine: {'line': b'-- Up-to-date: /home/catia/ros2_ws/install/navigation_/share/navigation_/config/capperlo_lase_odom_diag_2020-05-06-16-26-03.world\n'}
[0.154456] (navigation_) StdoutLine: {'line': b'-- Up-to-date: /home/catia/ros2_ws/install/navigation_/share/navigation_/config/prova.rviz\n'}
[0.154649] (navigation_) StdoutLine: {'line': b'-- Up-to-date: /home/catia/ros2_ws/install/navigation_/share/navigation_/config/diag.rviz\n'}
[0.154741] (navigation_) StdoutLine: {'line': b'-- Up-to-date: /home/catia/ros2_ws/install/navigation_/share/navigation_/config/MyMapTexture.material\n'}
[0.154953] (navigation_) StdoutLine: {'line': b'-- Up-to-date: /home/catia/ros2_ws/install/navigation_/share/navigation_/config/diag1.rviz\n'}
[0.155135] (navigation_) StdoutLine: {'line': b'-- Up-to-date: /home/catia/ros2_ws/install/navigation_/share/navigation_/config/nav2_param.yaml\n'}
[0.155237] (navigation_) StdoutLine: {'line': b'-- Up-to-date: /home/catia/ros2_ws/install/navigation_/share/navigation_/config/robot.urdf\n'}
[0.155418] (navigation_) StdoutLine: {'line': b'-- Up-to-date: /home/catia/ros2_ws/install/navigation_/share/navigation_/config/cappero_laser_odom_diag_2020-05-06-16-26-03.png\n'}
[0.155487] (navigation_) StdoutLine: {'line': b'-- Up-to-date: /home/catia/ros2_ws/install/navigation_/share/navigation_/config/urdf_config.rviz\n'}
[0.155537] (navigation_) StdoutLine: {'line': b'-- Up-to-date: /home/catia/ros2_ws/install/navigation_/share/navigation_/config/default.rviz\n'}
[0.155606] (navigation_) StdoutLine: {'line': b'-- Up-to-date: /home/catia/ros2_ws/install/navigation_/share/ament_index/resource_index/package_run_dependencies/navigation_\n'}
[0.155694] (navigation_) StdoutLine: {'line': b'-- Up-to-date: /home/catia/ros2_ws/install/navigation_/share/ament_index/resource_index/parent_prefix_path/navigation_\n'}
[0.155876] (navigation_) StdoutLine: {'line': b'-- Up-to-date: /home/catia/ros2_ws/install/navigation_/share/navigation_/environment/ament_prefix_path.sh\n'}
[0.155972] (navigation_) StdoutLine: {'line': b'-- Up-to-date: /home/catia/ros2_ws/install/navigation_/share/navigation_/environment/ament_prefix_path.dsv\n'}
[0.156053] (navigation_) StdoutLine: {'line': b'-- Up-to-date: /home/catia/ros2_ws/install/navigation_/share/navigation_/environment/path.sh\n'}
[0.156281] (navigation_) StdoutLine: {'line': b'-- Up-to-date: /home/catia/ros2_ws/install/navigation_/share/navigation_/environment/path.dsv\n'}
[0.156357] (navigation_) StdoutLine: {'line': b'-- Up-to-date: /home/catia/ros2_ws/install/navigation_/share/navigation_/local_setup.bash\n'}
[0.156430] (navigation_) StdoutLine: {'line': b'-- Up-to-date: /home/catia/ros2_ws/install/navigation_/share/navigation_/local_setup.sh\n'}
[0.156513] (navigation_) StdoutLine: {'line': b'-- Up-to-date: /home/catia/ros2_ws/install/navigation_/share/navigation_/local_setup.zsh\n'}
[0.156583] (navigation_) StdoutLine: {'line': b'-- Up-to-date: /home/catia/ros2_ws/install/navigation_/share/navigation_/local_setup.dsv\n'}
[0.156655] (navigation_) StdoutLine: {'line': b'-- Installing: /home/catia/ros2_ws/install/navigation_/share/navigation_/package.dsv\n'}
[0.156744] (navigation_) StdoutLine: {'line': b'-- Up-to-date: /home/catia/ros2_ws/install/navigation_/share/ament_index/resource_index/packages/navigation_\n'}
[0.156903] (navigation_) StdoutLine: {'line': b'-- Up-to-date: /home/catia/ros2_ws/install/navigation_/share/navigation_/cmake/navigation_Config.cmake\n'}
[0.156955] (navigation_) StdoutLine: {'line': b'-- Up-to-date: /home/catia/ros2_ws/install/navigation_/share/navigation_/cmake/navigation_Config-version.cmake\n'}
[0.157001] (navigation_) StdoutLine: {'line': b'-- Up-to-date: /home/catia/ros2_ws/install/navigation_/share/navigation_/package.xml\n'}
[0.166995] (navigation_) CommandEnded: {'returncode': 0}
[0.188003] (sam_bot_description) JobEnded: {'identifier': 'sam_bot_description', 'rc': 0}
[0.199915] (-) TimerEvent: {}
[0.200696] (navigation_) JobEnded: {'identifier': 'navigation_', 'rc': 0}
[0.201315] (-) EventReactorShutdown: {}
