[0.009s] Invoking command in '/home/catia/ros2_ws/build/navigation_': CMAKE_PREFIX_PATH=${CMAKE_PREFIX_PATH}:/opt/ros/humble /usr/bin/cmake --build /home/catia/ros2_ws/build/navigation_ -- -j8 -l8
[0.042s] [35m[1mConsolidate compiler generated dependencies of target tf_node[0m
[0.052s] [ 25%] Built target mobile_base
[0.054s] [ 75%] Built target pub_occupancy_grid
[0.054s] [ 75%] Built target laserScan_
[0.057s] [ 87%] [32mBuilding CXX object CMakeFiles/tf_node.dir/src/tf_node.cpp.o[0m
[0.217s] [01m[K/home/catia/ros2_ws/src/navigation_/src/tf_node.cpp:13:9:[m[K [01;35m[Kwarning: [m[Kmissing terminating " character
[0.217s]    13 |         [01;35m[K"[m[Kodom_subscriber_ = this->create_subscription<nav_msgs::msg::Odometry>(
[0.217s]       |         [01;35m[K^[m[K
[0.217s] [01m[K/home/catia/ros2_ws/src/navigation_/src/tf_node.cpp:13:9:[m[K [01;31m[Kerror: [m[Kmissing terminating " character
[0.217s]    13 |         [01;31m[K"odom_subscriber_ = this->create_subscription<nav_msgs::msg::Odometry>([m[K
[0.217s]       |         [01;31m[K^~~~~~~~~~~~~~~~~~~~~~~~~~~~~~~~~~~~~~~~~~~~~~~~~~~~~~~~~~~~~~~~~~~~~~~[m[K
[0.217s] [01m[K/home/catia/ros2_ws/src/navigation_/src/tf_node.cpp:14:108:[m[K [01;35m[Kwarning: [m[Kmissing terminating " character
[0.217s]    14 |             "/odom", 10, std::bind(&TransformBroadcasterNode::odom_callback, this, std::placeholders::_1));[01;35m[K"[m[K
[0.217s]       |                                                                                                            [01;35m[K^[m[K
[0.217s] [01m[K/home/catia/ros2_ws/src/navigation_/src/tf_node.cpp:14:108:[m[K [01;31m[Kerror: [m[Kmissing terminating " character
[0.217s] [01m[K/home/catia/ros2_ws/src/navigation_/src/tf_node.cpp:28:5:[m[K [01;35m[Kwarning: [m[Kmissing terminating " character
[0.217s]    28 |     [01;35m[K"[m[Kvoid odom_callback(const nav_msgs::msg::Odometry::SharedPtr msg) {
[0.217s]       |     [01;35m[K^[m[K
[0.217s] [01m[K/home/catia/ros2_ws/src/navigation_/src/tf_node.cpp:28:5:[m[K [01;31m[Kerror: [m[Kmissing terminating " character
[0.217s]    28 |     [01;31m[K"void odom_callback(const nav_msgs::msg::Odometry::SharedPtr msg) {[m[K
[0.217s]       |     [01;31m[K^~~~~~~~~~~~~~~~~~~~~~~~~~~~~~~~~~~~~~~~~~~~~~~~~~~~~~~~~~~~~~~~~~~[m[K
[0.217s] [01m[K/home/catia/ros2_ws/src/navigation_/src/tf_node.cpp:41:6:[m[K [01;35m[Kwarning: [m[Kmissing terminating " character
[0.217s]    41 |     }[01;35m[K"[m[K
[0.217s]       |      [01;35m[K^[m[K
[0.217s] [01m[K/home/catia/ros2_ws/src/navigation_/src/tf_node.cpp:41:6:[m[K [01;31m[Kerror: [m[Kmissing terminating " character
[1.861s] [01m[K/home/catia/ros2_ws/src/navigation_/src/tf_node.cpp:31:9:[m[K [01;31m[Kerror: [m[K‘[01m[Kodom_to_base[m[K’ does not name a type
[1.861s]    31 |         [01;31m[Kodom_to_base[m[K.header.stamp = this->get_clock()->now();
[1.861s]       |         [01;31m[K^~~~~~~~~~~~[m[K
[1.863s] [01m[K/home/catia/ros2_ws/src/navigation_/src/tf_node.cpp:32:9:[m[K [01;31m[Kerror: [m[K‘[01m[Kodom_to_base[m[K’ does not name a type
[1.863s]    32 |         [01;31m[Kodom_to_base[m[K.header.frame_id = "odom";
[1.863s]       |         [01;31m[K^~~~~~~~~~~~[m[K
[1.865s] [01m[K/home/catia/ros2_ws/src/navigation_/src/tf_node.cpp:33:9:[m[K [01;31m[Kerror: [m[K‘[01m[Kodom_to_base[m[K’ does not name a type
[1.865s]    33 |         [01;31m[Kodom_to_base[m[K.child_frame_id = "base_link";
[1.865s]       |         [01;31m[K^~~~~~~~~~~~[m[K
[1.867s] [01m[K/home/catia/ros2_ws/src/navigation_/src/tf_node.cpp:35:9:[m[K [01;31m[Kerror: [m[K‘[01m[Kodom_to_base[m[K’ does not name a type
[1.867s]    35 |         [01;31m[Kodom_to_base[m[K.transform.translation.x = msg->pose.pose.position.x;
[1.867s]       |         [01;31m[K^~~~~~~~~~~~[m[K
[1.868s] [01m[K/home/catia/ros2_ws/src/navigation_/src/tf_node.cpp:36:9:[m[K [01;31m[Kerror: [m[K‘[01m[Kodom_to_base[m[K’ does not name a type
[1.869s]    36 |         [01;31m[Kodom_to_base[m[K.transform.translation.y = msg->pose.pose.position.y;
[1.869s]       |         [01;31m[K^~~~~~~~~~~~[m[K
[1.870s] [01m[K/home/catia/ros2_ws/src/navigation_/src/tf_node.cpp:37:9:[m[K [01;31m[Kerror: [m[K‘[01m[Kodom_to_base[m[K’ does not name a type
[1.870s]    37 |         [01;31m[Kodom_to_base[m[K.transform.translation.z = msg->pose.pose.position.z;
[1.870s]       |         [01;31m[K^~~~~~~~~~~~[m[K
[1.872s] [01m[K/home/catia/ros2_ws/src/navigation_/src/tf_node.cpp:38:9:[m[K [01;31m[Kerror: [m[K‘[01m[Kodom_to_base[m[K’ does not name a type
[1.872s]    38 |         [01;31m[Kodom_to_base[m[K.transform.rotation = msg->pose.pose.orientation;
[1.872s]       |         [01;31m[K^~~~~~~~~~~~[m[K
[1.874s] [01m[K/home/catia/ros2_ws/src/navigation_/src/tf_node.cpp:40:9:[m[K [01;31m[Kerror: [m[K‘[01m[Kbroadcaster_[m[K’ does not name a type
[1.874s]    40 |         [01;31m[Kbroadcaster_[m[K->sendTransform(odom_to_base);
[1.874s]       |         [01;31m[K^~~~~~~~~~~~[m[K
[1.874s] [01m[K/home/catia/ros2_ws/src/navigation_/src/tf_node.cpp:41:6:[m[K [01;31m[Kerror: [m[Kexpected ‘[01m[K;[m[K’ after class definition
[1.874s]    41 |     }[01;31m[K"[m[K
[1.874s]       |      [01;31m[K^[m[K
[1.874s]       |      [32m[K;[m[K
[1.881s] [01m[K/home/catia/ros2_ws/src/navigation_/src/tf_node.cpp:[m[K In constructor ‘[01m[KTransformBroadcasterNode::TransformBroadcasterNode()[m[K’:
[1.881s] [01m[K/home/catia/ros2_ws/src/navigation_/src/tf_node.cpp:10:9:[m[K [01;31m[Kerror: [m[K‘[01m[Kbroadcaster_[m[K’ was not declared in this scope
[1.881s]    10 |         [01;31m[Kbroadcaster_[m[K = std::make_shared<tf2_ros::TransformBroadcaster>(this);
[1.881s]       |         [01;31m[K^~~~~~~~~~~~[m[K
[1.883s] [01m[K/home/catia/ros2_ws/src/navigation_/src/tf_node.cpp:14:13:[m[K [01;35m[Kwarning: [m[Kleft operand of comma operator has no effect [[01;35m[K]8;;https://gcc.gnu.org/onlinedocs/gcc/Warning-Options.html#index-Wunused-value-Wunused-value]8;;[m[K]
[1.883s]    14 |             [01;35m[K"/odom"[m[K, 10, std::bind(&TransformBroadcasterNode::odom_callback, this, std::placeholders::_1));"
[1.883s]       |             [01;35m[K^~~~~~~[m[K
[1.883s] [01m[K/home/catia/ros2_ws/src/navigation_/src/tf_node.cpp:14:63:[m[K [01;31m[Kerror: [m[K‘[01m[Kodom_callback[m[K’ is not a member of ‘[01m[KTransformBroadcasterNode[m[K’
[1.883s]    14 |             "/odom", 10, std::bind(&TransformBroadcasterNode::[01;31m[Kodom_callback[m[K, this, std::placeholders::_1));"
[1.883s]       |                                                               [01;31m[K^~~~~~~~~~~~~[m[K
[1.891s] [01m[K/home/catia/ros2_ws/src/navigation_/src/tf_node.cpp:16:9:[m[K [01;31m[Kerror: [m[K‘[01m[Kbase_subscriber_[m[K’ was not declared in this scope
[1.891s]    16 |         [01;31m[Kbase_subscriber_[m[K = this->create_subscription<nav_msgs::msg::Odometry>(
[1.892s]       |         [01;31m[K^~~~~~~~~~~~~~~~[m[K
[1.892s] [01m[K/home/catia/ros2_ws/src/navigation_/src/tf_node.cpp:17:67:[m[K [01;31m[Kerror: [m[K‘[01m[Kbase_callback[m[K’ is not a member of ‘[01m[KTransformBroadcasterNode[m[K’
[1.892s]    17 |             "/base_pub", 10, std::bind(&TransformBroadcasterNode::[01;31m[Kbase_callback[m[K, this, std::placeholders::_1));
[1.892s]       |                                                                   [01;31m[K^~~~~~~~~~~~~[m[K
[1.896s] [01m[K/home/catia/ros2_ws/src/navigation_/src/tf_node.cpp:20:9:[m[K [01;31m[Kerror: [m[K‘[01m[Ktimer_[m[K’ was not declared in this scope; did you mean ‘[01m[Ktimer_t[m[K’?
[1.896s]    20 |         [01;31m[Ktimer_[m[K = this->create_wall_timer(
[1.896s]       |         [01;31m[K^~~~~~[m[K
[1.896s]       |         [32m[Ktimer_t[m[K
[1.896s] [01m[K/home/catia/ros2_ws/src/navigation_/src/tf_node.cpp:22:50:[m[K [01;31m[Kerror: [m[K‘[01m[Kpublish_map_to_odom[m[K’ is not a member of ‘[01m[KTransformBroadcasterNode[m[K’
[1.896s]    22 |             std::bind(&TransformBroadcasterNode::[01;31m[Kpublish_map_to_odom[m[K, this));
[1.896s]       |                                                  [01;31m[K^~~~~~~~~~~~~~~~~~~[m[K
[1.905s] [01m[K/home/catia/ros2_ws/src/navigation_/src/tf_node.cpp:24:9:[m[K [01;31m[Kerror: [m[K‘[01m[Kpublish_base_to_laser[m[K’ was not declared in this scope
[1.905s]    24 |         [01;31m[Kpublish_base_to_laser[m[K();
[1.905s]       |         [01;31m[K^~~~~~~~~~~~~~~~~~~~~[m[K
[1.908s] [01m[K/home/catia/ros2_ws/src/navigation_/src/tf_node.cpp:[m[K In function ‘[01m[Kvoid base_callback(nav_msgs::msg::Odometry_<std::allocator<void> >::SharedPtr)[m[K’:
[1.908s] [01m[K/home/catia/ros2_ws/src/navigation_/src/tf_node.cpp:45:38:[m[K [01;31m[Kerror: [m[Kinvalid use of ‘[01m[Kthis[m[K’ in non-member function
[1.908s]    45 |         base_to_laser.header.stamp = [01;31m[Kthis[m[K->get_clock()->now();
[1.908s]       |                                      [01;31m[K^~~~[m[K
[1.912s] [01m[K/home/catia/ros2_ws/src/navigation_/src/tf_node.cpp:61:9:[m[K [01;31m[Kerror: [m[K‘[01m[Kbroadcaster_[m[K’ was not declared in this scope
[1.913s]    61 |         [01;31m[Kbroadcaster_[m[K->sendTransform(base_to_laser);
[1.913s]       |         [01;31m[K^~~~~~~~~~~~[m[K
[1.913s] [01m[K/home/catia/ros2_ws/src/navigation_/src/tf_node.cpp:[m[K In function ‘[01m[Kvoid publish_map_to_odom()[m[K’:
[1.913s] [01m[K/home/catia/ros2_ws/src/navigation_/src/tf_node.cpp:67:36:[m[K [01;31m[Kerror: [m[Kinvalid use of ‘[01m[Kthis[m[K’ in non-member function
[1.913s]    67 |         map_to_odom.header.stamp = [01;31m[Kthis[m[K->get_clock()->now();
[1.913s]       |                                    [01;31m[K^~~~[m[K
[1.917s] [01m[K/home/catia/ros2_ws/src/navigation_/src/tf_node.cpp:82:9:[m[K [01;31m[Kerror: [m[K‘[01m[Kbroadcaster_[m[K’ was not declared in this scope
[1.917s]    82 |         [01;31m[Kbroadcaster_[m[K->sendTransform(map_to_odom);
[1.917s]       |         [01;31m[K^~~~~~~~~~~~[m[K
[1.917s] [01m[K/home/catia/ros2_ws/src/navigation_/src/tf_node.cpp:[m[K In function ‘[01m[Kvoid publish_base_to_laser()[m[K’:
[1.917s] [01m[K/home/catia/ros2_ws/src/navigation_/src/tf_node.cpp:88:38:[m[K [01;31m[Kerror: [m[Kinvalid use of ‘[01m[Kthis[m[K’ in non-member function
[1.917s]    88 |         base_to_laser.header.stamp = [01;31m[Kthis[m[K->get_clock()->now();
[1.917s]       |                                      [01;31m[K^~~~[m[K
[1.921s] [01m[K/home/catia/ros2_ws/src/navigation_/src/tf_node.cpp:103:9:[m[K [01;31m[Kerror: [m[K‘[01m[Kbroadcaster_[m[K’ was not declared in this scope
[1.921s]   103 |         [01;31m[Kbroadcaster_[m[K->sendTransform(base_to_laser);
[1.921s]       |         [01;31m[K^~~~~~~~~~~~[m[K
[1.922s] [01m[K/home/catia/ros2_ws/src/navigation_/src/tf_node.cpp:[m[K In function ‘[01m[Kvoid publish_odom_to_base()[m[K’:
[1.922s] [01m[K/home/catia/ros2_ws/src/navigation_/src/tf_node.cpp:107:37:[m[K [01;31m[Kerror: [m[Kinvalid use of ‘[01m[Kthis[m[K’ in non-member function
[1.922s]   107 |         odom_to_base.header.stamp = [01;31m[Kthis[m[K->get_clock()->now();
[1.922s]       |                                     [01;31m[K^~~~[m[K
[1.924s] [01m[K/home/catia/ros2_ws/src/navigation_/src/tf_node.cpp:112:48:[m[K [01;31m[Kerror: [m[K‘[01m[Kx_[m[K’ was not declared in this scope
[1.924s]   112 |         odom_to_base.transform.translation.x = [01;31m[Kx_[m[K;
[1.924s]       |                                                [01;31m[K^~[m[K
[1.926s] [01m[K/home/catia/ros2_ws/src/navigation_/src/tf_node.cpp:113:48:[m[K [01;31m[Kerror: [m[K‘[01m[Ky_[m[K’ was not declared in this scope; did you mean ‘[01m[Kyn[m[K’?
[1.926s]   113 |         odom_to_base.transform.translation.y = [01;31m[Ky_[m[K;
[1.927s]       |                                                [01;31m[K^~[m[K
[1.927s]       |                                                [32m[Kyn[m[K
[1.929s] [01m[K/home/catia/ros2_ws/src/navigation_/src/tf_node.cpp:116:24:[m[K [01;31m[Kerror: [m[K‘[01m[Ktheta_[m[K’ was not declared in this scope
[1.929s]   116 |         q.setRPY(0, 0, [01;31m[Ktheta_[m[K);
[1.929s]       |                        [01;31m[K^~~~~~[m[K
[1.935s] [01m[K/home/catia/ros2_ws/src/navigation_/src/tf_node.cpp:122:9:[m[K [01;31m[Kerror: [m[K‘[01m[Ktransform_broadcaster_[m[K’ was not declared in this scope; did you mean ‘[01m[KTransformBroadcasterNode[m[K’?
[1.935s]   122 |         [01;31m[Ktransform_broadcaster_[m[K->sendTransform(odom_to_base);
[1.935s]       |         [01;31m[K^~~~~~~~~~~~~~~~~~~~~~[m[K
[1.935s]       |         [32m[KTransformBroadcasterNode[m[K
[1.967s] [01m[K/home/catia/ros2_ws/src/navigation_/src/tf_node.cpp:[m[K At global scope:
[1.967s] [01m[K/home/catia/ros2_ws/src/navigation_/src/tf_node.cpp:129:1:[m[K [01;31m[Kerror: [m[Kexpected declaration before ‘[01m[K}[m[K’ token
[1.967s]   129 | [01;31m[K}[m[K;
[1.967s]       | [01;31m[K^[m[K
[2.521s] gmake[2]: *** [CMakeFiles/tf_node.dir/build.make:76: CMakeFiles/tf_node.dir/src/tf_node.cpp.o] Error 1
[2.522s] gmake[1]: *** [CMakeFiles/Makefile2:221: CMakeFiles/tf_node.dir/all] Error 2
[2.522s] gmake: *** [Makefile:146: all] Error 2
[2.524s] Invoked command in '/home/catia/ros2_ws/build/navigation_' returned '2': CMAKE_PREFIX_PATH=${CMAKE_PREFIX_PATH}:/opt/ros/humble /usr/bin/cmake --build /home/catia/ros2_ws/build/navigation_ -- -j8 -l8
