[0.000000] (-) TimerEvent: {}
[0.000854] (navigation_) JobQueued: {'identifier': 'navigation_', 'dependencies': OrderedDict()}
[0.000890] (navigation_) JobStarted: {'identifier': 'navigation_'}
[0.006948] (navigation_) JobProgress: {'identifier': 'navigation_', 'progress': 'cmake'}
[0.007587] (navigation_) JobProgress: {'identifier': 'navigation_', 'progress': 'build'}
[0.008163] (navigation_) Command: {'cmd': ['/usr/bin/cmake', '--build', '/home/catia/ros2_ws/build/navigation_', '--', '-j8', '-l8'], 'cwd': '/home/catia/ros2_ws/build/navigation_', 'env': OrderedDict([('USER', 'catia'), ('LC_TIME', 'it_IT.UTF-8'), ('XDG_SESSION_TYPE', 'wayland'), ('SHLVL', '1'), ('LD_LIBRARY_PATH', '/usr/lib/x86_64-linux-gnu/gazebo-11/plugins:/opt/ros/humble/opt/rviz_ogre_vendor/lib:/opt/ros/humble/lib/x86_64-linux-gnu:/opt/ros/humble/lib'), ('HOME', '/home/catia'), ('OLDPWD', '/home/catia'), ('DESKTOP_SESSION', 'ubuntu'), ('ROS_PYTHON_VERSION', '3'), ('GNOME_SHELL_SESSION_MODE', 'ubuntu'), ('GTK_MODULES', 'gail:atk-bridge'), ('LC_MONETARY', 'it_IT.UTF-8'), ('SYSTEMD_EXEC_PID', '1684'), ('DBUS_SESSION_BUS_ADDRESS', 'unix:path=/run/user/1000/bus'), ('COLORTERM', 'truecolor'), ('IM_CONFIG_PHASE', '1'), ('WAYLAND_DISPLAY', 'wayland-0'), ('COLCON_PREFIX_PATH', '/home/catia/ros2_ws/install'), ('ROS_DISTRO', 'humble'), ('LOGNAME', 'catia'), ('_', '/usr/bin/colcon'), ('ROS_VERSION', '2'), ('XDG_SESSION_CLASS', 'user'), ('USERNAME', 'catia'), ('TERM', 'xterm-256color'), ('GNOME_DESKTOP_SESSION_ID', 'this-is-deprecated'), ('ROS_LOCALHOST_ONLY', '0'), ('PATH', '/opt/ros/humble/bin:/usr/local/sbin:/usr/local/bin:/usr/sbin:/usr/bin:/sbin:/bin:/usr/games:/usr/local/games:/snap/bin:/snap/bin'), ('SESSION_MANAGER', 'local/cat:@/tmp/.ICE-unix/1491,unix/cat:/tmp/.ICE-unix/1491'), ('XDG_MENU_PREFIX', 'gnome-'), ('LC_ADDRESS', 'it_IT.UTF-8'), ('GNOME_TERMINAL_SCREEN', '/org/gnome/Terminal/screen/76b397fb_c1b5_44a1_999c_cf0b5bd3a99b'), ('GNOME_SETUP_DISPLAY', ':1'), ('XDG_RUNTIME_DIR', '/run/user/1000'), ('DISPLAY', ':0'), ('LANG', 'en_US.UTF-8'), ('XDG_CURRENT_DESKTOP', 'ubuntu:GNOME'), ('LC_TELEPHONE', 'it_IT.UTF-8'), ('XMODIFIERS', '@im=ibus'), ('XDG_SESSION_DESKTOP', 'ubuntu'), ('XAUTHORITY', '/run/user/1000/.mutter-Xwaylandauth.3Q0XT2'), ('GNOME_TERMINAL_SERVICE', ':1.245'), ('SSH_AGENT_LAUNCHER', 'gnome-keyring'), ('SSH_AUTH_SOCK', '/run/user/1000/keyring/ssh'), ('AMENT_PREFIX_PATH', '/home/catia/ros2_ws/install/nodes:/home/catia/ros2_ws/install/navigation_:/opt/ros/humble'), ('SHELL', '/bin/bash'), ('LC_NAME', 'it_IT.UTF-8'), ('QT_ACCESSIBILITY', '1'), ('GDMSESSION', 'ubuntu'), ('LC_MEASUREMENT', 'it_IT.UTF-8'), ('LC_IDENTIFICATION', 'it_IT.UTF-8'), ('QT_IM_MODULE', 'ibus'), ('PWD', '/home/catia/ros2_ws/build/navigation_'), ('TURTLEBOT3_MODEL', 'waffle'), ('LC_ALL', 'en_US.UTF-8'), ('XDG_CONFIG_DIRS', '/etc/xdg/xdg-ubuntu:/etc/xdg'), ('XDG_DATA_DIRS', '/usr/share/ubuntu:/usr/local/share/:/usr/share/:/var/lib/snapd/desktop'), ('PYTHONPATH', '/opt/ros/humble/lib/python3.10/site-packages:/opt/ros/humble/local/lib/python3.10/dist-packages'), ('LC_NUMERIC', 'it_IT.UTF-8'), ('LC_PAPER', 'it_IT.UTF-8'), ('COLCON', '1'), ('VTE_VERSION', '6800'), ('CMAKE_PREFIX_PATH', '/home/catia/ros2_ws/install/nodes:/home/catia/ros2_ws/install/navigation_:/opt/ros/humble')]), 'shell': False}
[0.055825] (navigation_) StdoutLine: {'line': b'[ 25%] Built target tf_node\n'}
[0.057556] (navigation_) StdoutLine: {'line': b'[ 50%] Built target pub_occupancy_grid\n'}
[0.058103] (navigation_) StdoutLine: {'line': b'[ 75%] Built target mobile_base\n'}
[0.060733] (navigation_) StdoutLine: {'line': b'[100%] Built target laserScan_\n'}
[0.069290] (navigation_) CommandEnded: {'returncode': 0}
[0.094671] (navigation_) JobProgress: {'identifier': 'navigation_', 'progress': 'install'}
[0.099878] (-) TimerEvent: {}
[0.101525] (navigation_) Command: {'cmd': ['/usr/bin/cmake', '--install', '/home/catia/ros2_ws/build/navigation_'], 'cwd': '/home/catia/ros2_ws/build/navigation_', 'env': OrderedDict([('USER', 'catia'), ('LC_TIME', 'it_IT.UTF-8'), ('XDG_SESSION_TYPE', 'wayland'), ('SHLVL', '1'), ('LD_LIBRARY_PATH', '/usr/lib/x86_64-linux-gnu/gazebo-11/plugins:/opt/ros/humble/opt/rviz_ogre_vendor/lib:/opt/ros/humble/lib/x86_64-linux-gnu:/opt/ros/humble/lib'), ('HOME', '/home/catia'), ('OLDPWD', '/home/catia'), ('DESKTOP_SESSION', 'ubuntu'), ('ROS_PYTHON_VERSION', '3'), ('GNOME_SHELL_SESSION_MODE', 'ubuntu'), ('GTK_MODULES', 'gail:atk-bridge'), ('LC_MONETARY', 'it_IT.UTF-8'), ('SYSTEMD_EXEC_PID', '1684'), ('DBUS_SESSION_BUS_ADDRESS', 'unix:path=/run/user/1000/bus'), ('COLORTERM', 'truecolor'), ('IM_CONFIG_PHASE', '1'), ('WAYLAND_DISPLAY', 'wayland-0'), ('COLCON_PREFIX_PATH', '/home/catia/ros2_ws/install'), ('ROS_DISTRO', 'humble'), ('LOGNAME', 'catia'), ('_', '/usr/bin/colcon'), ('ROS_VERSION', '2'), ('XDG_SESSION_CLASS', 'user'), ('USERNAME', 'catia'), ('TERM', 'xterm-256color'), ('GNOME_DESKTOP_SESSION_ID', 'this-is-deprecated'), ('ROS_LOCALHOST_ONLY', '0'), ('PATH', '/opt/ros/humble/bin:/usr/local/sbin:/usr/local/bin:/usr/sbin:/usr/bin:/sbin:/bin:/usr/games:/usr/local/games:/snap/bin:/snap/bin'), ('SESSION_MANAGER', 'local/cat:@/tmp/.ICE-unix/1491,unix/cat:/tmp/.ICE-unix/1491'), ('XDG_MENU_PREFIX', 'gnome-'), ('LC_ADDRESS', 'it_IT.UTF-8'), ('GNOME_TERMINAL_SCREEN', '/org/gnome/Terminal/screen/76b397fb_c1b5_44a1_999c_cf0b5bd3a99b'), ('GNOME_SETUP_DISPLAY', ':1'), ('XDG_RUNTIME_DIR', '/run/user/1000'), ('DISPLAY', ':0'), ('LANG', 'en_US.UTF-8'), ('XDG_CURRENT_DESKTOP', 'ubuntu:GNOME'), ('LC_TELEPHONE', 'it_IT.UTF-8'), ('XMODIFIERS', '@im=ibus'), ('XDG_SESSION_DESKTOP', 'ubuntu'), ('XAUTHORITY', '/run/user/1000/.mutter-Xwaylandauth.3Q0XT2'), ('GNOME_TERMINAL_SERVICE', ':1.245'), ('SSH_AGENT_LAUNCHER', 'gnome-keyring'), ('SSH_AUTH_SOCK', '/run/user/1000/keyring/ssh'), ('AMENT_PREFIX_PATH', '/home/catia/ros2_ws/install/nodes:/home/catia/ros2_ws/install/navigation_:/opt/ros/humble'), ('SHELL', '/bin/bash'), ('LC_NAME', 'it_IT.UTF-8'), ('QT_ACCESSIBILITY', '1'), ('GDMSESSION', 'ubuntu'), ('LC_MEASUREMENT', 'it_IT.UTF-8'), ('LC_IDENTIFICATION', 'it_IT.UTF-8'), ('QT_IM_MODULE', 'ibus'), ('PWD', '/home/catia/ros2_ws/build/navigation_'), ('TURTLEBOT3_MODEL', 'waffle'), ('LC_ALL', 'en_US.UTF-8'), ('XDG_CONFIG_DIRS', '/etc/xdg/xdg-ubuntu:/etc/xdg'), ('XDG_DATA_DIRS', '/usr/share/ubuntu:/usr/local/share/:/usr/share/:/var/lib/snapd/desktop'), ('PYTHONPATH', '/opt/ros/humble/lib/python3.10/site-packages:/opt/ros/humble/local/lib/python3.10/dist-packages'), ('LC_NUMERIC', 'it_IT.UTF-8'), ('LC_PAPER', 'it_IT.UTF-8'), ('COLCON', '1'), ('VTE_VERSION', '6800'), ('CMAKE_PREFIX_PATH', '/home/catia/ros2_ws/install/nodes:/home/catia/ros2_ws/install/navigation_:/opt/ros/humble')]), 'shell': False}
[0.108662] (navigation_) StdoutLine: {'line': b'-- Install configuration: ""\n'}
[0.108877] (navigation_) StdoutLine: {'line': b'-- Up-to-date: /home/catia/ros2_ws/install/navigation_/lib/navigation_/pub_occupancy_grid\n'}
[0.109191] (navigation_) StdoutLine: {'line': b'-- Up-to-date: /home/catia/ros2_ws/install/navigation_/lib/navigation_/laserScan_\n'}
[0.109509] (navigation_) StdoutLine: {'line': b'-- Up-to-date: /home/catia/ros2_ws/install/navigation_/lib/navigation_/mobile_base\n'}
[0.109830] (navigation_) StdoutLine: {'line': b'-- Up-to-date: /home/catia/ros2_ws/install/navigation_/lib/navigation_/tf_node\n'}
[0.110094] (navigation_) StdoutLine: {'line': b'-- Up-to-date: /home/catia/ros2_ws/install/navigation_/share/navigation_/launch\n'}
[0.110206] (navigation_) StdoutLine: {'line': b'-- Up-to-date: /home/catia/ros2_ws/install/navigation_/share/navigation_/launch/nav_launch.py\n'}
[0.110286] (navigation_) StdoutLine: {'line': b'-- Installing: /home/catia/ros2_ws/install/navigation_/share/navigation_/launch/mapping_launch.py\n'}
[0.110390] (navigation_) StdoutLine: {'line': b'-- Up-to-date: /home/catia/ros2_ws/install/navigation_/share/navigation_/config\n'}
[0.110520] (navigation_) StdoutLine: {'line': b'-- Up-to-date: /home/catia/ros2_ws/install/navigation_/share/navigation_/config/cappero_laser_odom_diag_2020-05-06-16-26-03.yaml\n'}
[0.110605] (navigation_) StdoutLine: {'line': b'-- Up-to-date: /home/catia/ros2_ws/install/navigation_/share/navigation_/config/nav2_param.yaml\n'}
[0.110731] (navigation_) StdoutLine: {'line': b'-- Up-to-date: /home/catia/ros2_ws/install/navigation_/share/navigation_/config/cappero_laser_odom_diag_2020-05-06-16-26-03.png\n'}
[0.110888] (navigation_) StdoutLine: {'line': b'-- Up-to-date: /home/catia/ros2_ws/install/navigation_/share/navigation_/config/default.rviz\n'}
[0.110978] (navigation_) StdoutLine: {'line': b'-- Up-to-date: /home/catia/ros2_ws/install/navigation_/share/ament_index/resource_index/package_run_dependencies/navigation_\n'}
[0.111098] (navigation_) StdoutLine: {'line': b'-- Up-to-date: /home/catia/ros2_ws/install/navigation_/share/ament_index/resource_index/parent_prefix_path/navigation_\n'}
[0.111188] (navigation_) StdoutLine: {'line': b'-- Up-to-date: /home/catia/ros2_ws/install/navigation_/share/navigation_/environment/ament_prefix_path.sh\n'}
[0.111312] (navigation_) StdoutLine: {'line': b'-- Up-to-date: /home/catia/ros2_ws/install/navigation_/share/navigation_/environment/ament_prefix_path.dsv\n'}
[0.111400] (navigation_) StdoutLine: {'line': b'-- Up-to-date: /home/catia/ros2_ws/install/navigation_/share/navigation_/environment/path.sh\n'}
[0.111488] (navigation_) StdoutLine: {'line': b'-- Up-to-date: /home/catia/ros2_ws/install/navigation_/share/navigation_/environment/path.dsv\n'}
[0.111576] (navigation_) StdoutLine: {'line': b'-- Up-to-date: /home/catia/ros2_ws/install/navigation_/share/navigation_/local_setup.bash\n'}
[0.111762] (navigation_) StdoutLine: {'line': b'-- Up-to-date: /home/catia/ros2_ws/install/navigation_/share/navigation_/local_setup.sh\n'}
[0.111867] (navigation_) StdoutLine: {'line': b'-- Up-to-date: /home/catia/ros2_ws/install/navigation_/share/navigation_/local_setup.zsh\n'}
[0.111948] (navigation_) StdoutLine: {'line': b'-- Up-to-date: /home/catia/ros2_ws/install/navigation_/share/navigation_/local_setup.dsv\n'}
[0.112271] (navigation_) StdoutLine: {'line': b'-- Installing: /home/catia/ros2_ws/install/navigation_/share/navigation_/package.dsv\n'}
[0.112373] (navigation_) StdoutLine: {'line': b'-- Up-to-date: /home/catia/ros2_ws/install/navigation_/share/ament_index/resource_index/packages/navigation_\n'}
[0.112439] (navigation_) StdoutLine: {'line': b'-- Up-to-date: /home/catia/ros2_ws/install/navigation_/share/navigation_/cmake/navigation_Config.cmake\n'}
[0.112519] (navigation_) StdoutLine: {'line': b'-- Up-to-date: /home/catia/ros2_ws/install/navigation_/share/navigation_/cmake/navigation_Config-version.cmake\n'}
[0.112601] (navigation_) StdoutLine: {'line': b'-- Up-to-date: /home/catia/ros2_ws/install/navigation_/share/navigation_/package.xml\n'}
[0.113676] (navigation_) CommandEnded: {'returncode': 0}
[0.154949] (navigation_) JobEnded: {'identifier': 'navigation_', 'rc': 0}
[0.155403] (-) EventReactorShutdown: {}
