[0.000000] (-) TimerEvent: {}
[0.000339] (nodes) JobQueued: {'identifier': 'nodes', 'dependencies': OrderedDict()}
[0.000448] (nodes) JobStarted: {'identifier': 'nodes'}
[0.007710] (nodes) JobProgress: {'identifier': 'nodes', 'progress': 'cmake'}
[0.008199] (nodes) JobProgress: {'identifier': 'nodes', 'progress': 'build'}
[0.008727] (nodes) Command: {'cmd': ['/usr/bin/cmake', '--build', '/home/catia/ros2_ws/build/nodes', '--', '-j8', '-l8'], 'cwd': '/home/catia/ros2_ws/build/nodes', 'env': OrderedDict([('GJS_DEBUG_TOPICS', 'JS ERROR;JS LOG'), ('USER', 'catia'), ('LC_TIME', 'it_IT.UTF-8'), ('GIO_MODULE_DIR', '/home/catia/snap/code/common/.cache/gio-modules'), ('XDG_SESSION_TYPE', 'wayland'), ('GIT_ASKPASS', '/snap/code/167/usr/share/code/resources/app/extensions/git/dist/askpass.sh'), ('GTK_EXE_PREFIX_VSCODE_SNAP_ORIG', ''), ('GDK_BACKEND_VSCODE_SNAP_ORIG', ''), ('SHLVL', '1'), ('LD_LIBRARY_PATH', '/usr/lib/x86_64-linux-gnu/gazebo-11/plugins:/opt/ros/humble/opt/rviz_ogre_vendor/lib:/opt/ros/humble/lib/x86_64-linux-gnu:/opt/ros/humble/lib'), ('HOME', '/home/catia'), ('CHROME_DESKTOP', 'code-url-handler.desktop'), ('LOCPATH_VSCODE_SNAP_ORIG', ''), ('TERM_PROGRAM_VERSION', '1.92.2'), ('DESKTOP_SESSION', 'ubuntu'), ('GTK_PATH', '/snap/code/167/usr/lib/x86_64-linux-gnu/gtk-3.0'), ('GTK_IM_MODULE_FILE', '/home/catia/snap/code/common/.cache/immodules/immodules.cache'), ('GIO_LAUNCHED_DESKTOP_FILE', '/var/lib/snapd/desktop/applications/code_code.desktop'), ('ROS_PYTHON_VERSION', '3'), ('GNOME_SHELL_SESSION_MODE', 'ubuntu'), ('GTK_MODULES', 'gail:atk-bridge'), ('GSETTINGS_SCHEMA_DIR_VSCODE_SNAP_ORIG', ''), ('VSCODE_GIT_ASKPASS_MAIN', '/snap/code/167/usr/share/code/resources/app/extensions/git/dist/askpass-main.js'), ('LC_MONETARY', 'it_IT.UTF-8'), ('VSCODE_GIT_ASKPASS_NODE', '/snap/code/167/usr/share/code/code'), ('MANAGERPID', '1337'), ('SYSTEMD_EXEC_PID', '1513'), ('IM_CONFIG_CHECK_ENV', '1'), ('DBUS_SESSION_BUS_ADDRESS', 'unix:path=/run/user/1000/bus'), ('COLORTERM', 'truecolor'), ('GIO_LAUNCHED_DESKTOP_FILE_PID', '3234'), ('IM_CONFIG_PHASE', '1'), ('WAYLAND_DISPLAY', 'wayland-0'), ('COLCON_PREFIX_PATH', '/home/catia/ros2_ws/install'), ('ROS_DISTRO', 'humble'), ('LOGNAME', 'catia'), ('JOURNAL_STREAM', '8:33933'), ('_', '/usr/bin/colcon'), ('ROS_VERSION', '2'), ('XDG_CONFIG_DIRS_VSCODE_SNAP_ORIG', '/etc/xdg/xdg-ubuntu:/etc/xdg'), ('XDG_SESSION_CLASS', 'user'), ('XDG_DATA_DIRS_VSCODE_SNAP_ORIG', '/usr/share/ubuntu:/usr/local/share/:/usr/share/:/var/lib/snapd/desktop'), ('USERNAME', 'catia'), ('TERM', 'xterm-256color'), ('GNOME_DESKTOP_SESSION_ID', 'this-is-deprecated'), ('ROS_LOCALHOST_ONLY', '0'), ('PATH', '/opt/ros/humble/bin:/usr/local/sbin:/usr/local/bin:/usr/sbin:/usr/bin:/sbin:/bin:/usr/games:/usr/local/games:/snap/bin:/snap/bin'), ('SESSION_MANAGER', 'local/cat:@/tmp/.ICE-unix/1486,unix/cat:/tmp/.ICE-unix/1486'), ('GTK_EXE_PREFIX', '/snap/code/167/usr'), ('INVOCATION_ID', '511e09a5525946e5bd035cc3ecb9e211'), ('XDG_MENU_PREFIX', 'gnome-'), ('LC_ADDRESS', 'it_IT.UTF-8'), ('BAMF_DESKTOP_FILE_HINT', '/var/lib/snapd/desktop/applications/code_code.desktop'), ('GNOME_SETUP_DISPLAY', ':1'), ('XDG_RUNTIME_DIR', '/run/user/1000'), ('GDK_BACKEND', 'x11'), ('DISPLAY', ':0'), ('LOCPATH', '/snap/code/167/usr/lib/locale'), ('LANG', 'en_US.UTF-8'), ('XDG_CURRENT_DESKTOP', 'Unity'), ('LC_TELEPHONE', 'it_IT.UTF-8'), ('GIO_MODULE_DIR_VSCODE_SNAP_ORIG', ''), ('XMODIFIERS', '@im=ibus'), ('XDG_SESSION_DESKTOP', 'ubuntu'), ('XAUTHORITY', '/run/user/1000/.mutter-Xwaylandauth.U5BUS2'), ('VSCODE_GIT_IPC_HANDLE', '/run/user/1000/vscode-git-48368becc8.sock'), ('TERM_PROGRAM', 'vscode'), ('SSH_AGENT_LAUNCHER', 'gnome-keyring'), ('SSH_AUTH_SOCK', '/run/user/1000/keyring/ssh'), ('GSETTINGS_SCHEMA_DIR', '/home/catia/snap/code/167/.local/share/glib-2.0/schemas'), ('AMENT_PREFIX_PATH', '/home/catia/ros2_ws/install/nodes:/opt/ros/humble'), ('ORIGINAL_XDG_CURRENT_DESKTOP', 'ubuntu:GNOME'), ('SHELL', '/bin/bash'), ('LC_NAME', 'it_IT.UTF-8'), ('QT_ACCESSIBILITY', '1'), ('GDMSESSION', 'ubuntu'), ('GTK_PATH_VSCODE_SNAP_ORIG', ''), ('GTK_IM_MODULE_FILE_VSCODE_SNAP_ORIG', ''), ('LC_MEASUREMENT', 'it_IT.UTF-8'), ('GJS_DEBUG_OUTPUT', 'stderr'), ('LC_IDENTIFICATION', 'it_IT.UTF-8'), ('VSCODE_GIT_ASKPASS_EXTRA_ARGS', ''), ('QT_IM_MODULE', 'ibus'), ('PWD', '/home/catia/ros2_ws/build/nodes'), ('TURTLEBOT3_MODEL', 'waffle'), ('LC_ALL', 'en_US.UTF-8'), ('XDG_CONFIG_DIRS', '/etc/xdg/xdg-ubuntu:/etc/xdg'), ('XDG_DATA_DIRS', '/home/catia/snap/code/167/.local/share:/home/catia/snap/code/167:/snap/code/167/usr/share:/usr/share/ubuntu:/usr/local/share/:/usr/share/:/var/lib/snapd/desktop'), ('PYTHONPATH', '/opt/ros/humble/lib/python3.10/site-packages:/opt/ros/humble/local/lib/python3.10/dist-packages'), ('LC_NUMERIC', 'it_IT.UTF-8'), ('LC_PAPER', 'it_IT.UTF-8'), ('COLCON', '1'), ('CMAKE_PREFIX_PATH', '/home/catia/ros2_ws/install/nodes:/opt/ros/humble')]), 'shell': False}
[0.045631] (nodes) StdoutLine: {'line': b'\x1b[35m\x1b[1mConsolidate compiler generated dependencies of target pub_node\x1b[0m\n'}
[0.056456] (nodes) StdoutLine: {'line': b'[ 25%] \x1b[32mBuilding CXX object CMakeFiles/sub_node.dir/src/subscriber.cpp.o\x1b[0m\n'}
[0.060780] (nodes) StdoutLine: {'line': b'[ 75%] Built target pub_node\n'}
[0.099869] (-) TimerEvent: {}
[0.200248] (-) TimerEvent: {}
[0.300539] (-) TimerEvent: {}
[0.400892] (-) TimerEvent: {}
[0.501485] (-) TimerEvent: {}
[0.601808] (-) TimerEvent: {}
[0.702145] (-) TimerEvent: {}
[0.802695] (-) TimerEvent: {}
[0.903045] (-) TimerEvent: {}
[1.003351] (-) TimerEvent: {}
[1.103659] (-) TimerEvent: {}
[1.203962] (-) TimerEvent: {}
[1.304340] (-) TimerEvent: {}
[1.404671] (-) TimerEvent: {}
[1.504975] (-) TimerEvent: {}
[1.605332] (-) TimerEvent: {}
[1.705682] (-) TimerEvent: {}
[1.806047] (-) TimerEvent: {}
[1.906429] (-) TimerEvent: {}
[2.006790] (-) TimerEvent: {}
[2.107206] (-) TimerEvent: {}
[2.207555] (-) TimerEvent: {}
[2.307911] (-) TimerEvent: {}
[2.408338] (-) TimerEvent: {}
[2.508713] (-) TimerEvent: {}
[2.609052] (-) TimerEvent: {}
[2.709395] (-) TimerEvent: {}
[2.809709] (-) TimerEvent: {}
[2.910001] (-) TimerEvent: {}
[3.010297] (-) TimerEvent: {}
[3.110614] (-) TimerEvent: {}
[3.210950] (-) TimerEvent: {}
[3.311246] (-) TimerEvent: {}
[3.411588] (-) TimerEvent: {}
[3.511940] (-) TimerEvent: {}
[3.612328] (-) TimerEvent: {}
[3.712677] (-) TimerEvent: {}
[3.813016] (-) TimerEvent: {}
[3.913395] (-) TimerEvent: {}
[4.013734] (-) TimerEvent: {}
[4.114054] (-) TimerEvent: {}
[4.214435] (-) TimerEvent: {}
[4.314787] (-) TimerEvent: {}
[4.415070] (-) TimerEvent: {}
[4.515411] (-) TimerEvent: {}
[4.615724] (-) TimerEvent: {}
[4.716087] (-) TimerEvent: {}
[4.816383] (-) TimerEvent: {}
[4.916678] (-) TimerEvent: {}
[5.016982] (-) TimerEvent: {}
[5.117269] (-) TimerEvent: {}
[5.217565] (-) TimerEvent: {}
[5.317885] (-) TimerEvent: {}
[5.418183] (-) TimerEvent: {}
[5.518502] (-) TimerEvent: {}
[5.618763] (-) TimerEvent: {}
[5.719076] (-) TimerEvent: {}
[5.819398] (-) TimerEvent: {}
[5.919666] (-) TimerEvent: {}
[6.019948] (-) TimerEvent: {}
[6.120284] (-) TimerEvent: {}
[6.220594] (-) TimerEvent: {}
[6.320888] (-) TimerEvent: {}
[6.421215] (-) TimerEvent: {}
[6.521477] (-) TimerEvent: {}
[6.621780] (-) TimerEvent: {}
[6.722076] (-) TimerEvent: {}
[6.822348] (-) TimerEvent: {}
[6.922649] (-) TimerEvent: {}
[7.022976] (-) TimerEvent: {}
[7.123297] (-) TimerEvent: {}
[7.223562] (-) TimerEvent: {}
[7.323857] (-) TimerEvent: {}
[7.424187] (-) TimerEvent: {}
[7.524473] (-) TimerEvent: {}
[7.624779] (-) TimerEvent: {}
[7.725111] (-) TimerEvent: {}
[7.825423] (-) TimerEvent: {}
[7.925743] (-) TimerEvent: {}
[8.026055] (-) TimerEvent: {}
[8.126386] (-) TimerEvent: {}
[8.226753] (-) TimerEvent: {}
[8.305974] (nodes) StdoutLine: {'line': b'[100%] \x1b[32m\x1b[1mLinking CXX executable sub_node\x1b[0m\n'}
[8.327045] (-) TimerEvent: {}
[8.427410] (-) TimerEvent: {}
[8.527760] (-) TimerEvent: {}
[8.628082] (-) TimerEvent: {}
[8.728380] (-) TimerEvent: {}
[8.739955] (nodes) StdoutLine: {'line': b'[100%] Built target sub_node\n'}
[8.748367] (nodes) CommandEnded: {'returncode': 0}
[8.771290] (nodes) JobProgress: {'identifier': 'nodes', 'progress': 'install'}
[8.778388] (nodes) Command: {'cmd': ['/usr/bin/cmake', '--install', '/home/catia/ros2_ws/build/nodes'], 'cwd': '/home/catia/ros2_ws/build/nodes', 'env': OrderedDict([('GJS_DEBUG_TOPICS', 'JS ERROR;JS LOG'), ('USER', 'catia'), ('LC_TIME', 'it_IT.UTF-8'), ('GIO_MODULE_DIR', '/home/catia/snap/code/common/.cache/gio-modules'), ('XDG_SESSION_TYPE', 'wayland'), ('GIT_ASKPASS', '/snap/code/167/usr/share/code/resources/app/extensions/git/dist/askpass.sh'), ('GTK_EXE_PREFIX_VSCODE_SNAP_ORIG', ''), ('GDK_BACKEND_VSCODE_SNAP_ORIG', ''), ('SHLVL', '1'), ('LD_LIBRARY_PATH', '/usr/lib/x86_64-linux-gnu/gazebo-11/plugins:/opt/ros/humble/opt/rviz_ogre_vendor/lib:/opt/ros/humble/lib/x86_64-linux-gnu:/opt/ros/humble/lib'), ('HOME', '/home/catia'), ('CHROME_DESKTOP', 'code-url-handler.desktop'), ('LOCPATH_VSCODE_SNAP_ORIG', ''), ('TERM_PROGRAM_VERSION', '1.92.2'), ('DESKTOP_SESSION', 'ubuntu'), ('GTK_PATH', '/snap/code/167/usr/lib/x86_64-linux-gnu/gtk-3.0'), ('GTK_IM_MODULE_FILE', '/home/catia/snap/code/common/.cache/immodules/immodules.cache'), ('GIO_LAUNCHED_DESKTOP_FILE', '/var/lib/snapd/desktop/applications/code_code.desktop'), ('ROS_PYTHON_VERSION', '3'), ('GNOME_SHELL_SESSION_MODE', 'ubuntu'), ('GTK_MODULES', 'gail:atk-bridge'), ('GSETTINGS_SCHEMA_DIR_VSCODE_SNAP_ORIG', ''), ('VSCODE_GIT_ASKPASS_MAIN', '/snap/code/167/usr/share/code/resources/app/extensions/git/dist/askpass-main.js'), ('LC_MONETARY', 'it_IT.UTF-8'), ('VSCODE_GIT_ASKPASS_NODE', '/snap/code/167/usr/share/code/code'), ('MANAGERPID', '1337'), ('SYSTEMD_EXEC_PID', '1513'), ('IM_CONFIG_CHECK_ENV', '1'), ('DBUS_SESSION_BUS_ADDRESS', 'unix:path=/run/user/1000/bus'), ('COLORTERM', 'truecolor'), ('GIO_LAUNCHED_DESKTOP_FILE_PID', '3234'), ('IM_CONFIG_PHASE', '1'), ('WAYLAND_DISPLAY', 'wayland-0'), ('COLCON_PREFIX_PATH', '/home/catia/ros2_ws/install'), ('ROS_DISTRO', 'humble'), ('LOGNAME', 'catia'), ('JOURNAL_STREAM', '8:33933'), ('_', '/usr/bin/colcon'), ('ROS_VERSION', '2'), ('XDG_CONFIG_DIRS_VSCODE_SNAP_ORIG', '/etc/xdg/xdg-ubuntu:/etc/xdg'), ('XDG_SESSION_CLASS', 'user'), ('XDG_DATA_DIRS_VSCODE_SNAP_ORIG', '/usr/share/ubuntu:/usr/local/share/:/usr/share/:/var/lib/snapd/desktop'), ('USERNAME', 'catia'), ('TERM', 'xterm-256color'), ('GNOME_DESKTOP_SESSION_ID', 'this-is-deprecated'), ('ROS_LOCALHOST_ONLY', '0'), ('PATH', '/opt/ros/humble/bin:/usr/local/sbin:/usr/local/bin:/usr/sbin:/usr/bin:/sbin:/bin:/usr/games:/usr/local/games:/snap/bin:/snap/bin'), ('SESSION_MANAGER', 'local/cat:@/tmp/.ICE-unix/1486,unix/cat:/tmp/.ICE-unix/1486'), ('GTK_EXE_PREFIX', '/snap/code/167/usr'), ('INVOCATION_ID', '511e09a5525946e5bd035cc3ecb9e211'), ('XDG_MENU_PREFIX', 'gnome-'), ('LC_ADDRESS', 'it_IT.UTF-8'), ('BAMF_DESKTOP_FILE_HINT', '/var/lib/snapd/desktop/applications/code_code.desktop'), ('GNOME_SETUP_DISPLAY', ':1'), ('XDG_RUNTIME_DIR', '/run/user/1000'), ('GDK_BACKEND', 'x11'), ('DISPLAY', ':0'), ('LOCPATH', '/snap/code/167/usr/lib/locale'), ('LANG', 'en_US.UTF-8'), ('XDG_CURRENT_DESKTOP', 'Unity'), ('LC_TELEPHONE', 'it_IT.UTF-8'), ('GIO_MODULE_DIR_VSCODE_SNAP_ORIG', ''), ('XMODIFIERS', '@im=ibus'), ('XDG_SESSION_DESKTOP', 'ubuntu'), ('XAUTHORITY', '/run/user/1000/.mutter-Xwaylandauth.U5BUS2'), ('VSCODE_GIT_IPC_HANDLE', '/run/user/1000/vscode-git-48368becc8.sock'), ('TERM_PROGRAM', 'vscode'), ('SSH_AGENT_LAUNCHER', 'gnome-keyring'), ('SSH_AUTH_SOCK', '/run/user/1000/keyring/ssh'), ('GSETTINGS_SCHEMA_DIR', '/home/catia/snap/code/167/.local/share/glib-2.0/schemas'), ('AMENT_PREFIX_PATH', '/home/catia/ros2_ws/install/nodes:/opt/ros/humble'), ('ORIGINAL_XDG_CURRENT_DESKTOP', 'ubuntu:GNOME'), ('SHELL', '/bin/bash'), ('LC_NAME', 'it_IT.UTF-8'), ('QT_ACCESSIBILITY', '1'), ('GDMSESSION', 'ubuntu'), ('GTK_PATH_VSCODE_SNAP_ORIG', ''), ('GTK_IM_MODULE_FILE_VSCODE_SNAP_ORIG', ''), ('LC_MEASUREMENT', 'it_IT.UTF-8'), ('GJS_DEBUG_OUTPUT', 'stderr'), ('LC_IDENTIFICATION', 'it_IT.UTF-8'), ('VSCODE_GIT_ASKPASS_EXTRA_ARGS', ''), ('QT_IM_MODULE', 'ibus'), ('PWD', '/home/catia/ros2_ws/build/nodes'), ('TURTLEBOT3_MODEL', 'waffle'), ('LC_ALL', 'en_US.UTF-8'), ('XDG_CONFIG_DIRS', '/etc/xdg/xdg-ubuntu:/etc/xdg'), ('XDG_DATA_DIRS', '/home/catia/snap/code/167/.local/share:/home/catia/snap/code/167:/snap/code/167/usr/share:/usr/share/ubuntu:/usr/local/share/:/usr/share/:/var/lib/snapd/desktop'), ('PYTHONPATH', '/opt/ros/humble/lib/python3.10/site-packages:/opt/ros/humble/local/lib/python3.10/dist-packages'), ('LC_NUMERIC', 'it_IT.UTF-8'), ('LC_PAPER', 'it_IT.UTF-8'), ('COLCON', '1'), ('CMAKE_PREFIX_PATH', '/home/catia/ros2_ws/install/nodes:/opt/ros/humble')]), 'shell': False}
[8.786925] (nodes) StdoutLine: {'line': b'-- Install configuration: ""\n'}
[8.787104] (nodes) StdoutLine: {'line': b'-- Up-to-date: /home/catia/ros2_ws/install/nodes/lib/nodes/pub_node\n'}
[8.787221] (nodes) StdoutLine: {'line': b'-- Installing: /home/catia/ros2_ws/install/nodes/lib/nodes/sub_node\n'}
[8.791686] (nodes) StdoutLine: {'line': b'-- Set runtime path of "/home/catia/ros2_ws/install/nodes/lib/nodes/sub_node" to ""\n'}
[8.791827] (nodes) StdoutLine: {'line': b'-- Up-to-date: /home/catia/ros2_ws/install/nodes/share/ament_index/resource_index/package_run_dependencies/nodes\n'}
[8.791885] (nodes) StdoutLine: {'line': b'-- Up-to-date: /home/catia/ros2_ws/install/nodes/share/ament_index/resource_index/parent_prefix_path/nodes\n'}
[8.791935] (nodes) StdoutLine: {'line': b'-- Up-to-date: /home/catia/ros2_ws/install/nodes/share/nodes/environment/ament_prefix_path.sh\n'}
[8.791984] (nodes) StdoutLine: {'line': b'-- Up-to-date: /home/catia/ros2_ws/install/nodes/share/nodes/environment/ament_prefix_path.dsv\n'}
[8.792032] (nodes) StdoutLine: {'line': b'-- Up-to-date: /home/catia/ros2_ws/install/nodes/share/nodes/environment/path.sh\n'}
[8.792100] (nodes) StdoutLine: {'line': b'-- Up-to-date: /home/catia/ros2_ws/install/nodes/share/nodes/environment/path.dsv\n'}
[8.792202] (nodes) StdoutLine: {'line': b'-- Up-to-date: /home/catia/ros2_ws/install/nodes/share/nodes/local_setup.bash\n'}
[8.792253] (nodes) StdoutLine: {'line': b'-- Up-to-date: /home/catia/ros2_ws/install/nodes/share/nodes/local_setup.sh\n'}
[8.792298] (nodes) StdoutLine: {'line': b'-- Up-to-date: /home/catia/ros2_ws/install/nodes/share/nodes/local_setup.zsh\n'}
[8.792342] (nodes) StdoutLine: {'line': b'-- Up-to-date: /home/catia/ros2_ws/install/nodes/share/nodes/local_setup.dsv\n'}
[8.792386] (nodes) StdoutLine: {'line': b'-- Installing: /home/catia/ros2_ws/install/nodes/share/nodes/package.dsv\n'}
[8.792433] (nodes) StdoutLine: {'line': b'-- Up-to-date: /home/catia/ros2_ws/install/nodes/share/ament_index/resource_index/packages/nodes\n'}
[8.792477] (nodes) StdoutLine: {'line': b'-- Up-to-date: /home/catia/ros2_ws/install/nodes/share/nodes/cmake/nodesConfig.cmake\n'}
[8.792521] (nodes) StdoutLine: {'line': b'-- Up-to-date: /home/catia/ros2_ws/install/nodes/share/nodes/cmake/nodesConfig-version.cmake\n'}
[8.792564] (nodes) StdoutLine: {'line': b'-- Up-to-date: /home/catia/ros2_ws/install/nodes/share/nodes/package.xml\n'}
[8.793478] (nodes) CommandEnded: {'returncode': 0}
[8.828164] (nodes) JobEnded: {'identifier': 'nodes', 'rc': 0}
[8.828830] (-) TimerEvent: {}
[8.828904] (-) EventReactorShutdown: {}
