[0.011s] Invoking command in '/home/catia/ros2_ws/build/navigation_': CMAKE_PREFIX_PATH=${CMAKE_PREFIX_PATH}:/opt/ros/humble /usr/bin/cmake --build /home/catia/ros2_ws/build/navigation_ -- -j8 -l8
[0.055s] [ 20%] Built target ipose
[0.057s] [ 40%] Built target tf_node
[0.058s] [ 50%] [32mBuilding CXX object CMakeFiles/laserScan_.dir/src/laser_scan.cpp.o[0m
[0.059s] [ 70%] Built target mobile_base
[0.059s] [ 90%] Built target pub_occupancy_grid
[1.751s] [01m[K/home/catia/ros2_ws/src/navigation_/src/laser_scan.cpp:75:21:[m[K [01;31m[Kerror: [m[K‘[01m[Ktf2_ros[m[K’ was not declared in this scope
[1.751s]    75 |     std::shared_ptr<[01;31m[Ktf2_ros[m[K::TransformBroadcaster> tf_broadcaster_;
[1.751s]       |                     [01;31m[K^~~~~~~[m[K
[1.751s] [01m[K/home/catia/ros2_ws/src/navigation_/src/laser_scan.cpp:75:50:[m[K [01;31m[Kerror: [m[Ktemplate argument 1 is invalid
[1.752s]    75 |     std::shared_ptr<tf2_ros::TransformBroadcaster[01;31m[K>[m[K tf_broadcaster_;
[1.752s]       |                                                  [01;31m[K^[m[K
[1.765s] [01m[K/home/catia/ros2_ws/src/navigation_/src/laser_scan.cpp:[m[K In constructor ‘[01m[KLaserScanPublisher::LaserScanPublisher()[m[K’:
[1.765s] [01m[K/home/catia/ros2_ws/src/navigation_/src/laser_scan.cpp:16:44:[m[K [01;31m[Kerror: [m[K‘[01m[Ktf2_ros[m[K’ was not declared in this scope
[1.765s]    16 |         tf_broadcaster_ = std::make_shared<[01;31m[Ktf2_ros[m[K::TransformBroadcaster>(this);
[1.765s]       |                                            [01;31m[K^~~~~~~[m[K
[1.765s] [01m[K/home/catia/ros2_ws/src/navigation_/src/laser_scan.cpp:16:32:[m[K [01;31m[Kerror: [m[Kparse error in template argument list
[1.766s]    16 |         tf_broadcaster_ = std::[01;31m[Kmake_shared<tf2_ros::TransformBroadcaster>[m[K(this);
[1.766s]       |                                [01;31m[K^~~~~~~~~~~~~~~~~~~~~~~~~~~~~~~~~~~~~~~~~~[m[K
[1.766s] [01m[K/home/catia/ros2_ws/src/navigation_/src/laser_scan.cpp:16:74:[m[K [01;31m[Kerror: [m[Kno matching function for call to ‘[01m[Kmake_shared<<expression error> >(LaserScanPublisher*)[m[K’
[1.766s]    16 |         tf_broadcaster_ = [01;31m[Kstd::make_shared<tf2_ros::TransformBroadcaster>(this)[m[K;
[1.766s]       |                           [01;31m[K~~~~~~~~~~~~~~~~~~~~~~~~~~~~~~~~~~~~~~~~~~~~~~~^~~~~~[m[K
[1.766s] In file included from [01m[K/usr/include/c++/11/memory:77[m[K,
[1.766s]                  from [01m[K/opt/ros/humble/include/rclcpp/rclcpp/rclcpp.hpp:153[m[K,
[1.766s]                  from [01m[K/home/catia/ros2_ws/src/navigation_/src/laser_scan.cpp:1[m[K:
[1.766s] [01m[K/usr/include/c++/11/bits/shared_ptr.h:875:5:[m[K [01;36m[Knote: [m[Kcandidate: ‘[01m[Ktemplate<class _Tp, class ... _Args> std::shared_ptr<_Tp> std::make_shared(_Args&& ...)[m[K’
[1.766s]   875 |     [01;36m[Kmake_shared[m[K(_Args&&... __args)
[1.766s]       |     [01;36m[K^~~~~~~~~~~[m[K
[1.766s] [01m[K/usr/include/c++/11/bits/shared_ptr.h:875:5:[m[K [01;36m[Knote: [m[K  template argument deduction/substitution failed:
[1.767s] [01m[K/home/catia/ros2_ws/src/navigation_/src/laser_scan.cpp:16:74:[m[K [01;31m[Kerror: [m[Ktemplate argument 1 is invalid
[1.767s]    16 |         tf_broadcaster_ = [01;31m[Kstd::make_shared<tf2_ros::TransformBroadcaster>(this)[m[K;
[1.767s]       |                           [01;31m[K~~~~~~~~~~~~~~~~~~~~~~~~~~~~~~~~~~~~~~~~~~~~~~~^~~~~~[m[K
[1.767s] [01m[K/home/catia/ros2_ws/src/navigation_/src/laser_scan.cpp:[m[K In member function ‘[01m[Kvoid LaserScanPublisher::publish_scan()[m[K’:
[1.767s] [01m[K/home/catia/ros2_ws/src/navigation_/src/laser_scan.cpp:47:23:[m[K [01;31m[Kerror: [m[Kno match for ‘[01m[Koperator=[m[K’ (operand types are ‘[01m[Ksensor_msgs::msg::LaserScan_<std::allocator<void> >::_ranges_type[m[K’ {aka ‘[01m[Kstd::vector<float>[m[K’} and ‘[01m[Kstd::vector<double, std::allocator<double> >[m[K’)
[1.767s]    47 |         scan.ranges = [01;31m[Kranges_[m[K;
[1.767s]       |                       [01;31m[K^~~~~~~[m[K
[1.768s] In file included from [01m[K/usr/include/c++/11/vector:72[m[K,
[1.768s]                  from [01m[K/usr/include/c++/11/functional:62[m[K,
[1.768s]                  from [01m[K/usr/include/c++/11/pstl/glue_algorithm_defs.h:13[m[K,
[1.768s]                  from [01m[K/usr/include/c++/11/algorithm:74[m[K,
[1.768s]                  from [01m[K/opt/ros/humble/include/rclcpp/rclcpp/executor.hpp:18[m[K,
[1.768s]                  from [01m[K/opt/ros/humble/include/rclcpp/rclcpp/executors/multi_threaded_executor.hpp:25[m[K,
[1.768s]                  from [01m[K/opt/ros/humble/include/rclcpp/rclcpp/executors.hpp:21[m[K,
[1.768s]                  from [01m[K/opt/ros/humble/include/rclcpp/rclcpp/rclcpp.hpp:155[m[K,
[1.769s]                  from [01m[K/home/catia/ros2_ws/src/navigation_/src/laser_scan.cpp:1[m[K:
[1.769s] [01m[K/usr/include/c++/11/bits/vector.tcc:198:5:[m[K [01;36m[Knote: [m[Kcandidate: ‘[01m[Kstd::vector<_Tp, _Alloc>& std::vector<_Tp, _Alloc>::operator=(const std::vector<_Tp, _Alloc>&) [with _Tp = float; _Alloc = std::allocator<float>][m[K’
[1.769s]   198 |     [01;36m[Kvector<_Tp, _Alloc>[m[K::
[1.769s]       |     [01;36m[K^~~~~~~~~~~~~~~~~~~[m[K
[1.769s] [01m[K/usr/include/c++/11/bits/vector.tcc:199:42:[m[K [01;36m[Knote: [m[K  no known conversion for argument 1 from ‘[01m[Kstd::vector<double, std::allocator<double> >[m[K’ to ‘[01m[Kconst std::vector<float>&[m[K’
[1.769s]   199 |     operator=([01;36m[Kconst vector<_Tp, _Alloc>& __x[m[K)
[1.769s]       |               [01;36m[K~~~~~~~~~~~~~~~~~~~~~~~~~~~^~~[m[K
[1.769s] In file included from [01m[K/usr/include/c++/11/vector:67[m[K,
[1.769s]                  from [01m[K/usr/include/c++/11/functional:62[m[K,
[1.769s]                  from [01m[K/usr/include/c++/11/pstl/glue_algorithm_defs.h:13[m[K,
[1.769s]                  from [01m[K/usr/include/c++/11/algorithm:74[m[K,
[1.769s]                  from [01m[K/opt/ros/humble/include/rclcpp/rclcpp/executor.hpp:18[m[K,
[1.769s]                  from [01m[K/opt/ros/humble/include/rclcpp/rclcpp/executors/multi_threaded_executor.hpp:25[m[K,
[1.770s]                  from [01m[K/opt/ros/humble/include/rclcpp/rclcpp/executors.hpp:21[m[K,
[1.770s]                  from [01m[K/opt/ros/humble/include/rclcpp/rclcpp/rclcpp.hpp:155[m[K,
[1.770s]                  from [01m[K/home/catia/ros2_ws/src/navigation_/src/laser_scan.cpp:1[m[K:
[1.770s] [01m[K/usr/include/c++/11/bits/stl_vector.h:709:7:[m[K [01;36m[Knote: [m[Kcandidate: ‘[01m[Kstd::vector<_Tp, _Alloc>& std::vector<_Tp, _Alloc>::operator=(std::vector<_Tp, _Alloc>&&) [with _Tp = float; _Alloc = std::allocator<float>][m[K’
[1.770s]   709 |       [01;36m[Koperator[m[K=(vector&& __x) noexcept(_Alloc_traits::_S_nothrow_move())
[1.770s]       |       [01;36m[K^~~~~~~~[m[K
[1.770s] [01m[K/usr/include/c++/11/bits/stl_vector.h:709:26:[m[K [01;36m[Knote: [m[K  no known conversion for argument 1 from ‘[01m[Kstd::vector<double, std::allocator<double> >[m[K’ to ‘[01m[Kstd::vector<float>&&[m[K’
[1.770s]   709 |       operator=([01;36m[Kvector&& __x[m[K) noexcept(_Alloc_traits::_S_nothrow_move())
[1.770s]       |                 [01;36m[K~~~~~~~~~^~~[m[K
[1.770s] [01m[K/usr/include/c++/11/bits/stl_vector.h:730:7:[m[K [01;36m[Knote: [m[Kcandidate: ‘[01m[Kstd::vector<_Tp, _Alloc>& std::vector<_Tp, _Alloc>::operator=(std::initializer_list<_Tp>) [with _Tp = float; _Alloc = std::allocator<float>][m[K’
[1.770s]   730 |       [01;36m[Koperator[m[K=(initializer_list<value_type> __l)
[1.770s]       |       [01;36m[K^~~~~~~~[m[K
[1.770s] [01m[K/usr/include/c++/11/bits/stl_vector.h:730:46:[m[K [01;36m[Knote: [m[K  no known conversion for argument 1 from ‘[01m[Kstd::vector<double, std::allocator<double> >[m[K’ to ‘[01m[Kstd::initializer_list<float>[m[K’
[1.770s]   730 |       operator=([01;36m[Kinitializer_list<value_type> __l[m[K)
[1.771s]       |                 [01;36m[K~~~~~~~~~~~~~~~~~~~~~~~~~~~~~^~~[m[K
[1.771s] [01m[K/home/catia/ros2_ws/src/navigation_/src/laser_scan.cpp:48:28:[m[K [01;31m[Kerror: [m[Kno match for ‘[01m[Koperator=[m[K’ (operand types are ‘[01m[Ksensor_msgs::msg::LaserScan_<std::allocator<void> >::_intensities_type[m[K’ {aka ‘[01m[Kstd::vector<float>[m[K’} and ‘[01m[Kstd::vector<double, std::allocator<double> >[m[K’)
[1.771s]    48 |         scan.intensities = [01;31m[Kintensities_[m[K;
[1.771s]       |                            [01;31m[K^~~~~~~~~~~~[m[K
[1.771s] In file included from [01m[K/usr/include/c++/11/vector:72[m[K,
[1.771s]                  from [01m[K/usr/include/c++/11/functional:62[m[K,
[1.771s]                  from [01m[K/usr/include/c++/11/pstl/glue_algorithm_defs.h:13[m[K,
[1.771s]                  from [01m[K/usr/include/c++/11/algorithm:74[m[K,
[1.771s]                  from [01m[K/opt/ros/humble/include/rclcpp/rclcpp/executor.hpp:18[m[K,
[1.771s]                  from [01m[K/opt/ros/humble/include/rclcpp/rclcpp/executors/multi_threaded_executor.hpp:25[m[K,
[1.771s]                  from [01m[K/opt/ros/humble/include/rclcpp/rclcpp/executors.hpp:21[m[K,
[1.771s]                  from [01m[K/opt/ros/humble/include/rclcpp/rclcpp/rclcpp.hpp:155[m[K,
[1.771s]                  from [01m[K/home/catia/ros2_ws/src/navigation_/src/laser_scan.cpp:1[m[K:
[1.772s] [01m[K/usr/include/c++/11/bits/vector.tcc:198:5:[m[K [01;36m[Knote: [m[Kcandidate: ‘[01m[Kstd::vector<_Tp, _Alloc>& std::vector<_Tp, _Alloc>::operator=(const std::vector<_Tp, _Alloc>&) [with _Tp = float; _Alloc = std::allocator<float>][m[K’
[1.772s]   198 |     [01;36m[Kvector<_Tp, _Alloc>[m[K::
[1.772s]       |     [01;36m[K^~~~~~~~~~~~~~~~~~~[m[K
[1.772s] [01m[K/usr/include/c++/11/bits/vector.tcc:199:42:[m[K [01;36m[Knote: [m[K  no known conversion for argument 1 from ‘[01m[Kstd::vector<double, std::allocator<double> >[m[K’ to ‘[01m[Kconst std::vector<float>&[m[K’
[1.772s]   199 |     operator=([01;36m[Kconst vector<_Tp, _Alloc>& __x[m[K)
[1.772s]       |               [01;36m[K~~~~~~~~~~~~~~~~~~~~~~~~~~~^~~[m[K
[1.772s] In file included from [01m[K/usr/include/c++/11/vector:67[m[K,
[1.772s]                  from [01m[K/usr/include/c++/11/functional:62[m[K,
[1.772s]                  from [01m[K/usr/include/c++/11/pstl/glue_algorithm_defs.h:13[m[K,
[1.772s]                  from [01m[K/usr/include/c++/11/algorithm:74[m[K,
[1.772s]                  from [01m[K/opt/ros/humble/include/rclcpp/rclcpp/executor.hpp:18[m[K,
[1.772s]                  from [01m[K/opt/ros/humble/include/rclcpp/rclcpp/executors/multi_threaded_executor.hpp:25[m[K,
[1.772s]                  from [01m[K/opt/ros/humble/include/rclcpp/rclcpp/executors.hpp:21[m[K,
[1.772s]                  from [01m[K/opt/ros/humble/include/rclcpp/rclcpp/rclcpp.hpp:155[m[K,
[1.773s]                  from [01m[K/home/catia/ros2_ws/src/navigation_/src/laser_scan.cpp:1[m[K:
[1.773s] [01m[K/usr/include/c++/11/bits/stl_vector.h:709:7:[m[K [01;36m[Knote: [m[Kcandidate: ‘[01m[Kstd::vector<_Tp, _Alloc>& std::vector<_Tp, _Alloc>::operator=(std::vector<_Tp, _Alloc>&&) [with _Tp = float; _Alloc = std::allocator<float>][m[K’
[1.773s]   709 |       [01;36m[Koperator[m[K=(vector&& __x) noexcept(_Alloc_traits::_S_nothrow_move())
[1.773s]       |       [01;36m[K^~~~~~~~[m[K
[1.773s] [01m[K/usr/include/c++/11/bits/stl_vector.h:709:26:[m[K [01;36m[Knote: [m[K  no known conversion for argument 1 from ‘[01m[Kstd::vector<double, std::allocator<double> >[m[K’ to ‘[01m[Kstd::vector<float>&&[m[K’
[1.773s]   709 |       operator=([01;36m[Kvector&& __x[m[K) noexcept(_Alloc_traits::_S_nothrow_move())
[1.773s]       |                 [01;36m[K~~~~~~~~~^~~[m[K
[1.773s] [01m[K/usr/include/c++/11/bits/stl_vector.h:730:7:[m[K [01;36m[Knote: [m[Kcandidate: ‘[01m[Kstd::vector<_Tp, _Alloc>& std::vector<_Tp, _Alloc>::operator=(std::initializer_list<_Tp>) [with _Tp = float; _Alloc = std::allocator<float>][m[K’
[1.773s]   730 |       [01;36m[Koperator[m[K=(initializer_list<value_type> __l)
[1.773s]       |       [01;36m[K^~~~~~~~[m[K
[1.773s] [01m[K/usr/include/c++/11/bits/stl_vector.h:730:46:[m[K [01;36m[Knote: [m[K  no known conversion for argument 1 from ‘[01m[Kstd::vector<double, std::allocator<double> >[m[K’ to ‘[01m[Kstd::initializer_list<float>[m[K’
[1.773s]   730 |       operator=([01;36m[Kinitializer_list<value_type> __l[m[K)
[1.773s]       |                 [01;36m[K~~~~~~~~~~~~~~~~~~~~~~~~~~~~~^~~[m[K
[1.773s] [01m[K/home/catia/ros2_ws/src/navigation_/src/laser_scan.cpp:53:9:[m[K [01;31m[Kerror: [m[K‘[01m[Kgeometry_msgs[m[K’ has not been declared
[1.774s]    53 |         [01;31m[Kgeometry_msgs[m[K::msg::TransformStamped transform_stamped;
[1.774s]       |         [01;31m[K^~~~~~~~~~~~~[m[K
[1.776s] [01m[K/home/catia/ros2_ws/src/navigation_/src/laser_scan.cpp:55:9:[m[K [01;31m[Kerror: [m[K‘[01m[Ktransform_stamped[m[K’ was not declared in this scope
[1.776s]    55 |         [01;31m[Ktransform_stamped[m[K.header.stamp = this->now();
[1.776s]       |         [01;31m[K^~~~~~~~~~~~~~~~~[m[K
[1.776s] [01m[K/home/catia/ros2_ws/src/navigation_/src/laser_scan.cpp:63:9:[m[K [01;31m[Kerror: [m[K‘[01m[Ktf2[m[K’ has not been declared
[1.776s]    63 |         [01;31m[Ktf2[m[K::Quaternion q;
[1.776s]       |         [01;31m[K^~~[m[K
[1.779s] [01m[K/home/catia/ros2_ws/src/navigation_/src/laser_scan.cpp:64:9:[m[K [01;31m[Kerror: [m[K‘[01m[Kq[m[K’ was not declared in this scope
[1.779s]    64 |         [01;31m[Kq[m[K.setRPY(0, 0, 0);
[1.779s]       |         [01;31m[K^[m[K
[1.779s] [01m[K/home/catia/ros2_ws/src/navigation_/src/laser_scan.cpp:70:24:[m[K [01;31m[Kerror: [m[Kbase operand of ‘[01m[K->[m[K’ is not a pointer
[1.780s]    70 |         tf_broadcaster_[01;31m[K->[m[KsendTransform(transform_stamped);
[1.780s]       |                        [01;31m[K^~[m[K
[2.383s] gmake[2]: *** [CMakeFiles/laserScan_.dir/build.make:76: CMakeFiles/laserScan_.dir/src/laser_scan.cpp.o] Error 1
[2.383s] gmake[1]: *** [CMakeFiles/Makefile2:171: CMakeFiles/laserScan_.dir/all] Error 2
[2.383s] gmake: *** [Makefile:146: all] Error 2
[2.385s] Invoked command in '/home/catia/ros2_ws/build/navigation_' returned '2': CMAKE_PREFIX_PATH=${CMAKE_PREFIX_PATH}:/opt/ros/humble /usr/bin/cmake --build /home/catia/ros2_ws/build/navigation_ -- -j8 -l8
