[0.000000] (-) TimerEvent: {}
[0.000335] (navigation_) JobQueued: {'identifier': 'navigation_', 'dependencies': OrderedDict()}
[0.000360] (sam_bot_description) JobQueued: {'identifier': 'sam_bot_description', 'dependencies': OrderedDict()}
[0.000761] (navigation_) JobStarted: {'identifier': 'navigation_'}
[0.005130] (sam_bot_description) JobStarted: {'identifier': 'sam_bot_description'}
[0.009371] (navigation_) JobProgress: {'identifier': 'navigation_', 'progress': 'cmake'}
[0.009685] (navigation_) JobProgress: {'identifier': 'navigation_', 'progress': 'build'}
[0.010200] (navigation_) Command: {'cmd': ['/usr/bin/cmake', '--build', '/home/catia/ros2_ws/build/navigation_', '--', '-j8', '-l8'], 'cwd': '/home/catia/ros2_ws/build/navigation_', 'env': OrderedDict([('USER', 'catia'), ('LC_TIME', 'it_IT.UTF-8'), ('XDG_SESSION_TYPE', 'wayland'), ('SHLVL', '1'), ('LD_LIBRARY_PATH', '/usr/lib/x86_64-linux-gnu/gazebo-11/plugins:/opt/ros/humble/opt/rviz_ogre_vendor/lib:/opt/ros/humble/lib/x86_64-linux-gnu:/opt/ros/humble/lib'), ('HOME', '/home/catia'), ('OLDPWD', '/home/catia'), ('DESKTOP_SESSION', 'ubuntu'), ('ROS_PYTHON_VERSION', '3'), ('GNOME_SHELL_SESSION_MODE', 'ubuntu'), ('GTK_MODULES', 'gail:atk-bridge'), ('LC_MONETARY', 'it_IT.UTF-8'), ('SYSTEMD_EXEC_PID', '1513'), ('DBUS_SESSION_BUS_ADDRESS', 'unix:path=/run/user/1000/bus'), ('COLORTERM', 'truecolor'), ('IM_CONFIG_PHASE', '1'), ('WAYLAND_DISPLAY', 'wayland-0'), ('COLCON_PREFIX_PATH', '/home/catia/ros2_ws/install'), ('ROS_DISTRO', 'humble'), ('LOGNAME', 'catia'), ('_', '/usr/bin/colcon'), ('ROS_VERSION', '2'), ('XDG_SESSION_CLASS', 'user'), ('USERNAME', 'catia'), ('TERM', 'xterm-256color'), ('GNOME_DESKTOP_SESSION_ID', 'this-is-deprecated'), ('ROS_LOCALHOST_ONLY', '0'), ('PATH', '/opt/ros/humble/bin:/usr/local/sbin:/usr/local/bin:/usr/sbin:/usr/bin:/sbin:/bin:/usr/games:/usr/local/games:/snap/bin:/snap/bin'), ('SESSION_MANAGER', 'local/cat:@/tmp/.ICE-unix/1489,unix/cat:/tmp/.ICE-unix/1489'), ('XDG_MENU_PREFIX', 'gnome-'), ('LC_ADDRESS', 'it_IT.UTF-8'), ('GNOME_TERMINAL_SCREEN', '/org/gnome/Terminal/screen/925acd47_393f_44cf_8cda_17d2638e731d'), ('GNOME_SETUP_DISPLAY', ':1'), ('XDG_RUNTIME_DIR', '/run/user/1000'), ('DISPLAY', ':0'), ('LANG', 'en_US.UTF-8'), ('XDG_CURRENT_DESKTOP', 'ubuntu:GNOME'), ('LC_TELEPHONE', 'it_IT.UTF-8'), ('XMODIFIERS', '@im=ibus'), ('XDG_SESSION_DESKTOP', 'ubuntu'), ('XAUTHORITY', '/run/user/1000/.mutter-Xwaylandauth.GKROU2'), ('GNOME_TERMINAL_SERVICE', ':1.158'), ('SSH_AGENT_LAUNCHER', 'gnome-keyring'), ('SSH_AUTH_SOCK', '/run/user/1000/keyring/ssh'), ('AMENT_PREFIX_PATH', '/home/catia/ros2_ws/install/sam_bot_description:/home/catia/ros2_ws/install/nodes:/home/catia/ros2_ws/install/navigation_:/opt/ros/humble'), ('SHELL', '/bin/bash'), ('LC_NAME', 'it_IT.UTF-8'), ('QT_ACCESSIBILITY', '1'), ('GDMSESSION', 'ubuntu'), ('LC_MEASUREMENT', 'it_IT.UTF-8'), ('LC_IDENTIFICATION', 'it_IT.UTF-8'), ('QT_IM_MODULE', 'ibus'), ('PWD', '/home/catia/ros2_ws/build/navigation_'), ('TURTLEBOT3_MODEL', 'waffle'), ('LC_ALL', 'en_US.UTF-8'), ('XDG_CONFIG_DIRS', '/etc/xdg/xdg-ubuntu:/etc/xdg'), ('XDG_DATA_DIRS', '/usr/share/ubuntu:/usr/local/share/:/usr/share/:/var/lib/snapd/desktop'), ('PYTHONPATH', '/opt/ros/humble/lib/python3.10/site-packages:/opt/ros/humble/local/lib/python3.10/dist-packages'), ('LC_NUMERIC', 'it_IT.UTF-8'), ('LC_PAPER', 'it_IT.UTF-8'), ('COLCON', '1'), ('VTE_VERSION', '6800'), ('CMAKE_PREFIX_PATH', '/home/catia/ros2_ws/install/sam_bot_description:/home/catia/ros2_ws/install/nodes:/home/catia/ros2_ws/install/navigation_:/opt/ros/humble')]), 'shell': False}
[0.013289] (sam_bot_description) JobProgress: {'identifier': 'sam_bot_description', 'progress': 'cmake'}
[0.013881] (sam_bot_description) JobProgress: {'identifier': 'sam_bot_description', 'progress': 'build'}
[0.014209] (sam_bot_description) Command: {'cmd': ['/usr/bin/cmake', '--build', '/home/catia/ros2_ws/build/sam_bot_description', '--', '-j8', '-l8'], 'cwd': '/home/catia/ros2_ws/build/sam_bot_description', 'env': OrderedDict([('USER', 'catia'), ('LC_TIME', 'it_IT.UTF-8'), ('XDG_SESSION_TYPE', 'wayland'), ('SHLVL', '1'), ('LD_LIBRARY_PATH', '/usr/lib/x86_64-linux-gnu/gazebo-11/plugins:/opt/ros/humble/opt/rviz_ogre_vendor/lib:/opt/ros/humble/lib/x86_64-linux-gnu:/opt/ros/humble/lib'), ('HOME', '/home/catia'), ('OLDPWD', '/home/catia'), ('DESKTOP_SESSION', 'ubuntu'), ('ROS_PYTHON_VERSION', '3'), ('GNOME_SHELL_SESSION_MODE', 'ubuntu'), ('GTK_MODULES', 'gail:atk-bridge'), ('LC_MONETARY', 'it_IT.UTF-8'), ('SYSTEMD_EXEC_PID', '1513'), ('DBUS_SESSION_BUS_ADDRESS', 'unix:path=/run/user/1000/bus'), ('COLORTERM', 'truecolor'), ('IM_CONFIG_PHASE', '1'), ('WAYLAND_DISPLAY', 'wayland-0'), ('COLCON_PREFIX_PATH', '/home/catia/ros2_ws/install'), ('ROS_DISTRO', 'humble'), ('LOGNAME', 'catia'), ('_', '/usr/bin/colcon'), ('ROS_VERSION', '2'), ('XDG_SESSION_CLASS', 'user'), ('USERNAME', 'catia'), ('TERM', 'xterm-256color'), ('GNOME_DESKTOP_SESSION_ID', 'this-is-deprecated'), ('ROS_LOCALHOST_ONLY', '0'), ('PATH', '/opt/ros/humble/bin:/usr/local/sbin:/usr/local/bin:/usr/sbin:/usr/bin:/sbin:/bin:/usr/games:/usr/local/games:/snap/bin:/snap/bin'), ('SESSION_MANAGER', 'local/cat:@/tmp/.ICE-unix/1489,unix/cat:/tmp/.ICE-unix/1489'), ('XDG_MENU_PREFIX', 'gnome-'), ('LC_ADDRESS', 'it_IT.UTF-8'), ('GNOME_TERMINAL_SCREEN', '/org/gnome/Terminal/screen/925acd47_393f_44cf_8cda_17d2638e731d'), ('GNOME_SETUP_DISPLAY', ':1'), ('XDG_RUNTIME_DIR', '/run/user/1000'), ('DISPLAY', ':0'), ('LANG', 'en_US.UTF-8'), ('XDG_CURRENT_DESKTOP', 'ubuntu:GNOME'), ('LC_TELEPHONE', 'it_IT.UTF-8'), ('XMODIFIERS', '@im=ibus'), ('XDG_SESSION_DESKTOP', 'ubuntu'), ('XAUTHORITY', '/run/user/1000/.mutter-Xwaylandauth.GKROU2'), ('GNOME_TERMINAL_SERVICE', ':1.158'), ('SSH_AGENT_LAUNCHER', 'gnome-keyring'), ('SSH_AUTH_SOCK', '/run/user/1000/keyring/ssh'), ('AMENT_PREFIX_PATH', '/home/catia/ros2_ws/install/sam_bot_description:/home/catia/ros2_ws/install/nodes:/home/catia/ros2_ws/install/navigation_:/opt/ros/humble'), ('SHELL', '/bin/bash'), ('LC_NAME', 'it_IT.UTF-8'), ('QT_ACCESSIBILITY', '1'), ('GDMSESSION', 'ubuntu'), ('LC_MEASUREMENT', 'it_IT.UTF-8'), ('LC_IDENTIFICATION', 'it_IT.UTF-8'), ('QT_IM_MODULE', 'ibus'), ('PWD', '/home/catia/ros2_ws/build/sam_bot_description'), ('TURTLEBOT3_MODEL', 'waffle'), ('LC_ALL', 'en_US.UTF-8'), ('XDG_CONFIG_DIRS', '/etc/xdg/xdg-ubuntu:/etc/xdg'), ('XDG_DATA_DIRS', '/usr/share/ubuntu:/usr/local/share/:/usr/share/:/var/lib/snapd/desktop'), ('PYTHONPATH', '/opt/ros/humble/lib/python3.10/site-packages:/opt/ros/humble/local/lib/python3.10/dist-packages'), ('LC_NUMERIC', 'it_IT.UTF-8'), ('LC_PAPER', 'it_IT.UTF-8'), ('COLCON', '1'), ('VTE_VERSION', '6800'), ('CMAKE_PREFIX_PATH', '/home/catia/ros2_ws/install/sam_bot_description:/home/catia/ros2_ws/install/nodes:/home/catia/ros2_ws/install/navigation_:/opt/ros/humble')]), 'shell': False}
[0.059849] (sam_bot_description) StdoutLine: {'line': b'[100%] Built target odom_base\n'}
[0.060074] (navigation_) StdoutLine: {'line': b'[ 16%] Built target mobile_base\n'}
[0.060219] (navigation_) StdoutLine: {'line': b'[ 33%] Built target pub_occupancy_grid\n'}
[0.060792] (navigation_) StdoutLine: {'line': b'[ 50%] Built target tf_node\n'}
[0.060938] (navigation_) StdoutLine: {'line': b'[ 66%] Built target ipose\n'}
[0.061039] (navigation_) StdoutLine: {'line': b'[ 83%] Built target laserScan_\n'}
[0.064289] (navigation_) StdoutLine: {'line': b'[100%] Built target odom_base\n'}
[0.068538] (sam_bot_description) CommandEnded: {'returncode': 0}
[0.073825] (navigation_) CommandEnded: {'returncode': 0}
[0.085735] (sam_bot_description) JobProgress: {'identifier': 'sam_bot_description', 'progress': 'install'}
[0.091965] (sam_bot_description) Command: {'cmd': ['/usr/bin/cmake', '--install', '/home/catia/ros2_ws/build/sam_bot_description'], 'cwd': '/home/catia/ros2_ws/build/sam_bot_description', 'env': OrderedDict([('USER', 'catia'), ('LC_TIME', 'it_IT.UTF-8'), ('XDG_SESSION_TYPE', 'wayland'), ('SHLVL', '1'), ('LD_LIBRARY_PATH', '/usr/lib/x86_64-linux-gnu/gazebo-11/plugins:/opt/ros/humble/opt/rviz_ogre_vendor/lib:/opt/ros/humble/lib/x86_64-linux-gnu:/opt/ros/humble/lib'), ('HOME', '/home/catia'), ('OLDPWD', '/home/catia'), ('DESKTOP_SESSION', 'ubuntu'), ('ROS_PYTHON_VERSION', '3'), ('GNOME_SHELL_SESSION_MODE', 'ubuntu'), ('GTK_MODULES', 'gail:atk-bridge'), ('LC_MONETARY', 'it_IT.UTF-8'), ('SYSTEMD_EXEC_PID', '1513'), ('DBUS_SESSION_BUS_ADDRESS', 'unix:path=/run/user/1000/bus'), ('COLORTERM', 'truecolor'), ('IM_CONFIG_PHASE', '1'), ('WAYLAND_DISPLAY', 'wayland-0'), ('COLCON_PREFIX_PATH', '/home/catia/ros2_ws/install'), ('ROS_DISTRO', 'humble'), ('LOGNAME', 'catia'), ('_', '/usr/bin/colcon'), ('ROS_VERSION', '2'), ('XDG_SESSION_CLASS', 'user'), ('USERNAME', 'catia'), ('TERM', 'xterm-256color'), ('GNOME_DESKTOP_SESSION_ID', 'this-is-deprecated'), ('ROS_LOCALHOST_ONLY', '0'), ('PATH', '/opt/ros/humble/bin:/usr/local/sbin:/usr/local/bin:/usr/sbin:/usr/bin:/sbin:/bin:/usr/games:/usr/local/games:/snap/bin:/snap/bin'), ('SESSION_MANAGER', 'local/cat:@/tmp/.ICE-unix/1489,unix/cat:/tmp/.ICE-unix/1489'), ('XDG_MENU_PREFIX', 'gnome-'), ('LC_ADDRESS', 'it_IT.UTF-8'), ('GNOME_TERMINAL_SCREEN', '/org/gnome/Terminal/screen/925acd47_393f_44cf_8cda_17d2638e731d'), ('GNOME_SETUP_DISPLAY', ':1'), ('XDG_RUNTIME_DIR', '/run/user/1000'), ('DISPLAY', ':0'), ('LANG', 'en_US.UTF-8'), ('XDG_CURRENT_DESKTOP', 'ubuntu:GNOME'), ('LC_TELEPHONE', 'it_IT.UTF-8'), ('XMODIFIERS', '@im=ibus'), ('XDG_SESSION_DESKTOP', 'ubuntu'), ('XAUTHORITY', '/run/user/1000/.mutter-Xwaylandauth.GKROU2'), ('GNOME_TERMINAL_SERVICE', ':1.158'), ('SSH_AGENT_LAUNCHER', 'gnome-keyring'), ('SSH_AUTH_SOCK', '/run/user/1000/keyring/ssh'), ('AMENT_PREFIX_PATH', '/home/catia/ros2_ws/install/sam_bot_description:/home/catia/ros2_ws/install/nodes:/home/catia/ros2_ws/install/navigation_:/opt/ros/humble'), ('SHELL', '/bin/bash'), ('LC_NAME', 'it_IT.UTF-8'), ('QT_ACCESSIBILITY', '1'), ('GDMSESSION', 'ubuntu'), ('LC_MEASUREMENT', 'it_IT.UTF-8'), ('LC_IDENTIFICATION', 'it_IT.UTF-8'), ('QT_IM_MODULE', 'ibus'), ('PWD', '/home/catia/ros2_ws/build/sam_bot_description'), ('TURTLEBOT3_MODEL', 'waffle'), ('LC_ALL', 'en_US.UTF-8'), ('XDG_CONFIG_DIRS', '/etc/xdg/xdg-ubuntu:/etc/xdg'), ('XDG_DATA_DIRS', '/usr/share/ubuntu:/usr/local/share/:/usr/share/:/var/lib/snapd/desktop'), ('PYTHONPATH', '/opt/ros/humble/lib/python3.10/site-packages:/opt/ros/humble/local/lib/python3.10/dist-packages'), ('LC_NUMERIC', 'it_IT.UTF-8'), ('LC_PAPER', 'it_IT.UTF-8'), ('COLCON', '1'), ('VTE_VERSION', '6800'), ('CMAKE_PREFIX_PATH', '/home/catia/ros2_ws/install/sam_bot_description:/home/catia/ros2_ws/install/nodes:/home/catia/ros2_ws/install/navigation_:/opt/ros/humble')]), 'shell': False}
[0.097885] (sam_bot_description) StdoutLine: {'line': b'-- Install configuration: ""\n'}
[0.098087] (sam_bot_description) StdoutLine: {'line': b'-- Up-to-date: /home/catia/ros2_ws/install/sam_bot_description/lib/sam_bot_description/odom_base\n'}
[0.098230] (sam_bot_description) StdoutLine: {'line': b'-- Up-to-date: /home/catia/ros2_ws/install/sam_bot_description/share/sam_bot_description/src\n'}
[0.098441] (sam_bot_description) StdoutLine: {'line': b'-- Up-to-date: /home/catia/ros2_ws/install/sam_bot_description/share/sam_bot_description/src/description\n'}
[0.098528] (sam_bot_description) StdoutLine: {'line': b'-- Up-to-date: /home/catia/ros2_ws/install/sam_bot_description/share/sam_bot_description/src/description/sam_bot_description.urdf\n'}
[0.098649] (sam_bot_description) StdoutLine: {'line': b'-- Up-to-date: /home/catia/ros2_ws/install/sam_bot_description/share/sam_bot_description/src/description/odom_base.cpp\n'}
[0.098705] (sam_bot_description) StdoutLine: {'line': b'-- Up-to-date: /home/catia/ros2_ws/install/sam_bot_description/share/sam_bot_description/launch\n'}
[0.098752] (sam_bot_description) StdoutLine: {'line': b'-- Up-to-date: /home/catia/ros2_ws/install/sam_bot_description/share/sam_bot_description/launch/display.launch.py\n'}
[0.098798] (sam_bot_description) StdoutLine: {'line': b'-- Up-to-date: /home/catia/ros2_ws/install/sam_bot_description/share/sam_bot_description/rviz\n'}
[0.098862] (sam_bot_description) StdoutLine: {'line': b'-- Up-to-date: /home/catia/ros2_ws/install/sam_bot_description/share/sam_bot_description/rviz/urdf_config.rviz\n'}
[0.098997] (sam_bot_description) StdoutLine: {'line': b'-- Up-to-date: /home/catia/ros2_ws/install/sam_bot_description/share/ament_index/resource_index/package_run_dependencies/sam_bot_description\n'}
[0.099047] (sam_bot_description) StdoutLine: {'line': b'-- Up-to-date: /home/catia/ros2_ws/install/sam_bot_description/share/ament_index/resource_index/parent_prefix_path/sam_bot_description\n'}
[0.099093] (sam_bot_description) StdoutLine: {'line': b'-- Up-to-date: /home/catia/ros2_ws/install/sam_bot_description/share/sam_bot_description/environment/ament_prefix_path.sh\n'}
[0.099138] (sam_bot_description) StdoutLine: {'line': b'-- Up-to-date: /home/catia/ros2_ws/install/sam_bot_description/share/sam_bot_description/environment/ament_prefix_path.dsv\n'}
[0.099182] (sam_bot_description) StdoutLine: {'line': b'-- Up-to-date: /home/catia/ros2_ws/install/sam_bot_description/share/sam_bot_description/environment/path.sh\n'}
[0.099228] (sam_bot_description) StdoutLine: {'line': b'-- Up-to-date: /home/catia/ros2_ws/install/sam_bot_description/share/sam_bot_description/environment/path.dsv\n'}
[0.099273] (sam_bot_description) StdoutLine: {'line': b'-- Up-to-date: /home/catia/ros2_ws/install/sam_bot_description/share/sam_bot_description/local_setup.bash\n'}
[0.099397] (sam_bot_description) StdoutLine: {'line': b'-- Up-to-date: /home/catia/ros2_ws/install/sam_bot_description/share/sam_bot_description/local_setup.sh\n'}
[0.099543] (sam_bot_description) StdoutLine: {'line': b'-- Up-to-date: /home/catia/ros2_ws/install/sam_bot_description/share/sam_bot_description/local_setup.zsh\n'}
[0.099770] (-) TimerEvent: {}
[0.100069] (sam_bot_description) StdoutLine: {'line': b'-- Up-to-date: /home/catia/ros2_ws/install/sam_bot_description/share/sam_bot_description/local_setup.dsv\n'}
[0.100526] (sam_bot_description) StdoutLine: {'line': b'-- Installing: /home/catia/ros2_ws/install/sam_bot_description/share/sam_bot_description/package.dsv\n'}
[0.100639] (sam_bot_description) StdoutLine: {'line': b'-- Up-to-date: /home/catia/ros2_ws/install/sam_bot_description/share/ament_index/resource_index/packages/sam_bot_description\n'}
[0.100780] (sam_bot_description) StdoutLine: {'line': b'-- Up-to-date: /home/catia/ros2_ws/install/sam_bot_description/share/sam_bot_description/cmake/sam_bot_descriptionConfig.cmake\n'}
[0.100960] (sam_bot_description) StdoutLine: {'line': b'-- Up-to-date: /home/catia/ros2_ws/install/sam_bot_description/share/sam_bot_description/cmake/sam_bot_descriptionConfig-version.cmake\n'}
[0.101165] (sam_bot_description) StdoutLine: {'line': b'-- Up-to-date: /home/catia/ros2_ws/install/sam_bot_description/share/sam_bot_description/package.xml\n'}
[0.101346] (sam_bot_description) CommandEnded: {'returncode': 0}
[0.109218] (navigation_) JobProgress: {'identifier': 'navigation_', 'progress': 'install'}
[0.109522] (navigation_) Command: {'cmd': ['/usr/bin/cmake', '--install', '/home/catia/ros2_ws/build/navigation_'], 'cwd': '/home/catia/ros2_ws/build/navigation_', 'env': OrderedDict([('USER', 'catia'), ('LC_TIME', 'it_IT.UTF-8'), ('XDG_SESSION_TYPE', 'wayland'), ('SHLVL', '1'), ('LD_LIBRARY_PATH', '/usr/lib/x86_64-linux-gnu/gazebo-11/plugins:/opt/ros/humble/opt/rviz_ogre_vendor/lib:/opt/ros/humble/lib/x86_64-linux-gnu:/opt/ros/humble/lib'), ('HOME', '/home/catia'), ('OLDPWD', '/home/catia'), ('DESKTOP_SESSION', 'ubuntu'), ('ROS_PYTHON_VERSION', '3'), ('GNOME_SHELL_SESSION_MODE', 'ubuntu'), ('GTK_MODULES', 'gail:atk-bridge'), ('LC_MONETARY', 'it_IT.UTF-8'), ('SYSTEMD_EXEC_PID', '1513'), ('DBUS_SESSION_BUS_ADDRESS', 'unix:path=/run/user/1000/bus'), ('COLORTERM', 'truecolor'), ('IM_CONFIG_PHASE', '1'), ('WAYLAND_DISPLAY', 'wayland-0'), ('COLCON_PREFIX_PATH', '/home/catia/ros2_ws/install'), ('ROS_DISTRO', 'humble'), ('LOGNAME', 'catia'), ('_', '/usr/bin/colcon'), ('ROS_VERSION', '2'), ('XDG_SESSION_CLASS', 'user'), ('USERNAME', 'catia'), ('TERM', 'xterm-256color'), ('GNOME_DESKTOP_SESSION_ID', 'this-is-deprecated'), ('ROS_LOCALHOST_ONLY', '0'), ('PATH', '/opt/ros/humble/bin:/usr/local/sbin:/usr/local/bin:/usr/sbin:/usr/bin:/sbin:/bin:/usr/games:/usr/local/games:/snap/bin:/snap/bin'), ('SESSION_MANAGER', 'local/cat:@/tmp/.ICE-unix/1489,unix/cat:/tmp/.ICE-unix/1489'), ('XDG_MENU_PREFIX', 'gnome-'), ('LC_ADDRESS', 'it_IT.UTF-8'), ('GNOME_TERMINAL_SCREEN', '/org/gnome/Terminal/screen/925acd47_393f_44cf_8cda_17d2638e731d'), ('GNOME_SETUP_DISPLAY', ':1'), ('XDG_RUNTIME_DIR', '/run/user/1000'), ('DISPLAY', ':0'), ('LANG', 'en_US.UTF-8'), ('XDG_CURRENT_DESKTOP', 'ubuntu:GNOME'), ('LC_TELEPHONE', 'it_IT.UTF-8'), ('XMODIFIERS', '@im=ibus'), ('XDG_SESSION_DESKTOP', 'ubuntu'), ('XAUTHORITY', '/run/user/1000/.mutter-Xwaylandauth.GKROU2'), ('GNOME_TERMINAL_SERVICE', ':1.158'), ('SSH_AGENT_LAUNCHER', 'gnome-keyring'), ('SSH_AUTH_SOCK', '/run/user/1000/keyring/ssh'), ('AMENT_PREFIX_PATH', '/home/catia/ros2_ws/install/sam_bot_description:/home/catia/ros2_ws/install/nodes:/home/catia/ros2_ws/install/navigation_:/opt/ros/humble'), ('SHELL', '/bin/bash'), ('LC_NAME', 'it_IT.UTF-8'), ('QT_ACCESSIBILITY', '1'), ('GDMSESSION', 'ubuntu'), ('LC_MEASUREMENT', 'it_IT.UTF-8'), ('LC_IDENTIFICATION', 'it_IT.UTF-8'), ('QT_IM_MODULE', 'ibus'), ('PWD', '/home/catia/ros2_ws/build/navigation_'), ('TURTLEBOT3_MODEL', 'waffle'), ('LC_ALL', 'en_US.UTF-8'), ('XDG_CONFIG_DIRS', '/etc/xdg/xdg-ubuntu:/etc/xdg'), ('XDG_DATA_DIRS', '/usr/share/ubuntu:/usr/local/share/:/usr/share/:/var/lib/snapd/desktop'), ('PYTHONPATH', '/opt/ros/humble/lib/python3.10/site-packages:/opt/ros/humble/local/lib/python3.10/dist-packages'), ('LC_NUMERIC', 'it_IT.UTF-8'), ('LC_PAPER', 'it_IT.UTF-8'), ('COLCON', '1'), ('VTE_VERSION', '6800'), ('CMAKE_PREFIX_PATH', '/home/catia/ros2_ws/install/sam_bot_description:/home/catia/ros2_ws/install/nodes:/home/catia/ros2_ws/install/navigation_:/opt/ros/humble')]), 'shell': False}
[0.115583] (navigation_) StdoutLine: {'line': b'-- Install configuration: ""\n'}
[0.115757] (navigation_) StdoutLine: {'line': b'-- Up-to-date: /home/catia/ros2_ws/install/navigation_/lib/navigation_/pub_occupancy_grid\n'}
[0.115844] (navigation_) StdoutLine: {'line': b'-- Up-to-date: /home/catia/ros2_ws/install/navigation_/lib/navigation_/laserScan_\n'}
[0.116004] (navigation_) StdoutLine: {'line': b'-- Up-to-date: /home/catia/ros2_ws/install/navigation_/lib/navigation_/mobile_base\n'}
[0.116249] (navigation_) StdoutLine: {'line': b'-- Up-to-date: /home/catia/ros2_ws/install/navigation_/lib/navigation_/tf_node\n'}
[0.116375] (navigation_) StdoutLine: {'line': b'-- Up-to-date: /home/catia/ros2_ws/install/navigation_/lib/navigation_/ipose\n'}
[0.116613] (navigation_) StdoutLine: {'line': b'-- Up-to-date: /home/catia/ros2_ws/install/navigation_/lib/navigation_/odom_base\n'}
[0.116742] (navigation_) StdoutLine: {'line': b'-- Up-to-date: /home/catia/ros2_ws/install/navigation_/share/navigation_/launch\n'}
[0.116796] (navigation_) StdoutLine: {'line': b'-- Up-to-date: /home/catia/ros2_ws/install/navigation_/share/navigation_/launch/nav2_launch.py\n'}
[0.116853] (navigation_) StdoutLine: {'line': b'-- Up-to-date: /home/catia/ros2_ws/install/navigation_/share/navigation_/launch/nav_launch.py\n'}
[0.116915] (navigation_) StdoutLine: {'line': b'-- Installing: /home/catia/ros2_ws/install/navigation_/share/navigation_/launch/mapping_launch.py\n'}
[0.117002] (navigation_) StdoutLine: {'line': b'-- Up-to-date: /home/catia/ros2_ws/install/navigation_/share/navigation_/config\n'}
[0.117274] (navigation_) StdoutLine: {'line': b'-- Up-to-date: /home/catia/ros2_ws/install/navigation_/share/navigation_/config/cappero_laser_odom_diag_2020-05-06-16-26-03.yaml\n'}
[0.117326] (navigation_) StdoutLine: {'line': b'-- Up-to-date: /home/catia/ros2_ws/install/navigation_/share/navigation_/config/capperlo_lase_odom_diag_2020-05-06-16-26-03.world\n'}
[0.117372] (navigation_) StdoutLine: {'line': b'-- Up-to-date: /home/catia/ros2_ws/install/navigation_/share/navigation_/config/prova.rviz\n'}
[0.117420] (navigation_) StdoutLine: {'line': b'-- Up-to-date: /home/catia/ros2_ws/install/navigation_/share/navigation_/config/diag.rviz\n'}
[0.117470] (navigation_) StdoutLine: {'line': b'-- Up-to-date: /home/catia/ros2_ws/install/navigation_/share/navigation_/config/diag1.rviz\n'}
[0.117627] (navigation_) StdoutLine: {'line': b'-- Up-to-date: /home/catia/ros2_ws/install/navigation_/share/navigation_/config/nav2_param.yaml\n'}
[0.117677] (navigation_) StdoutLine: {'line': b'-- Up-to-date: /home/catia/ros2_ws/install/navigation_/share/navigation_/config/robot.urdf\n'}
[0.117724] (navigation_) StdoutLine: {'line': b'-- Up-to-date: /home/catia/ros2_ws/install/navigation_/share/navigation_/config/cappero_laser_odom_diag_2020-05-06-16-26-03.png\n'}
[0.117771] (navigation_) StdoutLine: {'line': b'-- Up-to-date: /home/catia/ros2_ws/install/navigation_/share/navigation_/config/urdf_config.rviz\n'}
[0.117816] (navigation_) StdoutLine: {'line': b'-- Up-to-date: /home/catia/ros2_ws/install/navigation_/share/navigation_/config/default.rviz\n'}
[0.117860] (navigation_) StdoutLine: {'line': b'-- Up-to-date: /home/catia/ros2_ws/install/navigation_/share/ament_index/resource_index/package_run_dependencies/navigation_\n'}
[0.117905] (navigation_) StdoutLine: {'line': b'-- Up-to-date: /home/catia/ros2_ws/install/navigation_/share/ament_index/resource_index/parent_prefix_path/navigation_\n'}
[0.117949] (navigation_) StdoutLine: {'line': b'-- Up-to-date: /home/catia/ros2_ws/install/navigation_/share/navigation_/environment/ament_prefix_path.sh\n'}
[0.118067] (navigation_) StdoutLine: {'line': b'-- Up-to-date: /home/catia/ros2_ws/install/navigation_/share/navigation_/environment/ament_prefix_path.dsv\n'}
[0.118126] (navigation_) StdoutLine: {'line': b'-- Up-to-date: /home/catia/ros2_ws/install/navigation_/share/navigation_/environment/path.sh\n'}
[0.118172] (navigation_) StdoutLine: {'line': b'-- Up-to-date: /home/catia/ros2_ws/install/navigation_/share/navigation_/environment/path.dsv\n'}
[0.118216] (navigation_) StdoutLine: {'line': b'-- Up-to-date: /home/catia/ros2_ws/install/navigation_/share/navigation_/local_setup.bash\n'}
[0.118353] (navigation_) StdoutLine: {'line': b'-- Up-to-date: /home/catia/ros2_ws/install/navigation_/share/navigation_/local_setup.sh\n'}
[0.118623] (navigation_) StdoutLine: {'line': b'-- Up-to-date: /home/catia/ros2_ws/install/navigation_/share/navigation_/local_setup.zsh\n'}
[0.118954] (navigation_) StdoutLine: {'line': b'-- Up-to-date: /home/catia/ros2_ws/install/navigation_/share/navigation_/local_setup.dsv\n'}
[0.119240] (navigation_) StdoutLine: {'line': b'-- Installing: /home/catia/ros2_ws/install/navigation_/share/navigation_/package.dsv\n'}
[0.119417] (navigation_) StdoutLine: {'line': b'-- Up-to-date: /home/catia/ros2_ws/install/navigation_/share/ament_index/resource_index/packages/navigation_\n'}
[0.119467] (navigation_) StdoutLine: {'line': b'-- Up-to-date: /home/catia/ros2_ws/install/navigation_/share/navigation_/cmake/navigation_Config.cmake\n'}
[0.119518] (navigation_) StdoutLine: {'line': b'-- Up-to-date: /home/catia/ros2_ws/install/navigation_/share/navigation_/cmake/navigation_Config-version.cmake\n'}
[0.119599] (navigation_) StdoutLine: {'line': b'-- Up-to-date: /home/catia/ros2_ws/install/navigation_/share/navigation_/package.xml\n'}
[0.119658] (navigation_) CommandEnded: {'returncode': 0}
[0.133613] (sam_bot_description) JobEnded: {'identifier': 'sam_bot_description', 'rc': 0}
[0.159329] (navigation_) JobEnded: {'identifier': 'navigation_', 'rc': 0}
[0.159852] (-) EventReactorShutdown: {}
