[0.076s] DEBUG:colcon:Command line arguments: ['/usr/bin/colcon', 'build']
[0.076s] DEBUG:colcon:Parsed command line arguments: Namespace(log_base=None, log_level=None, verb_name='build', build_base='build', install_base='install', merge_install=False, symlink_install=False, test_result_base=None, continue_on_error=False, executor='parallel', parallel_workers=8, event_handlers=None, ignore_user_meta=False, metas=['./colcon.meta'], base_paths=['.'], packages_ignore=None, packages_ignore_regex=None, paths=None, packages_up_to=None, packages_up_to_regex=None, packages_above=None, packages_above_and_dependencies=None, packages_above_depth=None, packages_select_by_dep=None, packages_skip_by_dep=None, packages_skip_up_to=None, packages_select_build_failed=False, packages_skip_build_finished=False, packages_select_test_failures=False, packages_skip_test_passed=False, packages_select=None, packages_skip=None, packages_select_regex=None, packages_skip_regex=None, packages_start=None, packages_end=None, allow_overriding=[], cmake_args=None, cmake_target=None, cmake_target_skip_unavailable=False, cmake_clean_cache=False, cmake_clean_first=False, cmake_force_configure=False, ament_cmake_args=None, catkin_cmake_args=None, catkin_skip_building_tests=False, verb_parser=<colcon_defaults.argument_parser.defaults.DefaultArgumentsDecorator object at 0x789ebc1446a0>, verb_extension=<colcon_core.verb.build.BuildVerb object at 0x789ebc1440d0>, main=<bound method BuildVerb.main of <colcon_core.verb.build.BuildVerb object at 0x789ebc1440d0>>)
[0.195s] Level 1:colcon.colcon_core.package_discovery:discover_packages(colcon_meta) check parameters
[0.195s] Level 1:colcon.colcon_core.package_discovery:discover_packages(recursive) check parameters
[0.195s] Level 1:colcon.colcon_core.package_discovery:discover_packages(ignore) check parameters
[0.195s] Level 1:colcon.colcon_core.package_discovery:discover_packages(path) check parameters
[0.195s] Level 1:colcon.colcon_core.package_discovery:discover_packages(colcon_meta) discover
[0.195s] Level 1:colcon.colcon_core.package_discovery:discover_packages(recursive) discover
[0.195s] INFO:colcon.colcon_core.package_discovery:Crawling recursively for packages in '/home/catia/ros2_ws'
[0.195s] Level 1:colcon.colcon_core.package_identification:_identify(.) by extensions ['ignore', 'ignore_ament_install']
[0.195s] Level 1:colcon.colcon_core.package_identification:_identify(.) by extension 'ignore'
[0.195s] Level 1:colcon.colcon_core.package_identification:_identify(.) by extension 'ignore_ament_install'
[0.195s] Level 1:colcon.colcon_core.package_identification:_identify(.) by extensions ['colcon_pkg']
[0.195s] Level 1:colcon.colcon_core.package_identification:_identify(.) by extension 'colcon_pkg'
[0.196s] Level 1:colcon.colcon_core.package_identification:_identify(.) by extensions ['colcon_meta']
[0.196s] Level 1:colcon.colcon_core.package_identification:_identify(.) by extension 'colcon_meta'
[0.196s] Level 1:colcon.colcon_core.package_identification:_identify(.) by extensions ['ros']
[0.196s] Level 1:colcon.colcon_core.package_identification:_identify(.) by extension 'ros'
[0.204s] Level 1:colcon.colcon_core.package_identification:_identify(.) by extensions ['cmake', 'python']
[0.204s] Level 1:colcon.colcon_core.package_identification:_identify(.) by extension 'cmake'
[0.204s] Level 1:colcon.colcon_core.package_identification:_identify(.) by extension 'python'
[0.204s] Level 1:colcon.colcon_core.package_identification:_identify(.) by extensions ['python_setup_py']
[0.204s] Level 1:colcon.colcon_core.package_identification:_identify(.) by extension 'python_setup_py'
[0.204s] Level 1:colcon.colcon_core.package_identification:_identify(build) by extensions ['ignore', 'ignore_ament_install']
[0.204s] Level 1:colcon.colcon_core.package_identification:_identify(build) by extension 'ignore'
[0.204s] Level 1:colcon.colcon_core.package_identification:_identify(build) ignored
[0.205s] Level 1:colcon.colcon_core.package_identification:_identify(install) by extensions ['ignore', 'ignore_ament_install']
[0.205s] Level 1:colcon.colcon_core.package_identification:_identify(install) by extension 'ignore'
[0.205s] Level 1:colcon.colcon_core.package_identification:_identify(install) ignored
[0.205s] Level 1:colcon.colcon_core.package_identification:_identify(log) by extensions ['ignore', 'ignore_ament_install']
[0.205s] Level 1:colcon.colcon_core.package_identification:_identify(log) by extension 'ignore'
[0.205s] Level 1:colcon.colcon_core.package_identification:_identify(log) ignored
[0.205s] Level 1:colcon.colcon_core.package_identification:_identify(src) by extensions ['ignore', 'ignore_ament_install']
[0.205s] Level 1:colcon.colcon_core.package_identification:_identify(src) by extension 'ignore'
[0.205s] Level 1:colcon.colcon_core.package_identification:_identify(src) by extension 'ignore_ament_install'
[0.205s] Level 1:colcon.colcon_core.package_identification:_identify(src) by extensions ['colcon_pkg']
[0.205s] Level 1:colcon.colcon_core.package_identification:_identify(src) by extension 'colcon_pkg'
[0.205s] Level 1:colcon.colcon_core.package_identification:_identify(src) by extensions ['colcon_meta']
[0.205s] Level 1:colcon.colcon_core.package_identification:_identify(src) by extension 'colcon_meta'
[0.205s] Level 1:colcon.colcon_core.package_identification:_identify(src) by extensions ['ros']
[0.205s] Level 1:colcon.colcon_core.package_identification:_identify(src) by extension 'ros'
[0.205s] Level 1:colcon.colcon_core.package_identification:_identify(src) by extensions ['cmake', 'python']
[0.205s] Level 1:colcon.colcon_core.package_identification:_identify(src) by extension 'cmake'
[0.206s] Level 1:colcon.colcon_core.package_identification:_identify(src) by extension 'python'
[0.206s] Level 1:colcon.colcon_core.package_identification:_identify(src) by extensions ['python_setup_py']
[0.206s] Level 1:colcon.colcon_core.package_identification:_identify(src) by extension 'python_setup_py'
[0.206s] Level 1:colcon.colcon_core.package_identification:_identify(src/navigation_) by extensions ['ignore', 'ignore_ament_install']
[0.206s] Level 1:colcon.colcon_core.package_identification:_identify(src/navigation_) by extension 'ignore'
[0.206s] Level 1:colcon.colcon_core.package_identification:_identify(src/navigation_) by extension 'ignore_ament_install'
[0.206s] Level 1:colcon.colcon_core.package_identification:_identify(src/navigation_) by extensions ['colcon_pkg']
[0.206s] Level 1:colcon.colcon_core.package_identification:_identify(src/navigation_) by extension 'colcon_pkg'
[0.206s] Level 1:colcon.colcon_core.package_identification:_identify(src/navigation_) by extensions ['colcon_meta']
[0.206s] Level 1:colcon.colcon_core.package_identification:_identify(src/navigation_) by extension 'colcon_meta'
[0.206s] Level 1:colcon.colcon_core.package_identification:_identify(src/navigation_) by extensions ['ros']
[0.206s] Level 1:colcon.colcon_core.package_identification:_identify(src/navigation_) by extension 'ros'
[0.208s] DEBUG:colcon.colcon_core.package_identification:Package 'src/navigation_' with type 'ros.ament_cmake' and name 'navigation_'
[0.208s] Level 1:colcon.colcon_core.package_discovery:discover_packages(recursive) using defaults
[0.208s] Level 1:colcon.colcon_core.package_discovery:discover_packages(ignore) discover
[0.208s] Level 1:colcon.colcon_core.package_discovery:discover_packages(ignore) using defaults
[0.208s] Level 1:colcon.colcon_core.package_discovery:discover_packages(path) discover
[0.208s] Level 1:colcon.colcon_core.package_discovery:discover_packages(path) using defaults
[0.222s] Level 1:colcon.colcon_core.package_discovery:discover_packages(prefix_path) check parameters
[0.222s] Level 1:colcon.colcon_core.package_discovery:discover_packages(prefix_path) discover
[0.223s] DEBUG:colcon.colcon_installed_package_information.package_discovery:Found 2 installed packages in /home/catia/ros2_ws/install
[0.225s] DEBUG:colcon.colcon_installed_package_information.package_discovery:Found 384 installed packages in /opt/ros/humble
[0.234s] Level 1:colcon.colcon_core.package_discovery:discover_packages(prefix_path) using defaults
[0.267s] Level 5:colcon.colcon_core.verb:set package 'navigation_' build argument 'cmake_args' from command line to 'None'
[0.267s] Level 5:colcon.colcon_core.verb:set package 'navigation_' build argument 'cmake_target' from command line to 'None'
[0.267s] Level 5:colcon.colcon_core.verb:set package 'navigation_' build argument 'cmake_target_skip_unavailable' from command line to 'False'
[0.267s] Level 5:colcon.colcon_core.verb:set package 'navigation_' build argument 'cmake_clean_cache' from command line to 'False'
[0.267s] Level 5:colcon.colcon_core.verb:set package 'navigation_' build argument 'cmake_clean_first' from command line to 'False'
[0.267s] Level 5:colcon.colcon_core.verb:set package 'navigation_' build argument 'cmake_force_configure' from command line to 'False'
[0.267s] Level 5:colcon.colcon_core.verb:set package 'navigation_' build argument 'ament_cmake_args' from command line to 'None'
[0.267s] Level 5:colcon.colcon_core.verb:set package 'navigation_' build argument 'catkin_cmake_args' from command line to 'None'
[0.267s] Level 5:colcon.colcon_core.verb:set package 'navigation_' build argument 'catkin_skip_building_tests' from command line to 'False'
[0.267s] DEBUG:colcon.colcon_core.verb:Building package 'navigation_' with the following arguments: {'ament_cmake_args': None, 'build_base': '/home/catia/ros2_ws/build/navigation_', 'catkin_cmake_args': None, 'catkin_skip_building_tests': False, 'cmake_args': None, 'cmake_clean_cache': False, 'cmake_clean_first': False, 'cmake_force_configure': False, 'cmake_target': None, 'cmake_target_skip_unavailable': False, 'install_base': '/home/catia/ros2_ws/install/navigation_', 'merge_install': False, 'path': '/home/catia/ros2_ws/src/navigation_', 'symlink_install': False, 'test_result_base': None}
[0.267s] INFO:colcon.colcon_core.executor:Executing jobs using 'parallel' executor
[0.269s] DEBUG:colcon.colcon_parallel_executor.executor.parallel:run_until_complete
[0.269s] INFO:colcon.colcon_ros.task.ament_cmake.build:Building ROS package in '/home/catia/ros2_ws/src/navigation_' with build type 'ament_cmake'
[0.269s] INFO:colcon.colcon_cmake.task.cmake.build:Building CMake package in '/home/catia/ros2_ws/src/navigation_'
[0.271s] INFO:colcon.colcon_core.plugin_system:Skipping extension 'colcon_core.shell.bat': Not used on non-Windows systems
[0.271s] INFO:colcon.colcon_core.shell:Skip shell extension 'powershell' for command environment: Not usable outside of PowerShell
[0.271s] DEBUG:colcon.colcon_core.shell:Skip shell extension 'dsv' for command environment
[0.279s] DEBUG:colcon.colcon_core.event_handler.log_command:Invoking command in '/home/catia/ros2_ws/build/navigation_': CMAKE_PREFIX_PATH=${CMAKE_PREFIX_PATH}:/opt/ros/humble /usr/bin/cmake --build /home/catia/ros2_ws/build/navigation_ -- -j8 -l8
[7.622s] DEBUG:colcon.colcon_core.event_handler.log_command:Invoked command in '/home/catia/ros2_ws/build/navigation_' returned '0': CMAKE_PREFIX_PATH=${CMAKE_PREFIX_PATH}:/opt/ros/humble /usr/bin/cmake --build /home/catia/ros2_ws/build/navigation_ -- -j8 -l8
[7.659s] DEBUG:colcon.colcon_core.event_handler.log_command:Invoking command in '/home/catia/ros2_ws/build/navigation_': CMAKE_PREFIX_PATH=${CMAKE_PREFIX_PATH}:/opt/ros/humble /usr/bin/cmake --install /home/catia/ros2_ws/build/navigation_
[7.674s] Level 1:colcon.colcon_core.environment:create_environment_scripts_only(navigation_)
[7.675s] DEBUG:colcon.colcon_core.event_handler.log_command:Invoked command in '/home/catia/ros2_ws/build/navigation_' returned '0': CMAKE_PREFIX_PATH=${CMAKE_PREFIX_PATH}:/opt/ros/humble /usr/bin/cmake --install /home/catia/ros2_ws/build/navigation_
[7.676s] Level 1:colcon.colcon_core.environment:checking '/home/catia/ros2_ws/install/navigation_' for CMake module files
[7.677s] Level 1:colcon.colcon_core.environment:checking '/home/catia/ros2_ws/install/navigation_' for CMake config files
[7.677s] Level 1:colcon.colcon_core.shell:create_environment_hook('navigation_', 'cmake_prefix_path')
[7.677s] INFO:colcon.colcon_core.shell:Creating environment hook '/home/catia/ros2_ws/install/navigation_/share/navigation_/hook/cmake_prefix_path.ps1'
[7.678s] INFO:colcon.colcon_core.shell:Creating environment descriptor '/home/catia/ros2_ws/install/navigation_/share/navigation_/hook/cmake_prefix_path.dsv'
[7.678s] INFO:colcon.colcon_core.shell:Creating environment hook '/home/catia/ros2_ws/install/navigation_/share/navigation_/hook/cmake_prefix_path.sh'
[7.678s] Level 1:colcon.colcon_core.environment:checking '/home/catia/ros2_ws/install/navigation_/lib'
[7.679s] Level 1:colcon.colcon_core.environment:checking '/home/catia/ros2_ws/install/navigation_/bin'
[7.679s] Level 1:colcon.colcon_core.environment:checking '/home/catia/ros2_ws/install/navigation_/lib/pkgconfig/navigation_.pc'
[7.679s] Level 1:colcon.colcon_core.environment:checking '/home/catia/ros2_ws/install/navigation_/lib/python3.10/site-packages'
[7.679s] Level 1:colcon.colcon_core.environment:checking '/home/catia/ros2_ws/install/navigation_/bin'
[7.679s] INFO:colcon.colcon_core.shell:Creating package script '/home/catia/ros2_ws/install/navigation_/share/navigation_/package.ps1'
[7.680s] INFO:colcon.colcon_core.shell:Creating package descriptor '/home/catia/ros2_ws/install/navigation_/share/navigation_/package.dsv'
[7.680s] INFO:colcon.colcon_core.shell:Creating package script '/home/catia/ros2_ws/install/navigation_/share/navigation_/package.sh'
[7.681s] INFO:colcon.colcon_core.shell:Creating package script '/home/catia/ros2_ws/install/navigation_/share/navigation_/package.bash'
[7.681s] INFO:colcon.colcon_core.shell:Creating package script '/home/catia/ros2_ws/install/navigation_/share/navigation_/package.zsh'
[7.682s] Level 1:colcon.colcon_core.environment:create_file_with_runtime_dependencies(/home/catia/ros2_ws/install/navigation_/share/colcon-core/packages/navigation_)
[7.707s] Level 1:colcon.colcon_core.environment:create_environment_scripts_only(navigation_)
[7.707s] Level 1:colcon.colcon_core.environment:checking '/home/catia/ros2_ws/install/navigation_' for CMake module files
[7.708s] Level 1:colcon.colcon_core.environment:checking '/home/catia/ros2_ws/install/navigation_' for CMake config files
[7.708s] Level 1:colcon.colcon_core.shell:create_environment_hook('navigation_', 'cmake_prefix_path')
[7.708s] INFO:colcon.colcon_core.shell:Creating environment hook '/home/catia/ros2_ws/install/navigation_/share/navigation_/hook/cmake_prefix_path.ps1'
[7.709s] INFO:colcon.colcon_core.shell:Creating environment descriptor '/home/catia/ros2_ws/install/navigation_/share/navigation_/hook/cmake_prefix_path.dsv'
[7.709s] INFO:colcon.colcon_core.shell:Creating environment hook '/home/catia/ros2_ws/install/navigation_/share/navigation_/hook/cmake_prefix_path.sh'
[7.709s] Level 1:colcon.colcon_core.environment:checking '/home/catia/ros2_ws/install/navigation_/lib'
[7.709s] Level 1:colcon.colcon_core.environment:checking '/home/catia/ros2_ws/install/navigation_/bin'
[7.709s] Level 1:colcon.colcon_core.environment:checking '/home/catia/ros2_ws/install/navigation_/lib/pkgconfig/navigation_.pc'
[7.710s] Level 1:colcon.colcon_core.environment:checking '/home/catia/ros2_ws/install/navigation_/lib/python3.10/site-packages'
[7.710s] Level 1:colcon.colcon_core.environment:checking '/home/catia/ros2_ws/install/navigation_/bin'
[7.710s] INFO:colcon.colcon_core.shell:Creating package script '/home/catia/ros2_ws/install/navigation_/share/navigation_/package.ps1'
[7.710s] INFO:colcon.colcon_core.shell:Creating package descriptor '/home/catia/ros2_ws/install/navigation_/share/navigation_/package.dsv'
[7.711s] INFO:colcon.colcon_core.shell:Creating package script '/home/catia/ros2_ws/install/navigation_/share/navigation_/package.sh'
[7.711s] INFO:colcon.colcon_core.shell:Creating package script '/home/catia/ros2_ws/install/navigation_/share/navigation_/package.bash'
[7.711s] INFO:colcon.colcon_core.shell:Creating package script '/home/catia/ros2_ws/install/navigation_/share/navigation_/package.zsh'
[7.711s] Level 1:colcon.colcon_core.environment:create_file_with_runtime_dependencies(/home/catia/ros2_ws/install/navigation_/share/colcon-core/packages/navigation_)
[7.712s] DEBUG:colcon.colcon_parallel_executor.executor.parallel:closing loop
[7.712s] DEBUG:colcon.colcon_parallel_executor.executor.parallel:loop closed
[7.712s] DEBUG:colcon.colcon_parallel_executor.executor.parallel:run_until_complete finished with '0'
[7.712s] DEBUG:colcon.colcon_core.event_reactor:joining thread
[7.716s] INFO:colcon.colcon_core.plugin_system:Skipping extension 'colcon_notification.desktop_notification.terminal_notifier': Not used on non-Darwin systems
[7.716s] INFO:colcon.colcon_core.plugin_system:Skipping extension 'colcon_notification.desktop_notification.win32': Not used on non-Windows systems
[7.716s] INFO:colcon.colcon_notification.desktop_notification:Sending desktop notification using 'notify2'
[7.724s] DEBUG:colcon.colcon_core.event_reactor:joined thread
[7.725s] INFO:colcon.colcon_core.shell:Creating prefix script '/home/catia/ros2_ws/install/local_setup.ps1'
[7.725s] INFO:colcon.colcon_core.shell:Creating prefix util module '/home/catia/ros2_ws/install/_local_setup_util_ps1.py'
[7.726s] INFO:colcon.colcon_core.shell:Creating prefix chain script '/home/catia/ros2_ws/install/setup.ps1'
[7.727s] INFO:colcon.colcon_core.shell:Creating prefix script '/home/catia/ros2_ws/install/local_setup.sh'
[7.727s] INFO:colcon.colcon_core.shell:Creating prefix util module '/home/catia/ros2_ws/install/_local_setup_util_sh.py'
[7.728s] INFO:colcon.colcon_core.shell:Creating prefix chain script '/home/catia/ros2_ws/install/setup.sh'
[7.729s] INFO:colcon.colcon_core.shell:Creating prefix script '/home/catia/ros2_ws/install/local_setup.bash'
[7.729s] INFO:colcon.colcon_core.shell:Creating prefix chain script '/home/catia/ros2_ws/install/setup.bash'
[7.730s] INFO:colcon.colcon_core.shell:Creating prefix script '/home/catia/ros2_ws/install/local_setup.zsh'
[7.731s] INFO:colcon.colcon_core.shell:Creating prefix chain script '/home/catia/ros2_ws/install/setup.zsh'
