[0.000000] (-) TimerEvent: {}
[0.000350] (navigation_) JobQueued: {'identifier': 'navigation_', 'dependencies': OrderedDict()}
[0.000468] (navigation_) JobStarted: {'identifier': 'navigation_'}
[0.006749] (navigation_) JobProgress: {'identifier': 'navigation_', 'progress': 'cmake'}
[0.007264] (navigation_) JobProgress: {'identifier': 'navigation_', 'progress': 'build'}
[0.007809] (navigation_) Command: {'cmd': ['/usr/bin/cmake', '--build', '/home/catia/ros2_ws/build/navigation_', '--', '-j8', '-l8'], 'cwd': '/home/catia/ros2_ws/build/navigation_', 'env': OrderedDict([('USER', 'catia'), ('LC_TIME', 'it_IT.UTF-8'), ('XDG_SESSION_TYPE', 'wayland'), ('SHLVL', '1'), ('LD_LIBRARY_PATH', '/usr/lib/x86_64-linux-gnu/gazebo-11/plugins:/opt/ros/humble/opt/rviz_ogre_vendor/lib:/opt/ros/humble/lib/x86_64-linux-gnu:/opt/ros/humble/lib'), ('HOME', '/home/catia'), ('OLDPWD', '/home/catia'), ('DESKTOP_SESSION', 'ubuntu'), ('ROS_PYTHON_VERSION', '3'), ('GNOME_SHELL_SESSION_MODE', 'ubuntu'), ('GTK_MODULES', 'gail:atk-bridge'), ('LC_MONETARY', 'it_IT.UTF-8'), ('SYSTEMD_EXEC_PID', '1670'), ('DBUS_SESSION_BUS_ADDRESS', 'unix:path=/run/user/1000/bus'), ('COLORTERM', 'truecolor'), ('IM_CONFIG_PHASE', '1'), ('WAYLAND_DISPLAY', 'wayland-0'), ('COLCON_PREFIX_PATH', '/home/catia/ros2_ws/install'), ('ROS_DISTRO', 'humble'), ('LOGNAME', 'catia'), ('_', '/usr/bin/colcon'), ('ROS_VERSION', '2'), ('XDG_SESSION_CLASS', 'user'), ('USERNAME', 'catia'), ('TERM', 'xterm-256color'), ('GNOME_DESKTOP_SESSION_ID', 'this-is-deprecated'), ('ROS_LOCALHOST_ONLY', '0'), ('PATH', '/opt/ros/humble/bin:/usr/local/sbin:/usr/local/bin:/usr/sbin:/usr/bin:/sbin:/bin:/usr/games:/usr/local/games:/snap/bin:/snap/bin'), ('SESSION_MANAGER', 'local/cat:@/tmp/.ICE-unix/1480,unix/cat:/tmp/.ICE-unix/1480'), ('XDG_MENU_PREFIX', 'gnome-'), ('LC_ADDRESS', 'it_IT.UTF-8'), ('GNOME_TERMINAL_SCREEN', '/org/gnome/Terminal/screen/ebdeddf2_ca79_48b7_bc62_95d39095edb2'), ('GNOME_SETUP_DISPLAY', ':1'), ('XDG_RUNTIME_DIR', '/run/user/1000'), ('DISPLAY', ':0'), ('LANG', 'en_US.UTF-8'), ('XDG_CURRENT_DESKTOP', 'ubuntu:GNOME'), ('LC_TELEPHONE', 'it_IT.UTF-8'), ('XMODIFIERS', '@im=ibus'), ('XDG_SESSION_DESKTOP', 'ubuntu'), ('XAUTHORITY', '/run/user/1000/.mutter-Xwaylandauth.TPW3T2'), ('GNOME_TERMINAL_SERVICE', ':1.157'), ('SSH_AGENT_LAUNCHER', 'gnome-keyring'), ('SSH_AUTH_SOCK', '/run/user/1000/keyring/ssh'), ('AMENT_PREFIX_PATH', '/home/catia/ros2_ws/install/nodes:/home/catia/ros2_ws/install/navigation_:/opt/ros/humble'), ('SHELL', '/bin/bash'), ('LC_NAME', 'it_IT.UTF-8'), ('QT_ACCESSIBILITY', '1'), ('GDMSESSION', 'ubuntu'), ('LC_MEASUREMENT', 'it_IT.UTF-8'), ('LC_IDENTIFICATION', 'it_IT.UTF-8'), ('QT_IM_MODULE', 'ibus'), ('PWD', '/home/catia/ros2_ws/build/navigation_'), ('TURTLEBOT3_MODEL', 'waffle'), ('LC_ALL', 'en_US.UTF-8'), ('XDG_CONFIG_DIRS', '/etc/xdg/xdg-ubuntu:/etc/xdg'), ('XDG_DATA_DIRS', '/usr/share/ubuntu:/usr/local/share/:/usr/share/:/var/lib/snapd/desktop'), ('PYTHONPATH', '/opt/ros/humble/lib/python3.10/site-packages:/opt/ros/humble/local/lib/python3.10/dist-packages'), ('LC_NUMERIC', 'it_IT.UTF-8'), ('LC_PAPER', 'it_IT.UTF-8'), ('COLCON', '1'), ('VTE_VERSION', '6800'), ('CMAKE_PREFIX_PATH', '/home/catia/ros2_ws/install/nodes:/home/catia/ros2_ws/install/navigation_:/opt/ros/humble')]), 'shell': False}
[0.034507] (navigation_) StdoutLine: {'line': b'-- Found ament_cmake: 1.3.9 (/opt/ros/humble/share/ament_cmake/cmake)\n'}
[0.099842] (-) TimerEvent: {}
[0.158980] (navigation_) StdoutLine: {'line': b'-- Found rclcpp: 16.0.9 (/opt/ros/humble/share/rclcpp/cmake)\n'}
[0.195972] (navigation_) StdoutLine: {'line': b'-- Found rosidl_generator_c: 3.1.5 (/opt/ros/humble/share/rosidl_generator_c/cmake)\n'}
[0.198715] (navigation_) StdoutLine: {'line': b'-- Found rosidl_adapter: 3.1.5 (/opt/ros/humble/share/rosidl_adapter/cmake)\n'}
[0.199921] (-) TimerEvent: {}
[0.205589] (navigation_) StdoutLine: {'line': b'-- Found rosidl_generator_cpp: 3.1.5 (/opt/ros/humble/share/rosidl_generator_cpp/cmake)\n'}
[0.216699] (navigation_) StdoutLine: {'line': b'-- Using all available rosidl_typesupport_c: rosidl_typesupport_fastrtps_c;rosidl_typesupport_introspection_c\n'}
[0.232587] (navigation_) StdoutLine: {'line': b'-- Using all available rosidl_typesupport_cpp: rosidl_typesupport_fastrtps_cpp;rosidl_typesupport_introspection_cpp\n'}
[0.293264] (navigation_) StdoutLine: {'line': b'-- Found rmw_implementation_cmake: 6.1.2 (/opt/ros/humble/share/rmw_implementation_cmake/cmake)\n'}
[0.295348] (navigation_) StdoutLine: {'line': b'-- Found rmw_fastrtps_cpp: 6.2.6 (/opt/ros/humble/share/rmw_fastrtps_cpp/cmake)\n'}
[0.300030] (-) TimerEvent: {}
[0.400383] (-) TimerEvent: {}
[0.411261] (navigation_) StdoutLine: {'line': b"-- Using RMW implementation 'rmw_fastrtps_cpp' as default\n"}
[0.500477] (-) TimerEvent: {}
[0.564482] (navigation_) StdoutLine: {'line': b'-- Found nav_msgs: 4.2.4 (/opt/ros/humble/share/nav_msgs/cmake)\n'}
[0.600570] (-) TimerEvent: {}
[0.682536] (navigation_) StdoutLine: {'line': b'-- Found sensor_msgs: 4.2.4 (/opt/ros/humble/share/sensor_msgs/cmake)\n'}
[0.700670] (-) TimerEvent: {}
[0.757535] (navigation_) StdoutLine: {'line': b'-- Found tf2: 0.25.7 (/opt/ros/humble/share/tf2/cmake)\n'}
[0.765441] (navigation_) StdoutLine: {'line': b'-- Found tf2_ros: 0.25.7 (/opt/ros/humble/share/tf2_ros/cmake)\n'}
[0.800770] (-) TimerEvent: {}
[0.901075] (-) TimerEvent: {}
[1.001523] (-) TimerEvent: {}
[1.076125] (navigation_) StdoutLine: {'line': b'-- Found visualization_msgs: 4.2.4 (/opt/ros/humble/share/visualization_msgs/cmake)\n'}
[1.101596] (-) TimerEvent: {}
[1.200631] (navigation_) StdoutLine: {'line': b'-- Found ament_lint_auto: 0.12.11 (/opt/ros/humble/share/ament_lint_auto/cmake)\n'}
[1.201706] (-) TimerEvent: {}
[1.277879] (navigation_) StdoutLine: {'line': b"-- Added test 'cppcheck' to perform static code analysis on C / C++ code\n"}
[1.278069] (navigation_) StdoutLine: {'line': b'-- Configured cppcheck include dirs: \n'}
[1.278134] (navigation_) StdoutLine: {'line': b'-- Configured cppcheck exclude dirs and/or files: \n'}
[1.278700] (navigation_) StdoutLine: {'line': b"-- Added test 'flake8' to check Python code syntax and style conventions\n"}
[1.279562] (navigation_) StdoutLine: {'line': b"-- Added test 'lint_cmake' to check CMake code style\n"}
[1.280182] (navigation_) StdoutLine: {'line': b"-- Added test 'pep257' to check Python code against some of the docstring style conventions in PEP 257\n"}
[1.283088] (navigation_) StdoutLine: {'line': b"-- Added test 'uncrustify' to check C / C++ code style\n"}
[1.283260] (navigation_) StdoutLine: {'line': b'-- Configured uncrustify additional arguments: \n'}
[1.283798] (navigation_) StdoutLine: {'line': b"-- Added test 'xmllint' to check XML markup files\n"}
[1.285247] (navigation_) StdoutLine: {'line': b'-- Configuring done\n'}
[1.301792] (-) TimerEvent: {}
[1.312649] (navigation_) StdoutLine: {'line': b'-- Generating done\n'}
[1.314328] (navigation_) StdoutLine: {'line': b'-- Build files have been written to: /home/catia/ros2_ws/build/navigation_\n'}
[1.339606] (navigation_) StdoutLine: {'line': b'\x1b[35m\x1b[1mConsolidate compiler generated dependencies of target mobile_base\x1b[0m\n'}
[1.340043] (navigation_) StdoutLine: {'line': b'\x1b[35m\x1b[1mConsolidate compiler generated dependencies of target tf_node\x1b[0m\n'}
[1.341822] (navigation_) StdoutLine: {'line': b'\x1b[35m\x1b[1mConsolidate compiler generated dependencies of target pub_occupancy_grid\x1b[0m\n'}
[1.342193] (navigation_) StdoutLine: {'line': b'\x1b[35m\x1b[1mConsolidate compiler generated dependencies of target laserScan_\x1b[0m\n'}
[1.346924] (navigation_) StdoutLine: {'line': b'[ 10%] \x1b[32mBuilding CXX object CMakeFiles/ipose.dir/src/ipose.cpp.o\x1b[0m\n'}
[1.358223] (navigation_) StdoutLine: {'line': b'[ 30%] Built target tf_node\n'}
[1.361517] (navigation_) StdoutLine: {'line': b'[ 50%] Built target pub_occupancy_grid\n'}
[1.362157] (navigation_) StdoutLine: {'line': b'[ 70%] Built target mobile_base\n'}
[1.364569] (navigation_) StdoutLine: {'line': b'[ 90%] Built target laserScan_\n'}
[1.401935] (-) TimerEvent: {}
[1.502236] (-) TimerEvent: {}
[1.602578] (-) TimerEvent: {}
[1.702886] (-) TimerEvent: {}
[1.803280] (-) TimerEvent: {}
[1.903547] (-) TimerEvent: {}
[2.003827] (-) TimerEvent: {}
[2.104104] (-) TimerEvent: {}
[2.204376] (-) TimerEvent: {}
[2.304630] (-) TimerEvent: {}
[2.404924] (-) TimerEvent: {}
[2.505186] (-) TimerEvent: {}
[2.605450] (-) TimerEvent: {}
[2.705771] (-) TimerEvent: {}
[2.806053] (-) TimerEvent: {}
[2.906366] (-) TimerEvent: {}
[3.006793] (-) TimerEvent: {}
[3.107047] (-) TimerEvent: {}
[3.207343] (-) TimerEvent: {}
[3.307597] (-) TimerEvent: {}
[3.407876] (-) TimerEvent: {}
[3.508140] (-) TimerEvent: {}
[3.608456] (-) TimerEvent: {}
[3.708706] (-) TimerEvent: {}
[3.808975] (-) TimerEvent: {}
[3.909237] (-) TimerEvent: {}
[4.009559] (-) TimerEvent: {}
[4.109927] (-) TimerEvent: {}
[4.210217] (-) TimerEvent: {}
[4.310483] (-) TimerEvent: {}
[4.410942] (-) TimerEvent: {}
[4.511319] (-) TimerEvent: {}
[4.611617] (-) TimerEvent: {}
[4.711977] (-) TimerEvent: {}
[4.812249] (-) TimerEvent: {}
[4.912497] (-) TimerEvent: {}
[5.012918] (-) TimerEvent: {}
[5.113228] (-) TimerEvent: {}
[5.213507] (-) TimerEvent: {}
[5.313850] (-) TimerEvent: {}
[5.414158] (-) TimerEvent: {}
[5.514570] (-) TimerEvent: {}
[5.614980] (-) TimerEvent: {}
[5.715307] (-) TimerEvent: {}
[5.815688] (-) TimerEvent: {}
[5.915958] (-) TimerEvent: {}
[6.016235] (-) TimerEvent: {}
[6.116528] (-) TimerEvent: {}
[6.216852] (-) TimerEvent: {}
[6.317169] (-) TimerEvent: {}
[6.417436] (-) TimerEvent: {}
[6.517749] (-) TimerEvent: {}
[6.618089] (-) TimerEvent: {}
[6.718393] (-) TimerEvent: {}
[6.818783] (-) TimerEvent: {}
[6.919067] (-) TimerEvent: {}
[7.020479] (-) TimerEvent: {}
[7.120848] (-) TimerEvent: {}
[7.221197] (-) TimerEvent: {}
[7.321456] (-) TimerEvent: {}
[7.421784] (-) TimerEvent: {}
[7.522074] (-) TimerEvent: {}
[7.622359] (-) TimerEvent: {}
[7.722688] (-) TimerEvent: {}
[7.823102] (-) TimerEvent: {}
[7.923394] (-) TimerEvent: {}
[8.023718] (-) TimerEvent: {}
[8.124045] (-) TimerEvent: {}
[8.224495] (-) TimerEvent: {}
[8.324746] (-) TimerEvent: {}
[8.425096] (-) TimerEvent: {}
[8.525372] (-) TimerEvent: {}
[8.625619] (-) TimerEvent: {}
[8.725890] (-) TimerEvent: {}
[8.826204] (-) TimerEvent: {}
[8.926473] (-) TimerEvent: {}
[9.026751] (-) TimerEvent: {}
[9.127003] (-) TimerEvent: {}
[9.227401] (-) TimerEvent: {}
[9.327691] (-) TimerEvent: {}
[9.428008] (-) TimerEvent: {}
[9.528347] (-) TimerEvent: {}
[9.628680] (-) TimerEvent: {}
[9.729006] (-) TimerEvent: {}
[9.829324] (-) TimerEvent: {}
[9.929622] (-) TimerEvent: {}
[10.029893] (-) TimerEvent: {}
[10.130185] (-) TimerEvent: {}
[10.230588] (-) TimerEvent: {}
[10.330951] (-) TimerEvent: {}
[10.431550] (-) TimerEvent: {}
[10.531891] (-) TimerEvent: {}
[10.632340] (-) TimerEvent: {}
[10.732692] (-) TimerEvent: {}
[10.772596] (navigation_) StdoutLine: {'line': b'[100%] \x1b[32m\x1b[1mLinking CXX executable ipose\x1b[0m\n'}
[10.832772] (-) TimerEvent: {}
[10.933148] (-) TimerEvent: {}
[11.033597] (-) TimerEvent: {}
[11.133918] (-) TimerEvent: {}
[11.234253] (-) TimerEvent: {}
[11.300394] (navigation_) StdoutLine: {'line': b'[100%] Built target ipose\n'}
[11.308868] (navigation_) CommandEnded: {'returncode': 0}
[11.334306] (-) TimerEvent: {}
[11.337750] (navigation_) JobProgress: {'identifier': 'navigation_', 'progress': 'install'}
[11.344327] (navigation_) Command: {'cmd': ['/usr/bin/cmake', '--install', '/home/catia/ros2_ws/build/navigation_'], 'cwd': '/home/catia/ros2_ws/build/navigation_', 'env': OrderedDict([('USER', 'catia'), ('LC_TIME', 'it_IT.UTF-8'), ('XDG_SESSION_TYPE', 'wayland'), ('SHLVL', '1'), ('LD_LIBRARY_PATH', '/usr/lib/x86_64-linux-gnu/gazebo-11/plugins:/opt/ros/humble/opt/rviz_ogre_vendor/lib:/opt/ros/humble/lib/x86_64-linux-gnu:/opt/ros/humble/lib'), ('HOME', '/home/catia'), ('OLDPWD', '/home/catia'), ('DESKTOP_SESSION', 'ubuntu'), ('ROS_PYTHON_VERSION', '3'), ('GNOME_SHELL_SESSION_MODE', 'ubuntu'), ('GTK_MODULES', 'gail:atk-bridge'), ('LC_MONETARY', 'it_IT.UTF-8'), ('SYSTEMD_EXEC_PID', '1670'), ('DBUS_SESSION_BUS_ADDRESS', 'unix:path=/run/user/1000/bus'), ('COLORTERM', 'truecolor'), ('IM_CONFIG_PHASE', '1'), ('WAYLAND_DISPLAY', 'wayland-0'), ('COLCON_PREFIX_PATH', '/home/catia/ros2_ws/install'), ('ROS_DISTRO', 'humble'), ('LOGNAME', 'catia'), ('_', '/usr/bin/colcon'), ('ROS_VERSION', '2'), ('XDG_SESSION_CLASS', 'user'), ('USERNAME', 'catia'), ('TERM', 'xterm-256color'), ('GNOME_DESKTOP_SESSION_ID', 'this-is-deprecated'), ('ROS_LOCALHOST_ONLY', '0'), ('PATH', '/opt/ros/humble/bin:/usr/local/sbin:/usr/local/bin:/usr/sbin:/usr/bin:/sbin:/bin:/usr/games:/usr/local/games:/snap/bin:/snap/bin'), ('SESSION_MANAGER', 'local/cat:@/tmp/.ICE-unix/1480,unix/cat:/tmp/.ICE-unix/1480'), ('XDG_MENU_PREFIX', 'gnome-'), ('LC_ADDRESS', 'it_IT.UTF-8'), ('GNOME_TERMINAL_SCREEN', '/org/gnome/Terminal/screen/ebdeddf2_ca79_48b7_bc62_95d39095edb2'), ('GNOME_SETUP_DISPLAY', ':1'), ('XDG_RUNTIME_DIR', '/run/user/1000'), ('DISPLAY', ':0'), ('LANG', 'en_US.UTF-8'), ('XDG_CURRENT_DESKTOP', 'ubuntu:GNOME'), ('LC_TELEPHONE', 'it_IT.UTF-8'), ('XMODIFIERS', '@im=ibus'), ('XDG_SESSION_DESKTOP', 'ubuntu'), ('XAUTHORITY', '/run/user/1000/.mutter-Xwaylandauth.TPW3T2'), ('GNOME_TERMINAL_SERVICE', ':1.157'), ('SSH_AGENT_LAUNCHER', 'gnome-keyring'), ('SSH_AUTH_SOCK', '/run/user/1000/keyring/ssh'), ('AMENT_PREFIX_PATH', '/home/catia/ros2_ws/install/nodes:/home/catia/ros2_ws/install/navigation_:/opt/ros/humble'), ('SHELL', '/bin/bash'), ('LC_NAME', 'it_IT.UTF-8'), ('QT_ACCESSIBILITY', '1'), ('GDMSESSION', 'ubuntu'), ('LC_MEASUREMENT', 'it_IT.UTF-8'), ('LC_IDENTIFICATION', 'it_IT.UTF-8'), ('QT_IM_MODULE', 'ibus'), ('PWD', '/home/catia/ros2_ws/build/navigation_'), ('TURTLEBOT3_MODEL', 'waffle'), ('LC_ALL', 'en_US.UTF-8'), ('XDG_CONFIG_DIRS', '/etc/xdg/xdg-ubuntu:/etc/xdg'), ('XDG_DATA_DIRS', '/usr/share/ubuntu:/usr/local/share/:/usr/share/:/var/lib/snapd/desktop'), ('PYTHONPATH', '/opt/ros/humble/lib/python3.10/site-packages:/opt/ros/humble/local/lib/python3.10/dist-packages'), ('LC_NUMERIC', 'it_IT.UTF-8'), ('LC_PAPER', 'it_IT.UTF-8'), ('COLCON', '1'), ('VTE_VERSION', '6800'), ('CMAKE_PREFIX_PATH', '/home/catia/ros2_ws/install/nodes:/home/catia/ros2_ws/install/navigation_:/opt/ros/humble')]), 'shell': False}
[11.351051] (navigation_) StdoutLine: {'line': b'-- Install configuration: ""\n'}
[11.351263] (navigation_) StdoutLine: {'line': b'-- Up-to-date: /home/catia/ros2_ws/install/navigation_/lib/navigation_/pub_occupancy_grid\n'}
[11.351368] (navigation_) StdoutLine: {'line': b'-- Up-to-date: /home/catia/ros2_ws/install/navigation_/lib/navigation_/laserScan_\n'}
[11.351551] (navigation_) StdoutLine: {'line': b'-- Up-to-date: /home/catia/ros2_ws/install/navigation_/lib/navigation_/mobile_base\n'}
[11.351757] (navigation_) StdoutLine: {'line': b'-- Up-to-date: /home/catia/ros2_ws/install/navigation_/lib/navigation_/tf_node\n'}
[11.351916] (navigation_) StdoutLine: {'line': b'-- Installing: /home/catia/ros2_ws/install/navigation_/lib/navigation_/ipose\n'}
[11.356946] (navigation_) StdoutLine: {'line': b'-- Set runtime path of "/home/catia/ros2_ws/install/navigation_/lib/navigation_/ipose" to ""\n'}
[11.357131] (navigation_) StdoutLine: {'line': b'-- Up-to-date: /home/catia/ros2_ws/install/navigation_/share/navigation_/launch\n'}
[11.357228] (navigation_) StdoutLine: {'line': b'-- Up-to-date: /home/catia/ros2_ws/install/navigation_/share/navigation_/launch/nav_launch.py\n'}
[11.357285] (navigation_) StdoutLine: {'line': b'-- Up-to-date: /home/catia/ros2_ws/install/navigation_/share/navigation_/launch/mapping_launch.py\n'}
[11.357335] (navigation_) StdoutLine: {'line': b'-- Up-to-date: /home/catia/ros2_ws/install/navigation_/share/navigation_/config\n'}
[11.357382] (navigation_) StdoutLine: {'line': b'-- Up-to-date: /home/catia/ros2_ws/install/navigation_/share/navigation_/config/cappero_laser_odom_diag_2020-05-06-16-26-03.yaml\n'}
[11.357430] (navigation_) StdoutLine: {'line': b'-- Up-to-date: /home/catia/ros2_ws/install/navigation_/share/navigation_/config/tb3_map.yaml\n'}
[11.357478] (navigation_) StdoutLine: {'line': b'-- Up-to-date: /home/catia/ros2_ws/install/navigation_/share/navigation_/config/tb3_map.pgm\n'}
[11.357525] (navigation_) StdoutLine: {'line': b'-- Up-to-date: /home/catia/ros2_ws/install/navigation_/share/navigation_/config/prova.rviz\n'}
[11.357617] (navigation_) StdoutLine: {'line': b'-- Up-to-date: /home/catia/ros2_ws/install/navigation_/share/navigation_/config/diag.rviz\n'}
[11.357673] (navigation_) StdoutLine: {'line': b'-- Up-to-date: /home/catia/ros2_ws/install/navigation_/share/navigation_/config/nav2_param.yaml\n'}
[11.357725] (navigation_) StdoutLine: {'line': b'-- Up-to-date: /home/catia/ros2_ws/install/navigation_/share/navigation_/config/cappero_laser_odom_diag_2020-05-06-16-26-03.png\n'}
[11.357795] (navigation_) StdoutLine: {'line': b'-- Up-to-date: /home/catia/ros2_ws/install/navigation_/share/navigation_/config/default.rviz\n'}
[11.357844] (navigation_) StdoutLine: {'line': b'-- Up-to-date: /home/catia/ros2_ws/install/navigation_/share/ament_index/resource_index/package_run_dependencies/navigation_\n'}
[11.357892] (navigation_) StdoutLine: {'line': b'-- Up-to-date: /home/catia/ros2_ws/install/navigation_/share/ament_index/resource_index/parent_prefix_path/navigation_\n'}
[11.357941] (navigation_) StdoutLine: {'line': b'-- Up-to-date: /home/catia/ros2_ws/install/navigation_/share/navigation_/environment/ament_prefix_path.sh\n'}
[11.357987] (navigation_) StdoutLine: {'line': b'-- Installing: /home/catia/ros2_ws/install/navigation_/share/navigation_/environment/ament_prefix_path.dsv\n'}
[11.358032] (navigation_) StdoutLine: {'line': b'-- Up-to-date: /home/catia/ros2_ws/install/navigation_/share/navigation_/environment/path.sh\n'}
[11.358079] (navigation_) StdoutLine: {'line': b'-- Installing: /home/catia/ros2_ws/install/navigation_/share/navigation_/environment/path.dsv\n'}
[11.358139] (navigation_) StdoutLine: {'line': b'-- Up-to-date: /home/catia/ros2_ws/install/navigation_/share/navigation_/local_setup.bash\n'}
[11.358206] (navigation_) StdoutLine: {'line': b'-- Up-to-date: /home/catia/ros2_ws/install/navigation_/share/navigation_/local_setup.sh\n'}
[11.358255] (navigation_) StdoutLine: {'line': b'-- Up-to-date: /home/catia/ros2_ws/install/navigation_/share/navigation_/local_setup.zsh\n'}
[11.358303] (navigation_) StdoutLine: {'line': b'-- Installing: /home/catia/ros2_ws/install/navigation_/share/navigation_/local_setup.dsv\n'}
[11.358353] (navigation_) StdoutLine: {'line': b'-- Installing: /home/catia/ros2_ws/install/navigation_/share/navigation_/package.dsv\n'}
[11.358433] (navigation_) StdoutLine: {'line': b'-- Up-to-date: /home/catia/ros2_ws/install/navigation_/share/ament_index/resource_index/packages/navigation_\n'}
[11.358514] (navigation_) StdoutLine: {'line': b'-- Up-to-date: /home/catia/ros2_ws/install/navigation_/share/navigation_/cmake/navigation_Config.cmake\n'}
[11.358563] (navigation_) StdoutLine: {'line': b'-- Up-to-date: /home/catia/ros2_ws/install/navigation_/share/navigation_/cmake/navigation_Config-version.cmake\n'}
[11.358608] (navigation_) StdoutLine: {'line': b'-- Up-to-date: /home/catia/ros2_ws/install/navigation_/share/navigation_/package.xml\n'}
[11.359182] (navigation_) CommandEnded: {'returncode': 0}
[11.402182] (navigation_) JobEnded: {'identifier': 'navigation_', 'rc': 0}
[11.402844] (-) EventReactorShutdown: {}
