[0.000000] (-) TimerEvent: {}
[0.000344] (navigation_) JobQueued: {'identifier': 'navigation_', 'dependencies': OrderedDict()}
[0.000370] (sam_bot_description) JobQueued: {'identifier': 'sam_bot_description', 'dependencies': OrderedDict()}
[0.000394] (navigation_) JobStarted: {'identifier': 'navigation_'}
[0.004416] (sam_bot_description) JobStarted: {'identifier': 'sam_bot_description'}
[0.008397] (navigation_) JobProgress: {'identifier': 'navigation_', 'progress': 'cmake'}
[0.008841] (navigation_) JobProgress: {'identifier': 'navigation_', 'progress': 'build'}
[0.009345] (navigation_) Command: {'cmd': ['/usr/bin/cmake', '--build', '/home/catia/ros2_ws/build/navigation_', '--', '-j8', '-l8'], 'cwd': '/home/catia/ros2_ws/build/navigation_', 'env': OrderedDict([('USER', 'catia'), ('LC_TIME', 'it_IT.UTF-8'), ('XDG_SESSION_TYPE', 'wayland'), ('SHLVL', '1'), ('LD_LIBRARY_PATH', '/usr/lib/x86_64-linux-gnu/gazebo-11/plugins:/opt/ros/humble/opt/rviz_ogre_vendor/lib:/opt/ros/humble/lib/x86_64-linux-gnu:/opt/ros/humble/lib'), ('HOME', '/home/catia'), ('OLDPWD', '/home/catia'), ('DESKTOP_SESSION', 'ubuntu'), ('ROS_PYTHON_VERSION', '3'), ('GNOME_SHELL_SESSION_MODE', 'ubuntu'), ('GTK_MODULES', 'gail:atk-bridge'), ('LC_MONETARY', 'it_IT.UTF-8'), ('SYSTEMD_EXEC_PID', '1513'), ('DBUS_SESSION_BUS_ADDRESS', 'unix:path=/run/user/1000/bus'), ('COLORTERM', 'truecolor'), ('IM_CONFIG_PHASE', '1'), ('WAYLAND_DISPLAY', 'wayland-0'), ('COLCON_PREFIX_PATH', '/home/catia/ros2_ws/install'), ('ROS_DISTRO', 'humble'), ('LOGNAME', 'catia'), ('_', '/usr/bin/colcon'), ('ROS_VERSION', '2'), ('XDG_SESSION_CLASS', 'user'), ('USERNAME', 'catia'), ('TERM', 'xterm-256color'), ('GNOME_DESKTOP_SESSION_ID', 'this-is-deprecated'), ('ROS_LOCALHOST_ONLY', '0'), ('PATH', '/opt/ros/humble/bin:/usr/local/sbin:/usr/local/bin:/usr/sbin:/usr/bin:/sbin:/bin:/usr/games:/usr/local/games:/snap/bin:/snap/bin'), ('SESSION_MANAGER', 'local/cat:@/tmp/.ICE-unix/1489,unix/cat:/tmp/.ICE-unix/1489'), ('XDG_MENU_PREFIX', 'gnome-'), ('LC_ADDRESS', 'it_IT.UTF-8'), ('GNOME_TERMINAL_SCREEN', '/org/gnome/Terminal/screen/925acd47_393f_44cf_8cda_17d2638e731d'), ('GNOME_SETUP_DISPLAY', ':1'), ('XDG_RUNTIME_DIR', '/run/user/1000'), ('DISPLAY', ':0'), ('LANG', 'en_US.UTF-8'), ('XDG_CURRENT_DESKTOP', 'ubuntu:GNOME'), ('LC_TELEPHONE', 'it_IT.UTF-8'), ('XMODIFIERS', '@im=ibus'), ('XDG_SESSION_DESKTOP', 'ubuntu'), ('XAUTHORITY', '/run/user/1000/.mutter-Xwaylandauth.GKROU2'), ('GNOME_TERMINAL_SERVICE', ':1.158'), ('SSH_AGENT_LAUNCHER', 'gnome-keyring'), ('SSH_AUTH_SOCK', '/run/user/1000/keyring/ssh'), ('AMENT_PREFIX_PATH', '/home/catia/ros2_ws/install/sam_bot_description:/home/catia/ros2_ws/install/nodes:/home/catia/ros2_ws/install/navigation_:/opt/ros/humble'), ('SHELL', '/bin/bash'), ('LC_NAME', 'it_IT.UTF-8'), ('QT_ACCESSIBILITY', '1'), ('GDMSESSION', 'ubuntu'), ('LC_MEASUREMENT', 'it_IT.UTF-8'), ('LC_IDENTIFICATION', 'it_IT.UTF-8'), ('QT_IM_MODULE', 'ibus'), ('PWD', '/home/catia/ros2_ws/build/navigation_'), ('TURTLEBOT3_MODEL', 'waffle'), ('LC_ALL', 'en_US.UTF-8'), ('XDG_CONFIG_DIRS', '/etc/xdg/xdg-ubuntu:/etc/xdg'), ('XDG_DATA_DIRS', '/usr/share/ubuntu:/usr/local/share/:/usr/share/:/var/lib/snapd/desktop'), ('PYTHONPATH', '/opt/ros/humble/lib/python3.10/site-packages:/opt/ros/humble/local/lib/python3.10/dist-packages'), ('LC_NUMERIC', 'it_IT.UTF-8'), ('LC_PAPER', 'it_IT.UTF-8'), ('COLCON', '1'), ('VTE_VERSION', '6800'), ('CMAKE_PREFIX_PATH', '/home/catia/ros2_ws/install/sam_bot_description:/home/catia/ros2_ws/install/nodes:/home/catia/ros2_ws/install/navigation_:/opt/ros/humble')]), 'shell': False}
[0.012355] (sam_bot_description) JobProgress: {'identifier': 'sam_bot_description', 'progress': 'cmake'}
[0.013058] (sam_bot_description) JobProgress: {'identifier': 'sam_bot_description', 'progress': 'build'}
[0.013386] (sam_bot_description) Command: {'cmd': ['/usr/bin/cmake', '--build', '/home/catia/ros2_ws/build/sam_bot_description', '--', '-j8', '-l8'], 'cwd': '/home/catia/ros2_ws/build/sam_bot_description', 'env': OrderedDict([('USER', 'catia'), ('LC_TIME', 'it_IT.UTF-8'), ('XDG_SESSION_TYPE', 'wayland'), ('SHLVL', '1'), ('LD_LIBRARY_PATH', '/usr/lib/x86_64-linux-gnu/gazebo-11/plugins:/opt/ros/humble/opt/rviz_ogre_vendor/lib:/opt/ros/humble/lib/x86_64-linux-gnu:/opt/ros/humble/lib'), ('HOME', '/home/catia'), ('OLDPWD', '/home/catia'), ('DESKTOP_SESSION', 'ubuntu'), ('ROS_PYTHON_VERSION', '3'), ('GNOME_SHELL_SESSION_MODE', 'ubuntu'), ('GTK_MODULES', 'gail:atk-bridge'), ('LC_MONETARY', 'it_IT.UTF-8'), ('SYSTEMD_EXEC_PID', '1513'), ('DBUS_SESSION_BUS_ADDRESS', 'unix:path=/run/user/1000/bus'), ('COLORTERM', 'truecolor'), ('IM_CONFIG_PHASE', '1'), ('WAYLAND_DISPLAY', 'wayland-0'), ('COLCON_PREFIX_PATH', '/home/catia/ros2_ws/install'), ('ROS_DISTRO', 'humble'), ('LOGNAME', 'catia'), ('_', '/usr/bin/colcon'), ('ROS_VERSION', '2'), ('XDG_SESSION_CLASS', 'user'), ('USERNAME', 'catia'), ('TERM', 'xterm-256color'), ('GNOME_DESKTOP_SESSION_ID', 'this-is-deprecated'), ('ROS_LOCALHOST_ONLY', '0'), ('PATH', '/opt/ros/humble/bin:/usr/local/sbin:/usr/local/bin:/usr/sbin:/usr/bin:/sbin:/bin:/usr/games:/usr/local/games:/snap/bin:/snap/bin'), ('SESSION_MANAGER', 'local/cat:@/tmp/.ICE-unix/1489,unix/cat:/tmp/.ICE-unix/1489'), ('XDG_MENU_PREFIX', 'gnome-'), ('LC_ADDRESS', 'it_IT.UTF-8'), ('GNOME_TERMINAL_SCREEN', '/org/gnome/Terminal/screen/925acd47_393f_44cf_8cda_17d2638e731d'), ('GNOME_SETUP_DISPLAY', ':1'), ('XDG_RUNTIME_DIR', '/run/user/1000'), ('DISPLAY', ':0'), ('LANG', 'en_US.UTF-8'), ('XDG_CURRENT_DESKTOP', 'ubuntu:GNOME'), ('LC_TELEPHONE', 'it_IT.UTF-8'), ('XMODIFIERS', '@im=ibus'), ('XDG_SESSION_DESKTOP', 'ubuntu'), ('XAUTHORITY', '/run/user/1000/.mutter-Xwaylandauth.GKROU2'), ('GNOME_TERMINAL_SERVICE', ':1.158'), ('SSH_AGENT_LAUNCHER', 'gnome-keyring'), ('SSH_AUTH_SOCK', '/run/user/1000/keyring/ssh'), ('AMENT_PREFIX_PATH', '/home/catia/ros2_ws/install/sam_bot_description:/home/catia/ros2_ws/install/nodes:/home/catia/ros2_ws/install/navigation_:/opt/ros/humble'), ('SHELL', '/bin/bash'), ('LC_NAME', 'it_IT.UTF-8'), ('QT_ACCESSIBILITY', '1'), ('GDMSESSION', 'ubuntu'), ('LC_MEASUREMENT', 'it_IT.UTF-8'), ('LC_IDENTIFICATION', 'it_IT.UTF-8'), ('QT_IM_MODULE', 'ibus'), ('PWD', '/home/catia/ros2_ws/build/sam_bot_description'), ('TURTLEBOT3_MODEL', 'waffle'), ('LC_ALL', 'en_US.UTF-8'), ('XDG_CONFIG_DIRS', '/etc/xdg/xdg-ubuntu:/etc/xdg'), ('XDG_DATA_DIRS', '/usr/share/ubuntu:/usr/local/share/:/usr/share/:/var/lib/snapd/desktop'), ('PYTHONPATH', '/opt/ros/humble/lib/python3.10/site-packages:/opt/ros/humble/local/lib/python3.10/dist-packages'), ('LC_NUMERIC', 'it_IT.UTF-8'), ('LC_PAPER', 'it_IT.UTF-8'), ('COLCON', '1'), ('VTE_VERSION', '6800'), ('CMAKE_PREFIX_PATH', '/home/catia/ros2_ws/install/sam_bot_description:/home/catia/ros2_ws/install/nodes:/home/catia/ros2_ws/install/navigation_:/opt/ros/humble')]), 'shell': False}
[0.059036] (navigation_) StdoutLine: {'line': b'[ 33%] Built target mobile_base\n'}
[0.060201] (navigation_) StdoutLine: {'line': b'[ 33%] Built target laserScan_\n'}
[0.060341] (navigation_) StdoutLine: {'line': b'[ 50%] Built target ipose\n'}
[0.060432] (navigation_) StdoutLine: {'line': b'[ 66%] Built target odom_base\n'}
[0.060569] (navigation_) StdoutLine: {'line': b'[ 83%] Built target pub_occupancy_grid\n'}
[0.062089] (navigation_) StdoutLine: {'line': b'[100%] Built target tf_node\n'}
[0.062211] (sam_bot_description) StdoutLine: {'line': b'[100%] Built target odom_base\n'}
[0.070433] (navigation_) CommandEnded: {'returncode': 0}
[0.071276] (sam_bot_description) CommandEnded: {'returncode': 0}
[0.089139] (sam_bot_description) JobProgress: {'identifier': 'sam_bot_description', 'progress': 'install'}
[0.095869] (sam_bot_description) Command: {'cmd': ['/usr/bin/cmake', '--install', '/home/catia/ros2_ws/build/sam_bot_description'], 'cwd': '/home/catia/ros2_ws/build/sam_bot_description', 'env': OrderedDict([('USER', 'catia'), ('LC_TIME', 'it_IT.UTF-8'), ('XDG_SESSION_TYPE', 'wayland'), ('SHLVL', '1'), ('LD_LIBRARY_PATH', '/usr/lib/x86_64-linux-gnu/gazebo-11/plugins:/opt/ros/humble/opt/rviz_ogre_vendor/lib:/opt/ros/humble/lib/x86_64-linux-gnu:/opt/ros/humble/lib'), ('HOME', '/home/catia'), ('OLDPWD', '/home/catia'), ('DESKTOP_SESSION', 'ubuntu'), ('ROS_PYTHON_VERSION', '3'), ('GNOME_SHELL_SESSION_MODE', 'ubuntu'), ('GTK_MODULES', 'gail:atk-bridge'), ('LC_MONETARY', 'it_IT.UTF-8'), ('SYSTEMD_EXEC_PID', '1513'), ('DBUS_SESSION_BUS_ADDRESS', 'unix:path=/run/user/1000/bus'), ('COLORTERM', 'truecolor'), ('IM_CONFIG_PHASE', '1'), ('WAYLAND_DISPLAY', 'wayland-0'), ('COLCON_PREFIX_PATH', '/home/catia/ros2_ws/install'), ('ROS_DISTRO', 'humble'), ('LOGNAME', 'catia'), ('_', '/usr/bin/colcon'), ('ROS_VERSION', '2'), ('XDG_SESSION_CLASS', 'user'), ('USERNAME', 'catia'), ('TERM', 'xterm-256color'), ('GNOME_DESKTOP_SESSION_ID', 'this-is-deprecated'), ('ROS_LOCALHOST_ONLY', '0'), ('PATH', '/opt/ros/humble/bin:/usr/local/sbin:/usr/local/bin:/usr/sbin:/usr/bin:/sbin:/bin:/usr/games:/usr/local/games:/snap/bin:/snap/bin'), ('SESSION_MANAGER', 'local/cat:@/tmp/.ICE-unix/1489,unix/cat:/tmp/.ICE-unix/1489'), ('XDG_MENU_PREFIX', 'gnome-'), ('LC_ADDRESS', 'it_IT.UTF-8'), ('GNOME_TERMINAL_SCREEN', '/org/gnome/Terminal/screen/925acd47_393f_44cf_8cda_17d2638e731d'), ('GNOME_SETUP_DISPLAY', ':1'), ('XDG_RUNTIME_DIR', '/run/user/1000'), ('DISPLAY', ':0'), ('LANG', 'en_US.UTF-8'), ('XDG_CURRENT_DESKTOP', 'ubuntu:GNOME'), ('LC_TELEPHONE', 'it_IT.UTF-8'), ('XMODIFIERS', '@im=ibus'), ('XDG_SESSION_DESKTOP', 'ubuntu'), ('XAUTHORITY', '/run/user/1000/.mutter-Xwaylandauth.GKROU2'), ('GNOME_TERMINAL_SERVICE', ':1.158'), ('SSH_AGENT_LAUNCHER', 'gnome-keyring'), ('SSH_AUTH_SOCK', '/run/user/1000/keyring/ssh'), ('AMENT_PREFIX_PATH', '/home/catia/ros2_ws/install/sam_bot_description:/home/catia/ros2_ws/install/nodes:/home/catia/ros2_ws/install/navigation_:/opt/ros/humble'), ('SHELL', '/bin/bash'), ('LC_NAME', 'it_IT.UTF-8'), ('QT_ACCESSIBILITY', '1'), ('GDMSESSION', 'ubuntu'), ('LC_MEASUREMENT', 'it_IT.UTF-8'), ('LC_IDENTIFICATION', 'it_IT.UTF-8'), ('QT_IM_MODULE', 'ibus'), ('PWD', '/home/catia/ros2_ws/build/sam_bot_description'), ('TURTLEBOT3_MODEL', 'waffle'), ('LC_ALL', 'en_US.UTF-8'), ('XDG_CONFIG_DIRS', '/etc/xdg/xdg-ubuntu:/etc/xdg'), ('XDG_DATA_DIRS', '/usr/share/ubuntu:/usr/local/share/:/usr/share/:/var/lib/snapd/desktop'), ('PYTHONPATH', '/opt/ros/humble/lib/python3.10/site-packages:/opt/ros/humble/local/lib/python3.10/dist-packages'), ('LC_NUMERIC', 'it_IT.UTF-8'), ('LC_PAPER', 'it_IT.UTF-8'), ('COLCON', '1'), ('VTE_VERSION', '6800'), ('CMAKE_PREFIX_PATH', '/home/catia/ros2_ws/install/sam_bot_description:/home/catia/ros2_ws/install/nodes:/home/catia/ros2_ws/install/navigation_:/opt/ros/humble')]), 'shell': False}
[0.098873] (navigation_) JobProgress: {'identifier': 'navigation_', 'progress': 'install'}
[0.099126] (navigation_) Command: {'cmd': ['/usr/bin/cmake', '--install', '/home/catia/ros2_ws/build/navigation_'], 'cwd': '/home/catia/ros2_ws/build/navigation_', 'env': OrderedDict([('USER', 'catia'), ('LC_TIME', 'it_IT.UTF-8'), ('XDG_SESSION_TYPE', 'wayland'), ('SHLVL', '1'), ('LD_LIBRARY_PATH', '/usr/lib/x86_64-linux-gnu/gazebo-11/plugins:/opt/ros/humble/opt/rviz_ogre_vendor/lib:/opt/ros/humble/lib/x86_64-linux-gnu:/opt/ros/humble/lib'), ('HOME', '/home/catia'), ('OLDPWD', '/home/catia'), ('DESKTOP_SESSION', 'ubuntu'), ('ROS_PYTHON_VERSION', '3'), ('GNOME_SHELL_SESSION_MODE', 'ubuntu'), ('GTK_MODULES', 'gail:atk-bridge'), ('LC_MONETARY', 'it_IT.UTF-8'), ('SYSTEMD_EXEC_PID', '1513'), ('DBUS_SESSION_BUS_ADDRESS', 'unix:path=/run/user/1000/bus'), ('COLORTERM', 'truecolor'), ('IM_CONFIG_PHASE', '1'), ('WAYLAND_DISPLAY', 'wayland-0'), ('COLCON_PREFIX_PATH', '/home/catia/ros2_ws/install'), ('ROS_DISTRO', 'humble'), ('LOGNAME', 'catia'), ('_', '/usr/bin/colcon'), ('ROS_VERSION', '2'), ('XDG_SESSION_CLASS', 'user'), ('USERNAME', 'catia'), ('TERM', 'xterm-256color'), ('GNOME_DESKTOP_SESSION_ID', 'this-is-deprecated'), ('ROS_LOCALHOST_ONLY', '0'), ('PATH', '/opt/ros/humble/bin:/usr/local/sbin:/usr/local/bin:/usr/sbin:/usr/bin:/sbin:/bin:/usr/games:/usr/local/games:/snap/bin:/snap/bin'), ('SESSION_MANAGER', 'local/cat:@/tmp/.ICE-unix/1489,unix/cat:/tmp/.ICE-unix/1489'), ('XDG_MENU_PREFIX', 'gnome-'), ('LC_ADDRESS', 'it_IT.UTF-8'), ('GNOME_TERMINAL_SCREEN', '/org/gnome/Terminal/screen/925acd47_393f_44cf_8cda_17d2638e731d'), ('GNOME_SETUP_DISPLAY', ':1'), ('XDG_RUNTIME_DIR', '/run/user/1000'), ('DISPLAY', ':0'), ('LANG', 'en_US.UTF-8'), ('XDG_CURRENT_DESKTOP', 'ubuntu:GNOME'), ('LC_TELEPHONE', 'it_IT.UTF-8'), ('XMODIFIERS', '@im=ibus'), ('XDG_SESSION_DESKTOP', 'ubuntu'), ('XAUTHORITY', '/run/user/1000/.mutter-Xwaylandauth.GKROU2'), ('GNOME_TERMINAL_SERVICE', ':1.158'), ('SSH_AGENT_LAUNCHER', 'gnome-keyring'), ('SSH_AUTH_SOCK', '/run/user/1000/keyring/ssh'), ('AMENT_PREFIX_PATH', '/home/catia/ros2_ws/install/sam_bot_description:/home/catia/ros2_ws/install/nodes:/home/catia/ros2_ws/install/navigation_:/opt/ros/humble'), ('SHELL', '/bin/bash'), ('LC_NAME', 'it_IT.UTF-8'), ('QT_ACCESSIBILITY', '1'), ('GDMSESSION', 'ubuntu'), ('LC_MEASUREMENT', 'it_IT.UTF-8'), ('LC_IDENTIFICATION', 'it_IT.UTF-8'), ('QT_IM_MODULE', 'ibus'), ('PWD', '/home/catia/ros2_ws/build/navigation_'), ('TURTLEBOT3_MODEL', 'waffle'), ('LC_ALL', 'en_US.UTF-8'), ('XDG_CONFIG_DIRS', '/etc/xdg/xdg-ubuntu:/etc/xdg'), ('XDG_DATA_DIRS', '/usr/share/ubuntu:/usr/local/share/:/usr/share/:/var/lib/snapd/desktop'), ('PYTHONPATH', '/opt/ros/humble/lib/python3.10/site-packages:/opt/ros/humble/local/lib/python3.10/dist-packages'), ('LC_NUMERIC', 'it_IT.UTF-8'), ('LC_PAPER', 'it_IT.UTF-8'), ('COLCON', '1'), ('VTE_VERSION', '6800'), ('CMAKE_PREFIX_PATH', '/home/catia/ros2_ws/install/sam_bot_description:/home/catia/ros2_ws/install/nodes:/home/catia/ros2_ws/install/navigation_:/opt/ros/humble')]), 'shell': False}
[0.100313] (-) TimerEvent: {}
[0.102779] (sam_bot_description) StdoutLine: {'line': b'-- Install configuration: ""\n'}
[0.103004] (sam_bot_description) StdoutLine: {'line': b'-- Up-to-date: /home/catia/ros2_ws/install/sam_bot_description/lib/sam_bot_description/odom_base\n'}
[0.103162] (sam_bot_description) StdoutLine: {'line': b'-- Up-to-date: /home/catia/ros2_ws/install/sam_bot_description/share/sam_bot_description/src\n'}
[0.103288] (sam_bot_description) StdoutLine: {'line': b'-- Up-to-date: /home/catia/ros2_ws/install/sam_bot_description/share/sam_bot_description/src/description\n'}
[0.103407] (sam_bot_description) StdoutLine: {'line': b'-- Up-to-date: /home/catia/ros2_ws/install/sam_bot_description/share/sam_bot_description/src/description/sam_bot_description.urdf\n'}
[0.103503] (sam_bot_description) StdoutLine: {'line': b'-- Up-to-date: /home/catia/ros2_ws/install/sam_bot_description/share/sam_bot_description/src/description/odom_base.cpp\n'}
[0.103611] (sam_bot_description) StdoutLine: {'line': b'-- Up-to-date: /home/catia/ros2_ws/install/sam_bot_description/share/sam_bot_description/launch\n'}
[0.103691] (sam_bot_description) StdoutLine: {'line': b'-- Up-to-date: /home/catia/ros2_ws/install/sam_bot_description/share/sam_bot_description/launch/display.launch.py\n'}
[0.103762] (sam_bot_description) StdoutLine: {'line': b'-- Up-to-date: /home/catia/ros2_ws/install/sam_bot_description/share/sam_bot_description/rviz\n'}
[0.103838] (sam_bot_description) StdoutLine: {'line': b'-- Up-to-date: /home/catia/ros2_ws/install/sam_bot_description/share/sam_bot_description/rviz/urdf_config.rviz\n'}
[0.103915] (sam_bot_description) StdoutLine: {'line': b'-- Up-to-date: /home/catia/ros2_ws/install/sam_bot_description/share/ament_index/resource_index/package_run_dependencies/sam_bot_description\n'}
[0.103989] (sam_bot_description) StdoutLine: {'line': b'-- Up-to-date: /home/catia/ros2_ws/install/sam_bot_description/share/ament_index/resource_index/parent_prefix_path/sam_bot_description\n'}
[0.104067] (sam_bot_description) StdoutLine: {'line': b'-- Up-to-date: /home/catia/ros2_ws/install/sam_bot_description/share/sam_bot_description/environment/ament_prefix_path.sh\n'}
[0.104146] (sam_bot_description) StdoutLine: {'line': b'-- Up-to-date: /home/catia/ros2_ws/install/sam_bot_description/share/sam_bot_description/environment/ament_prefix_path.dsv\n'}
[0.104222] (sam_bot_description) StdoutLine: {'line': b'-- Up-to-date: /home/catia/ros2_ws/install/sam_bot_description/share/sam_bot_description/environment/path.sh\n'}
[0.104299] (sam_bot_description) StdoutLine: {'line': b'-- Up-to-date: /home/catia/ros2_ws/install/sam_bot_description/share/sam_bot_description/environment/path.dsv\n'}
[0.104413] (sam_bot_description) StdoutLine: {'line': b'-- Up-to-date: /home/catia/ros2_ws/install/sam_bot_description/share/sam_bot_description/local_setup.bash\n'}
[0.104629] (sam_bot_description) StdoutLine: {'line': b'-- Up-to-date: /home/catia/ros2_ws/install/sam_bot_description/share/sam_bot_description/local_setup.sh\n'}
[0.104861] (sam_bot_description) StdoutLine: {'line': b'-- Up-to-date: /home/catia/ros2_ws/install/sam_bot_description/share/sam_bot_description/local_setup.zsh\n'}
[0.105370] (sam_bot_description) StdoutLine: {'line': b'-- Up-to-date: /home/catia/ros2_ws/install/sam_bot_description/share/sam_bot_description/local_setup.dsv\n'}
[0.105541] (sam_bot_description) StdoutLine: {'line': b'-- Installing: /home/catia/ros2_ws/install/sam_bot_description/share/sam_bot_description/package.dsv\n'}
[0.105702] (sam_bot_description) StdoutLine: {'line': b'-- Up-to-date: /home/catia/ros2_ws/install/sam_bot_description/share/ament_index/resource_index/packages/sam_bot_description\n'}
[0.105862] (sam_bot_description) StdoutLine: {'line': b'-- Up-to-date: /home/catia/ros2_ws/install/sam_bot_description/share/sam_bot_description/cmake/sam_bot_descriptionConfig.cmake\n'}
[0.106164] (sam_bot_description) StdoutLine: {'line': b'-- Up-to-date: /home/catia/ros2_ws/install/sam_bot_description/share/sam_bot_description/cmake/sam_bot_descriptionConfig-version.cmake\n'}
[0.106318] (sam_bot_description) StdoutLine: {'line': b'-- Up-to-date: /home/catia/ros2_ws/install/sam_bot_description/share/sam_bot_description/package.xml\n'}
[0.106657] (sam_bot_description) CommandEnded: {'returncode': 0}
[0.107030] (navigation_) StdoutLine: {'line': b'-- Install configuration: ""\n'}
[0.107325] (navigation_) StdoutLine: {'line': b'-- Up-to-date: /home/catia/ros2_ws/install/navigation_/lib/navigation_/pub_occupancy_grid\n'}
[0.107799] (navigation_) StdoutLine: {'line': b'-- Up-to-date: /home/catia/ros2_ws/install/navigation_/lib/navigation_/laserScan_\n'}
[0.107976] (navigation_) StdoutLine: {'line': b'-- Up-to-date: /home/catia/ros2_ws/install/navigation_/lib/navigation_/mobile_base\n'}
[0.108174] (navigation_) StdoutLine: {'line': b'-- Up-to-date: /home/catia/ros2_ws/install/navigation_/lib/navigation_/tf_node\n'}
[0.108318] (navigation_) StdoutLine: {'line': b'-- Up-to-date: /home/catia/ros2_ws/install/navigation_/lib/navigation_/ipose\n'}
[0.108497] (navigation_) StdoutLine: {'line': b'-- Up-to-date: /home/catia/ros2_ws/install/navigation_/lib/navigation_/odom_base\n'}
[0.108956] (navigation_) StdoutLine: {'line': b'-- Up-to-date: /home/catia/ros2_ws/install/navigation_/share/navigation_/launch\n'}
[0.109301] (navigation_) StdoutLine: {'line': b'-- Installing: /home/catia/ros2_ws/install/navigation_/share/navigation_/launch/nav2_launch.py\n'}
[0.109516] (navigation_) StdoutLine: {'line': b'-- Up-to-date: /home/catia/ros2_ws/install/navigation_/share/navigation_/launch/nav_launch.py\n'}
[0.109678] (navigation_) StdoutLine: {'line': b'-- Up-to-date: /home/catia/ros2_ws/install/navigation_/share/navigation_/launch/mapping_launch.py\n'}
[0.109784] (navigation_) StdoutLine: {'line': b'-- Up-to-date: /home/catia/ros2_ws/install/navigation_/share/navigation_/config\n'}
[0.109888] (navigation_) StdoutLine: {'line': b'-- Up-to-date: /home/catia/ros2_ws/install/navigation_/share/navigation_/config/cappero_laser_odom_diag_2020-05-06-16-26-03.yaml\n'}
[0.109985] (navigation_) StdoutLine: {'line': b'-- Up-to-date: /home/catia/ros2_ws/install/navigation_/share/navigation_/config/capperlo_lase_odom_diag_2020-05-06-16-26-03.world\n'}
[0.110077] (navigation_) StdoutLine: {'line': b'-- Up-to-date: /home/catia/ros2_ws/install/navigation_/share/navigation_/config/prova.rviz\n'}
[0.110141] (navigation_) StdoutLine: {'line': b'-- Up-to-date: /home/catia/ros2_ws/install/navigation_/share/navigation_/config/diag.rviz\n'}
[0.110213] (navigation_) StdoutLine: {'line': b'-- Up-to-date: /home/catia/ros2_ws/install/navigation_/share/navigation_/config/diag1.rviz\n'}
[0.110297] (navigation_) StdoutLine: {'line': b'-- Up-to-date: /home/catia/ros2_ws/install/navigation_/share/navigation_/config/nav2_param.yaml\n'}
[0.110347] (navigation_) StdoutLine: {'line': b'-- Up-to-date: /home/catia/ros2_ws/install/navigation_/share/navigation_/config/robot.urdf\n'}
[0.110398] (navigation_) StdoutLine: {'line': b'-- Up-to-date: /home/catia/ros2_ws/install/navigation_/share/navigation_/config/cappero_laser_odom_diag_2020-05-06-16-26-03.png\n'}
[0.110446] (navigation_) StdoutLine: {'line': b'-- Up-to-date: /home/catia/ros2_ws/install/navigation_/share/navigation_/config/urdf_config.rviz\n'}
[0.110493] (navigation_) StdoutLine: {'line': b'-- Up-to-date: /home/catia/ros2_ws/install/navigation_/share/navigation_/config/default.rviz\n'}
[0.110540] (navigation_) StdoutLine: {'line': b'-- Up-to-date: /home/catia/ros2_ws/install/navigation_/share/ament_index/resource_index/package_run_dependencies/navigation_\n'}
[0.110587] (navigation_) StdoutLine: {'line': b'-- Up-to-date: /home/catia/ros2_ws/install/navigation_/share/ament_index/resource_index/parent_prefix_path/navigation_\n'}
[0.110633] (navigation_) StdoutLine: {'line': b'-- Up-to-date: /home/catia/ros2_ws/install/navigation_/share/navigation_/environment/ament_prefix_path.sh\n'}
[0.110679] (navigation_) StdoutLine: {'line': b'-- Up-to-date: /home/catia/ros2_ws/install/navigation_/share/navigation_/environment/ament_prefix_path.dsv\n'}
[0.110725] (navigation_) StdoutLine: {'line': b'-- Up-to-date: /home/catia/ros2_ws/install/navigation_/share/navigation_/environment/path.sh\n'}
[0.110776] (navigation_) StdoutLine: {'line': b'-- Up-to-date: /home/catia/ros2_ws/install/navigation_/share/navigation_/environment/path.dsv\n'}
[0.110824] (navigation_) StdoutLine: {'line': b'-- Up-to-date: /home/catia/ros2_ws/install/navigation_/share/navigation_/local_setup.bash\n'}
[0.110870] (navigation_) StdoutLine: {'line': b'-- Up-to-date: /home/catia/ros2_ws/install/navigation_/share/navigation_/local_setup.sh\n'}
[0.110916] (navigation_) StdoutLine: {'line': b'-- Up-to-date: /home/catia/ros2_ws/install/navigation_/share/navigation_/local_setup.zsh\n'}
[0.110962] (navigation_) StdoutLine: {'line': b'-- Up-to-date: /home/catia/ros2_ws/install/navigation_/share/navigation_/local_setup.dsv\n'}
[0.111021] (navigation_) StdoutLine: {'line': b'-- Installing: /home/catia/ros2_ws/install/navigation_/share/navigation_/package.dsv\n'}
[0.111072] (navigation_) StdoutLine: {'line': b'-- Up-to-date: /home/catia/ros2_ws/install/navigation_/share/ament_index/resource_index/packages/navigation_\n'}
[0.111120] (navigation_) StdoutLine: {'line': b'-- Up-to-date: /home/catia/ros2_ws/install/navigation_/share/navigation_/cmake/navigation_Config.cmake\n'}
[0.111174] (navigation_) StdoutLine: {'line': b'-- Up-to-date: /home/catia/ros2_ws/install/navigation_/share/navigation_/cmake/navigation_Config-version.cmake\n'}
[0.111222] (navigation_) StdoutLine: {'line': b'-- Up-to-date: /home/catia/ros2_ws/install/navigation_/share/navigation_/package.xml\n'}
[0.117885] (navigation_) CommandEnded: {'returncode': 0}
[0.140679] (sam_bot_description) JobEnded: {'identifier': 'sam_bot_description', 'rc': 0}
[0.156368] (navigation_) JobEnded: {'identifier': 'navigation_', 'rc': 0}
[0.156907] (-) EventReactorShutdown: {}
