[0.009s] Invoking command in '/home/catia/ros2_ws/build/navigation_': CMAKE_PREFIX_PATH=${CMAKE_PREFIX_PATH}:/opt/ros/humble /usr/bin/cmake --build /home/catia/ros2_ws/build/navigation_ -- -j8 -l8
[0.033s] -- Found ament_cmake: 1.3.9 (/opt/ros/humble/share/ament_cmake/cmake)
[0.138s] -- Found rclcpp: 16.0.9 (/opt/ros/humble/share/rclcpp/cmake)
[0.164s] -- Found rosidl_generator_c: 3.1.5 (/opt/ros/humble/share/rosidl_generator_c/cmake)
[0.167s] -- Found rosidl_adapter: 3.1.5 (/opt/ros/humble/share/rosidl_adapter/cmake)
[0.171s] -- Found rosidl_generator_cpp: 3.1.5 (/opt/ros/humble/share/rosidl_generator_cpp/cmake)
[0.180s] -- Using all available rosidl_typesupport_c: rosidl_typesupport_fastrtps_c;rosidl_typesupport_introspection_c
[0.193s] -- Using all available rosidl_typesupport_cpp: rosidl_typesupport_fastrtps_cpp;rosidl_typesupport_introspection_cpp
[0.248s] -- Found rmw_implementation_cmake: 6.1.2 (/opt/ros/humble/share/rmw_implementation_cmake/cmake)
[0.249s] -- Found rmw_fastrtps_cpp: 6.2.6 (/opt/ros/humble/share/rmw_fastrtps_cpp/cmake)
[0.358s] -- Using RMW implementation 'rmw_fastrtps_cpp' as default
[0.497s] -- Found nav_msgs: 4.2.4 (/opt/ros/humble/share/nav_msgs/cmake)
[0.604s] -- Found sensor_msgs: 4.2.4 (/opt/ros/humble/share/sensor_msgs/cmake)
[0.680s] -- Found tf2: 0.25.7 (/opt/ros/humble/share/tf2/cmake)
[0.687s] -- Found tf2_ros: 0.25.7 (/opt/ros/humble/share/tf2_ros/cmake)
[0.972s] -- Found visualization_msgs: 4.2.4 (/opt/ros/humble/share/visualization_msgs/cmake)
[1.081s] -- Found ament_lint_auto: 0.12.11 (/opt/ros/humble/share/ament_lint_auto/cmake)
[1.143s] -- Added test 'cppcheck' to perform static code analysis on C / C++ code
[1.143s] -- Configured cppcheck include dirs: 
[1.143s] -- Configured cppcheck exclude dirs and/or files: 
[1.143s] -- Added test 'flake8' to check Python code syntax and style conventions
[1.144s] -- Added test 'lint_cmake' to check CMake code style
[1.144s] -- Added test 'pep257' to check Python code against some of the docstring style conventions in PEP 257
[1.147s] -- Added test 'uncrustify' to check C / C++ code style
[1.147s] -- Configured uncrustify additional arguments: 
[1.147s] -- Added test 'xmllint' to check XML markup files
[1.148s] -- Configuring done
[1.170s] -- Generating done
[1.172s] -- Build files have been written to: /home/catia/ros2_ws/build/navigation_
[1.194s] [35m[1mConsolidate compiler generated dependencies of target laserScan_[0m
[1.197s] [35m[1mConsolidate compiler generated dependencies of target tf_node[0m
[1.197s] [35m[1mConsolidate compiler generated dependencies of target ipose[0m
[1.197s] [35m[1mConsolidate compiler generated dependencies of target pub_occupancy_grid[0m
[1.198s] [35m[1mConsolidate compiler generated dependencies of target mobile_base[0m
[1.213s] [ 20%] Built target laserScan_
[1.218s] [ 40%] Built target mobile_base
[1.219s] [ 70%] Built target tf_node
[1.219s] [ 80%] Built target pub_occupancy_grid
[1.219s] [100%] Built target ipose
[1.231s] Invoked command in '/home/catia/ros2_ws/build/navigation_' returned '0': CMAKE_PREFIX_PATH=${CMAKE_PREFIX_PATH}:/opt/ros/humble /usr/bin/cmake --build /home/catia/ros2_ws/build/navigation_ -- -j8 -l8
[1.266s] Invoking command in '/home/catia/ros2_ws/build/navigation_': CMAKE_PREFIX_PATH=${CMAKE_PREFIX_PATH}:/opt/ros/humble /usr/bin/cmake --install /home/catia/ros2_ws/build/navigation_
[1.271s] -- Install configuration: ""
[1.272s] -- Up-to-date: /home/catia/ros2_ws/install/navigation_/lib/navigation_/pub_occupancy_grid
[1.272s] -- Up-to-date: /home/catia/ros2_ws/install/navigation_/lib/navigation_/laserScan_
[1.272s] -- Up-to-date: /home/catia/ros2_ws/install/navigation_/lib/navigation_/mobile_base
[1.272s] -- Up-to-date: /home/catia/ros2_ws/install/navigation_/lib/navigation_/tf_node
[1.272s] -- Up-to-date: /home/catia/ros2_ws/install/navigation_/lib/navigation_/ipose
[1.273s] -- Up-to-date: /home/catia/ros2_ws/install/navigation_/share/navigation_/launch
[1.273s] -- Up-to-date: /home/catia/ros2_ws/install/navigation_/share/navigation_/launch/nav_launch.py
[1.273s] -- Up-to-date: /home/catia/ros2_ws/install/navigation_/share/navigation_/launch/mapping_launch.py
[1.273s] -- Up-to-date: /home/catia/ros2_ws/install/navigation_/share/navigation_/config
[1.273s] -- Up-to-date: /home/catia/ros2_ws/install/navigation_/share/navigation_/config/cappero_laser_odom_diag_2020-05-06-16-26-03.yaml
[1.273s] -- Up-to-date: /home/catia/ros2_ws/install/navigation_/share/navigation_/config/tb3_map.yaml
[1.273s] -- Up-to-date: /home/catia/ros2_ws/install/navigation_/share/navigation_/config/tb3_map.pgm
[1.273s] -- Up-to-date: /home/catia/ros2_ws/install/navigation_/share/navigation_/config/prova.rviz
[1.273s] -- Up-to-date: /home/catia/ros2_ws/install/navigation_/share/navigation_/config/diag.rviz
[1.273s] -- Up-to-date: /home/catia/ros2_ws/install/navigation_/share/navigation_/config/nav2_param.yaml
[1.273s] -- Up-to-date: /home/catia/ros2_ws/install/navigation_/share/navigation_/config/cappero_laser_odom_diag_2020-05-06-16-26-03.png
[1.273s] -- Up-to-date: /home/catia/ros2_ws/install/navigation_/share/navigation_/config/default.rviz
[1.273s] -- Installing: /home/catia/ros2_ws/install/navigation_/share/ament_index/resource_index/package_run_dependencies/navigation_
[1.274s] -- Up-to-date: /home/catia/ros2_ws/install/navigation_/share/ament_index/resource_index/parent_prefix_path/navigation_
[1.274s] -- Up-to-date: /home/catia/ros2_ws/install/navigation_/share/navigation_/environment/ament_prefix_path.sh
[1.274s] -- Installing: /home/catia/ros2_ws/install/navigation_/share/navigation_/environment/ament_prefix_path.dsv
[1.274s] -- Up-to-date: /home/catia/ros2_ws/install/navigation_/share/navigation_/environment/path.sh
[1.274s] -- Installing: /home/catia/ros2_ws/install/navigation_/share/navigation_/environment/path.dsv
[1.274s] -- Up-to-date: /home/catia/ros2_ws/install/navigation_/share/navigation_/local_setup.bash
[1.274s] -- Up-to-date: /home/catia/ros2_ws/install/navigation_/share/navigation_/local_setup.sh
[1.274s] -- Up-to-date: /home/catia/ros2_ws/install/navigation_/share/navigation_/local_setup.zsh
[1.274s] -- Installing: /home/catia/ros2_ws/install/navigation_/share/navigation_/local_setup.dsv
[1.274s] -- Installing: /home/catia/ros2_ws/install/navigation_/share/navigation_/package.dsv
[1.274s] -- Up-to-date: /home/catia/ros2_ws/install/navigation_/share/ament_index/resource_index/packages/navigation_
[1.274s] -- Up-to-date: /home/catia/ros2_ws/install/navigation_/share/navigation_/cmake/navigation_Config.cmake
[1.274s] -- Up-to-date: /home/catia/ros2_ws/install/navigation_/share/navigation_/cmake/navigation_Config-version.cmake
[1.275s] -- Installing: /home/catia/ros2_ws/install/navigation_/share/navigation_/package.xml
[1.276s] Invoked command in '/home/catia/ros2_ws/build/navigation_' returned '0': CMAKE_PREFIX_PATH=${CMAKE_PREFIX_PATH}:/opt/ros/humble /usr/bin/cmake --install /home/catia/ros2_ws/build/navigation_
