[0.009s] Invoking command in '/home/catia/ros2_ws/build/navigation_': CMAKE_PREFIX_PATH=${CMAKE_PREFIX_PATH}:/opt/ros/humble /usr/bin/cmake --build /home/catia/ros2_ws/build/navigation_ -- -j8 -l8
[0.041s] [35m[1mConsolidate compiler generated dependencies of target pub_occupancy_grid[0m
[0.051s] [ 66%] Built target laserScan_
[0.051s] [ 66%] Built target mobile_base
[0.057s] [ 83%] [32mBuilding CXX object CMakeFiles/pub_occupancy_grid.dir/src/pub_occupancy_grid.cpp.o[0m
[3.518s] [100%] [32m[1mLinking CXX executable pub_occupancy_grid[0m
[3.694s] [100%] Built target pub_occupancy_grid
[3.702s] Invoked command in '/home/catia/ros2_ws/build/navigation_' returned '0': CMAKE_PREFIX_PATH=${CMAKE_PREFIX_PATH}:/opt/ros/humble /usr/bin/cmake --build /home/catia/ros2_ws/build/navigation_ -- -j8 -l8
[3.732s] Invoking command in '/home/catia/ros2_ws/build/navigation_': CMAKE_PREFIX_PATH=${CMAKE_PREFIX_PATH}:/opt/ros/humble /usr/bin/cmake --install /home/catia/ros2_ws/build/navigation_
[3.737s] -- Install configuration: ""
[3.738s] -- Installing: /home/catia/ros2_ws/install/navigation_/lib/navigation_/pub_occupancy_grid
[3.739s] -- Set runtime path of "/home/catia/ros2_ws/install/navigation_/lib/navigation_/pub_occupancy_grid" to ""
[3.739s] -- Up-to-date: /home/catia/ros2_ws/install/navigation_/lib/navigation_/laserScan_
[3.740s] -- Up-to-date: /home/catia/ros2_ws/install/navigation_/lib/navigation_/mobile_base
[3.740s] -- Up-to-date: /home/catia/ros2_ws/install/navigation_/share/ament_index/resource_index/package_run_dependencies/navigation_
[3.740s] -- Up-to-date: /home/catia/ros2_ws/install/navigation_/share/ament_index/resource_index/parent_prefix_path/navigation_
[3.740s] -- Up-to-date: /home/catia/ros2_ws/install/navigation_/share/navigation_/environment/ament_prefix_path.sh
[3.740s] -- Up-to-date: /home/catia/ros2_ws/install/navigation_/share/navigation_/environment/ament_prefix_path.dsv
[3.740s] -- Up-to-date: /home/catia/ros2_ws/install/navigation_/share/navigation_/environment/path.sh
[3.740s] -- Up-to-date: /home/catia/ros2_ws/install/navigation_/share/navigation_/environment/path.dsv
[3.740s] -- Up-to-date: /home/catia/ros2_ws/install/navigation_/share/navigation_/local_setup.bash
[3.740s] -- Up-to-date: /home/catia/ros2_ws/install/navigation_/share/navigation_/local_setup.sh
[3.741s] -- Up-to-date: /home/catia/ros2_ws/install/navigation_/share/navigation_/local_setup.zsh
[3.741s] -- Up-to-date: /home/catia/ros2_ws/install/navigation_/share/navigation_/local_setup.dsv
[3.741s] -- Installing: /home/catia/ros2_ws/install/navigation_/share/navigation_/package.dsv
[3.741s] -- Up-to-date: /home/catia/ros2_ws/install/navigation_/share/ament_index/resource_index/packages/navigation_
[3.741s] -- Up-to-date: /home/catia/ros2_ws/install/navigation_/share/navigation_/cmake/navigation_Config.cmake
[3.741s] -- Up-to-date: /home/catia/ros2_ws/install/navigation_/share/navigation_/cmake/navigation_Config-version.cmake
[3.741s] -- Up-to-date: /home/catia/ros2_ws/install/navigation_/share/navigation_/package.xml
[3.742s] Invoked command in '/home/catia/ros2_ws/build/navigation_' returned '0': CMAKE_PREFIX_PATH=${CMAKE_PREFIX_PATH}:/opt/ros/humble /usr/bin/cmake --install /home/catia/ros2_ws/build/navigation_
