[0.008s] Invoking command in '/home/catia/ros2_ws/build/nodes': CMAKE_PREFIX_PATH=/opt/ros/humble /usr/bin/cmake --build /home/catia/ros2_ws/build/nodes -- -j8 -l8
[0.044s] [35m[1mConsolidate compiler generated dependencies of target pub_node[0m
[0.058s] [100%] Built target pub_node
[0.068s] Invoked command in '/home/catia/ros2_ws/build/nodes' returned '0': CMAKE_PREFIX_PATH=/opt/ros/humble /usr/bin/cmake --build /home/catia/ros2_ws/build/nodes -- -j8 -l8
[0.104s] Invoking command in '/home/catia/ros2_ws/build/nodes': CMAKE_PREFIX_PATH=/opt/ros/humble /usr/bin/cmake --install /home/catia/ros2_ws/build/nodes
[0.110s] -- Install configuration: ""
[0.111s] -- Up-to-date: /home/catia/ros2_ws/install/nodes/lib/nodes/pub_node
[0.111s] -- Up-to-date: /home/catia/ros2_ws/install/nodes/share/ament_index/resource_index/package_run_dependencies/nodes
[0.111s] -- Up-to-date: /home/catia/ros2_ws/install/nodes/share/ament_index/resource_index/parent_prefix_path/nodes
[0.111s] -- Up-to-date: /home/catia/ros2_ws/install/nodes/share/nodes/environment/ament_prefix_path.sh
[0.111s] -- Up-to-date: /home/catia/ros2_ws/install/nodes/share/nodes/environment/ament_prefix_path.dsv
[0.111s] -- Up-to-date: /home/catia/ros2_ws/install/nodes/share/nodes/environment/path.sh
[0.112s] -- Up-to-date: /home/catia/ros2_ws/install/nodes/share/nodes/environment/path.dsv
[0.112s] -- Up-to-date: /home/catia/ros2_ws/install/nodes/share/nodes/local_setup.bash
[0.112s] -- Up-to-date: /home/catia/ros2_ws/install/nodes/share/nodes/local_setup.sh
[0.112s] -- Up-to-date: /home/catia/ros2_ws/install/nodes/share/nodes/local_setup.zsh
[0.112s] -- Up-to-date: /home/catia/ros2_ws/install/nodes/share/nodes/local_setup.dsv
[0.112s] -- Installing: /home/catia/ros2_ws/install/nodes/share/nodes/package.dsv
[0.112s] -- Up-to-date: /home/catia/ros2_ws/install/nodes/share/ament_index/resource_index/packages/nodes
[0.112s] -- Up-to-date: /home/catia/ros2_ws/install/nodes/share/nodes/cmake/nodesConfig.cmake
[0.112s] -- Up-to-date: /home/catia/ros2_ws/install/nodes/share/nodes/cmake/nodesConfig-version.cmake
[0.112s] -- Up-to-date: /home/catia/ros2_ws/install/nodes/share/nodes/package.xml
[0.114s] Invoked command in '/home/catia/ros2_ws/build/nodes' returned '0': CMAKE_PREFIX_PATH=/opt/ros/humble /usr/bin/cmake --install /home/catia/ros2_ws/build/nodes
