[0.009s] Invoking command in '/home/catia/ros2_ws/build/navigation_': CMAKE_PREFIX_PATH=${CMAKE_PREFIX_PATH}:/opt/ros/humble /usr/bin/cmake --build /home/catia/ros2_ws/build/navigation_ -- -j8 -l8
[0.034s] -- Found ament_cmake: 1.3.9 (/opt/ros/humble/share/ament_cmake/cmake)
[0.154s] -- Found rclcpp: 16.0.9 (/opt/ros/humble/share/rclcpp/cmake)
[0.187s] -- Found rosidl_generator_c: 3.1.5 (/opt/ros/humble/share/rosidl_generator_c/cmake)
[0.190s] -- Found rosidl_adapter: 3.1.5 (/opt/ros/humble/share/rosidl_adapter/cmake)
[0.197s] -- Found rosidl_generator_cpp: 3.1.5 (/opt/ros/humble/share/rosidl_generator_cpp/cmake)
[0.209s] -- Using all available rosidl_typesupport_c: rosidl_typesupport_fastrtps_c;rosidl_typesupport_introspection_c
[0.224s] -- Using all available rosidl_typesupport_cpp: rosidl_typesupport_fastrtps_cpp;rosidl_typesupport_introspection_cpp
[0.287s] -- Found rmw_implementation_cmake: 6.1.2 (/opt/ros/humble/share/rmw_implementation_cmake/cmake)
[0.289s] -- Found rmw_fastrtps_cpp: 6.2.6 (/opt/ros/humble/share/rmw_fastrtps_cpp/cmake)
[0.404s] -- Using RMW implementation 'rmw_fastrtps_cpp' as default
[0.559s] -- Found nav_msgs: 4.2.4 (/opt/ros/humble/share/nav_msgs/cmake)
[0.682s] -- Found sensor_msgs: 4.2.4 (/opt/ros/humble/share/sensor_msgs/cmake)
[0.769s] -- Found tf2: 0.25.7 (/opt/ros/humble/share/tf2/cmake)
[0.777s] -- Found tf2_ros: 0.25.7 (/opt/ros/humble/share/tf2_ros/cmake)
[1.101s] -- Found visualization_msgs: 4.2.4 (/opt/ros/humble/share/visualization_msgs/cmake)
[1.220s] -- Found ament_lint_auto: 0.12.11 (/opt/ros/humble/share/ament_lint_auto/cmake)
[1.291s] -- Added test 'cppcheck' to perform static code analysis on C / C++ code
[1.291s] -- Configured cppcheck include dirs: 
[1.291s] -- Configured cppcheck exclude dirs and/or files: 
[1.292s] -- Added test 'flake8' to check Python code syntax and style conventions
[1.293s] -- Added test 'lint_cmake' to check CMake code style
[1.294s] -- Added test 'pep257' to check Python code against some of the docstring style conventions in PEP 257
[1.296s] -- Added test 'uncrustify' to check C / C++ code style
[1.296s] -- Configured uncrustify additional arguments: 
[1.296s] -- Added test 'xmllint' to check XML markup files
[1.297s] -- Configuring done
[1.319s] -- Generating done
[1.321s] -- Build files have been written to: /home/catia/ros2_ws/build/navigation_
[1.346s] [35m[1mConsolidate compiler generated dependencies of target pub_occupancy_grid[0m
[1.346s] [35m[1mConsolidate compiler generated dependencies of target mobile_base[0m
[1.347s] [35m[1mConsolidate compiler generated dependencies of target tf_node[0m
[1.347s] [35m[1mConsolidate compiler generated dependencies of target laserScan_[0m
[1.362s] [ 25%] Built target tf_node
[1.364s] [ 62%] Built target mobile_base
[1.364s] [ 75%] Built target pub_occupancy_grid
[1.365s] [100%] Built target laserScan_
[1.375s] Invoked command in '/home/catia/ros2_ws/build/navigation_' returned '0': CMAKE_PREFIX_PATH=${CMAKE_PREFIX_PATH}:/opt/ros/humble /usr/bin/cmake --build /home/catia/ros2_ws/build/navigation_ -- -j8 -l8
[1.410s] Invoking command in '/home/catia/ros2_ws/build/navigation_': CMAKE_PREFIX_PATH=${CMAKE_PREFIX_PATH}:/opt/ros/humble /usr/bin/cmake --install /home/catia/ros2_ws/build/navigation_
[1.416s] -- Install configuration: ""
[1.416s] -- Up-to-date: /home/catia/ros2_ws/install/navigation_/lib/navigation_/pub_occupancy_grid
[1.417s] -- Up-to-date: /home/catia/ros2_ws/install/navigation_/lib/navigation_/laserScan_
[1.417s] -- Up-to-date: /home/catia/ros2_ws/install/navigation_/lib/navigation_/mobile_base
[1.417s] -- Up-to-date: /home/catia/ros2_ws/install/navigation_/lib/navigation_/tf_node
[1.417s] -- Installing: /home/catia/ros2_ws/install/navigation_/share/navigation_/launch
[1.417s] -- Installing: /home/catia/ros2_ws/install/navigation_/share/navigation_/launch/nav_launch.py
[1.417s] -- Installing: /home/catia/ros2_ws/install/navigation_/share/navigation_/config
[1.417s] -- Installing: /home/catia/ros2_ws/install/navigation_/share/navigation_/config/default.rviz
[1.417s] -- Up-to-date: /home/catia/ros2_ws/install/navigation_/share/ament_index/resource_index/package_run_dependencies/navigation_
[1.417s] -- Up-to-date: /home/catia/ros2_ws/install/navigation_/share/ament_index/resource_index/parent_prefix_path/navigation_
[1.418s] -- Up-to-date: /home/catia/ros2_ws/install/navigation_/share/navigation_/environment/ament_prefix_path.sh
[1.418s] -- Installing: /home/catia/ros2_ws/install/navigation_/share/navigation_/environment/ament_prefix_path.dsv
[1.418s] -- Up-to-date: /home/catia/ros2_ws/install/navigation_/share/navigation_/environment/path.sh
[1.418s] -- Installing: /home/catia/ros2_ws/install/navigation_/share/navigation_/environment/path.dsv
[1.418s] -- Up-to-date: /home/catia/ros2_ws/install/navigation_/share/navigation_/local_setup.bash
[1.418s] -- Up-to-date: /home/catia/ros2_ws/install/navigation_/share/navigation_/local_setup.sh
[1.418s] -- Up-to-date: /home/catia/ros2_ws/install/navigation_/share/navigation_/local_setup.zsh
[1.418s] -- Installing: /home/catia/ros2_ws/install/navigation_/share/navigation_/local_setup.dsv
[1.418s] -- Installing: /home/catia/ros2_ws/install/navigation_/share/navigation_/package.dsv
[1.418s] -- Up-to-date: /home/catia/ros2_ws/install/navigation_/share/ament_index/resource_index/packages/navigation_
[1.418s] -- Up-to-date: /home/catia/ros2_ws/install/navigation_/share/navigation_/cmake/navigation_Config.cmake
[1.418s] -- Up-to-date: /home/catia/ros2_ws/install/navigation_/share/navigation_/cmake/navigation_Config-version.cmake
[1.419s] -- Up-to-date: /home/catia/ros2_ws/install/navigation_/share/navigation_/package.xml
[1.419s] Invoked command in '/home/catia/ros2_ws/build/navigation_' returned '0': CMAKE_PREFIX_PATH=${CMAKE_PREFIX_PATH}:/opt/ros/humble /usr/bin/cmake --install /home/catia/ros2_ws/build/navigation_
